\BOOKMARK [0][]{chapter.1}{\376\377\0001\000\040\000M\000e\000t\000r\000i\000c\000\040\000S\000p\000a\000c\000e\000s\000\040\000F\000o\000u\000n\000d\000a\000t\000i\000o\000n\000s\000\040\000\050\000L\000e\000c\000\040\0000\0001\000\040\000@\000\040\000E\000C\000O\000N\000\040\0002\0004\0000\000A\000\051}{}% 1
\BOOKMARK [1][]{section.1.1}{\376\377\0001\000.\0001\000\040\000P\000r\000o\000b\000a\000b\000i\000l\000i\000t\000y\000\040\000S\000p\000a\000c\000e}{chapter.1}% 2
\BOOKMARK [2][]{subsection.1.1.1}{\376\377\0001\000.\0001\000.\0001\000\040\000S\000a\000m\000p\000l\000e\000\040\000S\000p\000a\000c\000e}{section.1.1}% 3
\BOOKMARK [2][]{subsection.1.1.2}{\376\377\0001\000.\0001\000.\0002\000\040\000-\000A\000l\000g\000e\000b\000r\000a}{section.1.1}% 4
\BOOKMARK [2][]{subsection.1.1.3}{\376\377\0001\000.\0001\000.\0003\000\040\000P\000r\000o\000b\000a\000b\000i\000l\000i\000t\000y\000\040\000F\000u\000n\000c\000t\000i\000o\000n}{section.1.1}% 5
\BOOKMARK [1][]{section.1.2}{\376\377\0001\000.\0002\000\040\000R\000a\000n\000d\000o\000m\000\040\000V\000a\000r\000i\000a\000b\000l\000e\000s}{chapter.1}% 6
\BOOKMARK [2][]{subsection.1.2.1}{\376\377\0001\000.\0002\000.\0001\000\040\000R\000a\000n\000d\000o\000m\000\040\000V\000a\000r\000i\000a\000b\000l\000e}{section.1.2}% 7
\BOOKMARK [2][]{subsection.1.2.2}{\376\377\0001\000.\0002\000.\0002\000\040\000R\000e\000p\000r\000e\000s\000e\000t\000i\000n\000g\000\040\000/\000\040\000S\000p\000e\000c\000i\000f\000y\000i\000n\000g\000\040\000P\000X\000:\000\040\000C\000u\000m\000u\000l\000a\000t\000i\000v\000e\000\040\000D\000i\000s\000t\000r\000i\000b\000u\000t\000i\000o\000n\000\040\000F\000u\000n\000c\000t\000i\000o\000n}{section.1.2}% 8
\BOOKMARK [2][]{subsection.1.2.3}{\376\377\0001\000.\0002\000.\0003\000\040\000C\000o\000r\000r\000e\000s\000p\000o\000n\000d\000e\000n\000c\000e\000\040\000T\000h\000e\000o\000r\000e\000m\000;\000\040\000C\000D\000F\000\040\000\040\000P\000r\000o\000b\000a\000b\000i\000l\000i\000t\000y\000\040\000F\000u\000n\000c\000t\000i\000o\000n}{section.1.2}% 9
\BOOKMARK [2][]{subsection.1.2.4}{\376\377\0001\000.\0002\000.\0004\000\040\000D\000i\000s\000c\000r\000e\000t\000e\000\040\000/\000\040\000C\000o\000n\000t\000i\000n\000u\000o\000u\000s\000\040\000R\000a\000n\000d\000o\000m\000\040\000V\000a\000r\000i\000a\000b\000l\000e}{section.1.2}% 10
\BOOKMARK [1][]{section.1.3}{\376\377\0001\000.\0003\000\040\000E\000x\000p\000e\000c\000t\000a\000t\000i\000o\000n\000,\000\040\000M\000o\000m\000e\000n\000t\000,\000\040\000M\000e\000a\000n\000,\000\040\000C\000e\000n\000t\000r\000a\000l\000\040\000M\000o\000m\000e\000n\000t\000,\000\040\000V\000a\000r\000i\000a\000n\000c\000e}{chapter.1}% 11
\BOOKMARK [2][]{subsection.1.3.1}{\376\377\0001\000.\0003\000.\0001\000\040\000E\000x\000p\000e\000c\000t\000a\000t\000i\000o\000n}{section.1.3}% 12
\BOOKMARK [2][]{subsection.1.3.2}{\376\377\0001\000.\0003\000.\0002\000\040\000M\000o\000m\000e\000n\000t\000,\000\040\000M\000e\000a\000n\000,\000\040\000C\000e\000n\000t\000r\000a\000l\000\040\000M\000o\000m\000e\000n\000t\000,\000\040\000V\000a\000r\000i\000a\000n\000c\000e}{section.1.3}% 13
\BOOKMARK [2][]{subsection.1.3.3}{\376\377\0001\000.\0003\000.\0003\000\040\000V\000a\000r\000\050\000X\000\051\000=\000E\000\050\000X\0002\000\051\000-\000E\000\050\000X\000\051\0002\000,\000\040\000E\000\050\000a\000X\000+\000b\000\051\000=\000a\000\040\000E\000\050\000X\000\051\000+\000b\000,\000\040\000V\000a\000r\000\050\000a\000X\000+\000b\000\051\000=\000a\0002\000\040\000V\000a\000r\000\050\000X\000\051}{section.1.3}% 14
\BOOKMARK [1][]{section.1.4}{\376\377\0001\000.\0004\000\040\000U\000n\000i\000v\000a\000r\000i\000a\000t\000e\000\040\000D\000i\000s\000t\000r\000i\000b\000u\000t\000i\000o\000n}{chapter.1}% 15
\BOOKMARK [2][]{subsection.1.4.1}{\376\377\0001\000.\0004\000.\0001\000\040\000B\000e\000r\000n\000o\000u\000l\000l\000i\000\040\000D\000i\000s\000t\000r\000i\000b\000u\000t\000i\000o\000n}{section.1.4}% 16
\BOOKMARK [2][]{subsection.1.4.2}{\376\377\0001\000.\0004\000.\0002\000\040\000N\000o\000r\000m\000a\000l\000\040\000D\000i\000s\000t\000r\000i\000b\000u\000t\000i\000o\000n}{section.1.4}% 17
\BOOKMARK [2][]{subsection.1.4.3}{\376\377\0001\000.\0004\000.\0003\000\040\000U\000n\000i\000f\000o\000r\000m\000\040\000D\000i\000s\000t\000r\000i\000b\000u\000t\000i\000o\000n}{section.1.4}% 18
\BOOKMARK [1][]{section.1.5}{\376\377\0001\000.\0005\000\040\000E\000x\000p\000o\000n\000e\000n\000t\000i\000a\000l\000\040\000F\000a\000m\000i\000l\000i\000e\000s}{chapter.1}% 19
\BOOKMARK [1][]{section.1.6}{\376\377\0001\000.\0006\000\040\000M\000u\000l\000t\000i\000p\000l\000e\000\040\000R\000a\000n\000d\000o\000m\000\040\000V\000a\000r\000i\000a\000b\000l\000e\000s}{chapter.1}% 20
\BOOKMARK [2][]{subsection.1.6.1}{\376\377\0001\000.\0006\000.\0001\000\040\000B\000i\000v\000a\000r\000i\000a\000t\000e\000\040\000R\000a\000n\000d\000o\000m\000\040\000V\000e\000c\000t\000o\000r}{section.1.6}% 21
\BOOKMARK [2][]{subsection.1.6.2}{\376\377\0001\000.\0006\000.\0002\000\040\000M\000a\000r\000g\000i\000n\000a\000l\000\040\000C\000D\000F\000,\000\040\000P\000M\000F\000,\000\040\000P\000D\000F}{section.1.6}% 22
\BOOKMARK [2][]{subsection.1.6.3}{\376\377\0001\000.\0006\000.\0003\000\040\000I\000n\000d\000e\000p\000e\000n\000d\000e\000n\000t\000\040\000R\000a\000n\000d\000o\000m\000\040\000V\000a\000r\000i\000a\000b\000l\000e\000s}{section.1.6}% 23
\BOOKMARK [2][]{subsection.1.6.4}{\376\377\0001\000.\0006\000.\0004\000\040\000C\000o\000n\000d\000i\000t\000i\000o\000n\000a\000l\000\040\000P\000M\000F\000,\000\040\000P\000D\000F\000,\000\040\000E\000x\000p\000e\000c\000t\000e\000d\000\040\000V\000a\000l\000u\000e\000,\000\040\000M\000e\000a\000n\000,\000\040\000V\000a\000r\000i\000a\000n\000c\000e}{section.1.6}% 24
\BOOKMARK [2][]{subsection.1.6.5}{\376\377\0001\000.\0006\000.\0005\000\040\000L\000a\000w\000\040\000o\000f\000\040\000I\000t\000e\000r\000a\000t\000e\000d\000\040\000E\000x\000p\000e\000c\000t\000a\000t\000i\000o\000n\000:\000\040\000E\000X\000\050\000X\000\051\000=\000E\000Y\000[\000E\000X\000|\000Y\000\050\000X\000Y\000\051\000]}{section.1.6}% 25
\BOOKMARK [2][]{subsection.1.6.6}{\376\377\0001\000.\0006\000.\0006\000\040\000L\000a\000w\000\040\000o\000f\000\040\000T\000o\000t\000a\000l\000\040\000V\000a\000r\000i\000a\000n\000c\000e\000:\000\040\000V\000a\000r\000X\000\050\000X\000\051\000=\000E\000Y\000[\000V\000a\000r\000X\000|\000Y\000\050\000X\000Y\000\051\000]\000+\000V\000a\000r\000Y\000[\000E\000X\000|\000Y\000\050\000X\000Y\000\051\000]}{section.1.6}% 26
\BOOKMARK [2][]{subsection.1.6.7}{\376\377\0001\000.\0006\000.\0007\000\040\000C\000o\000v\000a\000r\000i\000a\000n\000c\000e}{section.1.6}% 27
\BOOKMARK [0][]{chapter.2}{\376\377\0002\000\040\000B\000a\000s\000i\000s}{}% 28
\BOOKMARK [1][]{section.2.1}{\376\377\0002\000.\0001\000\040\000C\000o\000v\000a\000r\000i\000a\000n\000c\000e\000\040\000a\000n\000d\000\040\000V\000a\000r\000i\000a\000n\000c\000e}{chapter.2}% 29
\BOOKMARK [1][]{section.2.2}{\376\377\0002\000.\0002\000\040\000C\000o\000n\000d\000i\000t\000i\000o\000n\000a\000l\000\040\000E\000x\000p\000e\000c\000t\000a\000t\000i\000o\000n\000\040\000a\000n\000d\000\040\000V\000a\000r\000i\000a\000n\000c\000e}{chapter.2}% 30
\BOOKMARK [1][]{section.2.3}{\376\377\0002\000.\0003\000\040\000G\000a\000m\000b\000l\000e\000r\000'\000s\000\040\000R\000u\000i\000n}{chapter.2}% 31
\BOOKMARK [1][]{section.2.4}{\376\377\0002\000.\0004\000\040\000M\000o\000m\000e\000n\000t\000\040\000G\000e\000n\000e\000r\000a\000t\000i\000n\000g\000\040\000F\000u\000n\000c\000t\000i\000o\000n\000\040\000\050\000M\000G\000F\000\051}{chapter.2}% 32
\BOOKMARK [1][]{section.2.5}{\376\377\0002\000.\0005\000\040\000I\000n\000e\000q\000u\000a\000l\000i\000t\000y}{chapter.2}% 33
\BOOKMARK [2][]{subsection.2.5.1}{\376\377\0002\000.\0005\000.\0001\000\040\000C\000a\000u\000c\000h\000y\000-\000S\000c\000h\000w\000a\000r\000z\000\040\000i\000n\000e\000q\000u\000a\000l\000i\000t\000y\000:\000\040\000|\000E\000X\000Y\000|\000E\000X\0002\000E\000Y\0002}{section.2.5}% 34
\BOOKMARK [2][]{subsection.2.5.2}{\376\377\0002\000.\0005\000.\0002\000\040\000J\000e\000n\000s\000e\000n\000'\000s\000\040\000I\000n\000e\000q\000u\000a\000l\000i\000t\000y\000:\000\040\000c\000o\000n\000v\000e\000x\000\040\000g\000\040\000\040\000E\000\050\000g\000\050\000X\000\051\000\051\000g\000\050\000E\000\050\000X\000\051\000\051}{section.2.5}% 35
\BOOKMARK [2][]{subsection.2.5.3}{\376\377\0002\000.\0005\000.\0003\000\040\000M\000a\000r\000k\000o\000v\000'\000s\000\040\000I\000n\000e\000q\000u\000a\000l\000i\000t\000y\000:\000\040\000P\000\050\000|\000X\000|\000a\000\051\000E\000|\000X\000|\000a}{section.2.5}% 36
\BOOKMARK [2][]{subsection.2.5.4}{\376\377\0002\000.\0005\000.\0004\000\040\000C\000h\000e\000b\000y\000c\000h\000e\000v\000'\000s\000\040\000i\000n\000e\000q\000u\000a\000l\000i\000t\000y\000:\000\040\000P\000\050\000|\000X\000-\000|\000a\000\051\0002\000a\0002}{section.2.5}% 37
\BOOKMARK [2][]{subsection.2.5.5}{\376\377\0002\000.\0005\000.\0005\000\040\000C\000h\000e\000r\000n\000o\000f\000f\000\040\000I\000n\000e\000q\000u\000a\000l\000i\000t\000y\000:\000\040\000P\000\050\000X\000a\000\051\000E\000e\000t\000X\000e\000t\000a}{section.2.5}% 38
\BOOKMARK [1][]{section.2.6}{\376\377\0002\000.\0006\000\040\000L\000a\000w\000\040\000o\000f\000\040\000L\000a\000r\000g\000e\000\040\000N\000u\000m\000b\000e\000r\000s\000\040\000\050\000L\000L\000N\000\051}{chapter.2}% 39
\BOOKMARK [2][]{subsection.2.6.1}{\376\377\0002\000.\0006\000.\0001\000\040\000W\000e\000a\000k\000\040\000L\000a\000w\000\040\000o\000f\000\040\000L\000a\000r\000g\000e\000\040\000N\000u\000m\000b\000e\000r\000s\000\040\000\050\000w\000L\000L\000N\000\051}{section.2.6}% 40
\BOOKMARK [2][]{subsection.2.6.2}{\376\377\0002\000.\0006\000.\0002\000\040\000S\000t\000r\000o\000n\000g\000\040\000L\000a\000w\000\040\000o\000f\000\040\000L\000a\000r\000g\000e\000\040\000N\000u\000m\000b\000e\000r\000s\000\040\000\050\000s\000L\000L\000N\000\051}{section.2.6}% 41
\BOOKMARK [2][]{subsection.2.6.3}{\376\377\0002\000.\0006\000.\0003\000\040\000D\000i\000f\000f\000e\000r\000e\000n\000c\000e\000s\000\040\000b\000e\000t\000w\000e\000e\000n\000\040\000c\000o\000n\000v\000e\000r\000g\000e\000n\000c\000e\000\040\000i\000n\000\040\000p\000r\000o\000b\000a\000b\000i\000l\000i\000t\000y\000\040\000\050\000w\000L\000L\000N\000\051\000\040\000a\000n\000d\000\040\000w\000p\0001\000\050\000a\000.\000s\000.\000\051\000\040\000\050\000s\000L\000L\000N\000\051}{section.2.6}% 42
\BOOKMARK [1][]{section.2.7}{\376\377\0002\000.\0007\000\040\000C\000e\000n\000t\000r\000a\000l\000\040\000L\000i\000m\000i\000t\000\040\000T\000h\000e\000o\000r\000e\000m\000\040\000\050\000C\000L\000T\000\051}{chapter.2}% 43
\BOOKMARK [1][]{section.2.8}{\376\377\0002\000.\0008\000\040\000G\000l\000i\000v\000e\000n\000k\000o\000-\000C\000a\000n\000t\000e\000l\000l\000i\000\040\000T\000h\000e\000o\000r\000e\000m\000\040\000\050\000F\000u\000n\000d\000a\000m\000e\000n\000t\000a\000l\000\040\000T\000h\000e\000o\000r\000e\000m\000\040\000o\000f\000\040\000S\000t\000a\000t\000i\000s\000t\000i\000c\000s\000\051}{chapter.2}% 44
\BOOKMARK [0][]{chapter.3}{\376\377\0003\000\040\000D\000i\000s\000t\000r\000i\000b\000u\000t\000i\000o\000n}{}% 45
\BOOKMARK [1][]{section.3.1}{\376\377\0003\000.\0001\000\040\000D\000i\000s\000c\000r\000e\000t\000e}{chapter.3}% 46
\BOOKMARK [2][]{subsection.3.1.1}{\376\377\0003\000.\0001\000.\0001\000\040\000B\000e\000r\000n\000o\000u\000l\000l\000i\000\040\000D\000i\000s\000t\000r\000i\000b\000u\000t\000i\000o\000n\000\040\040\023\000\040\000B\000e\000r\000n\000o\000u\000l\000l\000i\000\050\000\051\000:\000\040\000a\000n\000\040\000e\000v\000e\000n\000t\000\040\000h\000a\000p\000p\000e\000n\000s\000\040\000w\000i\000t\000h\000\040\000p\000r\000o\000b\000a\000b\000i\000l\000i\000t\000y\000\040}{section.3.1}% 47
\BOOKMARK [2][]{subsection.3.1.2}{\376\377\0003\000.\0001\000.\0002\000\040\000B\000i\000n\000o\000m\000i\000a\000l\000\040\000d\000i\000s\000t\000r\000i\000b\000u\000t\000i\000o\000n\000\040\040\023\000\040\000b\000i\000n\000\050\000n\000,\000\051\000:\000\040\000n\000\040\000i\000n\000d\000e\000p\000e\000n\000d\000e\000n\000t\000\040\000B\000e\000r\000n\000o\000u\000l\000l\000i\000\040\000d\000i\000s\000t\000r\000i\000b\000u\000t\000i\000o\000n\000s}{section.3.1}% 48
\BOOKMARK [2][]{subsection.3.1.3}{\376\377\0003\000.\0001\000.\0003\000\040\000M\000u\000l\000t\000i\000n\000o\000m\000i\000a\000l\000\040\000D\000i\000s\000t\000r\000i\000b\000u\000t\000i\000o\000n}{section.3.1}% 49
\BOOKMARK [2][]{subsection.3.1.4}{\376\377\0003\000.\0001\000.\0004\000\040\000P\000o\000i\000s\000s\000o\000n\000\040\000D\000i\000s\000t\000r\000i\000b\000u\000t\000i\000o\000n\000\040\040\023\000\040\000P\000o\000i\000s\000\050\000\051\000:\000\040\000a\000n\000\040\000e\000v\000e\000n\000t\000\040\000h\000a\000p\000p\000e\000n\000s\000\040\000k\000\040\000t\000i\000m\000e\000s\000\040\000w\000i\000t\000h\000i\000n\000\040\000u\000n\000i\000t\000\040\000t\000i\000m\000e}{section.3.1}% 50
\BOOKMARK [2][]{subsection.3.1.5}{\376\377\0003\000.\0001\000.\0005\000\040\000C\000o\000n\000n\000e\000c\000t\000i\000o\000n\000\040\000b\000e\000t\000w\000e\000e\000n\000\040\000P\000o\000i\000s\000s\000o\000n\000\040\000a\000n\000d\000\040\000m\000u\000l\000t\000i\000n\000o\000m\000i\000a\000l\000\040\000d\000i\000s\000t\000r\000i\000b\000u\000t\000i\000o\000n}{section.3.1}% 51
\BOOKMARK [2][]{subsection.3.1.6}{\376\377\0003\000.\0001\000.\0006\000\040\000G\000e\000o\000m\000e\000t\000r\000i\000c\000\040\000d\000i\000s\000t\000r\000i\000b\000u\000t\000i\000o\000n\000:\000\040\000P\000\050\000X\000=\000k\000\051\000=\000\050\0001\000-\000p\000\051\000k\000-\0001\000p}{section.3.1}% 52
\BOOKMARK [1][]{section.3.2}{\376\377\0003\000.\0002\000\040\000C\000o\000n\000t\000i\000n\000u\000o\000u\000s}{chapter.3}% 53
\BOOKMARK [2][]{subsection.3.2.1}{\376\377\0003\000.\0002\000.\0001\000\040\000E\000x\000p\000o\000n\000e\000n\000t\000i\000a\000l\000\040\000d\000i\000s\000t\000r\000i\000b\000u\000t\000i\000o\000n\000\040\000E\000x\000p\000\050\000\051\000:\000\040\000i\000n\000t\000e\000r\000v\000a\000l\000\040\000b\000e\000t\000w\000e\000e\000n\000\040\000t\000o\000\040\000i\000n\000d\000e\000p\000e\000n\000d\000e\000n\000t\000\040\000i\000d\000e\000n\000t\000i\000c\000a\000l\000\040\000e\000v\000e\000n\000t\000\040\000/\000\040\000t\000h\000e\000\040\000f\000i\000r\000s\000t\000\040\000t\000i\000m\000e\000\040\000a\000\040\000e\000v\000e\000n\000t\000\040\000h\000a\000p\000p\000e\000n\000e\000d}{section.3.2}% 54
\BOOKMARK [2][]{subsection.3.2.2}{\376\377\0003\000.\0002\000.\0002\000\040\000G\000a\000u\000s\000s\000i\000a\000n\000/\000N\000o\000r\000m\000a\000l\000\040\000D\000i\000s\000t\000r\000i\000b\000u\000t\000i\000o\000n}{section.3.2}% 55
\BOOKMARK [2][]{subsection.3.2.3}{\376\377\0003\000.\0002\000.\0003\000\040\000M\000u\000l\000t\000i\000v\000a\000r\000i\000a\000t\000e\000/\000J\000o\000i\000n\000t\000\040\000G\000a\000u\000s\000s\000i\000a\000n\000/\000N\000o\000r\000m\000a\000l\000\040\000D\000i\000s\000t\000r\000i\000b\000u\000t\000i\000o\000n\000\040\000\050\000M\000V\000N\000\051}{section.3.2}% 56
\BOOKMARK [1][]{section.3.3}{\376\377\0003\000.\0003\000\040\000P\000o\000i\000s\000s\000o\000n\000\040\000p\000r\000o\000c\000e\000s\000s\000:\000\040\000A\000\040\000s\000e\000q\000u\000e\000n\000c\000e\000\040\000o\000f\000\040\000a\000r\000r\000i\000v\000a\000l\000s\000\040\000i\000n\000\040\000c\000o\000n\000t\000i\000n\000u\000o\000u\000s\000\040\000t\000i\000m\000e\000\040\000w\000i\000t\000h\000\040\000r\000a\000t\000e\000\040}{chapter.3}% 57
\BOOKMARK [2][]{subsection.3.3.1}{\376\377\0003\000.\0003\000.\0001\000\040\000D\000e\000f\000i\000n\000i\000t\000i\000o\000n}{section.3.3}% 58
\BOOKMARK [2][]{subsection.3.3.2}{\376\377\0003\000.\0003\000.\0002\000\040\000T\000j\000:\000\040\000t\000i\000m\000e\000\040\000o\000f\000\040\000j\000t\000h\000\040\000a\000r\000r\000i\000v\000a\000l}{section.3.3}% 59
\BOOKMARK [2][]{subsection.3.3.3}{\376\377\0003\000.\0003\000.\0003\000\040\000T\000h\000e\000o\000r\000e\000m\000\040\000\050\000C\000o\000n\000d\000i\000t\000i\000o\000n\000a\000l\000\040\000c\000o\000u\000n\000t\000s\000\051\000:\000\040\000N\000\050\000t\0001\000\051\000|\000N\000\050\000t\0002\000\051\000=\000n\000B\000i\000n\000\050\000n\000,\000t\0001\000t\0002\000\051}{section.3.3}% 60
\BOOKMARK [0][]{chapter.4}{\376\377\0004\000\040\000M\000a\000r\000k\000o\000v\000\040\000C\000h\000a\000i\000n}{}% 61
\BOOKMARK [1][]{section.4.1}{\376\377\0004\000.\0001\000\040\000D\000e\000f\000i\000n\000i\000t\000i\000o\000n}{chapter.4}% 62
\BOOKMARK [1][]{section.4.2}{\376\377\0004\000.\0002\000\040\000M\000a\000t\000r\000i\000x\000\040\000C\000o\000m\000p\000u\000t\000a\000t\000i\000o\000n\000s}{chapter.4}% 63
\BOOKMARK [2][]{subsection.4.2.1}{\376\377\0004\000.\0002\000.\0001\000\040\000C\000h\000a\000p\000m\000a\000n\000\040\000K\000o\000l\000m\000o\000g\000o\000r\000o\000v\000\040\000E\000q\000u\000a\000t\000i\000o\000n\000s\000\040\000\050\000C\000-\000K\000\040\000E\000q\000u\000a\000t\000i\000o\000n\000s\000\051\000\040\000P\000\050\000X\000n\000+\000m\000=\000j\000|\000X\0000\000=\000i\000\051\000=\000\050\000P\000m\000+\000n\000\051\000i\000j\000=\000k\000S\000\050\000P\000m\000\051\000i\000k\000\050\000P\000n\000\051\000k\000j}{section.4.2}% 64
\BOOKMARK [2][]{subsection.4.2.2}{\376\377\0004\000.\0002\000.\0002\000\040\000M\000a\000r\000g\000i\000n\000a\000l\000\040\000D\000i\000s\000t\000r\000i\000b\000u\000t\000i\000o\000n\000\040\000P\000\050\000X\000n\000=\000j\000\051\000=\000\050\000P\000n\000\051\000j}{section.4.2}% 65
\BOOKMARK [1][]{section.4.3}{\376\377\0004\000.\0003\000\040\000S\000t\000a\000t\000e\000s\000,\000\040\000C\000l\000a\000s\000s}{chapter.4}% 66
\BOOKMARK [2][]{subsection.4.3.1}{\376\377\0004\000.\0003\000.\0001\000\040\000I\000r\000r\000e\000d\000u\000c\000i\000b\000l\000e\000,\000\040\000R\000e\000d\000u\000c\000i\000b\000l\000e}{section.4.3}% 67
\BOOKMARK [2][]{subsection.4.3.2}{\376\377\0004\000.\0003\000.\0002\000\040\000R\000e\000c\000u\000r\000r\000e\000n\000t\000,\000\040\000T\000r\000a\000n\000s\000i\000e\000n\000t}{section.4.3}% 68
\BOOKMARK [1][]{section.4.4}{\376\377\0004\000.\0004\000\040\000P\000e\000r\000i\000o\000d\000i\000c\000i\000t\000y}{chapter.4}% 69
\BOOKMARK [2][]{subsection.4.4.1}{\376\377\0004\000.\0004\000.\0001\000\040\000L\000e\000m\000m\000a\000:\000\040\000a\000l\000l\000\040\000s\000t\000a\000t\000e\000s\000\040\000i\000n\000\040\000a\000n\000\040\000i\000r\000r\000e\000d\000u\000c\000i\000b\000l\000e\000\040\000M\000C\000\040\000h\000a\000v\000e\000\040\000t\000h\000e\000\040\000s\000a\000m\000e\000\040\000p\000e\000r\000i\000o\000d}{section.4.4}% 70
\BOOKMARK [2][]{subsection.4.4.2}{\376\377\0004\000.\0004\000.\0002\000\040\000P\000e\000r\000i\000o\000d\000i\000c\000,\000\040\000A\000p\000e\000r\000i\000o\000d\000i\000c}{section.4.4}% 71
\BOOKMARK [1][]{section.4.5}{\376\377\0004\000.\0005\000\040\000R\000e\000g\000u\000l\000a\000r\000\040\000M\000a\000t\000r\000i\000x}{chapter.4}% 72
\BOOKMARK [2][]{subsection.4.5.1}{\376\377\0004\000.\0005\000.\0001\000\040\000R\000e\000g\000u\000l\000a\000r\000\040\000m\000a\000t\000r\000i\000x\000:\000\040\000n\0001\000\040\000s\000.\000t\000.\000\040\000P\000n\000>\0000}{section.4.5}% 73
\BOOKMARK [2][]{subsection.4.5.2}{\376\377\0004\000.\0005\000.\0002\000\040\000L\000e\000m\000m\000a\000:\000\040\000F\000i\000n\000i\000t\000e\000\040\000M\000C\000\040\000i\000s\000\040\000I\000r\000r\000e\000d\000u\000c\000i\000b\000l\000e\000,\000\040\000A\000p\000e\000r\000i\000o\000d\000i\000c\000\040\000\040\000h\000a\000s\000\040\000R\000e\000g\000u\000l\000a\000r\000\040\000t\000r\000a\000n\000s\000i\000t\000i\000o\000n\000\040\000m\000a\000t\000r\000i\000x}{section.4.5}% 74
\BOOKMARK [1][]{section.4.6}{\376\377\0004\000.\0006\000\040\000E\000i\000g\000e\000n\000v\000a\000l\000u\000e\000s\000\040\000o\000f\000\040\000a\000\040\000S\000t\000o\000c\000h\000a\000s\000t\000i\000c\000\040\000M\000a\000t\000r\000i\000x\000:\000\040\000=\0001\000\040\000m\000u\000s\000t\000\040\000e\000x\000i\000s\000t\000\040\000a\000n\000d\000\040\000o\000t\000h\000e\000r\000\040\000|\000|\0001\000\040\000\050\000n\000o\000t\000\040\000e\000q\000u\000a\000l\000\040\000w\000h\000e\000n\000\040\000i\000f\000\040\000r\000e\000g\000u\000l\000a\000r\000\040\000m\000a\000t\000r\000i\000x\000\051}{chapter.4}% 75
\BOOKMARK [1][]{section.4.7}{\376\377\0004\000.\0007\000\040\000L\000o\000n\000g\000\040\000R\000u\000n\000\040\000B\000e\000h\000a\000v\000i\000o\000r\000\040\000o\000f\000\040\000F\000i\000n\000i\000t\000e\000\040\000M\000a\000r\000k\000o\000v\000\040\000C\000h\000a\000i\000n\000s}{chapter.4}% 76
\BOOKMARK [2][]{subsection.4.7.1}{\376\377\0004\000.\0007\000.\0001\000\040\000L\000i\000m\000i\000t\000i\000n\000g\000\040\000D\000i\000s\000t\000r\000i\000b\000u\000t\000i\000o\000n}{section.4.7}% 77
\BOOKMARK [2][]{subsection.4.7.2}{\376\377\0004\000.\0007\000.\0002\000\040\000S\000t\000a\000t\000i\000o\000n\000a\000r\000y\000\040\000D\000i\000s\000t\000r\000i\000b\000u\000t\000i\000o\000n}{section.4.7}% 78
\BOOKMARK [2][]{subsection.4.7.3}{\376\377\0004\000.\0007\000.\0003\000\040\000L\000i\000m\000i\000t\000i\000n\000g\000\040\000D\000i\000s\000t\000r\000i\000b\000u\000t\000i\000o\000n\000\040\000=\000\040\000E\000x\000p\000e\000c\000t\000e\000d\000\040\000P\000r\000o\000p\000o\000r\000t\000i\000o\000n\000\040\000o\000f\000\040\000t\000i\000m\000e\000\040\000i\000n\000\040\000e\000a\000c\000h\000\040\000s\000t\000a\000t\000e}{section.4.7}% 79
\BOOKMARK [2][]{subsection.4.7.4}{\376\377\0004\000.\0007\000.\0004\000\040\000F\000u\000n\000d\000a\000m\000e\000n\000t\000a\000l\000\040\000T\000h\000e\000o\000r\000e\000m\000\040\000f\000o\000r\000\040\000I\000r\000r\000e\000d\000u\000c\000i\000b\000l\000e\000,\000\040\000A\000p\000e\000r\000i\000o\000d\000i\000c\000,\000\040\000F\000i\000n\000i\000t\000e\000\040\000M\000C\000\040\000\050\000R\000e\000g\000u\000l\000a\000r\000\040\000t\000r\000a\000n\000s\000i\000t\000i\000o\000n\000\040\000m\000a\000t\000r\000i\000x\000\051\000\040\000\040\000\040\000u\000n\000i\000q\000u\000e\000\040\000l\000i\000m\000i\000t\000i\000n\000g\000\040\000d\000i\000s\000t\000r\000i\000b\000u\000t\000i\000o\000n\000\040\000\040\000a\000n\000d\000\040\000j\000>\0000\000,\000j}{section.4.7}% 80
\BOOKMARK [2][]{subsection.4.7.5}{\376\377\0004\000.\0007\000.\0005\000\040\000L\000o\000n\000g\000\040\000r\000u\000n\000\040\000b\000e\000h\000a\000v\000i\000o\000r\000\040\000f\000o\000r\000\040\000r\000e\000d\000u\000c\000i\000b\000l\000e\000\040\000a\000n\000d\000/\000o\000r\000\040\000p\000e\000r\000i\000o\000d\000i\000c\000\040\000c\000h\000a\000i\000n\000s}{section.4.7}% 81
\BOOKMARK [2][]{subsection.4.7.6}{\376\377\0004\000.\0007\000.\0006\000\040\000F\000u\000n\000d\000a\000m\000e\000n\000t\000a\000l\000\040\000T\000h\000e\000o\000r\000e\000m\000\040\000f\000o\000r\000\040\000I\000r\000r\000e\000d\000u\000c\000i\000b\000l\000e\000,\000\040\000F\000i\000n\000i\000t\000e\000\040\000M\000C\000:\000\040\000e\000x\000p\000e\000c\000t\000e\000d\000\040\000f\000i\000r\000s\000t\000\040\000r\000e\000t\000u\000r\000n\000\040\000t\000i\000m\000e\000\040\000E\000\050\000T\000j\000|\000X\0000\000\040\000=\000\040\000j\000\051\000=\0001\000j}{section.4.7}% 82
\BOOKMARK [1][]{section.4.8}{\376\377\0004\000.\0008\000\040\000R\000e\000t\000u\000r\000n\000\040\000T\000i\000m\000e\000s\000\040\000a\000n\000d\000\040\000A\000b\000s\000o\000r\000p\000t\000i\000o\000n\000\040\000P\000r\000o\000b\000a\000b\000i\000l\000i\000t\000i\000e\000s}{chapter.4}% 83
\BOOKMARK [2][]{subsection.4.8.1}{\376\377\0004\000.\0008\000.\0001\000\040\000E\000x\000p\000e\000c\000t\000e\000d\000\040\000N\000u\000m\000b\000e\000r\000\040\000o\000f\000\040\000V\000i\000s\000i\000t\000s\000\040\000t\000o\000\040\000a\000\040\000T\000r\000a\000n\000s\000i\000e\000n\000t\000\040\000S\000t\000a\000t\000e\000:\000\040\000E\000\050\000Y\000i\000|\000X\0000\000\040\000=\000\040\000j\000\051\000\040\000=\000\040\000M\000j\000i\000\040\000=\000\040\000\050\000I\000-\000Q\000\051\000-\0001\000j\000i}{section.4.8}% 84
\BOOKMARK [2][]{subsection.4.8.2}{\376\377\0004\000.\0008\000.\0002\000\040\000E\000x\000p\000e\000c\000t\000e\000d\000\040\000T\000i\000m\000e\000\040\000t\000i\000l\000l\000\040\000A\000b\000s\000o\000r\000p\000t\000i\000o\000n\000\040\000t\000o\000\040\000a\000\040\000R\000e\000c\000u\000r\000r\000e\000n\000t\000\040\000C\000l\000a\000s\000s\000:\000\040\000E\000\050\000T\000a\000b\000s\000|\000X\0000\000=\000j\000\051\000=\000i\000T\0001\000T\0002\000\@let@token \000T\000s\000\040\000M\000j\000i}{section.4.8}% 85
\BOOKMARK [2][]{subsection.4.8.3}{\376\377\0004\000.\0008\000.\0003\000\040\000E\000x\000p\000e\000c\000t\000e\000d\000\040\000f\000i\000r\000s\000t\000\040\000r\000e\000t\000u\000r\000n\000\040\000t\000i\000m\000e\000\040\000\050\000d\000i\000f\000f\000e\000r\000e\000n\000t\000\040\000i\000n\000i\000t\000i\000a\000l\000\040\000s\000t\000a\000t\000e\000\051\000\040\000=\000\040\000T\000i\000m\000e\000\040\000t\000i\000l\000l\000\040\000A\000b\000s\000o\000r\000p\000t\000i\000o\000n}{section.4.8}% 86
\BOOKMARK [2][]{subsection.4.8.4}{\376\377\0004\000.\0008\000.\0004\000\040\000P\000r\000o\000b\000a\000b\000i\000l\000i\000t\000y\000\040\000o\000f\000\040\000E\000v\000e\000n\000t\000u\000a\000l\000l\000y\000\040\000E\000n\000t\000e\000r\000i\000n\000g\000\040\000a\000\040\000G\000i\000v\000e\000n\000\040\000R\000e\000c\000u\000r\000r\000e\000n\000t\000\040\000C\000l\000a\000s\000s\000:\000\040\000A\000=\000\050\000I\000-\000Q\000\051\000-\0001\000S\000=\000M\000S}{section.4.8}% 87
\BOOKMARK [1][]{section.4.9}{\376\377\0004\000.\0009\000\040\000E\000x\000a\000m\000p\000l\000e\000s\000\040\000o\000f\000\040\000F\000i\000n\000i\000t\000e\000\040\000M\000C}{chapter.4}% 88
\BOOKMARK [2][]{subsection.4.9.1}{\376\377\0004\000.\0009\000.\0001\000\040\000G\000a\000m\000b\000l\000e\000r\000'\000s\000\040\000R\000u\000i\000n}{section.4.9}% 89
\BOOKMARK [2][]{subsection.4.9.2}{\376\377\0004\000.\0009\000.\0002\000\040\000S\000i\000m\000p\000l\000e\000\040\000R\000a\000n\000d\000o\000m\000\040\000W\000a\000l\000k\000\040\000\050\000S\000R\000W\000\051\000\040\000o\000n\000\040\000U\000n\000d\000i\000r\000e\000c\000t\000e\000d\000\040\000G\000r\000a\000p\000h}{section.4.9}% 90
\BOOKMARK [0][]{chapter.5}{\376\377\0005\000\040\000\040\000C\000o\000u\000n\000t\000a\000b\000l\000y\000\040\000i\000n\000f\000i\000n\000i\000t\000e\000\040\000M\000C}{}% 91
\BOOKMARK [1][]{section.5.1}{\376\377\0005\000.\0001\000\040\000R\000e\000c\000u\000r\000r\000e\000n\000c\000e\000\040\000a\000n\000d\000\040\000T\000r\000a\000n\000s\000i\000e\000n\000c\000e}{chapter.5}% 92
\BOOKMARK [2][]{subsection.5.1.1}{\376\377\0005\000.\0001\000.\0001\000\040\000R\000e\000c\000u\000r\000r\000e\000n\000t\000\040\000o\000r\000\040\000T\000r\000a\000n\000s\000i\000e\000n\000t\000\040\000S\000t\000a\000t\000e}{section.5.1}% 93
\BOOKMARK [2][]{subsection.5.1.2}{\376\377\0005\000.\0001\000.\0002\000\040\000R\000e\000c\000u\000r\000r\000e\000n\000t\000\040\000o\000r\000\040\000T\000r\000a\000n\000s\000i\000e\000n\000t\000\040\000C\000l\000a\000s\000s}{section.5.1}% 94
\BOOKMARK [2][]{subsection.5.1.3}{\376\377\0005\000.\0001\000.\0003\000\040\000L\000e\000m\000m\000a\000:\000\040\000T\000r\000a\000n\000s\000i\000e\000n\000t\000\040\000C\000l\000a\000s\000s\000\040\000\040\000n\000=\0000\000P\000i\000,\000i\000n\000<}{section.5.1}% 95
\BOOKMARK [2][]{subsection.5.1.4}{\376\377\0005\000.\0001\000.\0004\000\040\000R\000e\000c\000u\000r\000r\000e\000n\000c\000e\000/\000T\000r\000a\000n\000s\000i\000e\000n\000c\000e\000\040\000o\000f\000\040\000S\000i\000m\000p\000l\000e\000\040\000R\000a\000n\000d\000o\000m\000\040\000W\000a\000l\000k\000\040\000o\000n\000\040\000L\000a\000t\000t\000i\000c\000e}{section.5.1}% 96
\BOOKMARK [2][]{subsection.5.1.5}{\376\377\0005\000.\0001\000.\0005\000\040\000N\000u\000l\000l\000\040\000a\000n\000d\000\040\000P\000o\000s\000i\000t\000i\000v\000e\000\040\000R\000e\000c\000u\000r\000r\000e\000n\000c\000e}{section.5.1}% 97
\BOOKMARK [2][]{subsection.5.1.6}{\376\377\0005\000.\0001\000.\0006\000\040\000S\000t\000a\000t\000i\000o\000n\000a\000r\000y\000\040\000D\000i\000s\000t\000r\000i\000b\000u\000t\000i\000o\000n\000\040\000a\000n\000d\000\040\000L\000i\000m\000i\000t\000i\000n\000g\000\040\000D\000i\000s\000t\000r\000i\000b\000u\000t\000i\000o\000n}{section.5.1}% 98
\BOOKMARK [1][]{section.5.2}{\376\377\0005\000.\0002\000\040\000D\000i\000f\000f\000e\000r\000e\000n\000c\000e\000s\000\040\000b\000e\000t\000w\000e\000e\000n\000\040\000F\000i\000n\000i\000t\000e\000\040\000a\000n\000d\000\040\000\050\000C\000o\000u\000n\000t\000a\000b\000l\000y\000\051\000\040\000I\000n\000f\000i\000n\000i\000t\000e\000\040\000M\000a\000r\000k\000o\000v\000\040\000C\000h\000a\000i\000n\000s}{chapter.5}% 99
\BOOKMARK [0][]{chapter.6}{\376\377\0006\000\040\000B\000r\000a\000n\000c\000h\000i\000n\000g\000\040\000P\000r\000o\000c\000e\000s\000s}{}% 100
\BOOKMARK [1][]{section.6.1}{\376\377\0006\000.\0001\000\040\000E\000x\000t\000i\000n\000c\000t\000i\000o\000n\000\040\000P\000r\000o\000b\000a\000b\000i\000l\000i\000t\000y\000\040\000i\000n\000\040\000a\000\040\000B\000r\000a\000n\000c\000h\000i\000n\000g\000\040\000P\000r\000o\000c\000e\000s\000s}{chapter.6}% 101
\BOOKMARK [2][]{subsection.6.1.1}{\376\377\0006\000.\0001\000.\0001\000\040\000E\000x\000p\000e\000c\000t\000a\000t\000i\000o\000n\000\040\000E\000X\000n\000=\000n\000\040\000E\000X\0000}{section.6.1}% 102
\BOOKMARK [2][]{subsection.6.1.2}{\376\377\0006\000.\0001\000.\0002\000\040\000L\000e\000m\000m\000a\000:\000\040\000<\0001\000\040\000\040\000P\000\050\000e\000x\000t\000i\000n\000c\000t\000i\000o\000n\000\051\000=\0001}{section.6.1}% 103
\BOOKMARK [2][]{subsection.6.1.3}{\376\377\0006\000.\0001\000.\0003\000\040\000V\000a\000r\000i\000a\000n\000c\000e\000:\000\040\000V\000a\000r\000\040\000X\000n\000=\000n\0002\000\040\000i\000f\000\040\000=\0001\000;\000\040\000V\000a\000r\000\040\000X\000n\000=\0002\000n\000-\0001\000n\000-\0001\000-\0001\000\040\000i\000f\000\040\000=\0001}{section.6.1}% 104
\BOOKMARK [2][]{subsection.6.1.4}{\376\377\0006\000.\0001\000.\0004\000\040\000E\000x\000t\000i\000n\000c\000t\000i\000o\000n\000\040\000p\000r\000o\000b\000a\000b\000i\000l\000i\000t\000y\000\040\000=\0001\000\040\000i\000f\000\040\0001\000;\000\040\000<\0001\000\040\000i\000f\000\040\000>\0001}{section.6.1}% 105
\BOOKMARK [2][]{subsection.6.1.5}{\376\377\0006\000.\0001\000.\0005\000\040\000G\000n\000\050\000s\000\051\000=\000G\000n\000-\0001\000\050\000\050\000s\000\051\000\051\000=\000\050\000\050\000\050\000\@let@token \000\050\000s\000\051\000\@let@token \000\051\000\051\000\051\000=\000\050\000G\000n\000-\0001\000\050\000s\000\051\000\051}{section.6.1}% 106
\BOOKMARK [0][]{chapter.7}{\376\377\0007\000\040\000T\000i\000m\000e\000\040\000R\000e\000v\000e\000r\000s\000i\000b\000l\000e\000\040\000M\000a\000r\000k\000o\000v\000\040\000C\000h\000a\000i\000n\000s}{}% 107
\BOOKMARK [1][]{section.7.1}{\376\377\0007\000.\0001\000\040\000D\000e\000f\000i\000n\000i\000t\000i\000o\000n\000:\000\040\000L\000o\000c\000a\000l\000\040\000B\000a\000l\000a\000n\000c\000e\000\040\000\050\000i\000\051\000P\000\050\000i\000,\000j\000\051\000=\000\050\000j\000\051\000P\000\050\000j\000,\000i\000\051\000,\000i\000,\000j\000S}{chapter.7}% 108
\BOOKMARK [1][]{section.7.2}{\376\377\0007\000.\0002\000\040\000D\000i\000s\000c\000u\000s\000s\000i\000o\000n\000\040\000a\000b\000o\000u\000t\000\040\000L\000o\000c\000a\000l\000\040\000B\000a\000l\000a\000n\000c\000e}{chapter.7}% 109
\BOOKMARK [2][]{subsection.7.2.1}{\376\377\0007\000.\0002\000.\0001\000\040\000F\000l\000o\000w\000:\000\040\000F\000l\000o\000w\000\050\000A\000,\000B\000\051\000=\000i\000A\000j\000B\000\050\000i\000\051\000P\000i\000j}{section.7.2}% 110
\BOOKMARK [2][]{subsection.7.2.2}{\376\377\0007\000.\0002\000.\0002\000\040\000L\000e\000m\000m\000a\000:\000\040\000F\000l\000o\000w\000\050\000A\000,\000A\000c\000\051\000=\000F\000l\000o\000w\000\050\000A\000c\000,\000A\000\051\000\040\000f\000o\000r\000\040\000a\000n\000y\000\040\000s\000u\000b\000s\000e\000t\000\040\000A\000S}{section.7.2}% 111
\BOOKMARK [2][]{subsection.7.2.3}{\376\377\0007\000.\0002\000.\0003\000\040\000L\000e\000m\000m\000a\000:\000\040\000L\000o\000c\000a\000l\000\040\000b\000a\000l\000a\000n\000c\000e\000\040\000\040\000\040\000i\000s\000\040\000s\000t\000a\000t\000i\000o\000n\000a\000r\000y}{section.7.2}% 112
\BOOKMARK [2][]{subsection.7.2.4}{\376\377\0007\000.\0002\000.\0004\000\040\000L\000e\000m\000m\000a\000:\000\040\000A\000l\000l\000\040\000s\000t\000a\000t\000i\000o\000n\000a\000r\000y\000\040\000b\000i\000r\000t\000h\000\040\000a\000n\000d\000\040\000d\000e\000a\000t\000h\000\040\000c\000h\000a\000i\000n\000s\000\040\000a\000r\000e\000\040\000r\000e\000v\000e\000r\000s\000i\000b\000l\000e}{section.7.2}% 113
\BOOKMARK [1][]{section.7.3}{\376\377\0007\000.\0003\000\040\000E\000x\000a\000m\000p\000l\000e\000:\000\040\000R\000a\000n\000d\000o\000m\000\040\000W\000a\000l\000k\000\040\000o\000n\000\040\000a\000n\000\040\000U\000n\000d\000i\000r\000e\000c\000t\000e\000d\000\040\000G\000r\000a\000p\000h}{chapter.7}% 114
\BOOKMARK [0][]{chapter.8}{\376\377\0008\000\040\000M\000a\000r\000k\000o\000v\000\040\000C\000h\000a\000i\000n\000\040\000M\000o\000n\000t\000e\000\040\000C\000a\000r\000l\000o\000\040\000\050\000M\000C\000M\000C\000\051}{}% 115
\BOOKMARK [1][]{section.8.1}{\376\377\0008\000.\0001\000\040\000S\000t\000r\000o\000n\000g\000\040\000L\000a\000w\000\040\000o\000f\000\040\000L\000a\000r\000g\000e\000\040\000N\000u\000m\000b\000e\000r\000s\000\040\000f\000o\000r\000\040\000M\000a\000r\000k\000o\000v\000\040\000C\000h\000a\000i\000n\000s}{chapter.8}% 116
\BOOKMARK [1][]{section.8.2}{\376\377\0008\000.\0002\000\040\000E\000x\000a\000m\000p\000l\000e\000\040\000o\000f\000\040\000D\000e\000s\000i\000g\000n\000i\000n\000g\000\040\000M\000C}{chapter.8}% 117
\BOOKMARK [1][]{section.8.3}{\376\377\0008\000.\0003\000\040\000M\000e\000t\000r\000o\000p\000o\000l\000i\000s\000\040\000H\000a\000s\000t\000i\000n\000g\000s\000\040\000A\000l\000g\000o\000r\000i\000t\000h\000m}{chapter.8}% 118
\BOOKMARK [2][]{subsection.8.3.1}{\376\377\0008\000.\0003\000.\0001\000\040\000E\000x\000a\000m\000p\000l\000e\000\040\000o\000f\000\040\000g\000e\000n\000e\000r\000a\000t\000e\000\040\000s\000t\000a\000n\000d\000a\000r\000d\000\040\000n\000o\000r\000m\000a\000l\000\040\000d\000i\000s\000t\000r\000i\000b\000u\000t\000i\000o\000n\000\040\000w\000i\000t\000h\000\040\000u\000n\000i\000f\000o\000r\000m}{section.8.3}% 119
\BOOKMARK [2][]{subsection.8.3.2}{\376\377\0008\000.\0003\000.\0002\000\040\000W\000i\000t\000h\000o\000u\000t\000\040\000M\000C\000M\000C\000:\000\040\000B\000o\000x\000\040\000M\000u\000l\000l\000e\000r\000\040\000T\000r\000a\000n\000s\000f\000o\000r\000m}{section.8.3}% 120
\BOOKMARK [1][]{section.8.4}{\376\377\0008\000.\0004\000\040\000G\000i\000b\000b\000s\000\040\000S\000a\000m\000p\000l\000i\000n\000g}{chapter.8}% 121
\BOOKMARK [2][]{subsection.8.4.1}{\376\377\0008\000.\0004\000.\0001\000\040\000\040\000S\000y\000s\000t\000e\000m\000a\000t\000i\000c\000\040\000s\000c\000a\000n\000\040\000G\000i\000b\000b\000s\000\040\000s\000a\000m\000p\000l\000e\000r}{section.8.4}% 122
\BOOKMARK [2][]{subsection.8.4.2}{\376\377\0008\000.\0004\000.\0002\000\040\000\040\000R\000a\000n\000d\000o\000m\000\040\000S\000c\000a\000n\000\040\000G\000i\000b\000b\000s\000\040\000s\000a\000m\000p\000l\000e\000r}{section.8.4}% 123
\BOOKMARK [2][]{subsection.8.4.3}{\376\377\0008\000.\0004\000.\0003\000\040\000E\000x\000a\000m\000p\000l\000e\000:\000\040\000B\000i\000v\000a\000r\000i\000a\000t\000e\000\040\000N\000o\000r\000m\000a\000l\000\040\000D\000i\000s\000t\000r\000i\000b\000u\000t\000i\000o\000n}{section.8.4}% 124
\BOOKMARK [2][]{subsection.8.4.4}{\376\377\0008\000.\0004\000.\0004\000\040\000E\000x\000a\000m\000p\000l\000e\000:\000\040\000P\000o\000t\000t\000s\000\040\000m\000o\000d\000e\000l\000\040\000\050\000I\000s\000i\000n\000g\000\040\000m\000o\000d\000e\000l\000\051}{section.8.4}% 125
\BOOKMARK [1][]{section.8.5}{\376\377\0008\000.\0005\000\040\000A\000\040\000L\000i\000n\000e\000a\000r\000\040\000A\000l\000g\000e\000b\000r\000a\000i\000c\000\040\000C\000o\000n\000d\000i\000t\000i\000o\000n\000\040\000f\000o\000r\000\040\000C\000o\000n\000v\000e\000r\000g\000e\000n\000c\000e}{chapter.8}% 126
\BOOKMARK [0][]{chapter.9}{\376\377\0009\000\040\000P\000o\000i\000s\000s\000o\000n\000\040\000P\000r\000o\000c\000e\000s\000s}{}% 127
\BOOKMARK [1][]{section.9.1}{\376\377\0009\000.\0001\000\040\000B\000a\000s\000i\000c\000s\000\040\000o\000f\000\040\000P\000o\000i\000s\000s\000o\000n\000\040\000P\000r\000o\000c\000e\000s\000s}{chapter.9}% 128
\BOOKMARK [2][]{subsection.9.1.1}{\376\377\0009\000.\0001\000.\0001\000\040\000C\000o\000u\000n\000t\000i\000n\000g\000\040\000P\000r\000o\000c\000e\000s\000s}{section.9.1}% 129
\BOOKMARK [2][]{subsection.9.1.2}{\376\377\0009\000.\0001\000.\0002\000\040\000P\000o\000i\000s\000s\000o\000n\000\040\000D\000i\000s\000t\000r\000i\000b\000u\000t\000i\000o\000n}{section.9.1}% 130
\BOOKMARK [2][]{subsection.9.1.3}{\376\377\0009\000.\0001\000.\0003\000\040\000D\000e\000f\000i\000n\000i\000t\000i\000o\000n\000\040\000o\000f\000\040\000P\000o\000i\000s\000s\000o\000n\000\040\000P\000r\000o\000c\000e\000s\000s}{section.9.1}% 131
\BOOKMARK [1][]{section.9.2}{\376\377\0009\000.\0002\000\040\000I\000n\000t\000e\000r\000-\000A\000r\000r\000i\000v\000a\000l\000\040\000T\000i\000m\000e\000s}{chapter.9}% 132
\BOOKMARK [2][]{subsection.9.2.1}{\376\377\0009\000.\0002\000.\0001\000\040\000F\000i\000r\000s\000t\000\040\000a\000r\000r\000i\000v\000a\000l\000\040\000t\000i\000m\000e\000:\000\040\000E\000x\000p\000o\000n\000e\000n\000t\000i\000a\000l\000\040\000d\000i\000s\000t\000r\000i\000b\000u\000t\000i\000o\000n\000\040\000E\000x\000p\000\050\000\051}{section.9.2}% 133
\BOOKMARK [2][]{subsection.9.2.2}{\376\377\0009\000.\0002\000.\0002\000\040\000k\000t\000h\000\040\000a\000r\000r\000i\000v\000a\000l\000\040\000t\000i\000m\000e\000:\000\040\000G\000a\000m\000m\000a\000\040\000d\000i\000s\000t\000r\000i\000b\000u\000t\000i\000o\000n\000\040\000G\000a\000m\000m\000a\000\050\000n\000,\000\051}{section.9.2}% 134
\BOOKMARK [2][]{subsection.9.2.3}{\376\377\0009\000.\0002\000.\0003\000\040\000M\000e\000m\000o\000r\000y\000l\000e\000s\000s\000n\000e\000s\000s\000\040\000o\000f\000\040\000t\000h\000e\000\040\000E\000x\000p\000o\000n\000e\000n\000t\000i\000a\000l\000\040\000R\000a\000n\000d\000o\000m\000\040\000V\000a\000r\000i\000a\000b\000l\000e}{section.9.2}% 135
\BOOKMARK [1][]{section.9.3}{\376\377\0009\000.\0003\000\040\000C\000o\000n\000d\000i\000t\000i\000o\000n\000i\000n\000g\000\040\000o\000n\000\040\000t\000h\000e\000\040\000n\000u\000m\000b\000e\000r\000\040\000o\000f\000\040\000a\000r\000r\000i\000v\000a\000l\000s\000\040\000i\000n\000\040\000a\000\040\000P\000o\000i\000s\000s\000o\000n\000\040\000P\000r\000o\000c\000e\000s\000s\000:\000\040\000U\000n\000i\000f\000o\000r\000m}{chapter.9}% 136
\BOOKMARK [1][]{section.9.4}{\376\377\0009\000.\0004\000\040\000S\000u\000p\000e\000r\000p\000o\000s\000i\000t\000i\000o\000n}{chapter.9}% 137
\BOOKMARK [2][]{subsection.9.4.1}{\376\377\0009\000.\0004\000.\0001\000\040\000I\000n\000d\000e\000p\000e\000n\000d\000e\000n\000t\000\040\000P\000o\000i\000s\000s\000o\000n\000\040\000v\000a\000r\000i\000a\000b\000l\000e\000s\000:\000\040\000i\000=\0001\000n\000\040\000Y\000i\000P\000o\000i\000\050\000i\000=\0001\000n\000i\000\051}{section.9.4}% 138
\BOOKMARK [2][]{subsection.9.4.2}{\376\377\0009\000.\0004\000.\0002\000\040\000S\000u\000p\000e\000r\000p\000o\000s\000i\000t\000i\000o\000n\000\040\000T\000h\000e\000o\000r\000e\000m\000:\000\040\000P\000P\000\040\000w\000i\000t\000h\000\040\0001\000\040\000+\000\040\000P\000P\000\040\000w\000i\000t\000h\000\040\0002\000\040\000=\000\040\000P\000P\000\040\000w\000i\000t\000h\000\040\0001\000+\0002}{section.9.4}% 139
\BOOKMARK [2][]{subsection.9.4.3}{\376\377\0009\000.\0004\000.\0003\000\040\000P\000r\000o\000b\000a\000b\000i\000l\000i\000t\000y\000\040\000o\000f\000\040\000t\000y\000p\000e\000\040\0001\000\040\000e\000v\000e\000n\000t\000\040\000b\000e\000f\000o\000r\000e\000\040\000t\000y\000p\000e\000\040\0002\000\040\000e\000v\000e\000n\000t\000:\000\040\0001\0001\000+\0002}{section.9.4}% 140
\BOOKMARK [1][]{section.9.5}{\376\377\0009\000.\0005\000\040\000T\000h\000i\000n\000n\000i\000n\000g\000:\000\040\000P\000P\000\040\000c\000a\000n\000\040\000b\000e\000\040\000d\000i\000v\000i\000d\000e\000d\000\040\000i\000n\000t\000o\000\040\000t\000w\000o\000\040\000i\000n\000d\000e\000p\000e\000n\000d\000e\000n\000t\000\040\000P\000P}{chapter.9}% 141
\BOOKMARK [1][]{section.9.6}{\376\377\0009\000.\0006\000\040\000V\000a\000r\000i\000a\000n\000t\000s\000\040\000o\000f\000\040\000P\000o\000i\000s\000s\000o\000n\000\040\000p\000r\000o\000c\000e\000s\000s}{chapter.9}% 142
\BOOKMARK [2][]{subsection.9.6.1}{\376\377\0009\000.\0006\000.\0001\000\040\000S\000p\000a\000t\000i\000a\000l\000\040\000P\000o\000i\000s\000s\000o\000n\000\040\000P\000r\000o\000c\000e\000s\000s\000\040\000\050\000d\000i\000m\000e\000n\000s\000i\000o\000n\000\040\0002\000\051}{section.9.6}% 143
\BOOKMARK [2][]{subsection.9.6.2}{\376\377\0009\000.\0006\000.\0002\000\040\000N\000o\000n\000\040\000H\000o\000m\000o\000g\000e\000n\000e\000o\000u\000s\000\040\000P\000o\000i\000s\000s\000o\000n\000\040\000P\000r\000o\000c\000e\000s\000s}{section.9.6}% 144
\BOOKMARK [0][]{chapter.10}{\376\377\0001\0000\000\040\000B\000r\000o\000w\000n\000i\000a\000n\000\040\000M\000o\000t\000i\000o\000n}{}% 145
\BOOKMARK [1][]{section.10.1}{\376\377\0001\0000\000.\0001\000\040\000B\000r\000o\000w\000n\000i\000a\000n\000\040\000M\000o\000t\000i\000o\000n}{chapter.10}% 146
\BOOKMARK [2][]{subsection.10.1.1}{\376\377\0001\0000\000.\0001\000.\0001\000\040\000D\000e\000f\000i\000n\000i\000t\000i\000o\000n}{section.10.1}% 147
\BOOKMARK [2][]{subsection.10.1.2}{\376\377\0001\0000\000.\0001\000.\0002\000\040\000S\000u\000f\000f\000i\000c\000i\000e\000n\000t\000\040\000C\000o\000n\000d\000i\000t\000i\000o\000n\000\040\000f\000o\000r\000\040\000B\000M}{section.10.1}% 148
\BOOKMARK [2][]{subsection.10.1.3}{\376\377\0001\0000\000.\0001\000.\0003\000\040\000S\000t\000a\000n\000d\000a\000r\000d\000\040\000B\000r\000o\000w\000n\000i\000a\000n\000\040\000M\000o\000t\000i\000o\000n\000\040\000a\000n\000d\000\040\000T\000r\000a\000n\000s\000f\000o\000r\000m\000a\000t\000i\000o\000n\000s}{section.10.1}% 149
\BOOKMARK [2][]{subsection.10.1.4}{\376\377\0001\0000\000.\0001\000.\0004\000\040\000B\000r\000o\000w\000n\000i\000a\000n\000\040\000M\000o\000t\000i\000o\000n\000\040\000a\000s\000\040\000a\000\040\000l\000i\000m\000i\000t\000\040\000o\000f\000\040\000R\000a\000n\000d\000o\000m\000\040\000W\000a\000l\000k}{section.10.1}% 150
\BOOKMARK [1][]{section.10.2}{\376\377\0001\0000\000.\0002\000\040\000\040\000G\000a\000u\000s\000s\000i\000a\000n\000\040\000P\000r\000o\000c\000e\000s\000s}{chapter.10}% 151
\BOOKMARK [1][]{section.10.3}{\376\377\0001\0000\000.\0003\000\040\000T\000r\000a\000n\000s\000f\000o\000r\000m\000a\000t\000i\000o\000n\000s\000\040\000a\000n\000d\000\040\000P\000r\000o\000p\000e\000r\000t\000i\000e\000s}{chapter.10}% 152
