\BOOKMARK [0][]{chapter.1}{\376\377\0001\000\040\000V\000e\000c\000t\000o\000r\000\040\000S\000p\000a\000c\000e}{}% 1
\BOOKMARK [1][]{section.1.1}{\376\377\0001\000.\0001\000\040\000V\000e\000c\000t\000o\000r\000\040\000S\000p\000a\000c\000e\000\040\000\050\000V\000,\000+\000,\000\051\000\040\000\050\000o\000v\000e\000r\000\040\000a\000\040\000f\000i\000e\000l\000d\000\040\000F\000\051}{chapter.1}% 2
\BOOKMARK [1][]{section.1.2}{\376\377\0001\000.\0002\000\040\000A\000\040\000f\000i\000e\000l\000d\000\040\000i\000s\000\040\000a\000\040\000v\000e\000c\000t\000o\000r\000\040\000s\000p\000a\000c\000e\000\040\000o\000v\000e\000r\000\040\000i\000t\000s\000\040\000s\000u\000b\000f\000i\000e\000l\000d}{chapter.1}% 3
\BOOKMARK [1][]{section.1.3}{\376\377\0001\000.\0003\000\040\000\040\000V\000e\000c\000t\000o\000r\000\040\000s\000u\000b\000s\000p\000a\000c\000e}{chapter.1}% 4
\BOOKMARK [1][]{section.1.4}{\376\377\0001\000.\0004\000\040\000L\000i\000n\000e\000a\000r\000\040\000i\000n\000d\000e\000p\000e\000n\000d\000e\000n\000t\000,\000\040\000L\000i\000n\000e\000a\000r\000\040\000c\000o\000m\000b\000i\000n\000a\000t\000i\000o\000n}{chapter.1}% 5
\BOOKMARK [1][]{section.1.5}{\376\377\0001\000.\0005\000\040\000s\000p\000a\000n\000\040\000V\000,\000\040\000b\000a\000s\000i\000s\000,\000\040\000d\000i\000m\000e\000n\000s\000i\000o\000n}{chapter.1}% 6
\BOOKMARK [1][]{section.1.6}{\376\377\0001\000.\0006\000\040\000S\000t\000a\000n\000d\000a\000r\000d\000\040\000b\000a\000s\000i\000s\000\040\000v\000e\000c\000t\000o\000r\000s}{chapter.1}% 7
\BOOKMARK [1][]{section.1.7}{\376\377\0001\000.\0007\000\040\000L\000i\000n\000e\000a\000r\000\040\000t\000r\000a\000n\000s\000f\000o\000r\000m\000a\000t\000i\000o\000n}{chapter.1}% 8
\BOOKMARK [1][]{section.1.8}{\376\377\0001\000.\0008\000\040\000A\000\040\000L\000i\000n\000e\000a\000r\000\040\000T\000r\000a\000n\000s\000f\000o\000r\000m\000a\000t\000i\000o\000n\000\040\000C\000o\000r\000r\000e\000p\000o\000n\000d\000s\000\040\000t\000o\000\040\000a\000\040\000M\000a\000t\000r\000i\000x}{chapter.1}% 9
\BOOKMARK [1][]{section.1.9}{\376\377\0001\000.\0009\000\040\000G\000L\000\050\000V\000\051\000:\000\040\000i\000n\000v\000e\000r\000t\000i\000b\000l\000e\000\040\000l\000i\000n\000e\000a\000r\000\040\000t\000r\000a\000n\000s\000f\000o\000r\000m\000a\000t\000i\000o\000n\000s\000\040\000V\000\040\000V}{chapter.1}% 10
\BOOKMARK [0][]{chapter.2}{\376\377\0002\000\040\000B\000a\000s\000i\000c\000\040\000D\000e\000f\000i\000n\000i\000t\000i\000o\000n}{}% 11
\BOOKMARK [1][]{section.2.1}{\376\377\0002\000.\0001\000\040\000S\000q\000u\000a\000r\000e\000\040\000M\000a\000t\000r\000i\000x\000\040\000A\000n\000n\000:\000\040\000d\000e\000t\000\050\000A\000\051\000,\000\040\000s\000i\000n\000g\000u\000l\000a\000r}{chapter.2}% 12
\BOOKMARK [1][]{section.2.2}{\376\377\0002\000.\0002\000\040\000O\000r\000t\000h\000o\000g\000o\000n\000a\000l\000\040\000V\000e\000c\000t\000o\000r\000s}{chapter.2}% 13
\BOOKMARK [1][]{section.2.3}{\376\377\0002\000.\0003\000\040\000O\000r\000t\000h\000o\000n\000o\000r\000m\000a\000l\000\040\000V\000e\000c\000t\000o\000r\000s}{chapter.2}% 14
\BOOKMARK [0][]{chapter.3}{\376\377\0003\000\040\000E\000i\000g\000e\000n\000v\000a\000l\000u\000e\000s\000\040\000R\000e\000l\000a\000t\000e\000d}{}% 15
\BOOKMARK [1][]{section.3.1}{\376\377\0003\000.\0001\000\040\000E\000i\000g\000e\000n\000v\000a\000l\000u\000e\000s\000,\000\040\000E\000i\000g\000e\000n\000v\000e\000c\000t\000o\000r\000s\000\040\000D\000e\000f\000i\000n\000i\000t\000i\000o\000n}{chapter.3}% 16
\BOOKMARK [1][]{section.3.2}{\376\377\0003\000.\0002\000\040\000D\000i\000a\000g\000o\000n\000a\000l\000i\000z\000a\000b\000l\000e\000\040\000M\000a\000t\000r\000i\000x}{chapter.3}% 17
\BOOKMARK [1][]{section.3.3}{\376\377\0003\000.\0003\000\040\000E\000i\000g\000e\000n\000\040\000D\000e\000c\000o\000m\000p\000o\000s\000i\000t\000i\000o\000n\000\040\000o\000f\000\040\000S\000y\000m\000m\000e\000t\000r\000i\000c\000\040\000M\000a\000t\000r\000i\000c\000e\000s\000\040\000R\000e\000s\000u\000l\000t\000s}{chapter.3}% 18
\BOOKMARK [1][]{section.3.4}{\376\377\0003\000.\0004\000\040\000D\000i\000a\000g\000o\000n\000a\000l\000i\000z\000a\000t\000i\000o\000n\000\040\000o\000f\000\040\000R\000e\000a\000l\000\040\000S\000y\000m\000m\000e\000t\000r\000i\000c\000\040\000M\000a\000t\000r\000i\000c\000e\000s}{chapter.3}% 19
\BOOKMARK [2][]{subsection.3.4.1}{\376\377\0003\000.\0004\000.\0001\000\040\000P\000r\000o\000p\000o\000s\000i\000t\000i\000o\000n\000:\000\040\000x\0002\000x\000T\000A\000x\000x\0002}{section.3.4}% 20
\BOOKMARK [2][]{subsection.3.4.2}{\376\377\0003\000.\0004\000.\0002\000\040\000P\000r\000o\000p\000o\000s\000i\000t\000i\000o\000n\000:\000\040\0002\000\040\000i\000s\000\040\000t\000h\000e\000\040\000e\000i\000g\000e\000n\000v\000a\000l\000u\000e\000\040\000o\000f\000\040\000A\0002\000\040\000a\000n\000d\000\040\000A\000T\000A}{section.3.4}% 21
\BOOKMARK [1][]{section.3.5}{\376\377\0003\000.\0005\000\040\000T\000r\000a\000c\000e}{chapter.3}% 22
\BOOKMARK [1][]{section.3.6}{\376\377\0003\000.\0006\000\040\000J\000a\000c\000o\000b\000i\000a\000n\000\040\000m\000a\000t\000r\000i\000x}{chapter.3}% 23
\BOOKMARK [1][]{section.3.7}{\376\377\0003\000.\0007\000\040\000H\000e\000s\000s\000i\000a\000n\000\040\000m\000a\000t\000r\000i\000x}{chapter.3}% 24
\BOOKMARK [1][]{section.3.8}{\376\377\0003\000.\0008\000\040\000P\000o\000s\000i\000t\000i\000v\000e\000\040\000D\000e\000f\000i\000n\000i\000t\000e\000\040\000M\000a\000t\000r\000i\000c\000e\000s}{chapter.3}% 25
\BOOKMARK [2][]{subsection.3.8.1}{\376\377\0003\000.\0008\000.\0001\000\040\000D\000e\000f\000i\000n\000i\000t\000i\000o\000n}{section.3.8}% 26
\BOOKMARK [2][]{subsection.3.8.2}{\376\377\0003\000.\0008\000.\0002\000\040\000C\000o\000n\000d\000i\000t\000i\000o\000n\000\040\000n\000u\000m\000b\000e\000r\000\040\000\050\000f\000o\000r\000\040\000P\000D\000\040\000m\000a\000t\000r\000i\000x\000\051}{section.3.8}% 27
\BOOKMARK [2][]{subsection.3.8.3}{\376\377\0003\000.\0008\000.\0003\000\040\000D\000i\000a\000g\000o\000n\000a\000l\000\040\000m\000a\000t\000r\000i\000x\000\040\000s\000i\000t\000u\000a\000t\000i\000o\000n}{section.3.8}% 28
\BOOKMARK [2][]{subsection.3.8.4}{\376\377\0003\000.\0008\000.\0004\000\040\000U\000s\000i\000n\000g\000\040\000e\000i\000g\000e\000n\000v\000a\000l\000u\000e\000s}{section.3.8}% 29
\BOOKMARK [2][]{subsection.3.8.5}{\376\377\0003\000.\0008\000.\0005\000\040\000S\000y\000l\000v\000e\000s\000t\000e\000r\040\031\000s\000\040\000C\000r\000i\000t\000e\000r\000i\000o\000n}{section.3.8}% 30
\BOOKMARK [1][]{section.3.9}{\376\377\0003\000.\0009\000\040\000M\000a\000t\000r\000i\000x\000\040\000N\000o\000r\000m\000\040\000\050\000I\000n\000d\000u\000c\000e\000d\000\040\000N\000o\000r\000m\000\051\000\040\000a\000n\000d\000\040\000S\000p\000e\000c\000t\000r\000a\000l\000\040\000R\000a\000d\000i\000u\000s}{chapter.3}% 31
\BOOKMARK [0][]{chapter.4}{\376\377\0004\000\040\000E\000u\000c\000l\000i\000d\000e\000a\000n\000\040\000g\000e\000o\000m\000e\000t\000r\000y\000\040\000b\000a\000s\000i\000c\000s}{}% 32
\BOOKMARK [1][]{section.4.1}{\376\377\0004\000.\0001\000\040\000N\000o\000r\000m}{chapter.4}% 33
\BOOKMARK [2][]{subsection.4.1.1}{\376\377\0004\000.\0001\000.\0001\000\040\000V\000e\000c\000t\000o\000r\000'\000s\000\040\000N\000o\000r\000m}{section.4.1}% 34
\BOOKMARK [2][]{subsection.4.1.2}{\376\377\0004\000.\0001\000.\0002\000\040\000M\000a\000t\000r\000i\000x\000'\000s\000\040\000N\000o\000r\000m}{section.4.1}% 35
\BOOKMARK [2][]{subsection.4.1.3}{\376\377\0004\000.\0001\000.\0003\000\040\000D\000i\000f\000f\000e\000r\000e\000n\000c\000e\000\040\000b\000e\000t\000w\000e\000e\000n\000\040\000S\000p\000e\000c\000t\000r\000a\000l\000\040\000R\000a\000d\000i\000u\000s\000\040\000a\000n\000d\000\040\000S\000p\000e\000c\000t\000r\000a\000l\000\040\000N\000o\000r\000m}{section.4.1}% 36
\BOOKMARK [1][]{section.4.2}{\376\377\0004\000.\0002\000\040\000\040\000E\000u\000c\000l\000i\000d\000e\000a\000n\000\040\000d\000i\000s\000t\000a\000n\000c\000e\000,\000\040\000i\000n\000n\000e\000r\000\040\000p\000r\000o\000d\000u\000c\000t}{chapter.4}% 37
\BOOKMARK [1][]{section.4.3}{\376\377\0004\000.\0003\000\040\000G\000e\000n\000e\000r\000a\000l\000\040\000I\000n\000n\000e\000r\000\040\000P\000r\000o\000d\000u\000c\000t\000s}{chapter.4}% 38
\BOOKMARK [2][]{subsection.4.3.1}{\376\377\0004\000.\0003\000.\0001\000\040\000\040\000I\000n\000n\000e\000r\000\040\000P\000r\000o\000d\000u\000c\000t}{section.4.3}% 39
\BOOKMARK [2][]{subsection.4.3.2}{\376\377\0004\000.\0003\000.\0002\000\040\000T\000h\000e\000o\000r\000e\000m\000:\000\040\000*\000\040\000i\000s\000\040\000i\000n\000n\000e\000r\000\040\000p\000r\000o\000d\000u\000c\000t\000\040\000i\000f\000f\000\040\000*\000=\000T\000\040\000H\000\040\000\040\000f\000o\000r\000\040\000s\000o\000m\000e\000\040\000s\000y\000m\000m\000e\000t\000r\000i\000c\000\040\000H}{section.4.3}% 40
\BOOKMARK [1][]{section.4.4}{\376\377\0004\000.\0004\000\040\000\040\000I\000s\000o\000m\000e\000t\000r\000y}{chapter.4}% 41
\BOOKMARK [1][]{section.4.5}{\376\377\0004\000.\0005\000\040\000\040\000L\000i\000n\000e\000a\000r\000\040\000i\000s\000o\000m\000e\000t\000r\000i\000e\000s\000\040\000i\000.\000e\000.\000\040\000o\000r\000t\000h\000o\000g\000o\000n\000a\000l\000\040\000g\000r\000o\000u\000p}{chapter.4}% 42
\BOOKMARK [1][]{section.4.6}{\376\377\0004\000.\0006\000\040\000S\000p\000e\000c\000i\000a\000l\000\040\000o\000r\000t\000h\000o\000g\000o\000n\000a\000l\000\040\000g\000r\000o\000u\000p}{chapter.4}% 43
\BOOKMARK [1][]{section.4.7}{\376\377\0004\000.\0007\000\040\000t\000r\000a\000n\000s\000l\000a\000t\000i\000o\000n}{chapter.4}% 44
\BOOKMARK [1][]{section.4.8}{\376\377\0004\000.\0008\000\040\000A\000l\000l\000\040\000i\000s\000o\000m\000e\000t\000r\000i\000e\000s\000\040\000c\000a\000n\000\040\000b\000e\000\040\000r\000e\000p\000r\000e\000s\000e\000n\000t\000e\000d\000\040\000b\000y\000\040\000a\000\040\000c\000o\000m\000p\000o\000s\000i\000t\000i\000o\000n\000\040\000o\000f\000\040\000a\000\040\000t\000r\000a\000n\000s\000l\000a\000t\000i\000o\000n\000\040\000a\000n\000d\000\040\000a\000n\000\040\000o\000r\000t\000h\000o\000g\000o\000n\000a\000l\000\040\000t\000r\000a\000n\000s\000f\000o\000r\000m\000a\000t\000i\000o\000n}{chapter.4}% 45
\BOOKMARK [0][]{chapter.5}{\376\377\0005\000\040\000A\000l\000g\000e\000b\000r\000a\000\040\000C\000o\000m\000p\000u\000t\000a\000t\000i\000o\000n}{}% 46
\BOOKMARK [1][]{section.5.1}{\376\377\0005\000.\0001\000\040\000H\000e\000s\000s\000i\000a\000n\000\040\000M\000a\000t\000r\000i\000x}{chapter.5}% 47
\BOOKMARK [1][]{section.5.2}{\376\377\0005\000.\0002\000\040\000T\000a\000y\000l\000o\000r\000'\000s\000\040\000E\000x\000p\000a\000n\000s\000i\000o\000n}{chapter.5}% 48
\BOOKMARK [1][]{section.5.3}{\376\377\0005\000.\0003\000\040\000\040\000R\000a\000n\000d\000o\000m\000\040\000V\000e\000c\000t\000o\000r\000s\000\040\000a\000n\000d\000\040\000R\000a\000n\000d\000o\000m\000\040\000M\000a\000t\000r\000i\000c\000e\000s}{chapter.5}% 49
\BOOKMARK [2][]{subsection.5.3.1}{\376\377\0005\000.\0003\000.\0001\000\040\000M\000e\000a\000n}{section.5.3}% 50
\BOOKMARK [2][]{subsection.5.3.2}{\376\377\0005\000.\0003\000.\0002\000\040\000V\000a\000r\000i\000a\000n\000c\000e\000,\000\040\000C\000o\000v\000a\000r\000i\000a\000n\000c\000e}{section.5.3}% 51
\BOOKMARK [1][]{section.5.4}{\376\377\0005\000.\0004\000\040\000\040\000M\000a\000t\000r\000i\000x\000\040\000M\000u\000l\000t\000i\000p\000l\000i\000c\000a\000t\000i\000o\000n}{chapter.5}% 52
\BOOKMARK [1][]{section.5.5}{\376\377\0005\000.\0005\000\040\000M\000a\000t\000r\000i\000x\000\040\000D\000e\000r\000i\000v\000a\000t\000i\000o\000n}{chapter.5}% 53
\BOOKMARK [1][]{section.5.6}{\376\377\0005\000.\0006\000\040\000M\000a\000t\000r\000i\000x\000\040\000I\000n\000v\000e\000r\000s\000i\000o\000n}{chapter.5}% 54
\BOOKMARK [2][]{subsection.5.6.1}{\376\377\0005\000.\0006\000.\0001\000\040\000W\000o\000o\000d\000b\000u\000r\000y\000\040\000m\000a\000t\000r\000i\000x\000\040\000i\000d\000e\000n\000t\000i\000t\000y}{section.5.6}% 55
\BOOKMARK [1][]{section.5.7}{\376\377\0005\000.\0007\000\040\000L\000i\000n\000e\000a\000r\000\040\000R\000e\000g\000r\000e\000s\000s\000i\000o\000n\000:\000\040\000L\000e\000a\000s\000t\000\040\000S\000q\000u\000a\000r\000e}{chapter.5}% 56
\BOOKMARK [2][]{subsection.5.7.1}{\376\377\0005\000.\0007\000.\0001\000\040\000N\000o\000r\000m\000a\000l\000\040\000E\000q\000u\000a\000t\000i\000o\000n\000s}{section.5.7}% 57
\BOOKMARK [1][]{section.5.8}{\376\377\0005\000.\0008\000\040\000L\000U\000\040\000D\000e\000c\000o\000m\000p\000o\000s\000i\000t\000i\000o\000n\000\040\000\050\000R\000e\000s\000t\000r\000i\000c\000t\000e\000d\000\040\000t\000o\000\040\000S\000q\000u\000a\000r\000e\000\051}{chapter.5}% 58
\BOOKMARK [1][]{section.5.9}{\376\377\0005\000.\0009\000\040\000S\000V\000D\000:\000\040\000S\000i\000n\000g\000u\000l\000a\000r\000\040\000V\000a\000l\000u\000e\000\040\000D\000e\000c\000o\000m\000p\000o\000s\000i\000t\000i\000o\000n}{chapter.5}% 59
\BOOKMARK [2][]{subsection.5.9.1}{\376\377\0005\000.\0009\000.\0001\000\040\000P\000s\000e\000u\000d\000o\000-\000i\000n\000v\000e\000r\000s\000e}{section.5.9}% 60
\BOOKMARK [2][]{subsection.5.9.2}{\376\377\0005\000.\0009\000.\0002\000\040\000A\000n\000a\000l\000y\000s\000i\000s\000\040\000o\000f\000\040\000A\000T\000A\000\040\000a\000n\000d\000\040\000A\000A\000T}{section.5.9}% 61
\BOOKMARK [2][]{subsection.5.9.3}{\376\377\0005\000.\0009\000.\0003\000\040\000S\000o\000l\000v\000e\000\040\000N\000o\000r\000m\000a\000l\000\040\000E\000q\000u\000a\000t\000i\000o\000n\000s}{section.5.9}% 62
\BOOKMARK [2][]{subsection.5.9.4}{\376\377\0005\000.\0009\000.\0004\000\040\000L\000o\000w\000-\000R\000a\000n\000k\000\040\000A\000p\000p\000r\000o\000x\000i\000m\000a\000t\000i\000o\000n}{section.5.9}% 63
