\BOOKMARK [0][]{chapter.1}{\376\377\0001\000\040\000C\000a\000u\000s\000a\000l\000\040\000I\000n\000f\000e\000r\000e\000n\000c\000e}{}% 1
\BOOKMARK [0][]{chapter.2}{\376\377\0002\000\040\000S\000T\000A\000T\000\040\0002\0005\0006}{}% 2
\BOOKMARK [1][]{section.2.1}{\376\377\0002\000.\0001\000\040\000L\000e\000c\000t\000u\000r\000e\000\040\000Z\000e\000r\000o\000:\000\040\000C\000a\000u\000s\000a\000l\000\040\000I\000n\000f\000e\000r\000e\000n\000c\000e\000\040\000v\000s\000\040\000A\000s\000s\000o\000c\000i\000a\000t\000i\000o\000n}{chapter.2}% 3
\BOOKMARK [2][]{subsection.2.1.1}{\376\377\0002\000.\0001\000.\0001\000\040\000C\000a\000u\000s\000a\000l\000\040\000I\000n\000f\000e\000r\000e\000n\000c\000e\000\040\000o\000n\000\040\000t\000h\000e\000\040\000E\000f\000f\000e\000c\000t\000\040\000o\000f\000\040\000R\000e\000d\000\040\000W\000i\000n\000e\000\040\000o\000n\000\040\000H\000e\000a\000l\000t\000h}{section.2.1}% 4
\BOOKMARK [2][]{subsection.2.1.2}{\376\377\0002\000.\0001\000.\0002\000\040\000I\000s\000\040\000r\000e\000d\000\040\000w\000i\000n\000e\000\040\000g\000o\000o\000d\000\040\000f\000o\000r\000\040\000h\000e\000a\000r\000t\000\040\000h\000e\000a\000l\000t\000h\000?}{section.2.1}% 5
\BOOKMARK [2][]{subsection.2.1.3}{\376\377\0002\000.\0001\000.\0003\000\040\000S\000y\000l\000l\000a\000b\000u\000s}{section.2.1}% 6
\BOOKMARK [2][]{subsection.2.1.4}{\376\377\0002\000.\0001\000.\0004\000\040\000A\000s\000s\000o\000c\000i\000a\000t\000i\000o\000n\000\040\000v\000s\000\040\000C\000a\000u\000s\000a\000t\000i\000o\000n}{section.2.1}% 7
\BOOKMARK [2][]{subsection.2.1.5}{\376\377\0002\000.\0001\000.\0005\000\040\000C\000o\000r\000r\000e\000l\000a\000t\000i\000o\000n\000\040\000a\000n\000d\000\040\000l\000i\000n\000e\000a\000r\000\040\000r\000e\000g\000r\000e\000s\000s\000i\000o\000n}{section.2.1}% 8
\BOOKMARK [1][]{section.2.2}{\376\377\0002\000.\0002\000\040\000L\000e\000c\000t\000u\000r\000e\000\040\000O\000n\000e\000:\000\040\000P\000o\000t\000e\000n\000t\000i\000a\000l\000\040\000O\000u\000t\000c\000o\000m\000e\000s\000\040\000F\000r\000a\000m\000e\000w\000o\000r\000k}{chapter.2}% 9
\BOOKMARK [2][]{subsection.2.2.1}{\376\377\0002\000.\0002\000.\0001\000\040\000R\000e\000v\000i\000e\000w\000\040\000o\000f\000\040\000l\000a\000s\000t\000\040\000l\000e\000c\000t\000u\000r\000e}{section.2.2}% 10
\BOOKMARK [2][]{subsection.2.2.2}{\376\377\0002\000.\0002\000.\0002\000\040\000P\000o\000t\000e\000n\000t\000i\000a\000l\000\040\000O\000u\000t\000c\000o\000m\000e\000\040\000F\000r\000a\000m\000e\000w\000o\000r\000k}{section.2.2}% 11
\BOOKMARK [2][]{subsection.2.2.3}{\376\377\0002\000.\0002\000.\0003\000\040\000C\000a\000u\000s\000a\000l\000\040\000E\000s\000t\000i\000m\000a\000n\000d\000s}{section.2.2}% 12
\BOOKMARK [2][]{subsection.2.2.4}{\376\377\0002\000.\0002\000.\0004\000\040\000S\000i\000m\000p\000s\000o\000n\000'\000s\000\040\000P\000a\000r\000a\000d\000o\000x}{section.2.2}% 13
\BOOKMARK [1][]{section.2.3}{\376\377\0002\000.\0003\000\040\000L\000e\000c\000t\000u\000r\000e\000\040\000T\000h\000r\000e\000e\000:\000\040\000R\000a\000n\000d\000o\000m\000i\000z\000e\000d\000\040\000E\000x\000p\000e\000r\000i\000m\000e\000n\000t\000s}{chapter.2}% 14
\BOOKMARK [2][]{subsection.2.3.1}{\376\377\0002\000.\0003\000.\0001\000\040\000L\000a\000s\000t\000\040\000L\000e\000c\000t\000u\000r\000e\000:\000\040\000S\000i\000m\000p\000s\000o\000n\000'\000s\000\040\000P\000a\000r\000a\000d\000o\000x}{section.2.3}% 15
\BOOKMARK [2][]{subsection.2.3.2}{\376\377\0002\000.\0003\000.\0002\000\040\000R\000a\000n\000d\000o\000m\000i\000z\000e\000d\000\040\000E\000x\000p\000e\000r\000i\000m\000e\000n\000t\000s}{section.2.3}% 16
\BOOKMARK [1][]{section.2.4}{\376\377\0002\000.\0004\000\040\000L\000e\000c\000t\000u\000r\000e\000\040\000F\000o\000u\000r\000:\000\040\000C\000o\000n\000t\000i\000n\000u\000e\000\040\000o\000n\000\040\000R\000a\000n\000d\000o\000m\000i\000z\000e\000d\000\040\000E\000x\000p\000e\000r\000i\000m\000e\000n\000t\000s}{chapter.2}% 17
\BOOKMARK [2][]{subsection.2.4.1}{\376\377\0002\000.\0004\000.\0001\000\040\000L\000a\000s\000t\000\040\000L\000e\000c\000t\000u\000r\000e\000:\000\040\000C\000o\000m\000p\000l\000e\000t\000e\000\040\000R\000a\000n\000d\000o\000m\000i\000z\000e\000d\000\040\000E\000x\000p\000e\000r\000i\000m\000e\000n\000t\000s}{section.2.4}% 18
\BOOKMARK [2][]{subsection.2.4.2}{\376\377\0002\000.\0004\000.\0002\000\040\000N\000e\000y\000m\000a\000n\000i\000a\000n\000\040\000e\000s\000t\000i\000m\000a\000t\000i\000o\000n\000\040\000\046\000\040\000i\000n\000f\000e\000r\000e\000n\000c\000e}{section.2.4}% 19
\BOOKMARK [2][]{subsection.2.4.3}{\376\377\0002\000.\0004\000.\0003\000\040\000S\000t\000r\000a\000t\000i\000f\000i\000e\000d\000\040\000\050\000C\000o\000n\000d\000i\000t\000i\000o\000n\000a\000l\000\051\000\040\000R\000a\000n\000d\000o\000m\000\040\000E\000x\000p\000e\000r\000i\000m\000e\000n\000t\000s}{section.2.4}% 20
\BOOKMARK [1][]{section.2.5}{\376\377\0002\000.\0005\000\040\000L\000e\000c\000t\000u\000r\000e\000\040\000F\000i\000v\000e\000:\000\040\000R\000e\000r\000a\000n\000d\000o\000m\000i\000z\000a\000t\000i\000o\000n\000\040\000a\000n\000d\000\040\000R\000e\000g\000r\000e\000s\000s\000i\000o\000n\000\040\000A\000d\000j\000u\000s\000t\000m\000e\000n\000t}{chapter.2}% 21
\BOOKMARK [2][]{subsection.2.5.1}{\376\377\0002\000.\0005\000.\0001\000\040\000L\000a\000s\000t\000\040\000L\000e\000c\000t\000u\000r\000e\000:\000\040\000D\000i\000s\000c\000r\000e\000t\000e\000\040\000C\000o\000v\000a\000r\000i\000a\000t\000e}{section.2.5}% 22
\BOOKMARK [2][]{subsection.2.5.2}{\376\377\0002\000.\0005\000.\0002\000\040\000C\000o\000m\000p\000l\000e\000t\000e\000l\000y\000\040\000r\000a\000n\000d\000o\000m\000i\000z\000e\000d\000\040\000e\000x\000p\000e\000r\000i\000m\000e\000n\000t}{section.2.5}% 23
\BOOKMARK [2][]{subsection.2.5.3}{\376\377\0002\000.\0005\000.\0003\000\040\000R\000e\000g\000r\000e\000s\000s\000i\000o\000n\000\040\000A\000d\000j\000u\000s\000t\000m\000e\000n\000t\000\040\000\050\000a\000n\000a\000l\000y\000s\000i\000s\000\051}{section.2.5}% 24
\BOOKMARK [2][]{subsection.2.5.4}{\376\377\0002\000.\0005\000.\0004\000\040\000M\000a\000t\000c\000h\000e\000d\000\040\000P\000a\000i\000r\000s\000\040\000E\000x\000p\000e\000r\000i\000m\000e\000n\000t}{section.2.5}% 25
\BOOKMARK [1][]{section.2.6}{\376\377\0002\000.\0006\000\040\000L\000e\000c\000t\000u\000r\000e\000\040\000S\000i\000x\000:\000\040\000O\000b\000s\000e\000r\000v\000a\000t\000i\000o\000n\000a\000l\000\040\000S\000t\000u\000d\000i\000e\000s}{chapter.2}% 26
\BOOKMARK [2][]{subsection.2.6.1}{\376\377\0002\000.\0006\000.\0001\000\040\000R\000e\000v\000i\000e\000w\000\040\000o\000f\000\040\000L\000a\000s\000t\000\040\000L\000e\000c\000t\000u\000r\000e\000:\000\040\000M\000a\000t\000c\000h\000e\000d\000\040\000P\000a\000i\000r\000s\000\040\000E\000x\000p\000e\000r\000i\000m\000e\000n\000t}{section.2.6}% 27
\BOOKMARK [2][]{subsection.2.6.2}{\376\377\0002\000.\0006\000.\0002\000\040\000N\000e\000y\000m\000a\000n\000i\000a\000n\000\040\000I\000n\000f\000e\000r\000e\000n\000c\000e}{section.2.6}% 28
\BOOKMARK [2][]{subsection.2.6.3}{\376\377\0002\000.\0006\000.\0003\000\040\000O\000b\000s\000e\000r\000v\000a\000t\000i\000o\000n\000a\000l\000\040\000S\000t\000u\000d\000i\000e\000s}{section.2.6}% 29
\BOOKMARK [2][]{subsection.2.6.4}{\376\377\0002\000.\0006\000.\0004\000\040\000T\000a\000r\000g\000e\000t\000\040\000t\000r\000i\000a\000l\000\040\000e\000m\000u\000l\000a\000t\000i\000o\000n}{section.2.6}% 30
\BOOKMARK [1][]{section.2.7}{\376\377\0002\000.\0007\000\040\000L\000e\000c\000t\000u\000r\000e\000\040\000S\000e\000v\000e\000n\000:\000\040\000O\000b\000s\000e\000r\000v\000a\000t\000i\000o\000n\000a\000l\000\040\000S\000t\000u\000d\000i\000e\000s\000\040\000\050\000c\000o\000n\000t\000.\000\051}{chapter.2}% 31
\BOOKMARK [2][]{subsection.2.7.1}{\376\377\0002\000.\0007\000.\0001\000\040\000I\000n\000t\000r\000o\000d\000u\000c\000t\000i\000o\000n}{section.2.7}% 32
\BOOKMARK [2][]{subsection.2.7.2}{\376\377\0002\000.\0007\000.\0002\000\040\000T\000a\000r\000g\000e\000t\000\040\000T\000r\000i\000a\000l\000\040\000E\000m\000u\000l\000a\000t\000i\000o\000n}{section.2.7}% 33
\BOOKMARK [2][]{subsection.2.7.3}{\376\377\0002\000.\0007\000.\0003\000\040\000A\000l\000t\000e\000r\000n\000a\000t\000i\000v\000e\000\040\000M\000o\000d\000e\000l\000i\000n\000g}{section.2.7}% 34
\BOOKMARK [2][]{subsection.2.7.4}{\376\377\0002\000.\0007\000.\0004\000\040\000P\000r\000o\000p\000e\000n\000s\000i\000t\000y\000\040\000S\000c\000o\000r\000e\000s}{section.2.7}% 35
\BOOKMARK [1][]{section.2.8}{\376\377\0002\000.\0008\000\040\000L\000e\000c\000t\000u\000r\000e\000\040\000E\000i\000g\000h\000t\000:\000\040\000P\000r\000o\000p\000e\000n\000s\000i\000t\000y\000\040\000S\000c\000o\000r\000e\000s\000\040\000\050\000c\000o\000n\000t\000.\000\051}{chapter.2}% 36
\BOOKMARK [2][]{subsection.2.8.1}{\376\377\0002\000.\0008\000.\0001\000\040\000F\000i\000n\000a\000l\000\040\000P\000r\000o\000j\000e\000c\000t\000\040\000\046\000\040\000L\000o\000g\000i\000s\000t\000i\000c\000s}{section.2.8}% 37
\BOOKMARK [2][]{subsection.2.8.2}{\376\377\0002\000.\0008\000.\0002\000\040\000Q\000u\000e\000s\000t\000i\000o\000n\000s\000\040\000F\000r\000o\000m\000\040\000L\000a\000s\000t\000\040\000L\000e\000c\000t\000u\000r\000e}{section.2.8}% 38
\BOOKMARK [2][]{subsection.2.8.3}{\376\377\0002\000.\0008\000.\0003\000\040\000M\000o\000r\000e\000\040\000o\000n\000\040\000P\000r\000o\000p\000e\000n\000s\000i\000t\000y\000\040\000S\000c\000o\000r\000e\000s}{section.2.8}% 39
\BOOKMARK [2][]{subsection.2.8.4}{\376\377\0002\000.\0008\000.\0004\000\040\000D\000o\000u\000b\000l\000y\000-\000r\000o\000b\000u\000s\000t\000\040\000E\000s\000t\000i\000m\000a\000t\000o\000r\000s}{section.2.8}% 40
\BOOKMARK [1][]{section.2.9}{\376\377\0002\000.\0009\000\040\000L\000e\000c\000t\000u\000r\000e\000\040\000N\000i\000n\000e\000:\000\040\000D\000o\000u\000b\000l\000y\000\040\000R\000o\000b\000u\000s\000t\000\040\000E\000s\000t\000i\000m\000a\000t\000o\000r\000\040\000\050\000c\000o\000n\000t\000.\000\051}{chapter.2}% 41
\BOOKMARK [2][]{subsection.2.9.1}{\376\377\0002\000.\0009\000.\0001\000\040\000D\000o\000u\000b\000l\000y\000\040\000R\000o\000b\000u\000s\000t\000\040\000E\000s\000t\000i\000m\000a\000t\000o\000r}{section.2.9}% 42
\BOOKMARK [2][]{subsection.2.9.2}{\376\377\0002\000.\0009\000.\0002\000\040\000C\000a\000u\000s\000a\000l\000\040\000E\000s\000t\000i\000m\000a\000n\000d\000s\000\040\000B\000e\000y\000o\000n\000d\000\040\000E\000[\000Y\000\050\0001\000\051\000\040\000-\000\040\000Y\000\050\0000\000\051\000]}{section.2.9}% 43
\BOOKMARK [1][]{section.2.10}{\376\377\0002\000.\0001\0000\000\040\000L\000e\000c\000t\000u\000r\000e\000\040\000T\000e\000n\000:\000\040\000M\000a\000t\000c\000h\000i\000n\000g\000\040\000i\000n\000\040\000O\000b\000s\000e\000r\000v\000a\000t\000i\000o\000n\000a\000l\000\040\000S\000t\000u\000d\000i\000e\000s}{chapter.2}% 44
\BOOKMARK [2][]{subsection.2.10.1}{\376\377\0002\000.\0001\0000\000.\0001\000\040\000E\000s\000t\000i\000m\000a\000t\000o\000r\000\040\000f\000o\000r\000\040\000A\000v\000e\000r\000a\000g\000e\000\040\000C\000a\000u\000s\000a\000l\000\040\000E\000f\000f\000e\000c\000t\000\040\000o\000n\000\040\000t\000h\000e\000\040\000T\000r\000e\000a\000t\000e\000d}{section.2.10}% 45
\BOOKMARK [2][]{subsection.2.10.2}{\376\377\0002\000.\0001\0000\000.\0002\000\040\000R\000e\000g\000r\000e\000s\000s\000i\000o\000n\000\040\000e\000s\000t\000i\000m\000a\000t\000o\000r}{section.2.10}% 46
\BOOKMARK [2][]{subsection.2.10.3}{\376\377\0002\000.\0001\0000\000.\0003\000\040\000H\000e\000t\000e\000r\000o\000g\000e\000n\000e\000o\000u\000s\000\040\000C\000a\000u\000s\000a\000l\000\040\000E\000f\000f\000e\000c\000t\000s\000\040\000a\000n\000d\000\040\000E\000f\000f\000e\000c\000t\000\040\000M\000o\000d\000i\000f\000i\000c\000a\000t\000i\000o\000n}{section.2.10}% 47
\BOOKMARK [2][]{subsection.2.10.4}{\376\377\0002\000.\0001\0000\000.\0004\000\040\000R\000C\000T\000\040\000v\000s\000.\000\040\000O\000b\000s\000e\000r\000v\000a\000t\000i\000o\000n\000a\000l\000\040\000S\000t\000u\000d\000i\000e\000s}{section.2.10}% 48
\BOOKMARK [1][]{section.2.11}{\376\377\0002\000.\0001\0001\000\040\000L\000e\000c\000t\000u\000r\000e\000\040\000E\000l\000e\000v\000e\000n\000:\000\040\000M\000a\000t\000c\000h\000i\000n\000g\000\040\000i\000n\000\040\000O\000b\000s\000e\000r\000v\000a\000t\000i\000o\000n\000a\000l\000\040\000S\000t\000u\000d\000i\000e\000s\000\040\000\046\000\040\000C\000a\000u\000s\000a\000l\000\040\000D\000A\000G\000s}{chapter.2}% 49
\BOOKMARK [2][]{subsection.2.11.1}{\376\377\0002\000.\0001\0001\000.\0001\000\040\000L\000a\000s\000t\000\040\000T\000i\000m\000e\000:}{section.2.11}% 50
\BOOKMARK [2][]{subsection.2.11.2}{\376\377\0002\000.\0001\0001\000.\0002\000\040\000M\000a\000t\000c\000h\000i\000n\000g\000\040\000i\000n\000\040\000O\000b\000s\000e\000r\000v\000a\000t\000i\000o\000n\000a\000l\000\040\000S\000t\000u\000d\000i\000e\000s}{section.2.11}% 51
\BOOKMARK [2][]{subsection.2.11.3}{\376\377\0002\000.\0001\0001\000.\0003\000\040\000C\000a\000u\000s\000a\000l\000\040\000D\000A\000G\000s}{section.2.11}% 52
\BOOKMARK [1][]{section.2.12}{\376\377\0002\000.\0001\0002\000\040\000L\000e\000c\000t\000u\000r\000e\000\040\0001\0002\000:\000\040\000P\000a\000t\000h\000s\000\040\000o\000f\000\040\000a\000s\000s\000o\000c\000i\000a\000t\000i\000o\000n\000\040\000a\000n\000d\000\040\000d\000-\000s\000e\000p\000a\000r\000a\000t\000i\000o\000n}{chapter.2}% 53
\BOOKMARK [2][]{subsection.2.12.1}{\376\377\0002\000.\0001\0002\000.\0001\000\040\000L\000a\000s\000t\000\040\000T\000i\000m\000e\000:\000\040\000C\000a\000u\000s\000a\000l\000\040\000D\000A\000G\000\040\000d\000e\000f\000i\000n\000i\000t\000i\000o\000n\000s}{section.2.12}% 54
\BOOKMARK [2][]{subsection.2.12.2}{\376\377\0002\000.\0001\0002\000.\0002\000\040\000R\000e\000v\000i\000s\000i\000t\000i\000n\000g\000\040\000c\000o\000m\000m\000o\000n\000\040\000c\000a\000u\000s\000e\000\040\000s\000t\000r\000u\000c\000t\000u\000r\000e}{section.2.12}% 55
\BOOKMARK [2][]{subsection.2.12.3}{\376\377\0002\000.\0001\0002\000.\0003\000\040\000C\000o\000m\000m\000o\000n\000\040\000e\000f\000f\000e\000c\000t\000\040\000s\000t\000r\000u\000c\000t\000u\000r\000e}{section.2.12}% 56
\BOOKMARK [2][]{subsection.2.12.4}{\376\377\0002\000.\0001\0002\000.\0004\000\040\000R\000e\000c\000a\000p}{section.2.12}% 57
\BOOKMARK [2][]{subsection.2.12.5}{\376\377\0002\000.\0001\0002\000.\0005\000\040\000E\000x\000c\000h\000a\000n\000g\000e\000a\000b\000i\000l\000i\000t\000y}{section.2.12}% 58
\BOOKMARK [1][]{section.2.13}{\376\377\0002\000.\0001\0003\000\040\000L\000e\000c\000t\000u\000r\000e\000\040\0001\0003\000:\000\040\000N\000e\000g\000a\000t\000i\000v\000e\000\040\000O\000u\000t\000c\000o\000m\000e\000s\000\040\000a\000n\000d\000\040\000I\000n\000s\000t\000r\000u\000m\000e\000n\000t\000a\000l\000\040\000V\000a\000r\000i\000a\000b\000l\000e\000s}{chapter.2}% 59
\BOOKMARK [2][]{subsection.2.13.1}{\376\377\0002\000.\0001\0003\000.\0001\000\040\000L\000a\000s\000t\000\040\000T\000i\000m\000e}{section.2.13}% 60
\BOOKMARK [2][]{subsection.2.13.2}{\376\377\0002\000.\0001\0003\000.\0002\000\040\000A\000s\000s\000e\000s\000s\000i\000n\000g\000\040\000C\000o\000n\000f\000o\000u\000n\000d\000i\000n\000g\000\040\000U\000s\000i\000n\000g\000\040\000N\000e\000g\000a\000t\000i\000v\000e\000\040\000E\000x\000p\000o\000s\000u\000r\000e\000s}{section.2.13}% 61
\BOOKMARK [2][]{subsection.2.13.3}{\376\377\0002\000.\0001\0003\000.\0003\000\040\000P\000r\000o\000x\000i\000m\000a\000l\000\040\000C\000a\000u\000s\000a\000l\000\040\000I\000n\000f\000e\000r\000e\000n\000c\000e}{section.2.13}% 62
\BOOKMARK [2][]{subsection.2.13.4}{\376\377\0002\000.\0001\0003\000.\0004\000\040\000C\000o\000l\000l\000i\000d\000e\000r\000s\000\040\000a\000n\000d\000\040\000O\000v\000e\000r\000-\000A\000d\000j\000u\000s\000t\000m\000e\000n\000t\000\040\000P\000r\000o\000b\000l\000e\000m\000s}{section.2.13}% 63
\BOOKMARK [2][]{subsection.2.13.5}{\376\377\0002\000.\0001\0003\000.\0005\000\040\000I\000n\000s\000t\000r\000u\000m\000e\000n\000t\000a\000l\000\040\000V\000a\000r\000i\000a\000b\000l\000e\000s}{section.2.13}% 64
\BOOKMARK [1][]{section.2.14}{\376\377\0002\000.\0001\0004\000\040\000L\000e\000c\000t\000u\000r\000e\000\040\0001\0004\000:\000\040\000I\000n\000s\000t\000r\000u\000m\000e\000n\000t\000a\000l\000\040\000V\000a\000r\000i\000a\000b\000l\000e\000s\000\040\000C\000o\000n\000t\000i\000n\000u\000e\000d}{chapter.2}% 65
\BOOKMARK [2][]{subsection.2.14.1}{\376\377\0002\000.\0001\0004\000.\0001\000\040\000R\000e\000v\000i\000e\000w\000\040\000f\000r\000o\000m\000\040\000L\000a\000s\000t\000\040\000L\000e\000c\000t\000u\000r\000e}{section.2.14}% 66
\BOOKMARK [2][]{subsection.2.14.2}{\376\377\0002\000.\0001\0004\000.\0002\000\040\000I\000n\000s\000t\000r\000u\000m\000e\000n\000t\000a\000l\000\040\000V\000a\000r\000i\000a\000b\000l\000e\000s}{section.2.14}% 67
\BOOKMARK [1][]{section.2.15}{\376\377\0002\000.\0001\0005\000\040\000L\000e\000c\000t\000u\000r\000e\000\040\0001\0005\000:\000\040\000C\000o\000m\000p\000i\000l\000e\000r\000/\000L\000o\000c\000a\000l\000\040\000A\000v\000e\000r\000a\000g\000e\000\040\000T\000r\000e\000a\000t\000m\000e\000n\000t\000\040\000E\000f\000f\000e\000c\000t\000\040\000\050\000C\000A\000T\000E\000/\000L\000A\000T\000E\000\051\000\040}{chapter.2}% 68
\BOOKMARK [2][]{subsection.2.15.1}{\376\377\0002\000.\0001\0005\000.\0001\000\040\000L\000a\000s\000t\000\040\000t\000i\000m\000e\000:}{section.2.15}% 69
\BOOKMARK [2][]{subsection.2.15.2}{\376\377\0002\000.\0001\0005\000.\0002\000\040\000C\000A\000T\000E\000/\000L\000A\000T\000E}{section.2.15}% 70
\BOOKMARK [2][]{subsection.2.15.3}{\376\377\0002\000.\0001\0005\000.\0003\000\040\000C\000l\000a\000s\000s\000i\000c\000a\000l\000\040\000I\000V\000\040\000M\000o\000d\000e\000l\000s}{section.2.15}% 71
\BOOKMARK [1][]{section.2.16}{\376\377\0002\000.\0001\0006\000\040\000L\000e\000c\000t\000u\000r\000e\000\040\0001\0006\000:\000\040\000C\000A\000C\000E\000,\000\040\000I\000V\000\040\000M\000e\000t\000h\000o\000d\000s\000,\000\040\000a\000n\000d\000\040\000O\000v\000e\000r\000l\000a\000p\000\040\000V\000i\000o\000l\000a\000t\000i\000o\000n\000s\000\040\000i\000n\000\040\000R\000D\000D\000\040}{chapter.2}% 72
\BOOKMARK [2][]{subsection.2.16.1}{\376\377\0002\000.\0001\0006\000.\0001\000\040\000C\000A\000C\000E\000\040\000\050\000C\000o\000m\000p\000l\000i\000e\000r\000\040\000A\000v\000e\000r\000a\000g\000e\000\040\000C\000a\000u\000s\000a\000l\000\040\000E\000f\000f\000e\000c\000t\000\051}{section.2.16}% 73
\BOOKMARK [2][]{subsection.2.16.2}{\376\377\0002\000.\0001\0006\000.\0002\000\040\000E\000s\000t\000i\000m\000a\000t\000o\000r\000s}{section.2.16}% 74
\BOOKMARK [2][]{subsection.2.16.3}{\376\377\0002\000.\0001\0006\000.\0003\000\040\000B\000e\000y\000o\000n\000d\000\040\000t\000h\000e\000\040\000C\000A\000C\000E\000\040\000:\000\040\000P\000a\000r\000t\000i\000a\000l\000\040\000I\000d\000e\000n\000t\000i\000f\000i\000c\000a\000t\000i\000o\000n\000\040\000o\000f\000\040\000A\000v\000e\000r\000a\000g\000e\000\040\000C\000a\000u\000s\000a\000l\000\040\000E\000f\000f\000e\000c\000t}{section.2.16}% 75
\BOOKMARK [2][]{subsection.2.16.4}{\376\377\0002\000.\0001\0006\000.\0004\000\040\000E\000x\000a\000m\000p\000l\000e\000s\000\040\000o\000f\000\040\000I\000V\000s\000\040\000\050\000I\000n\000s\000t\000r\000u\000m\000e\000n\000t\000a\000l\000\040\000V\000a\000r\000i\000a\000b\000l\000e\000s\000\051}{section.2.16}% 76
\BOOKMARK [2][]{subsection.2.16.5}{\376\377\0002\000.\0001\0006\000.\0005\000\040\000V\000i\000o\000l\000a\000t\000i\000o\000n\000s\000\040\000o\000f\000\040\000O\000v\000e\000r\000l\000a\000p\000\040\000/\000\040\000P\000o\000s\000i\000t\000i\000v\000i\000t\000y}{section.2.16}% 77
\BOOKMARK [2][]{subsection.2.16.6}{\376\377\0002\000.\0001\0006\000.\0006\000\040\000C\000o\000n\000c\000e\000p\000t\000u\000a\000l\000\040\000C\000h\000a\000l\000l\000e\000n\000g\000e\000:\000\040\000D\000e\000t\000e\000r\000m\000i\000n\000i\000s\000t\000i\000c\000\040\000T\000r\000e\000a\000t\000m\000e\000n\000t\000\040\000A\000s\000s\000i\000g\000n\000m\000e\000n\000t\000\040\000a\000n\000d\000\040\000C\000o\000u\000n\000t\000e\000r\000f\000a\000c\000t\000u\000a\000l\000s}{section.2.16}% 78
\BOOKMARK [2][]{subsection.2.16.7}{\376\377\0002\000.\0001\0006\000.\0007\000\040\000R\000e\000g\000r\000e\000s\000s\000i\000o\000n\000\040\000D\000i\000s\000c\000o\000n\000t\000i\000n\000u\000i\000t\000y\000\040\000D\000e\000s\000i\000g\000n\000\040\000\050\000R\000D\000D\000\051}{section.2.16}% 79
\BOOKMARK [1][]{section.2.17}{\376\377\0002\000.\0001\0007\000\040\000L\000e\000c\000t\000u\000r\000e\000\040\0001\0007\000:\000\040\000S\000h\000a\000r\000p\000\040\000R\000e\000g\000r\000e\000s\000s\000i\000o\000n\000\040\000D\000i\000s\000c\000o\000n\000t\000i\000n\000u\000i\000t\000y\000\040\000D\000e\000s\000i\000g\000n\000\040\000\050\000R\000D\000D\000\051}{chapter.2}% 80
\BOOKMARK [2][]{subsection.2.17.1}{\376\377\0002\000.\0001\0007\000.\0001\000\040\000R\000e\000g\000r\000e\000s\000s\000i\000o\000n\000\040\000D\000i\000s\000c\000o\000n\000t\000i\000n\000u\000i\000t\000y\000\040\000D\000e\000s\000i\000g\000n\000\040\000\050\000R\000D\000D\000\051}{section.2.17}% 81
\BOOKMARK [1][]{section.2.18}{\376\377\0002\000.\0001\0008\000\040\000L\000e\000c\000t\000u\000r\000e\000\040\0001\0008\000:\000\040\000F\000u\000z\000z\000y\000\040\000R\000e\000g\000r\000e\000s\000s\000i\000o\000n\000\040\000D\000i\000s\000c\000o\000n\000t\000i\000n\000u\000i\000t\000y\000\040\000D\000e\000s\000i\000g\000n\000\040\000\050\000R\000D\000D\000\051}{chapter.2}% 82
\BOOKMARK [2][]{subsection.2.18.1}{\376\377\0002\000.\0001\0008\000.\0001\000\040\000W\000r\000a\000p\000p\000i\000n\000g\000\040\000U\000p\000\040\000R\000e\000g\000r\000e\000s\000s\000i\000o\000n\000\040\000D\000i\000s\000c\000o\000n\000t\000i\000n\000u\000i\000t\000y}{section.2.18}% 83
\BOOKMARK [2][]{subsection.2.18.2}{\376\377\0002\000.\0001\0008\000.\0002\000\040\000F\000u\000z\000z\000y\000\040\000R\000e\000g\000r\000e\000s\000s\000i\000o\000n\000\040\000D\000i\000s\000c\000o\000n\000t\000i\000n\000u\000i\000t\000y\000\040\000D\000e\000s\000i\000g\000n\000\040\000\050\000R\000D\000D\000\051}{section.2.18}% 84
\BOOKMARK [2][]{subsection.2.18.3}{\376\377\0002\000.\0001\0008\000.\0003\000\040\000T\000h\000e\000o\000r\000e\000m\000\040\000f\000o\000r\000\040\000F\000u\000z\000z\000y\000\040\000R\000D\000D}{section.2.18}% 85
\BOOKMARK [2][]{subsection.2.18.4}{\376\377\0002\000.\0001\0008\000.\0004\000\040\000C\000a\000u\000s\000a\000l\000\040\000I\000n\000f\000e\000r\000e\000n\000c\000e\000\040\000u\000n\000d\000e\000r\000\040\000U\000n\000o\000b\000s\000e\000r\000v\000e\000d\000\040\000C\000o\000n\000f\000o\000u\000n\000d\000i\000n\000g}{section.2.18}% 86
\BOOKMARK [2][]{subsection.2.18.5}{\376\377\0002\000.\0001\0008\000.\0005\000\040\000E\000s\000t\000i\000m\000a\000t\000o\000r\000s}{section.2.18}% 87
\BOOKMARK [2][]{subsection.2.18.6}{\376\377\0002\000.\0001\0008\000.\0006\000\040\000C\000a\000l\000i\000b\000r\000a\000t\000i\000n\000g\000\040\000S\000e\000n\000s\000i\000t\000i\000v\000i\000t\000y\000\040\000P\000a\000r\000a\000m\000e\000t\000e\000r\000s\000\040\000U\000s\000i\000n\000g\000\040\000O\000b\000s\000e\000r\000v\000e\000d\000\040\000C\000o\000v\000a\000r\000i\000a\000t\000e\000s}{section.2.18}% 88
\BOOKMARK [1][]{section.2.19}{\376\377\0002\000.\0001\0009\000\040\000L\000e\000c\000t\000u\000r\000e\000\040\0001\0009\000:\000\040\000S\000e\000n\000s\000i\000t\000i\000v\000i\000t\000y\000\040\000A\000n\000a\000l\000y\000s\000i\000s}{chapter.2}% 89
\BOOKMARK [2][]{subsection.2.19.1}{\376\377\0002\000.\0001\0009\000.\0001\000\040\000S\000t\000r\000a\000t\000e\000g\000i\000e\000s\000\040\000f\000o\000r\000\040\000c\000a\000u\000s\000a\000l\000\040\000i\000n\000f\000e\000r\000e\000n\000c\000e\000\040\000u\000n\000d\000e\000r\000\040\000u\000n\000o\000b\000s\000e\000r\000v\000e\000d\000\040\000c\000o\000n\000f\000o\000u\000n\000d\000i\000n\000g}{section.2.19}% 90
\BOOKMARK [2][]{subsection.2.19.2}{\376\377\0002\000.\0001\0009\000.\0002\000\040\000R\000o\000s\000e\000n\000b\000a\000u\000m\000-\000S\000t\000y\000l\000e\000\040\000S\000e\000n\000s\000i\000t\000i\000v\000i\000t\000y\000\040\000A\000n\000a\000l\000y\000s\000i\000s}{section.2.19}% 91
\BOOKMARK [1][]{section.2.20}{\376\377\0002\000.\0002\0000\000\040\000L\000e\000c\000t\000u\000r\000e\000\040\0002\0000\000:\000\040\000P\000r\000i\000n\000c\000i\000p\000a\000l\000\040\000S\000t\000r\000a\000t\000i\000f\000i\000c\000a\000t\000i\000o\000n\000\040\000a\000n\000d\000\040\000M\000e\000d\000i\000a\000t\000i\000o\000n}{chapter.2}% 92
\BOOKMARK [2][]{subsection.2.20.1}{\376\377\0002\000.\0002\0000\000.\0001\000\040\000P\000r\000i\000n\000c\000i\000p\000a\000l\000\040\000S\000t\000r\000a\000t\000i\000f\000i\000c\000a\000t\000i\000o\000n\000:\000\040\000c\000o\000n\000d\000i\000t\000i\000o\000n\000i\000n\000g\000\040\000o\000n\000\040\000p\000o\000t\000e\000n\000t\000i\000a\000l}{section.2.20}% 93
\BOOKMARK [2][]{subsection.2.20.2}{\376\377\0002\000.\0002\0000\000.\0002\000\040\000I\000d\000e\000n\000t\000i\000f\000i\000c\000a\000t\000i\000o\000n\000\040\000o\000f\000\040\000\050\000m\0001\000,\000\040\000m\0000\000\051}{section.2.20}% 94
\BOOKMARK [1][]{section.2.21}{\376\377\0002\000.\0002\0001\000\040\000L\000e\000c\000t\000u\000r\000e\000\040\0002\0001\000:\000\040\000G\000u\000e\000s\000t\000\040\000L\000e\000c\000t\000u\000r\000e\000\040\000a\000b\000o\000u\000t\000\040\000P\000a\000n\000e\000l\000\040\000C\000a\000u\000s\000a\000l\000\040\000M\000o\000d\000e\000l}{chapter.2}% 95
\BOOKMARK [1][]{section.2.22}{\376\377\0002\000.\0002\0002\000\040\000L\000e\000c\000t\000u\000r\000e\000\040\0002\0003\000:\000\040\000P\000o\000s\000t\000-\000T\000r\000e\000a\000t\000m\000e\000n\000t\000\040\000V\000a\000r\000i\000a\000b\000l\000e\000s}{chapter.2}% 96
\BOOKMARK [1][]{section.2.23}{\376\377\0002\000.\0002\0003\000\040\000L\000e\000c\000t\000u\000r\000e\000\040\0002\0004\000:\000\040\000T\000i\000m\000e\000-\000V\000a\000r\000y\000i\000n\000g\000\040\000T\000r\000e\000a\000t\000m\000e\000n\000t\000\040\000a\000n\000d\000\040\000C\000o\000n\000f\000o\000u\000n\000d\000e\000r\000s}{chapter.2}% 97
\BOOKMARK [0][]{chapter.3}{\376\377\0003\000\040\000P\000r\000e\000d\000i\000c\000t\000i\000n\000g\000\040\000L\000o\000n\000g\000-\000t\000e\000r\000m\000\040\000O\000u\000t\000c\000o\000m\000e\000s}{}% 98
\BOOKMARK [1][]{section.3.1}{\376\377\0003\000.\0001\000\040\000S\000u\000r\000r\000o\000g\000a\000t\000e\000\040\000I\000n\000d\000e\000x\000:\000\040\000a\000t\000h\000e\000y\0002\0000\0001\0009\000s\000u\000r\000r\000o\000g\000a\000t\000e}{chapter.3}% 99
\BOOKMARK [2][]{subsection.3.1.1}{\376\377\0003\000.\0001\000.\0001\000\040\000C\000r\000i\000t\000i\000c\000a\000l\000\040\000A\000s\000s\000u\000m\000p\000t\000i\000o\000n\000s}{section.3.1}% 100
\BOOKMARK [1][]{section.3.2}{\376\377\0003\000.\0002\000\040\000U\000s\000i\000n\000g\000\040\000S\000u\000r\000v\000i\000v\000a\000l\000\040\000M\000o\000d\000e\000l\000s\000:\000\040\000c\000h\000a\000n\000d\000a\000r\0002\0000\0002\0002\000u\000s\000i\000n\000g}{chapter.3}% 101
