\BOOKMARK [1][-]{section.1}{\376\377\000L\000a\000t\000t\000i\000c\000e\000\040\000P\000r\000o\000g\000r\000a\000m\000m\000i\000n\000g}{}% 1
\BOOKMARK [2][-]{subsection.1.1}{\376\377\000L\000a\000t\000t\000i\000c\000e}{section.1}% 2
\BOOKMARK [2][-]{subsection.1.2}{\376\377\000S\000u\000p\000e\000r\000m\000o\000d\000u\000l\000a\000r\000i\000t\000y}{section.1}% 3
\BOOKMARK [3][-]{subsubsection.1.2.1}{\376\377\000D\000e\000f\000i\000n\000i\000t\000i\000o\000n\000:\000\040\000S\000u\000p\000e\000r\000m\000o\000d\000u\000l\000a\000r\000\040\000g\000\050\000x\000\040\000y\000\051\000+\000g\000\050\000x\000\040\000y\000\051\000\040\000g\000\050\000x\000\051\000+\000g\000\050\000y\000\051\000,\000\040\000x\000,\000\040\000y\000\040\000X}{subsection.1.2}% 4
\BOOKMARK [3][-]{subsubsection.1.2.2}{\376\377\000L\000e\000m\000m\000a\000:\000\040\000S\000u\000p\000e\000r\000m\000o\000d\000u\000l\000a\000r\000\040\000\040\000\040\0002\000\040\000g\000\050\000x\000\051\000x\000i\000\040\000x\000j\000\040\0000\000,\000\040\000i\000\040\000=\000j\000\040}{subsection.1.2}% 5
\BOOKMARK [3][-]{subsubsection.1.2.3}{\376\377\000L\000e\000m\000m\000a\000:\000\040\000P\000r\000e\000s\000e\000r\000v\000a\000t\000i\000o\000n\000\040\000o\000f\000\040\000S\000u\000p\000e\000r\000m\000o\000d\000u\000l\000a\000r\000i\000t\000y}{subsection.1.2}% 6
\BOOKMARK [2][-]{subsection.1.3}{\376\377\000P\000a\000r\000a\000m\000e\000t\000r\000i\000c\000\040\000O\000p\000t\000i\000m\000i\000z\000a\000t\000i\000o\000n\000\040\000P\000r\000o\000b\000l\000e\000m\000s}{section.1}% 7
\BOOKMARK [3][-]{subsubsection.1.3.1}{\376\377\000T\000h\000e\000o\000r\000e\000m\000:\000\040\000M\000a\000x\000i\000m\000i\000z\000e\000r\000\040\000o\000f\000\040\000s\000u\000p\000e\000r\000m\000o\000d\000u\000l\000a\000r\000\040\000f\000u\000n\000c\000\040\000i\000s\000\040\000a\000s\000c\000e\000n\000d\000i\000n\000g\000,\000\040\000t\000h\000e\000\040\000m\000a\000x\000i\000m\000u\000m\000\040\000v\000a\000l\000u\000e\000\040\000i\000s\000\040\000a\000l\000s\000o\000\040\000s\000u\000p\000e\000r\000m\000o\000d\000u\000l\000a\000r}{subsection.1.3}% 8
\BOOKMARK [1][-]{section.2}{\376\377\000L\000-\000C\000o\000n\000v\000e\000x\000i\000t\000y}{}% 9
\BOOKMARK [2][-]{subsection.2.1}{\376\377\000D\000i\000s\000c\000r\000e\000t\000e\000\040\000M\000i\000d\000p\000o\000i\000n\000t\000\040\000C\000o\000n\000v\000e\000x\000i\000t\000y}{section.2}% 10
\BOOKMARK [2][-]{subsection.2.2}{\376\377\000L\000-\000C\000o\000n\000v\000e\000x\000i\000t\000y\000\040\000o\000n\000\040\000Z\000n}{section.2}% 11
\BOOKMARK [2][-]{subsection.2.3}{\376\377\000L\000-\000C\000o\000n\000v\000e\000x\000i\000t\000y\000\040\000o\000n\000\040\000F\000n\000\050\000F\000=\000Z\000\040\000o\000r\000\040\000\051}{section.2}% 12
\BOOKMARK [2][-]{subsection.2.4}{\376\377\000P\000r\000o\000p\000e\000r\000t\000i\000e\000s\000\040\000o\000f\000\040\000L\000-\000C\000o\000n\000v\000e\000x\000i\000t\000y}{section.2}% 13
\BOOKMARK [3][-]{subsubsection.2.4.1}{\376\377\000P\000r\000o\000p\000o\000s\000i\000t\000i\000o\000n\000:\000\040\000L\000-\000c\000o\000n\000v\000e\000x\000\040\000\040\000\040\000a\000i\000\040\000j\000\040\0000\000,\000\040\000i\000\040\000=\000j\000,\000\040\000a\000i\000\040\000i\000\040\0000\000,\000\040\000j\000=\0001\000n\000\040\000a\000i\000\040\000j\000\040\0000\000,\000\040\000i\000\040}{subsection.2.4}% 14
\BOOKMARK [3][-]{subsubsection.2.4.2}{\376\377\000C\000o\000r\000o\000l\000l\000a\000r\000y\000:\000\040\000L\000-\000c\000o\000n\000v\000e\000x\000\040\000-\0003\000m\000u\000\040\000c\000o\000n\000v\000e\000x\000\040\000+\000\040\000s\000u\000b\000m\000o\000d\000u\000l\000a\000r}{subsection.2.4}% 15
\BOOKMARK [3][-]{subsubsection.2.4.3}{\376\377\000T\000h\000e\000o\000r\000e\000m\000:\000\040\000M\000i\000n\000i\000m\000i\000z\000e\000r\000\040\000o\000f\000\040\000L\000-\000c\000o\000n\000v\000e\000x\000\040\000f\000u\000n\000c\000\040\000i\000s\000\040\000n\000o\000n\000d\000e\000c\000r\000e\000a\000s\000i\000n\000g\000\040\000w\000i\000t\000h\000\040\000b\000o\000u\000n\000d\000e\000d\000\040\000s\000e\000n\000s\000i\000t\000i\000v\000i\000t\000y\000,\000\040\000t\000h\000e\000\040\000m\000i\000n\000i\000m\000u\000m\000\040\000v\000a\000l\000u\000e\000\040\000i\000s\000\040\000a\000l\000s\000o\000\040\000L\000-\000c\000o\000n\000v\000e\000x}{subsection.2.4}% 16
\BOOKMARK [2][-]{subsection.2.5}{\376\377\000R\000e\000l\000a\000t\000i\000o\000n\000s\000h\000i\000p\000\040\000w\000i\000t\000h\000\040\000M\000u\000l\000t\000i\000m\000o\000d\000u\000l\000a\000r\000i\000t\000y}{section.2}% 17
\BOOKMARK [1][-]{section.3}{\376\377\000O\000p\000t\000i\000m\000i\000z\000a\000t\000i\000o\000n\000\040\000w\000i\000t\000h\000\040\000d\000e\000c\000i\000s\000i\000o\000n\000s\000\040\000t\000r\000u\000n\000c\000a\000t\000e\000d\000\040\000b\000y\000\040\000r\000a\000n\000d\000o\000m\000\040\000v\000a\000r\000i\000a\000b\000l\000e\000s}{}% 18
\BOOKMARK [2][-]{subsection.3.1}{\376\377\000U\000n\000c\000o\000n\000s\000t\000r\000a\000i\000n\000e\000d\000\040\000P\000r\000o\000b\000l\000e\000m}{section.3}% 19
\BOOKMARK [3][-]{subsubsection.3.1.1}{\376\377\000R\000e\000f\000o\000r\000m\000u\000l\000a\000t\000i\000o\000n}{subsection.3.1}% 20
\BOOKMARK [3][-]{subsubsection.3.1.2}{\376\377\000n\000=\0001}{subsection.3.1}% 21
\BOOKMARK [3][-]{subsubsection.3.1.3}{\376\377\000n\0002}{subsection.3.1}% 22
\BOOKMARK [2][-]{subsection.3.2}{\376\377\000T\000r\000a\000n\000s\000f\000o\000r\000m\000a\000t\000i\000o\000n\000\040\000f\000o\000r\000\040\000C\000o\000n\000s\000t\000r\000a\000i\000n\000e\000d\000\040\000P\000r\000o\000b\000l\000e\000m}{section.3}% 23
\BOOKMARK [2][-]{subsection.3.3}{\376\377\000G\000e\000n\000e\000r\000a\000l\000i\000z\000a\000t\000i\000o\000n}{section.3}% 24
\BOOKMARK [3][-]{subsubsection.3.3.1}{\376\377\000P\000o\000s\000i\000t\000i\000v\000e\000\040\000D\000e\000p\000e\000n\000d\000e\000n\000c\000e}{subsection.3.3}% 25
\BOOKMARK [3][-]{subsubsection.3.3.2}{\376\377\000T\000r\000a\000n\000s\000f\000o\000r\000m\000a\000t\000i\000o\000n}{subsection.3.3}% 26
\BOOKMARK [1][-]{section.4}{\376\377\000S\000i\000n\000g\000l\000e\000-\000L\000e\000g\000\040\000C\000a\000p\000a\000c\000i\000t\000y\000\040\000A\000l\000l\000o\000c\000a\000t\000i\000o\000n}{}% 27
\BOOKMARK [2][-]{subsection.4.1}{\376\377\000T\000w\000o\000-\000C\000l\000a\000s\000s\000\040\000M\000o\000d\000e\000l}{section.4}% 28
\BOOKMARK [3][-]{subsubsection.4.1.1}{\376\377\000T\000h\000e\000o\000r\000e\000m\000:\000\040\000c\000o\000n\000v\000e\000x\000\040\000f\000,\000\040\000*\000a\000r\000g\000m\000i\000n\000E\000D\000f\000\050\000u\000D\000\051\000=\000*\000a\000r\000g\000m\000i\000n\000f\000\050\000u\000\051}{subsection.4.1}% 29
\BOOKMARK [3][-]{subsubsection.4.1.2}{\376\377\000D\000i\000s\000c\000r\000e\000t\000e\000,\000\040\000F\000=\000Z}{subsection.4.1}% 30
\BOOKMARK [3][-]{subsubsection.4.1.3}{\376\377\000C\000o\000n\000t\000i\000n\000u\000o\000u\000s\000,\000\040\000F\000=\000R}{subsection.4.1}% 31
\BOOKMARK [2][-]{subsection.4.2}{\376\377\000M\000u\000l\000t\000i\000-\000C\000l\000a\000s\000s\000\040\000M\000o\000d\000e\000l}{section.4}% 32
\BOOKMARK [3][-]{subsubsection.4.2.1}{\376\377\000S\000e\000q\000u\000e\000n\000c\000e\000\040\000o\000f\000\040\000E\000v\000e\000n\000t\000s}{subsection.4.2}% 33
\BOOKMARK [3][-]{subsubsection.4.2.2}{\376\377\000D\000y\000n\000a\000m\000i\000c\000\040\000P\000r\000o\000g\000r\000a\000m\000m\000i\000n\000g}{subsection.4.2}% 34
\BOOKMARK [2][-]{subsection.4.3}{\376\377\000D\000i\000s\000c\000r\000e\000t\000e\000\040\000C\000a\000s\000e}{section.4}% 35
\BOOKMARK [3][-]{subsubsection.4.3.1}{\376\377\000D\000i\000s\000c\000r\000e\000t\000e\000\040\000C\000a\000s\000e\000:\000\040\000R\000e\000f\000o\000r\000m\000u\000l\000a\000t\000i\000o\000n}{subsection.4.3}% 36
\BOOKMARK [3][-]{subsubsection.4.3.2}{\376\377\000D\000i\000s\000c\000r\000e\000t\000e\000\040\000C\000a\000s\000e\000:\000\040\000C\000o\000m\000p\000u\000t\000a\000t\000i\000o\000n}{subsection.4.3}% 37
\BOOKMARK [2][-]{subsection.4.4}{\376\377\000C\000o\000n\000t\000i\000n\000u\000o\000u\000s\000\040\000C\000a\000s\000e}{section.4}% 38
\BOOKMARK [2][-]{subsection.4.5}{\376\377\000\040\000G\000e\000n\000e\000r\000a\000l\000i\000z\000e\000d\000\040\000N\000e\000w\000s\000v\000e\000n\000d\000o\000r\000\040\000P\000r\000o\000b\000l\000e\000m\000:\000\040\000H\000i\000g\000h\000-\000b\000e\000f\000o\000r\000e\000-\000l\000o\000w\000\040\000a\000r\000r\000i\000v\000a\000l\000\040\000p\000a\000t\000t\000e\000r\000n}{section.4}% 39
\BOOKMARK [2][-]{subsection.4.6}{\376\377\000H\000e\000u\000r\000i\000s\000t\000i\000c\000s}{section.4}% 40
\BOOKMARK [2][-]{subsection.4.7}{\376\377\000\040\000B\000o\000u\000n\000d\000s\000\040\000o\000n\000\040\000O\000p\000t\000i\000m\000a\000l\000\040\000E\000x\000p\000e\000c\000t\000e\000d\000\040\000R\000e\000v\000e\000n\000u\000e}{section.4}% 41
\BOOKMARK [3][-]{subsubsection.4.7.1}{\376\377\000U\000p\000p\000e\000r\000\040\000B\000o\000u\000n\000d}{subsection.4.7}% 42
\BOOKMARK [3][-]{subsubsection.4.7.2}{\376\377\000L\000o\000w\000e\000r\000\040\000B\000o\000u\000n\000d}{subsection.4.7}% 43
\BOOKMARK [2][-]{subsection.4.8}{\376\377\000D\000y\000n\000a\000m\000i\000c\000a\000l\000\040\000M\000o\000d\000e\000l\000s}{section.4}% 44
\BOOKMARK [3][-]{subsubsection.4.8.1}{\376\377\000D\000i\000s\000c\000r\000e\000t\000e\000\040\000T\000i\000m\000e}{subsection.4.8}% 45
\BOOKMARK [3][-]{subsubsection.4.8.2}{\376\377\000C\000o\000n\000t\000i\000n\000u\000o\000u\000s\000\040\000T\000i\000m\000e\000:\000\040\000P\000o\000i\000s\000s\000o\000n\000\040\000a\000r\000r\000i\000v\000a\000l}{subsection.4.8}% 46
\BOOKMARK [3][-]{subsubsection.4.8.3}{\376\377\000O\000p\000t\000i\000m\000a\000l\000\040\000P\000o\000l\000i\000c\000y\000:\000\040\000d\000i\000s\000c\000r\000e\000t\000e\000\040\000t\000i\000m\000e}{subsection.4.8}% 47
\BOOKMARK [3][-]{subsubsection.4.8.4}{\376\377\000S\000t\000r\000u\000c\000t\000u\000r\000a\000l\000\040\000P\000r\000o\000p\000e\000r\000t\000i\000e\000s}{subsection.4.8}% 48
\BOOKMARK [3][-]{subsubsection.4.8.5}{\376\377\000D\000i\000s\000c\000r\000e\000t\000e\000\040\000C\000a\000s\000e\000:\000\040\000C\000o\000m\000p\000u\000t\000a\000t\000i\000o\000n}{subsection.4.8}% 49
\BOOKMARK [1][-]{section.5}{\376\377\000N\000e\000t\000w\000o\000r\000k\000\040\000R\000e\000v\000e\000n\000u\000e\000\040\000M\000a\000n\000a\000g\000e\000m\000e\000n\000t\000\040\000w\000i\000t\000h\000\040\000I\000n\000d\000e\000p\000e\000n\000d\000e\000n\000t\000\040\000D\000e\000m\000a\000n\000d\000s}{}% 50
\BOOKMARK [2][-]{subsection.5.1}{\376\377\000S\000e\000t\000t\000i\000n\000g\000s}{section.5}% 51
\BOOKMARK [2][-]{subsection.5.2}{\376\377\000H\000J\000B\000\040\000E\000q\000u\000a\000t\000i\000o\000n}{section.5}% 52
\BOOKMARK [2][-]{subsection.5.3}{\376\377\000U\000p\000g\000r\000a\000d\000e\000s}{section.5}% 53
\BOOKMARK [2][-]{subsection.5.4}{\376\377\000U\000p\000s\000e\000l\000l\000s}{section.5}% 54
\BOOKMARK [2][-]{subsection.5.5}{\376\377\000L\000i\000n\000e\000a\000r\000\040\000p\000r\000o\000g\000r\000a\000m\000m\000i\000n\000g\000-\000b\000a\000s\000e\000d\000\040\000u\000p\000p\000e\000r\000\040\000b\000o\000u\000n\000d}{section.5}% 55
\BOOKMARK [2][-]{subsection.5.6}{\376\377\000D\000y\000n\000a\000m\000i\000c\000\040\000P\000r\000o\000g\000r\000a\000m\000m\000i\000n\000g\000\040\000D\000e\000c\000o\000m\000p\000o\000s\000i\000t\000i\000o\000n\000\040\000\050\000D\000P\000D\000\051}{section.5}% 56
\BOOKMARK [3][-]{subsubsection.5.6.1}{\376\377\000D\000e\000t\000e\000r\000m\000i\000n\000i\000s\000t\000i\000c\000\040\000L\000i\000n\000e\000a\000r\000\040\000P\000r\000o\000g\000r\000a\000m}{subsection.5.6}% 57
\BOOKMARK [3][-]{subsubsection.5.6.2}{\376\377\000L\000a\000g\000r\000a\000n\000g\000i\000a\000n\000\040\000R\000e\000l\000a\000x\000a\000t\000i\000o\000n}{subsection.5.6}% 58
\BOOKMARK [1][-]{section.6}{\376\377\000O\000v\000e\000r\000b\000o\000o\000k\000i\000n\000g}{}% 59
\BOOKMARK [1][-]{section.7}{\376\377\000C\000h\000o\000i\000c\000e\000\040\000M\000o\000d\000e\000l\000i\000n\000g}{}% 60
\BOOKMARK [2][-]{subsection.7.1}{\376\377\000B\000a\000s\000i\000c\000s}{section.7}% 61
\BOOKMARK [3][-]{subsubsection.7.1.1}{\376\377\000A\000s\000s\000o\000r\000t\000m\000e\000n\000t\000\040\000O\000p\000t\000i\000m\000i\000z\000a\000t\000i\000o\000n\000\040\000P\000r\000o\000b\000l\000e\000m\000\040\000\050\000A\000O\000P\000\051}{subsection.7.1}% 62
\BOOKMARK [3][-]{subsubsection.7.1.2}{\376\377\000J\000o\000i\000n\000t\000\040\000A\000s\000s\000o\000r\000t\000m\000e\000n\000t\000\040\000a\000n\000d\000\040\000P\000r\000i\000c\000i\000n\000g\000\040\000O\000p\000t\000i\000m\000i\000z\000a\000t\000i\000o\000n\000\040\000P\000r\000o\000b\000l\000e\000m\000\040\000\050\000J\000A\000P\000O\000P\000\051}{subsection.7.1}% 63
\BOOKMARK [2][-]{subsection.7.2}{\376\377\000M\000a\000x\000i\000m\000u\000m\000\040\000U\000t\000i\000l\000i\000t\000y\000\040\000M\000o\000d\000e\000l\000s\000\040\000\050\000M\000U\000M\000\051}{section.7}% 64
\BOOKMARK [2][-]{subsection.7.3}{\376\377\000B\000a\000s\000i\000c\000\040\000A\000t\000t\000r\000a\000c\000t\000i\000o\000n\000\040\000M\000o\000d\000e\000l\000\040\000\050\000B\000A\000M\000\051}{section.7}% 65
\BOOKMARK [3][-]{subsubsection.7.3.1}{\376\377\000S\000e\000t\000t\000i\000n\000g\000s}{subsection.7.3}% 66
\BOOKMARK [3][-]{subsubsection.7.3.2}{\376\377\000L\000u\000c\000e\000\040\000A\000x\000i\000o\000m\000s\000\040\000f\000o\000r\000\040\000B\000A\000M}{subsection.7.3}% 67
\BOOKMARK [3][-]{subsubsection.7.3.3}{\376\377\000M\000u\000t\000i\000n\000o\000m\000i\000a\000l\000\040\000L\000o\000g\000i\000t\000\040\000C\000h\000o\000i\000c\000e\000\040\000M\000o\000d\000e\000l\000\040\000\050\000M\000N\000L\000\051\000:\000\040\000B\000A\000M\000\040\000w\000i\000t\000h\000\040\000R\000U\000M}{subsection.7.3}% 68
\BOOKMARK [3][-]{subsubsection.7.3.4}{\376\377\000M\000i\000x\000t\000u\000r\000e\000\040\000o\000f\000\040\000B\000A\000M\000s\000:\000\040\000D\000i\000f\000f\000e\000r\000e\000n\000t\000\040\000t\000y\000p\000e\000\040\000c\000o\000n\000s\000u\000m\000e\000r\000s}{subsection.7.3}% 69
\BOOKMARK [2][-]{subsection.7.4}{\376\377\000G\000e\000n\000e\000r\000a\000l\000i\000z\000e\000d\000\040\000A\000t\000t\000r\000a\000c\000t\000i\000o\000n\000\040\000M\000o\000d\000e\000l\000\040\000\050\000G\000A\000M\000\051}{section.7}% 70
\BOOKMARK [3][-]{subsubsection.7.4.1}{\376\377\000M\000o\000t\000i\000v\000a\000t\000i\000o\000n}{subsection.7.4}% 71
\BOOKMARK [3][-]{subsubsection.7.4.2}{\376\377\000M\000o\000d\000e\000l}{subsection.7.4}% 72
\BOOKMARK [3][-]{subsubsection.7.4.3}{\376\377\000P\000a\000r\000s\000i\000m\000o\000n\000i\000o\000u\000s\000\040\000G\000A\000M\000:\000\040\000w\000j\000=\000v\000j}{subsection.7.4}% 73
\BOOKMARK [3][-]{subsubsection.7.4.4}{\376\377\000I\000n\000d\000e\000p\000e\000n\000d\000e\000n\000c\000e\000\040\000o\000f\000\040\000I\000r\000r\000e\000l\000e\000v\000a\000n\000t\000\040\000A\000l\000t\000e\000r\000n\000a\000t\000i\000v\000e\000s\000\040\000\050\000I\000I\000A\000\051}{subsection.7.4}% 74
\BOOKMARK [2][-]{subsection.7.5}{\376\377\000N\000e\000s\000t\000e\000d\000\040\000L\000o\000g\000i\000t\000\040\000M\000o\000d\000e\000l\000\040\000\050\000t\000o\000\040\000a\000v\000o\000i\000d\000\040\000I\000I\000A\000\051}{section.7}% 75
\BOOKMARK [3][-]{subsubsection.7.5.1}{\376\377\000N\000o\000t\000a\000t\000i\000o\000n}{subsection.7.5}% 76
\BOOKMARK [3][-]{subsubsection.7.5.2}{\376\377\000M\000o\000d\000e\000l}{subsection.7.5}% 77
\BOOKMARK [3][-]{subsubsection.7.5.3}{\376\377\000R\000U\000M\000-\000b\000a\000s\000e\000d\000\040\000j\000u\000s\000t\000i\000f\000i\000c\000a\000t\000i\000o\000n}{subsection.7.5}% 78
\BOOKMARK [2][-]{subsection.7.6}{\376\377\000E\000x\000p\000o\000n\000o\000m\000i\000a\000l\000\040\000C\000h\000o\000i\000c\000e\000\040\000\050\000E\000C\000\051\000\040\000M\000o\000d\000e\000l}{section.7}% 79
\BOOKMARK [2][-]{subsection.7.7}{\376\377\000R\000a\000n\000d\000o\000m\000\040\000C\000o\000n\000s\000i\000d\000e\000r\000a\000t\000i\000o\000n\000\040\000S\000e\000t\000\040\000M\000o\000d\000e\000l\000\040\000\050\000R\000C\000S\000\051}{section.7}% 80
\BOOKMARK [2][-]{subsection.7.8}{\376\377\000M\000a\000r\000k\000o\000v\000\040\000C\000h\000a\000i\000n\000\040\000\050\000M\000C\000\051\000\040\000C\000h\000o\000i\000c\000e\000\040\000M\000o\000d\000e\000l}{section.7}% 81
\BOOKMARK [3][-]{subsubsection.7.8.1}{\376\377\000N\000o\000t\000a\000t\000i\000o\000n}{subsection.7.8}% 82
\BOOKMARK [3][-]{subsubsection.7.8.2}{\376\377\000H\000o\000w\000\040\000i\000t\000\040\000w\000o\000r\000k\000s}{subsection.7.8}% 83
\BOOKMARK [3][-]{subsubsection.7.8.3}{\376\377\000C\000o\000m\000p\000u\000t\000e\000\040\000P\000a\000r\000a\000m\000e\000t\000e\000r\000s}{subsection.7.8}% 84
\BOOKMARK [2][-]{subsection.7.9}{\376\377\000C\000o\000n\000t\000e\000x\000t\000u\000a\000l\000\040\000M\000N\000L\000\040\000M\000o\000d\000e\000l}{section.7}% 85
\BOOKMARK [2][-]{subsection.7.10}{\376\377\000\040\000R\000a\000n\000k\000\040\000L\000i\000s\000t\000-\000b\000a\000s\000e\000d\000\040\000C\000h\000o\000i\000c\000e\000\040\000M\000o\000d\000e\000l}{section.7}% 86
\BOOKMARK [3][-]{subsubsection.7.10.1}{\376\377\000\040\000M\000o\000t\000i\000v\000a\000t\000i\000o\000n}{subsection.7.10}% 87
\BOOKMARK [3][-]{subsubsection.7.10.2}{\376\377\000\040\000N\000o\000t\000a\000t\000i\000o\000n\000s}{subsection.7.10}% 88
\BOOKMARK [3][-]{subsubsection.7.10.3}{\376\377\000\040\000M\000o\000d\000e\000l}{subsection.7.10}% 89
\BOOKMARK [3][-]{subsubsection.7.10.4}{\376\377\000\040\000T\000e\000s\000t\000i\000n\000g\000\040\000t\000h\000e\000\040\000P\000e\000r\000f\000o\000r\000m\000a\000n\000c\000e\000\040\000o\000f\000\040\000R\000o\000b\000u\000s\000t\000\040\000A\000p\000p\000r\000o\000a\000c\000h}{subsection.7.10}% 90
\BOOKMARK [3][-]{subsubsection.7.10.5}{\376\377\000\040\000L\000i\000m\000i\000t\000a\000t\000i\000o\000n\000s}{subsection.7.10}% 91
\BOOKMARK [2][-]{subsection.7.11}{\376\377\000\040\000T\000h\000r\000e\000s\000h\000o\000l\000d\000\040\000U\000t\000i\000l\000i\000t\000y\000\040\000M\000o\000d\000e\000l}{section.7}% 92
\BOOKMARK [1][-]{section.8}{\376\377\000\040\000\050\000J\000o\000i\000n\000t\000\040\000P\000r\000i\000c\000i\000n\000g\000\040\000a\000n\000d\000\051\000\040\000A\000s\000s\000o\000r\000t\000m\000e\000n\000t\000\040\000O\000p\000t\000i\000m\000i\000z\000a\000t\000i\000o\000n}{}% 93
\BOOKMARK [2][-]{subsection.8.1}{\376\377\000\040\000A\000s\000s\000o\000r\000t\000m\000e\000n\000t\000\040\000O\000p\000t\000i\000m\000i\000z\000a\000t\000i\000o\000n\000\040\000P\000r\000o\000b\000l\000e\000m}{section.8}% 94
\BOOKMARK [3][-]{subsubsection.8.1.1}{\376\377\000\040\000N\000o\000t\000a\000t\000i\000o\000n\000s}{subsection.8.1}% 95
\BOOKMARK [2][-]{subsection.8.2}{\376\377\000\040\000P\000r\000i\000c\000i\000n\000g\000\040\000a\000n\000d\000\040\000A\000s\000s\000o\000r\000t\000m\000e\000n\000t\000\040\000P\000l\000a\000n\000n\000i\000n\000g\000\040\000u\000n\000d\000e\000r\000\040\000t\000h\000e\000\040\000M\000N\000L\000\040\000m\000o\000d\000e\000l\000\040\000a\000n\000d\000\040\000V\000a\000r\000i\000a\000n\000t\000s}{section.8}% 96
\BOOKMARK [3][-]{subsubsection.8.2.1}{\376\377\000M\000N\000L\000\040\000M\000o\000d\000e\000l}{subsection.8.2}% 97
\BOOKMARK [3][-]{subsubsection.8.2.2}{\376\377\000\040\000J\000o\000i\000n\000t\000\040\000P\000r\000i\000c\000i\000n\000g\000\040\000a\000n\000d\000\040\000A\000s\000s\000o\000r\000t\000m\000e\000n\000t\000\040\000P\000l\000a\000n\000n\000i\000n\000g\000\040\000u\000n\000d\000e\000r\000\040\000M\000N\000L\000\040\000M\000o\000d\000e\000l}{subsection.8.2}% 98
\BOOKMARK [3][-]{subsubsection.8.2.3}{\376\377\000\040\000T\000h\000e\000\040\000M\000N\000L\000\040\000M\000o\000d\000e\000l\000\040\000w\000i\000t\000h\000\040\000L\000i\000n\000e\000a\000r\000\040\000D\000e\000t\000e\000r\000m\000i\000n\000i\000s\000t\000i\000c\000\040\000U\000t\000i\000l\000i\000t\000i\000e\000s}{subsection.8.2}% 99
