\BOOKMARK [0][]{chapter.1}{\376\377\0001\000\040\000L\000o\000g\000i\000c}{}% 1
\BOOKMARK [1][]{section.1.1}{\376\377\0001\000.\0001\000\040\000M\000a\000i\000n\000\040\000M\000e\000t\000h\000o\000d\000s\000\040\000o\000f\000\040\000P\000r\000o\000o\000f\000\040\000\040\000\050\000@\000\040\000L\000e\000c\000\040\0000\0001\000\040\000o\000f\000\040\000E\000C\000O\000N\000\040\0002\0000\0004\000\051}{chapter.1}% 2
\BOOKMARK [2][]{subsection.1.1.1}{\376\377\0001\000.\0001\000.\0001\000\040\000P\000r\000o\000o\000f\000\040\000b\000y\000\040\000I\000n\000d\000u\000c\000t\000i\000o\000n}{section.1.1}% 3
\BOOKMARK [2][]{subsection.1.1.2}{\376\377\0001\000.\0001\000.\0002\000\040\000P\000r\000o\000o\000f\000\040\000b\000y\000\040\000D\000e\000d\000u\000c\000t\000i\000o\000n}{section.1.1}% 4
\BOOKMARK [2][]{subsection.1.1.3}{\376\377\0001\000.\0001\000.\0003\000\040\000P\000r\000o\000o\000f\000\040\000b\000y\000\040\000C\000o\000n\000t\000r\000a\000d\000i\000c\000t\000i\000o\000n}{section.1.1}% 5
\BOOKMARK [2][]{subsection.1.1.4}{\376\377\0001\000.\0001\000.\0004\000\040\000P\000r\000o\000o\000f\000\040\000b\000y\000\040\000C\000o\000n\000t\000r\000a\000p\000o\000s\000i\000t\000i\000o\000n}{section.1.1}% 6
\BOOKMARK [0][]{chapter.2}{\376\377\0002\000\040\000A\000n\000a\000l\000y\000s\000i\000s\000\040\000B\000a\000s\000i\000s}{}% 7
\BOOKMARK [1][]{section.2.1}{\376\377\0002\000.\0001\000\040\000R\000e\000a\000l\000\040\000N\000u\000m\000b\000e\000r\000\040\000R\000\040\000\050\000@\000\040\000L\000e\000c\000\040\0000\0002\000\040\000o\000f\000\040\000E\000C\000O\000N\000\040\0002\0000\0004\000\051}{chapter.2}% 8
\BOOKMARK [2][]{subsection.2.1.1}{\376\377\0002\000.\0001\000.\0001\000\040\000O\000r\000d\000e\000r\000\040\000A\000x\000i\000o\000m}{section.2.1}% 9
\BOOKMARK [2][]{subsection.2.1.2}{\376\377\0002\000.\0001\000.\0002\000\040\000C\000o\000m\000p\000l\000e\000t\000e\000n\000e\000s\000s\000\040\000A\000x\000i\000o\000m}{section.2.1}% 10
\BOOKMARK [2][]{subsection.2.1.3}{\376\377\0002\000.\0001\000.\0003\000\040\000S\000u\000p\000r\000e\000m\000u\000m\000\040\000X\000,\000\040\000I\000n\000f\000i\000m\000u\000m\000\040\000X\000\040\000f\000o\000r\000\040\000X\000R}{section.2.1}% 11
\BOOKMARK [2][]{subsection.2.1.4}{\376\377\0002\000.\0001\000.\0004\000\040\000T\000h\000e\000\040\000S\000u\000p\000r\000e\000m\000u\000m\000\040\000P\000r\000o\000p\000e\000r\000t\000y}{section.2.1}% 12
\BOOKMARK [2][]{subsection.2.1.5}{\376\377\0002\000.\0001\000.\0005\000\040\000A\000r\000c\000h\000i\000m\000e\000d\000e\000a\000n\000\040\000P\000r\000o\000p\000e\000r\000t\000y}{section.2.1}% 13
\BOOKMARK [1][]{section.2.2}{\376\377\0002\000.\0002\000\040\000M\000e\000t\000r\000i\000c\000\040\000S\000p\000a\000c\000e\000s\000\040\000a\000n\000d\000\040\000N\000o\000r\000m\000e\000d\000\040\000S\000p\000a\000c\000e\000s\000\040\000\050\000@\000\040\000L\000e\000c\000\040\0000\0003\000\040\000o\000f\000\040\000E\000C\000O\000N\000\040\0002\0000\0004\000\051}{chapter.2}% 14
\BOOKMARK [2][]{subsection.2.2.1}{\376\377\0002\000.\0002\000.\0001\000\040\000M\000e\000t\000r\000i\000c\000\040\000S\000p\000a\000c\000e\000\040\000\050\000X\000,\000\040\000d\000\051\000\040\000a\000n\000d\000\040\000M\000e\000t\000r\000i\000c\000\040\000d\000\040\000:\000\040\000X\000\040\000X\000\040\000R\000+}{section.2.2}% 15
\BOOKMARK [2][]{subsection.2.2.2}{\376\377\0002\000.\0002\000.\0002\000\040\000N\000o\000r\000m\000\040\000\040\000a\000n\000d\000\040\000N\000o\000r\000m\000e\000d\000\040\000V\000e\000c\000t\000o\000r\000\040\000S\000p\000a\000c\000e\000\040\000\050\000V\000,\000\051}{section.2.2}% 16
\BOOKMARK [2][]{subsection.2.2.3}{\376\377\0002\000.\0002\000.\0003\000\040\000T\000h\000e\000o\000r\000e\000m\000:\000\040\000m\000e\000t\000r\000i\000c\000\040\000c\000a\000n\000\040\000b\000e\000\040\000d\000e\000f\000i\000n\000e\000d\000\040\000b\000y\000\040\000n\000o\000r\000m}{section.2.2}% 17
\BOOKMARK [2][]{subsection.2.2.4}{\376\377\0002\000.\0002\000.\0004\000\040\000C\000a\000u\000c\000h\000y\000-\000S\000c\000h\000w\000a\000r\000z\000\040\000I\000n\000e\000q\000u\000a\000l\000i\000t\000y}{section.2.2}% 18
\BOOKMARK [2][]{subsection.2.2.5}{\376\377\0002\000.\0002\000.\0005\000\040\000L\000i\000p\000s\000c\000h\000i\000t\000z\000-\000e\000q\000u\000i\000v\000a\000l\000e\000n\000t\000\040\000N\000o\000r\000m}{section.2.2}% 19
\BOOKMARK [2][]{subsection.2.2.6}{\376\377\0002\000.\0002\000.\0006\000\040\000B\000a\000l\000l\000,\000\040\000R\000a\000d\000i\000u\000s\000,\000\040\000D\000i\000a\000m\000e\000t\000e\000r\000,\000\040\000a\000n\000d\000\040\000D\000i\000s\000t\000a\000n\000c\000e}{section.2.2}% 20
\BOOKMARK [1][]{section.2.3}{\376\377\0002\000.\0003\000\040\000S\000e\000t\000\040\000T\000h\000e\000o\000r\000y}{chapter.2}% 21
\BOOKMARK [2][]{subsection.2.3.1}{\376\377\0002\000.\0003\000.\0001\000\040\000W\000e\000l\000l\000\040\000D\000e\000f\000i\000n\000e\000d\000\040\000S\000e\000t}{section.2.3}% 22
\BOOKMARK [2][]{subsection.2.3.2}{\376\377\0002\000.\0003\000.\0002\000\040\000N\000u\000m\000e\000r\000i\000c\000a\000l\000l\000y\000\040\000E\000q\000u\000i\000v\000a\000l\000e\000n\000t\000\040\000\050\000@\000\040\000L\000e\000c\000\040\0000\0001\000\040\000o\000f\000\040\000E\000C\000O\000N\000\040\0002\0000\0004\000\051}{section.2.3}% 23
\BOOKMARK [2][]{subsection.2.3.3}{\376\377\0002\000.\0003\000.\0003\000\040\000F\000i\000n\000i\000t\000e\000,\000\040\000C\000o\000u\000n\000t\000a\000b\000l\000e\000\040\000S\000e\000t\000\040\000\050\000@\000\040\000L\000e\000c\000\040\0000\0001\000\040\000o\000f\000\040\000E\000C\000O\000N\000\040\0002\0000\0004\000\051}{section.2.3}% 24
\BOOKMARK [2][]{subsection.2.3.4}{\376\377\0002\000.\0003\000.\0004\000\040\000P\000o\000w\000e\000r\000\040\000S\000e\000t\000\040\000\050\000@\000\040\000L\000e\000c\000\040\0000\0002\000\040\000o\000f\000\040\000E\000C\000O\000N\000\040\0002\0000\0004\000\051}{section.2.3}% 25
\BOOKMARK [2][]{subsection.2.3.5}{\376\377\0002\000.\0003\000.\0005\000\040\000T\000h\000e\000o\000r\000e\000m\000\040\000\050\000C\000a\000n\000t\000o\000r\000\051\000:\000\040\000T\000h\000e\000\040\000p\000o\000w\000e\000r\000\040\000s\000e\000t\000\040\000o\000f\000\040\000N\000\040\000i\000s\000\040\000u\000n\000c\000o\000u\000n\000t\000a\000b\000l\000e\000\040\000\050\000@\000\040\000L\000e\000c\000\040\0000\0002\000\040\000o\000f\000\040\000E\000C\000O\000N\000\040\0002\0000\0004\000\051}{section.2.3}% 26
\BOOKMARK [2][]{subsection.2.3.6}{\376\377\0002\000.\0003\000.\0006\000\040\000C\000a\000r\000d\000i\000n\000a\000l\000i\000t\000i\000e\000s\000\040\000o\000f\000\040\000S\000e\000t\000s\000\040\000\050\000@\000\040\000L\000e\000c\000\040\0000\0002\000\040\000o\000f\000\040\000E\000C\000O\000N\000\040\0002\0000\0004\000\051}{section.2.3}% 27
\BOOKMARK [2][]{subsection.2.3.7}{\376\377\0002\000.\0003\000.\0007\000\040\000P\000i\000g\000e\000o\000n\000h\000o\000l\000e\000\040\000P\000r\000i\000n\000c\000i\000p\000l\000e\000:\000\040\000|\000A\000|\000>\000|\000B\000|\000\040\000\040\000n\000o\000\040\000i\000n\000j\000e\000c\000t\000i\000v\000e\000\040\000f\000u\000n\000c\000t\000i\000o\000n\000\040\000:\000A\000\040\000B}{section.2.3}% 28
\BOOKMARK [2][]{subsection.2.3.8}{\376\377\0002\000.\0003\000.\0008\000\040\000B\000A\000:\000\040\000S\000e\000t\000s\000\040\000o\000f\000\040\000F\000u\000n\000c\000t\000i\000o\000n}{section.2.3}% 29
\BOOKMARK [2][]{subsection.2.3.9}{\376\377\0002\000.\0003\000.\0009\000\040\000B\000o\000u\000n\000d\000e\000d\000\040\000S\000e\000t\000\040\000\050\000@\000\040\000L\000e\000c\000\040\0000\0003\000\040\000o\000f\000\040\000E\000C\000O\000N\000\040\0002\0000\0004\000\051}{section.2.3}% 30
\BOOKMARK [2][]{subsection.2.3.10}{\376\377\0002\000.\0003\000.\0001\0000\000\040\000O\000p\000e\000n\000,\000\040\000C\000l\000o\000s\000e\000d\000\040\000S\000e\000t\000\040\000\050\000@\000\040\000L\000e\000c\000\040\0000\0004\000\040\000o\000f\000\040\000E\000C\000O\000N\000\040\0002\0000\0004\000\051}{section.2.3}% 31
\BOOKMARK [2][]{subsection.2.3.11}{\376\377\0002\000.\0003\000.\0001\0001\000\040\000I\000n\000t\000e\000r\000i\000o\000r\000,\000\040\000E\000x\000t\000e\000r\000i\000o\000r\000,\000\040\000B\000o\000u\000n\000d\000a\000r\000y\000,\000\040\000C\000l\000o\000s\000u\000r\000e\000\040\000\050\000@\000\040\000L\000e\000c\000\040\0000\0004\000\040\000o\000f\000\040\000E\000C\000O\000N\000\040\0002\0000\0004\000\051}{section.2.3}% 32
\BOOKMARK [2][]{subsection.2.3.12}{\376\377\0002\000.\0003\000.\0001\0002\000\040\000C\000o\000m\000p\000a\000c\000t\000\040\000S\000e\000t}{section.2.3}% 33
\BOOKMARK [2][]{subsection.2.3.13}{\376\377\0002\000.\0003\000.\0001\0003\000\040\000S\000u\000b\000l\000e\000v\000e\000l\000\040\000S\000e\000t}{section.2.3}% 34
\BOOKMARK [2][]{subsection.2.3.14}{\376\377\0002\000.\0003\000.\0001\0004\000\040\000S\000e\000t\000\040\000O\000p\000e\000r\000a\000t\000i\000o\000n\000s}{section.2.3}% 35
\BOOKMARK [1][]{section.2.4}{\376\377\0002\000.\0004\000\040\000S\000e\000q\000u\000e\000n\000c\000e\000s}{chapter.2}% 36
\BOOKMARK [2][]{subsection.2.4.1}{\376\377\0002\000.\0004\000.\0001\000\040\000C\000o\000n\000v\000e\000r\000g\000e\000n\000c\000e\000\040\000o\000f\000\040\000S\000e\000q\000u\000e\000n\000c\000e\000s\000\040\000\050\000@\000\040\000L\000e\000c\000\040\0000\0003\000\040\000o\000f\000\040\000E\000C\000O\000N\000\040\0002\0000\0004\000\051}{section.2.4}% 37
\BOOKMARK [2][]{subsection.2.4.2}{\376\377\0002\000.\0004\000.\0002\000\040\000C\000l\000u\000s\000t\000e\000r\000\040\000P\000o\000i\000n\000t\000\040\000\050\000@\000\040\000L\000e\000c\000\040\0000\0003\000\040\000o\000f\000\040\000E\000C\000O\000N\000\040\0002\0000\0004\000\051}{section.2.4}% 38
\BOOKMARK [2][]{subsection.2.4.3}{\376\377\0002\000.\0004\000.\0003\000\040\000S\000e\000q\000u\000e\000n\000c\000e\000s\000\040\000i\000n\000\040\000R\000\040\000a\000n\000d\000\040\000R\000n\000\040\000\050\000@\000\040\000L\000e\000c\000\040\0000\0003\000\040\000o\000f\000\040\000E\000C\000O\000N\000\040\0002\0000\0004\000\051}{section.2.4}% 39
\BOOKMARK [2][]{subsection.2.4.4}{\376\377\0002\000.\0004\000.\0004\000\040\000S\000c\000a\000l\000a\000r\000\040\000S\000e\000q\000u\000e\000n\000c\000e\000s}{section.2.4}% 40
\BOOKMARK [0][]{chapter.3}{\376\377\0003\000\040\000F\000u\000n\000c\000t\000i\000o\000n\000s}{}% 41
\BOOKMARK [1][]{section.3.1}{\376\377\0003\000.\0001\000\040\000D\000e\000f\000i\000n\000i\000t\000i\000o\000n\000s\000\040\000o\000f\000\040\000F\000u\000n\000c\000t\000i\000o\000n}{chapter.3}% 42
\BOOKMARK [2][]{subsection.3.1.1}{\376\377\0003\000.\0001\000.\0001\000\040\000I\000m\000a\000g\000e\000,\000\040\000P\000r\000e\000i\000m\000a\000g\000e\000,\000\040\000F\000i\000b\000e\000r}{section.3.1}% 43
\BOOKMARK [2][]{subsection.3.1.2}{\376\377\0003\000.\0001\000.\0002\000\040\000C\000o\000m\000p\000o\000s\000i\000t\000i\000o\000n\000\040\000o\000f\000\040\000f\000u\000n\000c\000t\000i\000o\000n\000s}{section.3.1}% 44
\BOOKMARK [2][]{subsection.3.1.3}{\376\377\0003\000.\0001\000.\0003\000\040\000F\000u\000n\000c\000t\000i\000o\000n\000\040\000C\000o\000m\000p\000o\000s\000i\000t\000i\000o\000n\000\040\000i\000s\000\040\000A\000s\000s\000o\000c\000i\000a\000t\000i\000v\000e}{section.3.1}% 45
\BOOKMARK [1][]{section.3.2}{\376\377\0003\000.\0002\000\040\000I\000n\000j\000e\000c\000t\000i\000o\000n\000,\000\040\000S\000u\000r\000j\000e\000c\000t\000i\000o\000n\000,\000\040\000B\000i\000j\000e\000c\000t\000i\000o\000n}{chapter.3}% 46
\BOOKMARK [2][]{subsection.3.2.1}{\376\377\0003\000.\0002\000.\0001\000\040\000D\000e\000f\000i\000n\000i\000t\000i\000o\000n\000s\000:\000\040\000I\000n\000j\000e\000c\000t\000i\000v\000e\000,\000\040\000s\000u\000r\000j\000e\000c\000t\000i\000v\000e\000,\000\040\000b\000i\000j\000e\000c\000t\000i\000v\000e}{section.3.2}% 47
\BOOKMARK [2][]{subsection.3.2.2}{\376\377\0003\000.\0002\000.\0002\000\040\000L\000e\000m\000m\000a\000\040\0001\000.\0001\000.\0007\000:\000\040\000i\000n\000j\000e\000c\000t\000i\000v\000e\000/\000s\000u\000r\000j\000e\000c\000t\000i\000v\000e\000/\000b\000i\000j\000e\000c\000t\000i\000v\000e\000\040\000i\000s\000\040\000p\000r\000e\000s\000e\000r\000v\000e\000d\000\040\000i\000n\000\040\000c\000o\000m\000p\000o\000s\000i\000t\000i\000o\000n}{section.3.2}% 48
\BOOKMARK [2][]{subsection.3.2.3}{\376\377\0003\000.\0002\000.\0003\000\040\000P\000r\000o\000p\000o\000s\000i\000t\000i\000o\000n\000\040\0001\000.\0001\000.\0008\000:\000\040\000A\000\040\000f\000u\000n\000c\000t\000i\000o\000n\000\040\000i\000s\000\040\000b\000i\000j\000e\000c\000t\000i\000o\000n\000\040\000i\000f\000\040\000t\000h\000e\000r\000e\000\040\000e\000x\000i\000s\000t\000\040\000i\000n\000v\000e\000r\000s\000e}{section.3.2}% 49
\BOOKMARK [1][]{section.3.3}{\376\377\0003\000.\0003\000\040\000F\000u\000n\000c\000t\000i\000o\000n\000\040\000C\000o\000n\000t\000i\000n\000u\000i\000t\000y}{chapter.3}% 50
\BOOKMARK [2][]{subsection.3.3.1}{\376\377\0003\000.\0003\000.\0001\000\040\000C\000o\000n\000t\000i\000n\000u\000o\000u\000s\000\040\000F\000u\000n\000c\000t\000i\000o\000n\000\040\000i\000n\000\040\000R\000\040\000w\000i\000t\000h\000\040\000E\000u\000c\000l\000i\000d\000e\000a\000n\000\040\000n\000o\000r\000m}{section.3.3}% 51
\BOOKMARK [2][]{subsection.3.3.2}{\376\377\0003\000.\0003\000.\0002\000\040\000C\000o\000n\000t\000i\000n\000u\000o\000u\000s\000\040\000F\000u\000n\000c\000t\000i\000o\000n\000\040\000i\000n\000\040\000M\000e\000t\000r\000i\000c\000\040\000S\000p\000a\000c\000e\000s\000\040\000\050\000@\000\040\000L\000e\000c\000\040\0000\0004\000\040\000o\000f\000\040\000E\000C\000O\000N\000\040\0002\0000\0004\000\051}{section.3.3}% 52
\BOOKMARK [2][]{subsection.3.3.3}{\376\377\0003\000.\0003\000.\0003\000\040\000T\000h\000e\000o\000r\000e\000m\000:\000\040\000C\000o\000n\000t\000i\000n\000u\000o\000u\000s\000\040\000\040\000P\000r\000e\000i\000m\000a\000g\000e\000\040\000o\000f\000\040\000o\000p\000e\000n\000\040\000s\000e\000t\000\040\000i\000s\000\040\000o\000p\000e\000n\000\040\000\050\000@\000\040\000L\000e\000c\000\040\0000\0004\000\040\000o\000f\000\040\000E\000C\000O\000N\000\040\0002\0000\0004\000\051}{section.3.3}% 53
\BOOKMARK [2][]{subsection.3.3.4}{\376\377\0003\000.\0003\000.\0004\000\040\000T\000h\000e\000o\000r\000e\000m\000:\000\040\000C\000o\000n\000t\000i\000n\000u\000i\000t\000y\000\040\000i\000s\000\040\000p\000r\000e\000s\000e\000r\000v\000e\000d\000\040\000i\000n\000\040\000c\000o\000m\000p\000o\000s\000i\000t\000i\000o\000n\000\040\000\050\000@\000\040\000L\000e\000c\000\040\0000\0004\000\040\000o\000f\000\040\000E\000C\000O\000N\000\040\0002\0000\0004\000\051}{section.3.3}% 54
\BOOKMARK [2][]{subsection.3.3.5}{\376\377\0003\000.\0003\000.\0005\000\040\000U\000n\000i\000f\000o\000r\000m\000\040\000C\000o\000n\000t\000i\000n\000u\000i\000t\000y\000\040\000\050\000@\000\040\000L\000e\000c\000\040\0000\0004\000\040\000o\000f\000\040\000E\000C\000O\000N\000\040\0002\0000\0004\000\051}{section.3.3}% 55
\BOOKMARK [2][]{subsection.3.3.6}{\376\377\0003\000.\0003\000.\0006\000\040\000I\000n\000t\000e\000r\000m\000e\000d\000i\000a\000t\000e\000\040\000V\000a\000l\000u\000e\000\040\000T\000h\000e\000o\000r\000e\000m\000\040\000\050\000@\000\040\000L\000e\000c\000\040\0000\0002\000\040\000o\000f\000\040\000E\000C\000O\000N\000\040\0002\0000\0004\000\051}{section.3.3}% 56
\BOOKMARK [2][]{subsection.3.3.7}{\376\377\0003\000.\0003\000.\0007\000\040\000C\000o\000e\000r\000c\000i\000v\000e\000\040\000F\000u\000n\000c\000t\000i\000o\000n}{section.3.3}% 57
\BOOKMARK [2][]{subsection.3.3.8}{\376\377\0003\000.\0003\000.\0008\000\040\000E\000x\000t\000r\000e\000m\000e\000\040\000o\000f\000\040\000F\000u\000n\000c\000t\000i\000o\000n\000s}{section.3.3}% 58
\BOOKMARK [2][]{subsection.3.3.9}{\376\377\0003\000.\0003\000.\0009\000\040\000W\000e\000i\000e\000r\000s\000t\000r\000a\000s\000s\000'\000\040\000T\000h\000e\000o\000r\000e\000m\000\050\000E\000x\000t\000r\000e\000m\000e\000\040\000v\000a\000l\000u\000e\000\040\000T\000h\000e\000o\000r\000e\000m\000\051}{section.3.3}% 59
\BOOKMARK [0][]{chapter.4}{\376\377\0004\000\040\000B\000i\000g\000\040\000O\000\040\000a\000n\000d\000\040\000S\000m\000a\000l\000l\000\040\000o\000\040\000N\000o\000t\000a\000t\000i\000o\000n}{}% 60
\BOOKMARK [1][]{section.4.1}{\376\377\0004\000.\0001\000\040\000D\000e\000f\000i\000n\000i\000t\000i\000o\000n}{chapter.4}% 61
\BOOKMARK [2][]{subsection.4.1.1}{\376\377\0004\000.\0001\000.\0001\000\040\000E\000x\000t\000e\000n\000s\000i\000o\000n}{section.4.1}% 62
\BOOKMARK [0][]{chapter.5}{\376\377\0005\000\040\000L\000i\000p\000s\000c\000h\000i\000t\000z\000\040\000C\000o\000n\000t\000i\000n\000u\000o\000u\000s}{}% 63
\BOOKMARK [1][]{section.5.1}{\376\377\0005\000.\0001\000\040\000D\000e\000f\000i\000n\000i\000t\000i\000o\000n\000\040\000\050\000@\000\040\000L\000e\000c\000\040\0000\0004\000\040\000o\000f\000\040\000E\000C\000O\000N\000\040\0002\0000\0004\000\051}{chapter.5}% 64
\BOOKMARK [1][]{section.5.2}{\376\377\0005\000.\0002\000\040\000E\000x\000a\000m\000p\000l\000e}{chapter.5}% 65
\BOOKMARK [1][]{section.5.3}{\376\377\0005\000.\0003\000\040\000C\000o\000n\000t\000r\000a\000c\000t\000i\000o\000n\000\040\000M\000a\000p\000p\000i\000n\000g}{chapter.5}% 66
\BOOKMARK [0][]{chapter.6}{\376\377\0006\000\040\000F\000i\000x\000e\000d\000\040\000p\000o\000i\000n\000t\000\040\000t\000h\000e\000o\000r\000e\000m}{}% 67
