\BOOKMARK [0][]{chapter.1}{\376\377\0001\000\040\000G\000e\000o\000m\000e\000t\000r\000i\000c\000\040\000P\000r\000o\000g\000r\000a\000m\000m\000i\000n\000g\000\040\000\050\000G\000P\000\051}{}% 1
\BOOKMARK [1][]{section.1.1}{\376\377\0001\000.\0001\000\040\000A\000r\000i\000t\000h\000m\000e\000t\000i\000c\000\040\000M\000e\000a\000n\000-\000G\000e\000o\000m\000e\000t\000r\000i\000c\000\040\000M\000e\000a\000n\000\040\000I\000n\000e\000q\000u\000a\000l\000i\000t\000y}{chapter.1}% 2
\BOOKMARK [2][]{subsection.1.1.1}{\376\377\0001\000.\0001\000.\0001\000\040\000A\000M\000-\000G\000M\000\040\000i\000n\000e\000q\000u\000a\000l\000i\000t\000y\000:\000\040\000x\0001\000+\000x\0002\000+\000.\000.\000.\000+\000x\000n\000n\000[\000n\000]\000x\0001\000x\0002\000.\000.\000.\000x\000n}{section.1.1}% 3
\BOOKMARK [2][]{subsection.1.1.2}{\376\377\0001\000.\0001\000.\0002\000\040\000W\000e\000i\000g\000h\000t\000e\000d\000\040\000A\000M\000-\000G\000M\000\040\000i\000n\000e\000q\000u\000a\000l\000i\000t\000y\000:\000\040\000i\000=\0001\000n\000i\000x\000i\000i\000=\0001\000n\000x\000i\000i}{section.1.1}% 4
\BOOKMARK [1][]{section.1.2}{\376\377\0001\000.\0002\000\040\000U\000n\000c\000o\000n\000s\000t\000r\000a\000i\000n\000e\000d\000\040\000G\000e\000o\000m\000e\000t\000r\000i\000c\000\040\000P\000r\000o\000g\000r\000a\000m\000s}{chapter.1}% 5
\BOOKMARK [2][]{subsection.1.2.1}{\376\377\0001\000.\0002\000.\0001\000\040\000D\000e\000f\000:\000\040\000P\000o\000s\000y\000n\000o\000m\000i\000a\000l}{section.1.2}% 6
\BOOKMARK [2][]{subsection.1.2.2}{\376\377\0001\000.\0002\000.\0002\000\040\000G\000e\000n\000e\000r\000a\000l\000\040\000S\000t\000r\000a\000t\000e\000g\000y\000:\000\040\000A\000M\000-\000G\000M\000\040\000i\000n\000e\000q\000u\000a\000l\000i\000t\000y}{section.1.2}% 7
\BOOKMARK [2][]{subsection.1.2.3}{\376\377\0001\000.\0002\000.\0003\000\040\000D\000u\000a\000l\000\040\000o\000f\000\040\000t\000h\000e\000\040\000U\000n\000c\000o\000n\000s\000t\000r\000a\000i\000n\000e\000d\000\040\000G\000P}{section.1.2}% 8
\BOOKMARK [0][]{chapter.2}{\376\377\0002\000\040\000P\000o\000l\000y\000n\000o\000m\000i\000a\000l\000\040\000I\000n\000t\000e\000r\000p\000o\000l\000a\000t\000i\000o\000n}{}% 9
\BOOKMARK [1][]{section.2.1}{\376\377\0002\000.\0001\000\040\000M\000e\000t\000h\000o\000d\000\040\0001\000:\000\040\000M\000=}{chapter.2}% 10
\BOOKMARK [1][]{section.2.2}{\376\377\0002\000.\0002\000\040\000M\000e\000t\000h\000o\000d\000\040\0002\000:\000\040\000L\000a\000g\000r\000a\000n\000g\000e\000\040\000I\000n\000t\000e\000r\000p\000o\000l\000a\000t\000i\000o\000n\000\040\000F\000o\000r\000m\000u\000l\000a}{chapter.2}% 11
\BOOKMARK [1][]{section.2.3}{\376\377\0002\000.\0003\000\040\000L\000i\000n\000e\000s\000\040\000o\000f\000\040\000B\000e\000s\000t\000\040\000F\000i\000t}{chapter.2}% 12
\BOOKMARK [1][]{section.2.4}{\376\377\0002\000.\0004\000\040\000L\000e\000a\000s\000t\000-\000S\000q\000u\000a\000r\000e\000\040\000P\000r\000o\000b\000l\000e\000m\000\040\000\050\000O\000v\000e\000r\000c\000o\000n\000s\000t\000r\000a\000i\000n\000t\000e\000d\000\040\000A\000\040\000=\000\040\000\051}{chapter.2}% 13
\BOOKMARK [2][]{subsection.2.4.1}{\376\377\0002\000.\0004\000.\0001\000\040\000L\000e\000m\000m\000a\000:\000\040\000c\000l\000o\000s\000e\000s\000t\000\040\000p\000o\000i\000n\000t\000\040\000\040\000\050\000A\000*\000-\000\051\000,\000\040\000V}{section.2.4}% 14
\BOOKMARK [2][]{subsection.2.4.2}{\376\377\0002\000.\0004\000.\0002\000\040\000T\000h\000e\000o\000r\000e\000m\000:\000\040\000*\000=\000\050\000A\000T\000A\000\051\000-\0001\000A\000T\000=\000A\000+\000\040}{section.2.4}% 15
\BOOKMARK [2][]{subsection.2.4.3}{\376\377\0002\000.\0004\000.\0003\000\040\000D\000e\000f\000:\000\040\000P\000r\000o\000j\000e\000c\000t\000i\000o\000n\000\040\000M\000a\000t\000r\000i\000x\000:\000\040\000P\000=\000A\000A\000+\000;\000\040\000P\000r\000o\000j\000e\000c\000t\000i\000o\000n\000\040\000o\000f\000\040\000\040\000o\000n\000\040\000V\000:\000\040\000A\000\040\000*\000=\000P\000\040}{section.2.4}% 16
\BOOKMARK [2][]{subsection.2.4.4}{\376\377\0002\000.\0004\000.\0004\000\040\000S\000p\000e\000c\000i\000a\000l\000\040\000C\000a\000s\000e\000:\000\040\000P\000r\000o\000j\000e\000c\000t\000i\000o\000n\000\040\000o\000n\000\040\000v\000e\000c\000t\000o\000r\000\040\000P\000r\000o\000j\000\050\000\051\000=\000\050\000\051\0002}{section.2.4}% 17
\BOOKMARK [2][]{subsection.2.4.5}{\376\377\0002\000.\0004\000.\0005\000\040\000T\000h\000e\000o\000r\000e\000m\000:\000\040\000P\000r\000o\000j\000e\000c\000t\000i\000o\000n\000\040\000M\000a\000t\000r\000i\000x\000\040\000=\000\040\000S\000u\000m\000\040\000o\000f\000\040\000o\000u\000t\000e\000r\000\040\000p\000r\000o\000d\000u\000c\000t\000s\000\040\000o\000f\000\040\000o\000r\000t\000h\000o\000n\000o\000r\000m\000a\000l\000\040\000b\000a\000s\000i\000s}{section.2.4}% 18
\BOOKMARK [2][]{subsection.2.4.6}{\376\377\0002\000.\0004\000.\0006\000\040\000C\000o\000r\000o\000l\000l\000a\000r\000y\000:\000\040\000Q\000\040\000h\000a\000s\000\040\000o\000r\000t\000h\000o\000n\000o\000r\000m\000a\000l\000\040\000c\000o\000l\000u\000m\000n\000s\000\040\000\040\000*\000=\000Q\000T\000\040\000.\000\040\000\050\000Q\000+\000=\000Q\000T\000\051}{section.2.4}% 19
\BOOKMARK [2][]{subsection.2.4.7}{\376\377\0002\000.\0004\000.\0007\000\040\000T\000h\000e\000\040\000G\000r\000a\000m\000-\000S\000c\000h\000m\000i\000d\000t\000\040\000p\000r\000o\000c\000e\000s\000s}{section.2.4}% 20
\BOOKMARK [1][]{section.2.5}{\376\377\0002\000.\0005\000\040\000M\000i\000n\000i\000m\000u\000m\000-\000n\000o\000r\000m\000\040\000p\000r\000o\000b\000l\000e\000m\000s\000\040\000\050\000U\000n\000d\000e\000r\000c\000o\000n\000s\000t\000r\000a\000i\000n\000t\000e\000d\000\040\000A\000\040\000=\000\040\000\051}{chapter.2}% 21
\BOOKMARK [2][]{subsection.2.5.1}{\376\377\0002\000.\0005\000.\0001\000\040\000A\000p\000p\000l\000y\000i\000n\000g\000\040\000t\000h\000e\000\040\000l\000e\000a\000s\000t\000-\000s\000q\000u\000a\000r\000e\000s\000\040\000t\000e\000c\000h\000n\000i\000q\000u\000e}{section.2.5}% 22
\BOOKMARK [2][]{subsection.2.5.2}{\376\377\0002\000.\0005\000.\0002\000\040\000T\000h\000e\000\040\000s\000h\000o\000r\000t\000\040\000c\000u\000t\000\040\000m\000e\000t\000h\000o\000d}{section.2.5}% 23
\BOOKMARK [2][]{subsection.2.5.3}{\376\377\0002\000.\0005\000.\0003\000\040\000T\000h\000e\000\040\000s\000h\000o\000r\000t\000\040\000c\000u\000t\000\040\000m\000e\000t\000h\000o\000d\000\040\000w\000i\000t\000h\000\040\000H\000-\000n\000o\000r\000m}{section.2.5}% 24
