\BOOKMARK [0][]{chapter.1}{\376\377\0001\000\040\000G\000a\000m\000e\000\040\000T\000h\000e\000o\000r\000y}{}% 1
\BOOKMARK [1][]{section.1.1}{\376\377\0001\000.\0001\000\040\000B\000a\000s\000i\000c\000\040\000G\000a\000m\000e\000\040\000T\000h\000e\000o\000r\000y}{chapter.1}% 2
\BOOKMARK [2][]{subsection.1.1.1}{\376\377\0001\000.\0001\000.\0001\000\040\000A\000c\000t\000i\000o\000n\000\040\000a\000n\000d\000\040\000D\000o\000m\000i\000n\000a\000t\000i\000o\000n\000\040\000T\000h\000e\000o\000r\000e\000m}{section.1.1}% 3
\BOOKMARK [2][]{subsection.1.1.2}{\376\377\0001\000.\0001\000.\0002\000\040\000E\000x\000t\000e\000n\000s\000i\000v\000e\000\040\000G\000a\000m\000e}{section.1.1}% 4
\BOOKMARK [2][]{subsection.1.1.3}{\376\377\0001\000.\0001\000.\0003\000\040\000S\000t\000r\000a\000t\000e\000g\000i\000c\000\040\000F\000o\000r\000m\000\040\000G\000a\000m\000e}{section.1.1}% 5
\BOOKMARK [2][]{subsection.1.1.4}{\376\377\0001\000.\0001\000.\0004\000\040\000N\000a\000s\000h\000\040\000E\000q\000u\000i\000l\000i\000b\000r\000i\000u\000m\000\040\000a\000n\000d\000\040\000E\000x\000i\000s\000t\000e\000n\000c\000e}{section.1.1}% 6
\BOOKMARK [2][]{subsection.1.1.5}{\376\377\0001\000.\0001\000.\0005\000\040\000B\000a\000y\000e\000s\000i\000a\000n\000\040\000G\000a\000m\000e}{section.1.1}% 7
\BOOKMARK [1][]{section.1.2}{\376\377\0001\000.\0002\000\040\000A\000d\000v\000e\000r\000s\000e\000\040\000S\000e\000l\000e\000c\000t\000i\000o\000n}{chapter.1}% 8
\BOOKMARK [2][]{subsection.1.2.1}{\376\377\0001\000.\0002\000.\0001\000\040\000A\000d\000v\000e\000r\000s\000e\000\040\000S\000e\000l\000e\000c\000t\000i\000o\000n}{section.1.2}% 9
\BOOKMARK [2][]{subsection.1.2.2}{\376\377\0001\000.\0002\000.\0002\000\040\000G\000a\000m\000e\000\040\000T\000h\000e\000o\000r\000e\000t\000i\000c\000a\000l\000\040\000A\000p\000p\000r\000o\000a\000c\000h}{section.1.2}% 10
\BOOKMARK [2][]{subsection.1.2.3}{\376\377\0001\000.\0002\000.\0003\000\040\000P\000l\000a\000n\000n\000e\000r\000\040\000I\000n\000t\000e\000r\000v\000e\000n\000t\000i\000o\000n}{section.1.2}% 11
\BOOKMARK [2][]{subsection.1.2.4}{\376\377\0001\000.\0002\000.\0004\000\040\000S\000i\000g\000n\000a\000l\000i\000n\000g}{section.1.2}% 12
\BOOKMARK [2][]{subsection.1.2.5}{\376\377\0001\000.\0002\000.\0005\000\040\000C\000h\000o\000-\000K\000r\000e\000p\000s\000\040\000I\000n\000t\000u\000i\000t\000i\000v\000e\000\040\000C\000r\000i\000t\000e\000r\000i\000o\000n}{section.1.2}% 13
\BOOKMARK [2][]{subsection.1.2.6}{\376\377\0001\000.\0002\000.\0006\000\040\000S\000c\000r\000e\000e\000n\000i\000n\000g\000\040\000M\000o\000d\000e\000l}{section.1.2}% 14
\BOOKMARK [0][]{chapter.2}{\376\377\0002\000\040\000M\000e\000c\000h\000a\000n\000i\000s\000m\000\040\000D\000e\000s\000i\000g\000n}{}% 15
\BOOKMARK [1][]{section.2.1}{\376\377\0002\000.\0001\000\040\000M\000e\000c\000h\000a\000n\000i\000s\000m\000\040\000D\000e\000s\000i\000g\000n}{chapter.2}% 16
\BOOKMARK [2][]{subsection.2.1.1}{\376\377\0002\000.\0001\000.\0001\000\040\000I\000m\000p\000l\000e\000m\000e\000n\000t\000\040\000i\000n\000\040\000D\000o\000m\000i\000n\000a\000n\000t\000\040\000S\000t\000r\000a\000t\000e\000g\000i\000e\000s}{section.2.1}% 17
\BOOKMARK [2][]{subsection.2.1.2}{\376\377\0002\000.\0001\000.\0002\000\040\000D\000o\000m\000i\000n\000a\000n\000t\000-\000S\000t\000r\000a\000t\000e\000g\000y\000-\000I\000n\000c\000e\000n\000t\000i\000v\000e\000-\000C\000o\000m\000p\000a\000t\000i\000b\000l\000e\000\040\000\050\000D\000S\000I\000C\000\051\000/\000S\000t\000r\000a\000t\000e\000g\000y\000-\000P\000r\000o\000o\000f}{section.2.1}% 18
\BOOKMARK [2][]{subsection.2.1.3}{\376\377\0002\000.\0001\000.\0003\000\040\000B\000a\000y\000e\000s\000i\000a\000n\000-\000I\000n\000c\000e\000n\000t\000i\000v\000e\000-\000C\000o\000m\000p\000a\000t\000i\000b\000l\000e\000\040\000\050\000B\000I\000C\000\051}{section.2.1}% 19
\BOOKMARK [2][]{subsection.2.1.4}{\376\377\0002\000.\0001\000.\0004\000\040\000N\000e\000g\000a\000t\000i\000v\000e\000\040\000R\000e\000s\000u\000l\000t\000s\000:\000\040\000d\000i\000c\000t\000a\000t\000o\000r\000i\000a\000l\000\040\000S\000C\000F\000\040\000f}{section.2.1}% 20
\BOOKMARK [1][]{section.2.2}{\376\377\0002\000.\0002\000\040\000Q\000u\000a\000s\000i\000-\000l\000i\000n\000e\000a\000r\000\040\000M\000o\000d\000e\000l}{chapter.2}% 21
\BOOKMARK [2][]{subsection.2.2.1}{\376\377\0002\000.\0002\000.\0001\000\040\000V\000i\000c\000k\000r\000e\000y\000-\000C\000l\000a\000r\000k\000e\000-\000G\000r\000o\000v\000e\000s\000\040\000M\000e\000c\000h\000a\000n\000i\000s\000m}{section.2.2}% 22
\BOOKMARK [2][]{subsection.2.2.2}{\376\377\0002\000.\0002\000.\0002\000\040\000U\000n\000i\000q\000u\000e\000n\000e\000s\000s\000\040\000o\000f\000\040\000V\000C\000G\000\040\000M\000e\000c\000h\000a\000n\000i\000s\000m}{section.2.2}% 23
\BOOKMARK [2][]{subsection.2.2.3}{\376\377\0002\000.\0002\000.\0003\000\040\000B\000u\000d\000g\000e\000t\000\040\000B\000a\000l\000a\000n\000c\000e\000d\000n\000e\000s\000s\000\040\000o\000f\000\040\000V\000C\000G\000\040\000M\000e\000c\000h\000a\000n\000i\000s\000m}{section.2.2}% 24
\BOOKMARK [2][]{subsection.2.2.4}{\376\377\0002\000.\0002\000.\0004\000\040\000E\000x\000p\000e\000c\000t\000e\000d\000-\000e\000x\000t\000e\000r\000n\000a\000l\000i\000t\000y\000\040\000M\000e\000c\000h\000a\000n\000i\000s\000m\000\040\000\050\000B\000I\000C\000\040\000M\000e\000c\000h\000a\000n\000i\000s\000m\000\051}{section.2.2}% 25
\BOOKMARK [2][]{subsection.2.2.5}{\376\377\0002\000.\0002\000.\0005\000\040\000B\000u\000d\000g\000e\000t\000-\000B\000a\000l\000a\000n\000c\000e\000d\000\040\000E\000E\000\040\000M\000e\000c\000h\000a\000n\000i\000s\000m}{section.2.2}% 26
\BOOKMARK [2][]{subsection.2.2.6}{\376\377\0002\000.\0002\000.\0006\000\040\000L\000i\000n\000e\000a\000r\000\040\000U\000t\000i\000l\000i\000t\000y\000\040\000M\000o\000d\000e\000l}{section.2.2}% 27
\BOOKMARK [1][]{section.2.3}{\376\377\0002\000.\0003\000\040\000A\000u\000c\000t\000i\000o\000n}{chapter.2}% 28
\BOOKMARK [2][]{subsection.2.3.1}{\376\377\0002\000.\0003\000.\0001\000\040\000E\000x\000a\000m\000p\000l\000e\000s\000:\000\040\000A\000u\000c\000t\000i\000o\000n\000s\000\040\000w\000i\000t\000h\000\040\000C\000o\000m\000m\000o\000n\000-\000v\000a\000l\000u\000e}{section.2.3}% 29
\BOOKMARK [2][]{subsection.2.3.2}{\376\377\0002\000.\0003\000.\0002\000\040\000F\000i\000r\000s\000t\000\040\000/\000\040\000S\000e\000c\000o\000n\000d\000\040\000P\000r\000i\000c\000e\000\040\000S\000e\000a\000l\000e\000d\000-\000b\000i\000d\000\040\000A\000u\000c\000t\000i\000o\000n}{section.2.3}% 30
\BOOKMARK [1][]{section.2.4}{\376\377\0002\000.\0004\000\040\000R\000e\000v\000e\000n\000u\000e\000\040\000E\000q\000u\000i\000v\000a\000l\000e\000n\000c\000e\000\040\000T\000h\000e\000o\000r\000e\000m\000\040\000a\000n\000d\000\040\000O\000p\000t\000i\000m\000a\000l\000\040\000A\000u\000c\000t\000i\000o\000n\000s}{chapter.2}% 31
\BOOKMARK [2][]{subsection.2.4.1}{\376\377\0002\000.\0004\000.\0001\000\040\000I\000R\000,\000\040\000B\000I\000C\000,\000\040\000D\000i\000r\000e\000c\000t\000\040\000M\000e\000c\000h\000a\000n\000i\000s\000m}{section.2.4}% 32
\BOOKMARK [2][]{subsection.2.4.2}{\376\377\0002\000.\0004\000.\0002\000\040\000R\000e\000v\000e\000n\000u\000e\000\040\000E\000q\000u\000i\000v\000a\000l\000e\000n\000c\000e\000\040\000T\000h\000e\000o\000r\000e\000m}{section.2.4}% 33
\BOOKMARK [2][]{subsection.2.4.3}{\376\377\0002\000.\0004\000.\0003\000\040\000O\000p\000t\000i\000m\000a\000l\000\040\000A\000u\000c\000t\000i\000o\000n\000s}{section.2.4}% 34
\BOOKMARK [1][]{section.2.5}{\376\377\0002\000.\0005\000\040\000O\000t\000h\000e\000r\000s}{chapter.2}% 35
\BOOKMARK [2][]{subsection.2.5.1}{\376\377\0002\000.\0005\000.\0001\000\040\000O\000r\000d\000e\000r\000\040\000S\000t\000a\000t\000i\000s\000t\000i\000c\000s}{section.2.5}% 36
