\BOOKMARK [0][]{chapter.1}{\376\377\0001\000\040\000M\000e\000c\000h\000a\000n\000i\000s\000m\000\040\000D\000e\000s\000i\000g\000n}{}% 1
\BOOKMARK [1][]{section.1.1}{\376\377\0001\000.\0001\000\040\000S\000o\000c\000i\000a\000l\000\040\000C\000h\000o\000i\000c\000e\000\040\000F\000u\000n\000c\000t\000i\000o\000n\000/\000M\000e\000c\000h\000a\000n\000i\000s\000m}{chapter.1}% 2
\BOOKMARK [2][]{subsection.1.1.1}{\376\377\0001\000.\0001\000.\0001\000\040\000A\000r\000r\000o\000w\000'\000s\000\040\000T\000h\000e\000o\000r\000e\000m}{section.1.1}% 3
\BOOKMARK [1][]{section.1.2}{\376\377\0001\000.\0002\000\040\000M\000e\000c\000h\000a\000n\000i\000s\000m\000\040\000D\000e\000s\000i\000g\000n}{chapter.1}% 4
\BOOKMARK [2][]{subsection.1.2.1}{\376\377\0001\000.\0002\000.\0001\000\040\000I\000m\000p\000l\000e\000m\000e\000n\000t\000\040\000i\000n\000\040\000D\000o\000m\000i\000n\000a\000n\000t\000\040\000S\000t\000r\000a\000t\000e\000g\000i\000e\000s}{section.1.2}% 5
\BOOKMARK [2][]{subsection.1.2.2}{\376\377\0001\000.\0002\000.\0002\000\040\000D\000o\000m\000i\000n\000a\000n\000t\000-\000S\000t\000r\000a\000t\000e\000g\000y\000-\000I\000n\000c\000e\000n\000t\000i\000v\000e\000-\000C\000o\000m\000p\000a\000t\000i\000b\000l\000e\000\040\000\050\000D\000S\000I\000C\000\051\000/\000S\000t\000r\000a\000t\000e\000g\000y\000-\000P\000r\000o\000o\000f}{section.1.2}% 6
\BOOKMARK [2][]{subsection.1.2.3}{\376\377\0001\000.\0002\000.\0003\000\040\000B\000a\000y\000e\000s\000i\000a\000n\000-\000I\000n\000c\000e\000n\000t\000i\000v\000e\000-\000C\000o\000m\000p\000a\000t\000i\000b\000l\000e\000\040\000\050\000B\000I\000C\000\051}{section.1.2}% 7
\BOOKMARK [1][]{section.1.3}{\376\377\0001\000.\0003\000\040\000M\000o\000r\000e\000\040\000o\000n\000\040\000S\000o\000c\000i\000a\000l\000\040\000C\000h\000o\000i\000c\000e}{chapter.1}% 8
\BOOKMARK [2][]{subsection.1.3.1}{\376\377\0001\000.\0003\000.\0001\000\040\000G\000i\000b\000b\000a\000r\000d\000-\000S\000a\000t\000t\000e\000r\000t\000h\000w\000a\000i\000t\000e\000\040\000T\000h\000e\000o\000r\000e\000m\000:\000\040\000S\000t\000r\000a\000t\000e\000g\000y\000-\000p\000r\000o\000o\000f\000\040\000f\000\040\000\040\000D\000i\000c\000t\000a\000t\000o\000r\000i\000a\000l}{section.1.3}% 9
\BOOKMARK [2][]{subsection.1.3.2}{\376\377\0001\000.\0003\000.\0002\000\040\000H\000a\000r\000s\000a\000n\000y\000i\000'\000s\000\040\000\050\000P\000o\000s\000s\000i\000b\000i\000l\000i\000t\000y\000\051\000\040\000T\000h\000e\000o\000r\000e\000m}{section.1.3}% 10
\BOOKMARK [1][]{section.1.4}{\376\377\0001\000.\0004\000\040\000Q\000u\000a\000s\000i\000-\000l\000i\000n\000e\000a\000r\000\040\000M\000o\000d\000e\000l}{chapter.1}% 11
\BOOKMARK [2][]{subsection.1.4.1}{\376\377\0001\000.\0004\000.\0001\000\040\000V\000i\000c\000k\000r\000e\000y\000-\000C\000l\000a\000r\000k\000e\000-\000G\000r\000o\000v\000e\000s\000\040\000M\000e\000c\000h\000a\000n\000i\000s\000m}{section.1.4}% 12
\BOOKMARK [2][]{subsection.1.4.2}{\376\377\0001\000.\0004\000.\0002\000\040\000U\000n\000i\000q\000u\000e\000n\000e\000s\000s\000\040\000o\000f\000\040\000V\000C\000G\000\040\000M\000e\000c\000h\000a\000n\000i\000s\000m}{section.1.4}% 13
\BOOKMARK [2][]{subsection.1.4.3}{\376\377\0001\000.\0004\000.\0003\000\040\000B\000u\000d\000g\000e\000t\000\040\000B\000a\000l\000a\000n\000c\000e\000d\000n\000e\000s\000s\000\040\000o\000f\000\040\000V\000C\000G\000\040\000M\000e\000c\000h\000a\000n\000i\000s\000m}{section.1.4}% 14
\BOOKMARK [2][]{subsection.1.4.4}{\376\377\0001\000.\0004\000.\0004\000\040\000E\000x\000p\000e\000c\000t\000e\000d\000-\000e\000x\000t\000e\000r\000n\000a\000l\000i\000t\000y\000\040\000M\000e\000c\000h\000a\000n\000i\000s\000m\000\040\000\050\000B\000I\000C\000\040\000M\000e\000c\000h\000a\000n\000i\000s\000m\000\051}{section.1.4}% 15
\BOOKMARK [2][]{subsection.1.4.5}{\376\377\0001\000.\0004\000.\0005\000\040\000B\000u\000d\000g\000e\000t\000-\000B\000a\000l\000a\000n\000c\000e\000d\000\040\000E\000E\000\040\000M\000e\000c\000h\000a\000n\000i\000s\000m}{section.1.4}% 16
\BOOKMARK [2][]{subsection.1.4.6}{\376\377\0001\000.\0004\000.\0006\000\040\000L\000i\000n\000e\000a\000r\000\040\000U\000t\000i\000l\000i\000t\000y\000\040\000M\000o\000d\000e\000l}{section.1.4}% 17
\BOOKMARK [0][]{chapter.2}{\376\377\0002\000\040\000A\000u\000c\000t\000i\000o\000n}{}% 18
\BOOKMARK [1][]{section.2.1}{\376\377\0002\000.\0001\000\040\000A\000u\000c\000t\000i\000o\000n}{chapter.2}% 19
\BOOKMARK [2][]{subsection.2.1.1}{\376\377\0002\000.\0001\000.\0001\000\040\000E\000x\000a\000m\000p\000l\000e\000s\000:\000\040\000A\000u\000c\000t\000i\000o\000n\000s\000\040\000w\000i\000t\000h\000\040\000C\000o\000m\000m\000o\000n\000-\000v\000a\000l\000u\000e}{section.2.1}% 20
\BOOKMARK [2][]{subsection.2.1.2}{\376\377\0002\000.\0001\000.\0002\000\040\000F\000i\000r\000s\000t\000\040\000/\000\040\000S\000e\000c\000o\000n\000d\000\040\000P\000r\000i\000c\000e\000\040\000S\000e\000a\000l\000e\000d\000-\000b\000i\000d\000\040\000A\000u\000c\000t\000i\000o\000n}{section.2.1}% 21
\BOOKMARK [1][]{section.2.2}{\376\377\0002\000.\0002\000\040\000R\000e\000v\000e\000n\000u\000e\000\040\000E\000q\000u\000i\000v\000a\000l\000e\000n\000c\000e\000\040\000T\000h\000e\000o\000r\000e\000m\000\040\000a\000n\000d\000\040\000O\000p\000t\000i\000m\000a\000l\000\040\000A\000u\000c\000t\000i\000o\000n\000s}{chapter.2}% 22
\BOOKMARK [2][]{subsection.2.2.1}{\376\377\0002\000.\0002\000.\0001\000\040\000I\000R\000,\000\040\000B\000I\000C\000,\000\040\000D\000i\000r\000e\000c\000t\000\040\000M\000e\000c\000h\000a\000n\000i\000s\000m}{section.2.2}% 23
\BOOKMARK [2][]{subsection.2.2.2}{\376\377\0002\000.\0002\000.\0002\000\040\000R\000e\000v\000e\000n\000u\000e\000\040\000E\000q\000u\000i\000v\000a\000l\000e\000n\000c\000e\000\040\000T\000h\000e\000o\000r\000e\000m}{section.2.2}% 24
\BOOKMARK [2][]{subsection.2.2.3}{\376\377\0002\000.\0002\000.\0003\000\040\000O\000p\000t\000i\000m\000a\000l\000\040\000A\000u\000c\000t\000i\000o\000n\000s}{section.2.2}% 25
\BOOKMARK [1][]{section.2.3}{\376\377\0002\000.\0003\000\040\000A\000d\000d\000i\000t\000i\000o\000n\000a\000l\000\040\000b\000i\000d\000d\000e\000r\000s\000\040\000v\000s\000.\000\040\000o\000p\000t\000i\000m\000a\000l\000\040\000r\000e\000s\000e\000r\000v\000e\000\040\000p\000r\000i\000c\000e\000s}{chapter.2}% 26
\BOOKMARK [1][]{section.2.4}{\376\377\0002\000.\0004\000\040\000M\000y\000e\000r\000s\000o\000n\000-\000S\000a\000t\000t\000e\000r\000t\000h\000w\000a\000i\000t\000e\000\040\000T\000h\000e\000o\000r\000e\000m}{chapter.2}% 27
\BOOKMARK [1][]{section.2.5}{\376\377\0002\000.\0005\000\040\000E\000q\000u\000i\000l\000i\000b\000r\000i\000u\000m\000\040\000i\000n\000\040\000A\000u\000c\000t\000i\000o\000n\000s\000\040\000w\000i\000t\000h\000\040\000E\000n\000t\000r\000y}{chapter.2}% 28
