\BOOKMARK [0][]{chapter.1}{\376\377\0001\000\040\000P\000r\000e\000f\000e\000r\000e\000n\000c\000e\000\040\000a\000n\000d\000\040\000U\000t\000i\000l\000i\000t\000y\000\040\000F\000u\000n\000c\000t\000i\000o\000n}{}% 1
\BOOKMARK [1][]{section.1.1}{\376\377\0001\000.\0001\000\040\000P\000r\000e\000f\000e\000r\000e\000n\000c\000e\000s}{chapter.1}% 2
\BOOKMARK [2][]{subsection.1.1.1}{\376\377\0001\000.\0001\000.\0001\000\040\000P\000r\000e\000f\000e\000r\000e\000n\000c\000e\000\040\000R\000e\000l\000a\000t\000i\000o\000n}{section.1.1}% 3
\BOOKMARK [2][]{subsection.1.1.2}{\376\377\0001\000.\0001\000.\0002\000\040\000B\000a\000s\000i\000c\000\040\000A\000s\000s\000u\000m\000p\000t\000i\000o\000n\000s}{section.1.1}% 4
\BOOKMARK [2][]{subsection.1.1.3}{\376\377\0001\000.\0001\000.\0003\000\040\000R\000a\000t\000i\000o\000n\000a\000l\000\040\000P\000r\000e\000f\000e\000r\000e\000n\000c\000e}{section.1.1}% 5
\BOOKMARK [1][]{section.1.2}{\376\377\0001\000.\0002\000\040\000U\000t\000i\000l\000i\000t\000y\000\040\000F\000u\000n\000c\000t\000i\000o\000n}{chapter.1}% 6
\BOOKMARK [2][]{subsection.1.2.1}{\376\377\0001\000.\0002\000.\0001\000\040\000U\000t\000i\000l\000i\000t\000y\000\040\000F\000u\000n\000c\000t\000i\000o\000n\000\040\000\040\000R\000a\000t\000i\000o\000n\000a\000l\000\040\000P\000r\000e\000f\000e\000r\000e\000n\000c\000e}{section.1.2}% 7
\BOOKMARK [2][]{subsection.1.2.2}{\376\377\0001\000.\0002\000.\0002\000\040\000C\000o\000n\000v\000e\000x\000\040\000P\000r\000e\000f\000e\000r\000e\000n\000c\000e}{section.1.2}% 8
\BOOKMARK [2][]{subsection.1.2.3}{\376\377\0001\000.\0002\000.\0003\000\040\000C\000o\000n\000v\000e\000x\000\040\000P\000r\000e\000f\000e\000r\000e\000n\000c\000e\000\040\000\040\000Q\000u\000a\000s\000i\000c\000o\000n\000c\000a\000v\000e\000\040\000U\000t\000i\000l\000i\000t\000y\000\040\000F\000u\000n\000c\000t\000i\000o\000n}{section.1.2}% 9
\BOOKMARK [1][]{section.1.3}{\376\377\0001\000.\0003\000\040\000P\000r\000e\000f\000e\000r\000e\000n\000c\000e\000s\000\040\000o\000v\000e\000r\000\040\000N\000e\000a\000r\000b\000y\000\040\000B\000u\000n\000d\000l\000e\000s}{chapter.1}% 10
\BOOKMARK [2][]{subsection.1.3.1}{\376\377\0001\000.\0003\000.\0001\000\040\000M\000o\000n\000o\000t\000o\000n\000e\000\040\000P\000r\000e\000f\000e\000r\000e\000n\000c\000e}{section.1.3}% 11
\BOOKMARK [2][]{subsection.1.3.2}{\376\377\0001\000.\0003\000.\0002\000\040\000S\000t\000r\000o\000n\000g\000l\000y\000\040\000m\000o\000n\000o\000t\000o\000n\000e}{section.1.3}% 12
\BOOKMARK [2][]{subsection.1.3.3}{\376\377\0001\000.\0003\000.\0003\000\040\000L\000o\000c\000a\000l\000\040\000N\000o\000n\000-\000S\000a\000t\000i\000a\000t\000i\000o\000n}{section.1.3}% 13
\BOOKMARK [1][]{section.1.4}{\376\377\0001\000.\0004\000\040\000C\000o\000m\000m\000o\000n\000\040\000A\000s\000s\000u\000m\000p\000t\000i\000o\000n\000s\000\040\000o\000f\000\040\000P\000r\000e\000f\000e\000r\000e\000n\000c\000e}{chapter.1}% 14
\BOOKMARK [2][]{subsection.1.4.1}{\376\377\0001\000.\0004\000.\0001\000\040\000I\000n\000d\000e\000p\000e\000n\000d\000e\000n\000c\000e\000\040\000o\000f\000\040\000P\000r\000e\000f\000e\000r\000e\000n\000c\000e}{section.1.4}% 15
\BOOKMARK [2][]{subsection.1.4.2}{\376\377\0001\000.\0004\000.\0002\000\040\000C\000o\000n\000t\000i\000n\000u\000o\000u\000s\000\040\000P\000r\000e\000f\000e\000r\000e\000n\000c\000e}{section.1.4}% 16
\BOOKMARK [2][]{subsection.1.4.3}{\376\377\0001\000.\0004\000.\0003\000\040\000H\000o\000m\000o\000t\000h\000e\000t\000i\000c\000\040\000P\000r\000e\000f\000e\000r\000e\000n\000c\000e}{section.1.4}% 17
\BOOKMARK [2][]{subsection.1.4.4}{\376\377\0001\000.\0004\000.\0004\000\040\000Q\000u\000a\000s\000i\000-\000l\000i\000n\000e\000a\000r\000i\000t\000y}{section.1.4}% 18
\BOOKMARK [2][]{subsection.1.4.5}{\376\377\0001\000.\0004\000.\0005\000\040\000S\000e\000p\000a\000r\000a\000b\000i\000l\000i\000t\000y}{section.1.4}% 19
\BOOKMARK [2][]{subsection.1.4.6}{\376\377\0001\000.\0004\000.\0006\000\040\000D\000i\000f\000f\000e\000r\000e\000n\000t\000i\000a\000b\000l\000e\000\040\000P\000r\000e\000f\000e\000r\000e\000n\000c\000e}{section.1.4}% 20
\BOOKMARK [0][]{chapter.2}{\376\377\0002\000\040\000C\000h\000o\000i\000c\000e\000\040\000T\000h\000e\000o\000r\000y}{}% 21
\BOOKMARK [1][]{section.2.1}{\376\377\0002\000.\0001\000\040\000C\000h\000o\000i\000c\000e}{chapter.2}% 22
\BOOKMARK [2][]{subsection.2.1.1}{\376\377\0002\000.\0001\000.\0001\000\040\000C\000h\000o\000i\000c\000e}{section.2.1}% 23
\BOOKMARK [2][]{subsection.2.1.2}{\376\377\0002\000.\0001\000.\0002\000\040\000C\000h\000o\000i\000c\000e\000\040\000C\000o\000r\000r\000e\000s\000p\000o\000n\000d\000e\000n\000c\000e}{section.2.1}% 24
\BOOKMARK [2][]{subsection.2.1.3}{\376\377\0002\000.\0001\000.\0003\000\040\000W\000e\000a\000k\000\040\000A\000x\000i\000o\000m\000\040\000o\000f\000\040\000R\000e\000v\000e\000a\000l\000e\000d\000\040\000P\000r\000e\000f\000e\000r\000e\000n\000c\000e\000\040\000\050\000W\000A\000R\000P\000\051}{section.2.1}% 25
\BOOKMARK [1][]{section.2.2}{\376\377\0002\000.\0002\000\040\000C\000h\000o\000i\000c\000e\000\040\000u\000n\000d\000e\000r\000\040\000U\000n\000c\000e\000r\000t\000a\000i\000n\000t\000y}{chapter.2}% 26
\BOOKMARK [2][]{subsection.2.2.1}{\376\377\0002\000.\0002\000.\0001\000\040\000v\000o\000n\000\040\000N\000e\000u\000m\000a\000n\000n\000-\000M\000o\000r\000g\000e\000n\000s\000t\000e\000r\000n\000\040\000\050\000v\000N\000M\000\051}{section.2.2}% 27
\BOOKMARK [2][]{subsection.2.2.2}{\376\377\0002\000.\0002\000.\0002\000\040\000S\000a\000v\000a\000g\000e\000\040\000\050\0001\0009\0005\0004\000\051}{section.2.2}% 28
\BOOKMARK [1][]{section.2.3}{\376\377\0002\000.\0003\000\040\000S\000o\000c\000i\000a\000l\000\040\000C\000h\000o\000i\000c\000e}{chapter.2}% 29
\BOOKMARK [2][]{subsection.2.3.1}{\376\377\0002\000.\0003\000.\0001\000\040\000S\000o\000c\000i\000a\000l\000\040\000W\000e\000l\000f\000a\000r\000e\000\040\000F\000u\000n\000c\000t\000i\000o\000n\000\040\000a\000n\000d\000\040\000P\000r\000o\000p\000e\000r\000t\000i\000e\000s}{section.2.3}% 30
\BOOKMARK [2][]{subsection.2.3.2}{\376\377\0002\000.\0003\000.\0002\000\040\000A\000r\000r\000o\000w\000'\000s\000\040\000T\000h\000e\000o\000r\000e\000m}{section.2.3}% 31
\BOOKMARK [0][]{chapter.3}{\376\377\0003\000\040\000D\000e\000m\000a\000n\000d\000\040\000T\000h\000e\000o\000r\000y}{}% 32
\BOOKMARK [1][]{section.3.1}{\376\377\0003\000.\0001\000\040\000D\000e\000m\000a\000n\000d\000\040\000T\000h\000e\000o\000r\000y\000\040\000a\000n\000d\000\040\000E\000q\000u\000i\000l\000i\000b\000r\000i\000u\000m}{chapter.3}% 33
\BOOKMARK [0][]{chapter.4}{\376\377\0004\000\040\000G\000a\000m\000e\000\040\000T\000h\000e\000o\000r\000y}{}% 34
\BOOKMARK [1][]{section.4.1}{\376\377\0004\000.\0001\000\040\000B\000a\000s\000i\000c\000\040\000G\000a\000m\000e\000\040\000T\000h\000e\000o\000r\000y}{chapter.4}% 35
\BOOKMARK [2][]{subsection.4.1.1}{\376\377\0004\000.\0001\000.\0001\000\040\000G\000a\000m\000e\000,\000\040\000D\000o\000m\000i\000n\000a\000n\000t\000\040\000S\000t\000r\000a\000t\000e\000g\000y}{section.4.1}% 36
\BOOKMARK [2][]{subsection.4.1.2}{\376\377\0004\000.\0001\000.\0002\000\040\000N\000a\000s\000h\000\040\000E\000q\000u\000i\000l\000i\000b\000r\000i\000u\000m\000\040\000a\000n\000d\000\040\000E\000x\000i\000s\000t\000e\000n\000c\000e}{section.4.1}% 37
\BOOKMARK [2][]{subsection.4.1.3}{\376\377\0004\000.\0001\000.\0003\000\040\000B\000a\000y\000e\000s\000i\000a\000n\000\040\000G\000a\000m\000e}{section.4.1}% 38
\BOOKMARK [1][]{section.4.2}{\376\377\0004\000.\0002\000\040\000M\000e\000c\000h\000a\000n\000i\000s\000m\000\040\000D\000e\000s\000i\000g\000n}{chapter.4}% 39
\BOOKMARK [1][]{section.4.3}{\376\377\0004\000.\0003\000\040\000S\000i\000g\000n\000a\000l\000i\000n\000g\000\040\000G\000a\000m\000e}{chapter.4}% 40
\BOOKMARK [2][]{subsection.4.3.1}{\376\377\0004\000.\0003\000.\0001\000\040\000C\000a\000n\000o\000n\000i\000c\000a\000l\000\040\000G\000a\000m\000e}{section.4.3}% 41
\BOOKMARK [2][]{subsection.4.3.2}{\376\377\0004\000.\0003\000.\0002\000\040\000N\000a\000s\000h\000\040\000E\000q\000u\000i\000l\000i\000b\000r\000i\000u\000m}{section.4.3}% 42
\BOOKMARK [2][]{subsection.4.3.3}{\376\377\0004\000.\0003\000.\0003\000\040\000S\000i\000n\000g\000l\000e\000-\000c\000r\000o\000s\000s\000i\000n\000g}{section.4.3}% 43
\BOOKMARK [1][]{section.4.4}{\376\377\0004\000.\0004\000\040\000E\000q\000u\000i\000l\000i\000b\000r\000i\000u\000m\000\040\000R\000e\000f\000i\000n\000e\000m\000e\000n\000t}{chapter.4}% 44
\BOOKMARK [2][]{subsection.4.4.1}{\376\377\0004\000.\0004\000.\0001\000\040\000C\000h\000o\000-\000K\000r\000e\000p\000s\000\040\000I\000n\000t\000u\000i\000t\000i\000v\000e\000\040\000C\000r\000i\000t\000e\000r\000i\000o\000n}{section.4.4}% 45
\BOOKMARK [0][]{chapter.5}{\376\377\0005\000\040\000M\000a\000r\000k\000e\000t\000\040\000D\000e\000s\000i\000g\000n}{}% 46
\BOOKMARK [1][]{section.5.1}{\376\377\0005\000.\0001\000\040\000M\000a\000t\000c\000h\000i\000n\000g\000\040\000O\000n\000e\000-\000t\000o\000-\000O\000n\000e}{chapter.5}% 47
\BOOKMARK [2][]{subsection.5.1.1}{\376\377\0005\000.\0001\000.\0001\000\040\000M\000a\000t\000c\000h\000i\000n\000g\000\040\000M\000a\000r\000k\000e\000t\000s\000:\000\040\000O\000n\000e\000-\000t\000o\000-\000O\000n\000e}{section.5.1}% 48
\BOOKMARK [2][]{subsection.5.1.2}{\376\377\0005\000.\0001\000.\0002\000\040\000J\000o\000i\000n\000t\000\040\000a\000n\000d\000\040\000M\000e\000e\000t}{section.5.1}% 49
\BOOKMARK [2][]{subsection.5.1.3}{\376\377\0005\000.\0001\000.\0003\000\040\000S\000t\000r\000a\000t\000e\000g\000i\000c\000\040\000I\000n\000c\000e\000n\000t\000i\000v\000e\000s}{section.5.1}% 50
\BOOKMARK [1][]{section.5.2}{\376\377\0005\000.\0002\000\040\000M\000a\000t\000c\000h\000i\000n\000g\000\040\000M\000a\000n\000y\000-\000t\000o\000-\000M\000a\000n\000y}{chapter.5}% 51
\BOOKMARK [1][]{section.5.3}{\376\377\0005\000.\0003\000\040\000M\000a\000t\000c\000h\000i\000n\000g\000\040\000M\000a\000n\000y\000-\000t\000o\000-\000O\000n\000e}{chapter.5}% 52
\BOOKMARK [1][]{section.5.4}{\376\377\0005\000.\0004\000\040\000N\000e\000t\000w\000o\000r\000k\000s}{chapter.5}% 53
\BOOKMARK [1][]{section.5.5}{\376\377\0005\000.\0005\000\040\000C\000o\000r\000p\000o\000r\000a\000t\000e\000\040\000G\000a\000m\000e\000\040\000T\000h\000e\000o\000r\000y}{chapter.5}% 54
\BOOKMARK [2][]{subsection.5.5.1}{\376\377\0005\000.\0005\000.\0001\000\040\000C\000o\000r\000e\000\040\000o\000f\000\040\000C\000o\000r\000p\000o\000r\000a\000t\000e\000\040\000G\000a\000m\000e\000\040\000a\000n\000d\000\040\000F\000a\000r\000k\000a\000s\000'\000\040\000l\000e\000m\000m\000a}{section.5.5}% 55
\BOOKMARK [2][]{subsection.5.5.2}{\376\377\0005\000.\0005\000.\0002\000\040\000D\000o\000u\000b\000l\000y\000\040\000s\000t\000o\000c\000h\000a\000s\000t\000i\000c\000\040\000m\000a\000t\000r\000i\000x\000\040\000a\000n\000d\000\040\000B\000i\000r\000k\000h\000o\000f\000f\000-\000v\000o\000n\000\040\000N\000e\000u\000m\000a\000n\000n\000\040\000T\000h\000e\000o\000r\000e\000m}{section.5.5}% 56
\BOOKMARK [1][]{section.5.6}{\376\377\0005\000.\0006\000\040\000C\000o\000n\000s\000t\000r\000a\000i\000n\000e\000d\000\040\000D\000e\000m\000a\000n\000d\000\040\000T\000h\000e\000o\000r\000y}{chapter.5}% 57
\BOOKMARK [2][]{subsection.5.6.1}{\376\377\0005\000.\0006\000.\0001\000\040\000S\000u\000b\000s\000t\000i\000t\000u\000t\000e\000s\000\040\000V\000a\000l\000u\000a\000t\000i\000o\000n}{section.5.6}% 58
\BOOKMARK [2][]{subsection.5.6.2}{\376\377\0005\000.\0006\000.\0002\000\040\000I\000n\000c\000o\000m\000e\000\040\000E\000f\000f\000e\000c\000t}{section.5.6}% 59
\BOOKMARK [0][]{chapter.6}{\376\377\0006\000\040\000A\000u\000c\000t\000i\000o\000n}{}% 60
\BOOKMARK [1][]{section.6.1}{\376\377\0006\000.\0001\000\040\000E\000x\000a\000m\000p\000l\000e\000s}{chapter.6}% 61
\BOOKMARK [2][]{subsection.6.1.1}{\376\377\0006\000.\0001\000.\0001\000\040\000A\000u\000c\000t\000i\000o\000n\000s\000\040\000w\000i\000t\000h\000\040\000C\000o\000m\000m\000o\000n\000-\000v\000a\000l\000u\000e}{section.6.1}% 62
\BOOKMARK [1][]{section.6.2}{\376\377\0006\000.\0002\000\040\000O\000p\000t\000i\000m\000a\000l\000\040\000A\000u\000c\000t\000i\000o\000n\000s}{chapter.6}% 63
