\BOOKMARK [0][]{chapter.1}{\376\377\0001\000\040\000G\000a\000m\000e\000\040\000T\000h\000e\000o\000r\000y}{}% 1
\BOOKMARK [1][]{section.1.1}{\376\377\0001\000.\0001\000\040\000B\000a\000s\000i\000c\000\040\000G\000a\000m\000e\000\040\000T\000h\000e\000o\000r\000y}{chapter.1}% 2
\BOOKMARK [2][]{subsection.1.1.1}{\376\377\0001\000.\0001\000.\0001\000\040\000A\000c\000t\000i\000o\000n\000\040\000a\000n\000d\000\040\000D\000o\000m\000i\000n\000a\000t\000i\000o\000n\000\040\000T\000h\000e\000o\000r\000e\000m}{section.1.1}% 3
\BOOKMARK [2][]{subsection.1.1.2}{\376\377\0001\000.\0001\000.\0002\000\040\000E\000x\000t\000e\000n\000s\000i\000v\000e\000\040\000G\000a\000m\000e}{section.1.1}% 4
\BOOKMARK [2][]{subsection.1.1.3}{\376\377\0001\000.\0001\000.\0003\000\040\000S\000t\000r\000a\000t\000e\000g\000i\000c\000\040\000F\000o\000r\000m\000\040\000G\000a\000m\000e}{section.1.1}% 5
\BOOKMARK [2][]{subsection.1.1.4}{\376\377\0001\000.\0001\000.\0004\000\040\000N\000a\000s\000h\000\040\000E\000q\000u\000i\000l\000i\000b\000r\000i\000u\000m\000\040\000a\000n\000d\000\040\000E\000x\000i\000s\000t\000e\000n\000c\000e}{section.1.1}% 6
\BOOKMARK [2][]{subsection.1.1.5}{\376\377\0001\000.\0001\000.\0005\000\040\000B\000a\000y\000e\000s\000i\000a\000n\000\040\000G\000a\000m\000e}{section.1.1}% 7
\BOOKMARK [2][]{subsection.1.1.6}{\376\377\0001\000.\0001\000.\0006\000\040\000Z\000e\000r\000o\000-\000s\000u\000m\000\040\000G\000a\000m\000e}{section.1.1}% 8
\BOOKMARK [2][]{subsection.1.1.7}{\376\377\0001\000.\0001\000.\0007\000\040\000C\000o\000r\000r\000e\000l\000a\000t\000e\000d\000\040\000e\000q\000u\000i\000l\000i\000b\000r\000i\000u\000m}{section.1.1}% 9
\BOOKMARK [2][]{subsection.1.1.8}{\376\377\0001\000.\0001\000.\0008\000\040\000Q\000u\000a\000n\000t\000a\000l\000\040\000R\000e\000s\000p\000o\000n\000s\000e\000\040\000E\000q\000u\000i\000l\000i\000b\000r\000i\000u\000m}{section.1.1}% 10
\BOOKMARK [1][]{section.1.2}{\376\377\0001\000.\0002\000\040\000K\000n\000o\000w\000l\000e\000d\000g\000e\000\040\000a\000n\000d\000\040\000C\000o\000m\000m\000o\000n\000\040\000K\000n\000o\000w\000l\000e\000d\000g\000e}{chapter.1}% 11
\BOOKMARK [2][]{subsection.1.2.1}{\376\377\0001\000.\0002\000.\0001\000\040\000K\000n\000o\000w\000l\000e\000d\000g\000e\000\040\000a\000n\000d\000\040\000I\000n\000f\000o\000r\000m\000a\000t\000i\000o\000n}{section.1.2}% 12
\BOOKMARK [2][]{subsection.1.2.2}{\376\377\0001\000.\0002\000.\0002\000\040\000P\000a\000r\000t\000i\000t\000i\000o\000n\000a\000l\000\040\000I\000n\000f\000o\000r\000m\000a\000t\000i\000o\000n\000\040\000F\000u\000n\000c\000t\000i\000o\000n}{section.1.2}% 13
\BOOKMARK [2][]{subsection.1.2.3}{\376\377\0001\000.\0002\000.\0003\000\040\000S\000e\000l\000f\000-\000e\000v\000i\000d\000e\000n\000t\000\040\000a\000n\000d\000\040\000A\000l\000g\000e\000b\000r\000a}{section.1.2}% 14
\BOOKMARK [2][]{subsection.1.2.4}{\376\377\0001\000.\0002\000.\0004\000\040\000C\000o\000m\000m\000o\000n\000\040\000K\000n\000o\000w\000l\000e\000d\000g\000e}{section.1.2}% 15
\BOOKMARK [2][]{subsection.1.2.5}{\376\377\0001\000.\0002\000.\0005\000\040\000A\000p\000p\000l\000i\000c\000a\000t\000i\000o\000n\000:\000\040\000a\000g\000r\000e\000e\000i\000n\000g\000\040\000t\000o\000\040\000d\000i\000s\000a\000g\000r\000e\000e}{section.1.2}% 16
\BOOKMARK [1][]{section.1.3}{\376\377\0001\000.\0003\000\040\000R\000e\000f\000i\000n\000e\000m\000e\000n\000t}{chapter.1}% 17
\BOOKMARK [2][]{subsection.1.3.1}{\376\377\0001\000.\0003\000.\0001\000\040\000T\000r\000e\000m\000b\000l\000i\000n\000g\000-\000h\000a\000n\000d\000\040\000P\000e\000r\000f\000e\000c\000t\000\040\000E\000q\000u\000i\000l\000i\000b\000r\000i\000u\000m}{section.1.3}% 18
\BOOKMARK [2][]{subsection.1.3.2}{\376\377\0001\000.\0003\000.\0002\000\040\000F\000o\000r\000w\000a\000r\000d\000\040\000I\000n\000d\000u\000c\000t\000i\000o\000n\000:\000\040\000B\000u\000r\000n\000i\000n\000g\000\040\000M\000o\000n\000e\000y\000\040\000\050\000B\000e\000n\000-\000P\000o\000l\000a\000t\000h\000\040\000a\000n\000d\000\040\000D\000e\000k\000e\000l\000,\000\040\0001\0009\0009\0002\000\051}{section.1.3}% 19
\BOOKMARK [0][]{chapter.2}{\376\377\0002\000\040\000D\000y\000n\000a\000m\000i\000c\000\040\000G\000a\000m\000e\000s}{}% 20
\BOOKMARK [1][]{section.2.1}{\376\377\0002\000.\0001\000\040\000E\000x\000t\000e\000n\000s\000i\000v\000e\000-\000F\000o\000r\000m\000\040\000G\000a\000m\000e\000s\000\040\000w\000i\000t\000h\000\040\000P\000e\000r\000f\000e\000c\000t\000\040\000a\000n\000d\000\040\000C\000o\000m\000p\000l\000e\000t\000e\000\040\000I\000n\000f\000o\000r\000m\000a\000t\000i\000o\000n}{chapter.2}% 21
\BOOKMARK [2][]{subsection.2.1.1}{\376\377\0002\000.\0001\000.\0001\000\040\000M\000i\000x\000e\000d\000\040\000a\000n\000d\000\040\000B\000e\000h\000a\000v\000i\000o\000r\000a\000l\000\040\000S\000t\000r\000a\000t\000e\000g\000i\000e\000s}{section.2.1}% 22
\BOOKMARK [2][]{subsection.2.1.2}{\376\377\0002\000.\0001\000.\0002\000\040\000S\000u\000b\000g\000a\000m\000e\000\040\000P\000e\000r\000f\000e\000c\000t\000\040\000E\000q\000u\000i\000l\000i\000b\000r\000i\000u\000m}{section.2.1}% 23
\BOOKMARK [2][]{subsection.2.1.3}{\376\377\0002\000.\0001\000.\0003\000\040\000O\000n\000e\000-\000S\000t\000a\000g\000e\000\040\000D\000e\000v\000i\000a\000t\000i\000o\000n\000\040\000f\000o\000r\000\040\000F\000i\000n\000i\000t\000e\000\040\000a\000n\000d\000\040\000I\000n\000f\000i\000n\000i\000t\000e\000\040\000H\000o\000r\000i\000z\000o\000n\000\040\000G\000a\000m\000e\000s}{section.2.1}% 24
\BOOKMARK [1][]{section.2.2}{\376\377\0002\000.\0002\000\040\000R\000e\000p\000e\000a\000t\000e\000d\000\040\000G\000a\000m\000e\000s}{chapter.2}% 25
\BOOKMARK [2][]{subsection.2.2.1}{\376\377\0002\000.\0002\000.\0001\000\040\000N\000a\000s\000h\000\040\000R\000e\000v\000e\000r\000s\000i\000o\000n\000\040\000F\000o\000l\000k\000\040\000T\000h\000e\000o\000r\000e\000m\000\040\000\050\000I\000n\000f\000i\000n\000i\000t\000e\000\040\000H\000o\000r\000i\000z\000o\000n\000\051}{section.2.2}% 26
\BOOKMARK [2][]{subsection.2.2.2}{\376\377\0002\000.\0002\000.\0002\000\040\000G\000e\000n\000e\000r\000a\000l\000\040\000F\000o\000l\000k\000\040\000T\000h\000e\000o\000r\000e\000m}{section.2.2}% 27
\BOOKMARK [2][]{subsection.2.2.3}{\376\377\0002\000.\0002\000.\0003\000\040\000F\000o\000l\000k\000\040\000T\000h\000e\000o\000r\000e\000m\000\040\000i\000n\000\040\000F\000i\000n\000i\000t\000e\000\040\000H\000o\000r\000i\000z\000o\000n\000\040\000\050\000B\000e\000n\000o\000i\000t\000-\000K\000r\000i\000s\000h\000n\000a\000,\000\040\0001\0009\0008\0005\000\051}{section.2.2}% 28
\BOOKMARK [1][]{section.2.3}{\376\377\0002\000.\0003\000\040\000R\000e\000p\000e\000a\000t\000e\000d\000\040\000G\000a\000m\000e\000s\000\040\000w\000i\000t\000h\000\040\000I\000m\000p\000e\000r\000f\000e\000c\000t\000\040\000M\000o\000n\000i\000t\000o\000r\000i\000n\000g}{chapter.2}% 29
\BOOKMARK [2][]{subsection.2.3.1}{\376\377\0002\000.\0003\000.\0001\000\040\000P\000u\000b\000l\000i\000c\000\040\000M\000o\000n\000i\000t\000o\000r\000i\000n\000g\000\040\000S\000e\000t\000u\000p}{section.2.3}% 30
\BOOKMARK [2][]{subsection.2.3.2}{\376\377\0002\000.\0003\000.\0002\000\040\000P\000u\000b\000l\000i\000c\000\040\000S\000t\000r\000a\000t\000e\000g\000i\000e\000s}{section.2.3}% 31
\BOOKMARK [2][]{subsection.2.3.3}{\376\377\0002\000.\0003\000.\0003\000\040\000P\000e\000r\000f\000e\000c\000t\000\040\000P\000u\000b\000l\000i\000c\000\040\000E\000q\000u\000i\000l\000i\000b\000r\000i\000u\000m}{section.2.3}% 32
\BOOKMARK [2][]{subsection.2.3.4}{\376\377\0002\000.\0003\000.\0004\000\040\000U\000s\000i\000n\000g\000\040\000A\000P\000S\000:\000\040\000K\000a\000n\000d\000o\000r\000i\000\040\000\050\0001\0009\0009\0002\000\051\000\040\000I\000n\000f\000o\000r\000m\000a\000t\000i\000v\000e\000n\000e\000s\000s\000\040\000o\000f\000\040\000S\000i\000g\000n\000a\000l\000s}{section.2.3}% 33
\BOOKMARK [1][]{section.2.4}{\376\377\0002\000.\0004\000\040\000C\000o\000l\000l\000u\000s\000i\000o\000n\000\040\000i\000n\000\040\000D\000y\000n\000a\000m\000i\000c\000\040\000C\000o\000m\000p\000e\000t\000i\000t\000i\000o\000n}{chapter.2}% 34
\BOOKMARK [2][]{subsection.2.4.1}{\376\377\0002\000.\0004\000.\0001\000\040\000B\000a\000s\000i\000c\000\040\000M\000o\000d\000e\000l\000\040\000o\000f\000\040\000C\000o\000l\000l\000u\000s\000i\000o\000n}{section.2.4}% 35
\BOOKMARK [2][]{subsection.2.4.2}{\376\377\0002\000.\0004\000.\0002\000\040\000R\000o\000t\000e\000m\000b\000e\000r\000g\000\040\000\046\000\040\000S\000a\000l\000o\000n\000e\000r\000\040\000\050\0001\0009\0008\0006\000\051\000:\000\040\000C\000o\000l\000l\000u\000s\000i\000o\000n\000\040\000i\000n\000\040\000B\000o\000o\000m\000s\000\040\000a\000n\000d\000\040\000B\000u\000s\000t\000s}{section.2.4}% 36
\BOOKMARK [2][]{subsection.2.4.3}{\376\377\0002\000.\0004\000.\0003\000\040\000G\000r\000e\000e\000n\000\040\000\046\000\040\000P\000o\000r\000t\000e\000r\000\040\000\050\0001\0009\0008\0004\000\051\000:\000\040\000I\000m\000p\000e\000r\000f\000e\000c\000t\000\040\000M\000o\000n\000i\000t\000o\000r\000i\000n\000g}{section.2.4}% 37
\BOOKMARK [0][]{chapter.3}{\376\377\0003\000\040\000S\000i\000g\000n\000a\000l\000i\000n\000g}{}% 38
\BOOKMARK [1][]{section.3.1}{\376\377\0003\000.\0001\000\040\000S\000i\000g\000n\000a\000l\000i\000n\000g\000\040\000G\000a\000m\000e}{chapter.3}% 39
\BOOKMARK [2][]{subsection.3.1.1}{\376\377\0003\000.\0001\000.\0001\000\040\000C\000a\000n\000o\000n\000i\000c\000a\000l\000\040\000G\000a\000m\000e}{section.3.1}% 40
\BOOKMARK [2][]{subsection.3.1.2}{\376\377\0003\000.\0001\000.\0002\000\040\000N\000a\000s\000h\000\040\000E\000q\000u\000i\000l\000i\000b\000r\000i\000u\000m}{section.3.1}% 41
\BOOKMARK [2][]{subsection.3.1.3}{\376\377\0003\000.\0001\000.\0003\000\040\000S\000i\000n\000g\000l\000e\000-\000c\000r\000o\000s\000s\000i\000n\000g}{section.3.1}% 42
\BOOKMARK [1][]{section.3.2}{\376\377\0003\000.\0002\000\040\000A\000d\000v\000e\000r\000s\000e\000\040\000S\000e\000l\000e\000c\000t\000i\000o\000n}{chapter.3}% 43
\BOOKMARK [2][]{subsection.3.2.1}{\376\377\0003\000.\0002\000.\0001\000\040\000A\000d\000v\000e\000r\000s\000e\000\040\000S\000e\000l\000e\000c\000t\000i\000o\000n}{section.3.2}% 44
\BOOKMARK [2][]{subsection.3.2.2}{\376\377\0003\000.\0002\000.\0002\000\040\000G\000a\000m\000e\000\040\000T\000h\000e\000o\000r\000e\000t\000i\000c\000a\000l\000\040\000A\000p\000p\000r\000o\000a\000c\000h}{section.3.2}% 45
\BOOKMARK [2][]{subsection.3.2.3}{\376\377\0003\000.\0002\000.\0003\000\040\000P\000l\000a\000n\000n\000e\000r\000\040\000I\000n\000t\000e\000r\000v\000e\000n\000t\000i\000o\000n}{section.3.2}% 46
\BOOKMARK [2][]{subsection.3.2.4}{\376\377\0003\000.\0002\000.\0004\000\040\000S\000i\000g\000n\000a\000l\000i\000n\000g}{section.3.2}% 47
\BOOKMARK [2][]{subsection.3.2.5}{\376\377\0003\000.\0002\000.\0005\000\040\000C\000h\000o\000-\000K\000r\000e\000p\000s\000\040\000I\000n\000t\000u\000i\000t\000i\000v\000e\000\040\000C\000r\000i\000t\000e\000r\000i\000o\000n}{section.3.2}% 48
\BOOKMARK [2][]{subsection.3.2.6}{\376\377\0003\000.\0002\000.\0006\000\040\000G\000r\000o\000s\000s\000m\000a\000n\000-\000P\000e\000r\000r\000y\000-\000F\000a\000r\000r\000e\000l\000l\000\040\000E\000q\000u\000i\000l\000i\000b\000r\000i\000u\000m}{section.3.2}% 49
\BOOKMARK [0][]{chapter.4}{\376\377\0004\000\040\000S\000c\000r\000e\000e\000n\000i\000n\000g}{}% 50
\BOOKMARK [1][]{section.4.1}{\376\377\0004\000.\0001\000\040\000S\000c\000r\000e\000e\000n\000i\000n\000g\000\040\000M\000o\000d\000e\000l}{chapter.4}% 51
\BOOKMARK [0][]{chapter.5}{\376\377\0005\000\040\000B\000a\000r\000g\000a\000i\000n\000i\000n\000g}{}% 52
\BOOKMARK [1][]{section.5.1}{\376\377\0005\000.\0001\000\040\000A\000x\000i\000o\000m\000a\000t\000i\000c\000\040\000C\000o\000m\000p\000l\000e\000t\000e\000\040\000I\000n\000f\000o\000r\000m\000a\000t\000i\000o\000n\000\040\000B\000a\000r\000g\000a\000i\000n\000i\000n\000g}{chapter.5}% 53
\BOOKMARK [2][]{subsection.5.1.1}{\376\377\0005\000.\0001\000.\0001\000\040\000B\000i\000l\000a\000t\000e\000r\000a\000l\000\040\000N\000e\000g\000o\000t\000i\000a\000t\000i\000o\000n\000s}{section.5.1}% 54
\BOOKMARK [2][]{subsection.5.1.2}{\376\377\0005\000.\0001\000.\0002\000\040\000N\000a\000s\000h\000\040\000B\000a\000r\000g\000a\000i\000n\000i\000n\000g\000\040\000S\000o\000l\000u\000t\000i\000o\000n}{section.5.1}% 55
\BOOKMARK [2][]{subsection.5.1.3}{\376\377\0005\000.\0001\000.\0003\000\040\000R\000u\000b\000i\000n\000s\000t\000e\000i\000n\000'\000s\000\040\000A\000l\000t\000e\000r\000n\000a\000t\000i\000n\000g\000-\000O\000f\000f\000e\000r\000s\000\040\000M\000o\000d\000e\000l}{section.5.1}% 56
\BOOKMARK [2][]{subsection.5.1.4}{\376\377\0005\000.\0001\000.\0004\000\040\000M\000u\000l\000t\000i\000p\000l\000e\000\040\000S\000i\000m\000u\000l\000t\000a\000n\000e\000o\000u\000s\000\040\000N\000e\000g\000o\000t\000i\000a\000t\000i\000o\000n\000s\000\040\000\050\000N\000a\000s\000h\000-\000i\000n\000-\000N\000a\000s\000h\000\051}{section.5.1}% 57
\BOOKMARK [1][]{section.5.2}{\376\377\0005\000.\0002\000\040\000I\000n\000c\000o\000m\000p\000l\000e\000t\000e\000\040\000I\000n\000f\000o\000r\000m\000a\000t\000i\000o\000n\000\040\000B\000a\000r\000g\000a\000i\000n\000i\000n\000g}{chapter.5}% 58
\BOOKMARK [2][]{subsection.5.2.1}{\376\377\0005\000.\0002\000.\0001\000\040\000B\000i\000l\000a\000t\000e\000r\000a\000l\000\040\000T\000r\000a\000d\000e\000\040\000w\000i\000t\000h\000\040\000I\000n\000c\000o\000m\000p\000l\000e\000t\000e\000\040\000I\000n\000f\000o\000r\000m\000a\000t\000i\000o\000n}{section.5.2}% 59
\BOOKMARK [2][]{subsection.5.2.2}{\376\377\0005\000.\0002\000.\0002\000\040\000k\000-\000D\000o\000u\000b\000l\000e\000\040\000A\000u\000c\000t\000i\000o\000n}{section.5.2}% 60
\BOOKMARK [2][]{subsection.5.2.3}{\376\377\0005\000.\0002\000.\0003\000\040\000B\000a\000r\000g\000a\000i\000n\000i\000n\000g\000\040\000P\000o\000w\000e\000r\000\040\000i\000n\000\040\000k\000-\000D\000o\000u\000b\000l\000e\000\040\000A\000u\000c\000t\000i\000o\000n}{section.5.2}% 61
\BOOKMARK [1][]{section.5.3}{\376\377\0005\000.\0003\000\040\000P\000a\000y\000\040\000T\000r\000a\000n\000s\000p\000a\000r\000e\000n\000c\000y\000\040\000a\000n\000d\000\040\000R\000e\000p\000u\000t\000a\000t\000i\000o\000n\000\040\000\050\000V\000a\000l\000e\000n\000z\000u\000e\000l\000a\000-\000S\000t\000o\000o\000k\000e\000y\000,\000\040\0002\0000\0002\0003\000\051}{chapter.5}% 62
\BOOKMARK [2][]{subsection.5.3.1}{\376\377\0005\000.\0003\000.\0001\000\040\000M\000o\000d\000e\000l\000\040\000S\000e\000t\000u\000p}{section.5.3}% 63
\BOOKMARK [2][]{subsection.5.3.2}{\376\377\0005\000.\0003\000.\0002\000\040\000T\000i\000m\000i\000n\000g}{section.5.3}% 64
\BOOKMARK [2][]{subsection.5.3.3}{\376\377\0005\000.\0003\000.\0003\000\040\000E\000q\000u\000i\000l\000i\000b\000r\000i\000u\000m\000\040\000A\000n\000a\000l\000y\000s\000i\000s}{section.5.3}% 65
\BOOKMARK [2][]{subsection.5.3.4}{\376\377\0005\000.\0003\000.\0004\000\040\000I\000m\000p\000l\000i\000c\000a\000t\000i\000o\000n\000s}{section.5.3}% 66
\BOOKMARK [1][]{section.5.4}{\376\377\0005\000.\0004\000\040\000S\000t\000r\000a\000t\000e\000g\000i\000c\000\040\000D\000e\000l\000a\000y\000\040\000i\000n\000\040\000B\000a\000r\000g\000a\000i\000n\000i\000n\000g\000\040\000w\000i\000t\000h\000\040\000T\000w\000o\000-\000S\000i\000d\000e\000d\000\040\000U\000n\000c\000e\000r\000t\000a\000i\000n\000t\000y\000\040\000\050\000C\000r\000a\000m\000t\000o\000n\000,\000\040\0001\0009\0009\0002\000\051}{chapter.5}% 67
