\BOOKMARK [0][]{chapter.1}{\376\377\0001\000\040\000P\000r\000i\000c\000i\000n\000g}{}% 1
\BOOKMARK [1][]{section.1.1}{\376\377\0001\000.\0001\000\040\000M\000o\000n\000o\000p\000o\000l\000y}{chapter.1}% 2
\BOOKMARK [2][]{subsection.1.1.1}{\376\377\0001\000.\0001\000.\0001\000\040\000B\000a\000s\000e\000\040\000C\000a\000s\000e}{section.1.1}% 3
\BOOKMARK [2][]{subsection.1.1.2}{\376\377\0001\000.\0001\000.\0002\000\040\000M\000u\000l\000t\000i\000p\000l\000e\000\040\000P\000r\000o\000d\000u\000c\000t\000s}{section.1.1}% 4
\BOOKMARK [2][]{subsection.1.1.3}{\376\377\0001\000.\0001\000.\0003\000\040\000D\000u\000r\000a\000b\000l\000e\000\040\000G\000o\000o\000d\000s}{section.1.1}% 5
\BOOKMARK [2][]{subsection.1.1.4}{\376\377\0001\000.\0001\000.\0004\000\040\000L\000e\000a\000r\000n\000i\000n\000g\000\040\000D\000e\000m\000a\000n\000d}{section.1.1}% 6
\BOOKMARK [1][]{section.1.2}{\376\377\0001\000.\0002\000\040\000S\000h\000o\000r\000t\000-\000r\000u\000n\000\040\000C\000o\000m\000p\000e\000t\000i\000t\000i\000o\000n}{chapter.1}% 7
\BOOKMARK [2][]{subsection.1.2.1}{\376\377\0001\000.\0002\000.\0001\000\040\000B\000e\000r\000t\000r\000a\000n\000d\000\040\000P\000a\000r\000a\000d\000o\000x}{section.1.2}% 8
\BOOKMARK [2][]{subsection.1.2.2}{\376\377\0001\000.\0002\000.\0002\000\040\000S\000t\000a\000t\000i\000c\000\040\000S\000o\000l\000u\000t\000i\000o\000n\000\040\000t\000o\000\040\000B\000e\000r\000t\000r\000a\000n\000d\000\040\000P\000a\000r\000a\000d\000o\000x}{section.1.2}% 9
\BOOKMARK [0][]{chapter.2}{\376\377\0002\000\040\000S\000e\000a\000r\000c\000h}{}% 10
\BOOKMARK [1][]{section.2.1}{\376\377\0002\000.\0001\000\040\000O\000p\000t\000i\000m\000a\000l\000\040\000S\000e\000a\000r\000c\000h}{chapter.2}% 11
\BOOKMARK [2][]{subsection.2.1.1}{\376\377\0002\000.\0001\000.\0001\000\040\000I\000n\000d\000i\000v\000i\000d\000u\000a\000l\000\040\000C\000h\000o\000i\000c\000e}{section.2.1}% 12
\BOOKMARK [2][]{subsection.2.1.2}{\376\377\0002\000.\0001\000.\0002\000\040\000H\000o\000m\000o\000g\000e\000n\000e\000o\000u\000s\000\040\000M\000a\000r\000k\000e\000t\000s}{section.2.1}% 13
\BOOKMARK [2][]{subsection.2.1.3}{\376\377\0002\000.\0001\000.\0003\000\040\000S\000o\000l\000u\000t\000i\000o\000n\000s\000\040\000f\000o\000r\000\040\000D\000i\000a\000m\000o\000n\000d\000\040\000P\000a\000r\000a\000d\000o\000x}{section.2.1}% 14
\BOOKMARK [2][]{subsection.2.1.4}{\376\377\0002\000.\0001\000.\0004\000\040\000c\000h\000o\000i\0002\0000\0001\0008\000c\000o\000n\000s\000u\000m\000e\000r}{section.2.1}% 15
\BOOKMARK [2][]{subsection.2.1.5}{\376\377\0002\000.\0001\000.\0005\000\040\000k\000u\000k\000s\000o\000v\0002\0000\0000\0006\000s\000e\000a\000r\000c\000h\000:\000\040\000L\000a\000c\000k\000\040\000o\000f\000\040\000C\000o\000m\000m\000o\000n\000\040\000K\000n\000o\000w\000l\000e\000d\000g\000e}{section.2.1}% 16
\BOOKMARK [2][]{subsection.2.1.6}{\376\377\0002\000.\0001\000.\0006\000\040\000k\000u\000k\000s\000o\000v\0002\0000\0001\0000\000m\000o\000r\000e\000:\000\040\000A\000l\000t\000e\000r\000n\000a\000t\000i\000v\000e\000\040\000O\000v\000e\000r\000l\000o\000a\000d}{section.2.1}% 17
\BOOKMARK [1][]{section.2.2}{\376\377\0002\000.\0002\000\040\000S\000e\000a\000r\000c\000h\000\040\000f\000o\000r\000\040\000I\000n\000f\000o\000r\000m\000a\000t\000i\000o\000n}{chapter.2}% 18
\BOOKMARK [2][]{subsection.2.2.1}{\376\377\0002\000.\0002\000.\0001\000\040\000M\000u\000l\000t\000i\000p\000l\000e\000\040\000A\000t\000t\000r\000i\000b\000u\000t\000e\000s}{section.2.2}% 19
\BOOKMARK [2][]{subsection.2.2.2}{\376\377\0002\000.\0002\000.\0002\000\040\000D\000i\000s\000c\000o\000u\000n\000t\000i\000n\000g}{section.2.2}% 20
\BOOKMARK [2][]{subsection.2.2.3}{\376\377\0002\000.\0002\000.\0003\000\040\000S\000i\000g\000n\000a\000l\000s\000\040\000o\000f\000\040\000V\000a\000l\000u\000e\000\040\000o\000f\000\040\000P\000r\000o\000d\000u\000c\000t\000s\000\040\000\050\000h\000e\000t\000e\000r\000o\000g\000e\000n\000e\000o\000u\000s\000\040\000a\000t\000t\000r\000i\000b\000u\000t\000e\000s\000\051}{section.2.2}% 21
\BOOKMARK [2][]{subsection.2.2.4}{\376\377\0002\000.\0002\000.\0004\000\040\000F\000i\000n\000i\000t\000e\000\040\000M\000a\000s\000s\000\040\000o\000f\000\040\000A\000t\000t\000r\000i\000b\000u\000t\000e\000s\000:\000\040\000T}{section.2.2}% 22
\BOOKMARK [2][]{subsection.2.2.5}{\376\377\0002\000.\0002\000.\0005\000\040\000F\000i\000n\000i\000t\000e\000\040\000M\000a\000s\000s\000\040\000a\000n\000d\000\040\000H\000e\000t\000e\000r\000o\000g\000e\000n\000e\000o\000u\000s\000\040\000A\000t\000t\000r\000i\000b\000u\000t\000e\000s}{section.2.2}% 23
\BOOKMARK [2][]{subsection.2.2.6}{\376\377\0002\000.\0002\000.\0006\000\040\000C\000h\000o\000o\000s\000i\000n\000g\000\040\000S\000e\000a\000r\000c\000h\000\040\000I\000n\000t\000e\000n\000s\000i\000t\000y}{section.2.2}% 24
\BOOKMARK [2][]{subsection.2.2.7}{\376\377\0002\000.\0002\000.\0007\000\040\000I\000n\000f\000o\000r\000m\000a\000t\000i\000o\000n\000\040\000O\000v\000e\000r\000l\000o\000a\000d}{section.2.2}% 25
\BOOKMARK [2][]{subsection.2.2.8}{\376\377\0002\000.\0002\000.\0008\000\040\000S\000e\000a\000r\000c\000h\000\040\000f\000o\000r\000\040\000i\000n\000f\000o\000r\000m\000a\000t\000i\000o\000n\000\040\000o\000f\000\040\000M\000u\000l\000t\000i\000p\000l\000e\000\040\000P\000r\000o\000d\000u\000c\000t\000s}{section.2.2}% 26
\BOOKMARK [0][]{chapter.3}{\376\377\0003\000\040\000D\000y\000n\000a\000m\000i\000c\000\040\000C\000o\000m\000p\000e\000t\000i\000t\000i\000o\000n}{}% 27
\BOOKMARK [1][]{section.3.1}{\376\377\0003\000.\0001\000\040\000C\000o\000m\000p\000e\000t\000i\000t\000i\000o\000n\000\040\000w\000i\000t\000h\000\040\000M\000u\000l\000t\000i\000p\000l\000e\000\040\000P\000r\000o\000d\000u\000c\000t\000s}{chapter.3}% 28
\BOOKMARK [2][]{subsection.3.1.1}{\376\377\0003\000.\0001\000.\0001\000\040\000B\000e\000r\000t\000r\000a\000n\000d\000\040\000S\000u\000p\000e\000r\000t\000r\000a\000p\000s}{section.3.1}% 29
\BOOKMARK [2][]{subsection.3.1.2}{\376\377\0003\000.\0001\000.\0002\000\040\000T\000w\000o\000-\000S\000i\000d\000e\000d\000\040\000M\000a\000r\000k\000e\000t\000s}{section.3.1}% 30
\BOOKMARK [1][]{section.3.2}{\376\377\0003\000.\0002\000\040\000D\000y\000n\000a\000m\000i\000c\000\040\000C\000o\000m\000p\000e\000t\000i\000t\000i\000o\000n}{chapter.3}% 31
\BOOKMARK [2][]{subsection.3.2.1}{\376\377\0003\000.\0002\000.\0001\000\040\000I\000n\000f\000i\000n\000i\000t\000e\000\040\000P\000e\000r\000i\000o\000d\000s}{section.3.2}% 32
\BOOKMARK [2][]{subsection.3.2.2}{\376\377\0003\000.\0002\000.\0002\000\040\000E\000m\000p\000i\000r\000i\000c\000a\000l\000\040\000A\000n\000a\000l\000y\000s\000i\000s}{section.3.2}% 33
\BOOKMARK [2][]{subsection.3.2.3}{\376\377\0003\000.\0002\000.\0003\000\040\000M\000a\000r\000k\000e\000t\000\040\000C\000o\000n\000t\000i\000n\000u\000e\000\040\000w\000i\000t\000h\000\040\000P\000r\000o\000b\000a\000b\000i\000l\000i\000t\000y\000\040\000x}{section.3.2}% 34
\BOOKMARK [1][]{section.3.3}{\376\377\0003\000.\0003\000\040\000R\000e\000p\000e\000a\000t\000e\000d\000\040\000G\000a\000m\000e}{chapter.3}% 35
\BOOKMARK [2][]{subsection.3.3.1}{\376\377\0003\000.\0003\000.\0001\000\040\000R\000e\000p\000u\000t\000a\000t\000i\000o\000n}{section.3.3}% 36
\BOOKMARK [2][]{subsection.3.3.2}{\376\377\0003\000.\0003\000.\0002\000\040\000M\000u\000l\000t\000i\000p\000l\000e\000\040\000E\000q\000u\000i\000l\000i\000b\000r\000i\000a}{section.3.3}% 37
\BOOKMARK [1][]{section.3.4}{\376\377\0003\000.\0004\000\040\000M\000a\000r\000k\000o\000v\000\040\000P\000e\000r\000f\000e\000c\000t\000\040\000E\000q\000u\000i\000l\000i\000b\000r\000i\000u\000m}{chapter.3}% 38
\BOOKMARK [2][]{subsection.3.4.1}{\376\377\0003\000.\0004\000.\0001\000\040\000S\000w\000i\000t\000c\000h\000i\000n\000g\000\040\000C\000o\000s\000t\000s}{section.3.4}% 39
\BOOKMARK [2][]{subsection.3.4.2}{\376\377\0003\000.\0004\000.\0002\000\040\000E\000x\000p\000e\000r\000i\000e\000n\000c\000e\000\040\000G\000o\000o\000d\000s}{section.3.4}% 40
\BOOKMARK [1][]{section.3.5}{\376\377\0003\000.\0005\000\040\000P\000r\000i\000c\000e\000\040\000D\000i\000s\000c\000r\000i\000m\000i\000n\000a\000t\000i\000o\000n}{chapter.3}% 41
\BOOKMARK [2][]{subsection.3.5.1}{\376\377\0003\000.\0005\000.\0001\000\040\000F\000i\000r\000s\000t\000\040\000D\000e\000g\000r\000e\000e\000\040\000P\000r\000i\000c\000e\000\040\000D\000i\000s\000c\000r\000i\000m\000i\000n\000a\000t\000i\000o\000n\000\040\000\050\000P\000e\000r\000f\000e\000c\000t\000\051}{section.3.5}% 42
\BOOKMARK [2][]{subsection.3.5.2}{\376\377\0003\000.\0005\000.\0002\000\040\000T\000h\000i\000r\000d\000\040\000D\000e\000g\000r\000e\000e\000\040\000P\000r\000i\000c\000e\000\040\000D\000i\000s\000c\000r\000i\000m\000i\000n\000a\000t\000i\000o\000n\000\040\000\050\000E\000x\000t\000e\000r\000n\000a\000l\000\040\000S\000i\000g\000n\000a\000l\000\051}{section.3.5}% 43
\BOOKMARK [2][]{subsection.3.5.3}{\376\377\0003\000.\0005\000.\0003\000\040\000S\000e\000c\000o\000n\000d\000\040\000D\000e\000g\000r\000e\000e\000\040\000P\000r\000i\000c\000e\000\040\000D\000i\000s\000c\000r\000i\000m\000i\000n\000a\000t\000i\000o\000n\000\040\000\050\000S\000e\000l\000f\000-\000S\000e\000l\000e\000c\000t\000i\000o\000n\000\051}{section.3.5}% 44
