\BOOKMARK [0][]{chapter.1}{\376\377\0001\000\040\000M\000a\000r\000k\000e\000t\000\040\000D\000e\000s\000i\000g\000n}{}% 1
\BOOKMARK [1][]{section.1.1}{\376\377\0001\000.\0001\000\040\000M\000a\000t\000c\000h\000i\000n\000g\000\040\000O\000n\000e\000-\000t\000o\000-\000O\000n\000e}{chapter.1}% 2
\BOOKMARK [2][]{subsection.1.1.1}{\376\377\0001\000.\0001\000.\0001\000\040\000M\000a\000t\000c\000h\000i\000n\000g\000\040\000M\000a\000r\000k\000e\000t\000s\000:\000\040\000O\000n\000e\000-\000t\000o\000-\000O\000n\000e}{section.1.1}% 3
\BOOKMARK [2][]{subsection.1.1.2}{\376\377\0001\000.\0001\000.\0002\000\040\000J\000o\000i\000n\000t\000\040\000a\000n\000d\000\040\000M\000e\000e\000t}{section.1.1}% 4
\BOOKMARK [2][]{subsection.1.1.3}{\376\377\0001\000.\0001\000.\0003\000\040\000S\000t\000r\000a\000t\000e\000g\000i\000c\000\040\000I\000n\000c\000e\000n\000t\000i\000v\000e\000s}{section.1.1}% 5
\BOOKMARK [1][]{section.1.2}{\376\377\0001\000.\0002\000\040\000M\000a\000t\000c\000h\000i\000n\000g\000\040\000M\000a\000n\000y\000-\000t\000o\000-\000M\000a\000n\000y}{chapter.1}% 6
\BOOKMARK [1][]{section.1.3}{\376\377\0001\000.\0003\000\040\000M\000a\000t\000c\000h\000i\000n\000g\000\040\000M\000a\000n\000y\000-\000t\000o\000-\000O\000n\000e}{chapter.1}% 7
\BOOKMARK [1][]{section.1.4}{\376\377\0001\000.\0004\000\040\000N\000e\000t\000w\000o\000r\000k\000s}{chapter.1}% 8
\BOOKMARK [1][]{section.1.5}{\376\377\0001\000.\0005\000\040\000C\000o\000r\000p\000o\000r\000a\000t\000e\000\040\000G\000a\000m\000e\000\040\000T\000h\000e\000o\000r\000y}{chapter.1}% 9
\BOOKMARK [2][]{subsection.1.5.1}{\376\377\0001\000.\0005\000.\0001\000\040\000C\000o\000r\000e}{section.1.5}% 10
\BOOKMARK [2][]{subsection.1.5.2}{\376\377\0001\000.\0005\000.\0002\000\040\000B\000o\000n\000d\000a\000r\000e\000v\000a\000-\000S\000h\000a\000p\000l\000e\000y\000\040\000T\000h\000e\000o\000r\000e\000m\000:\000\040\000S\000u\000f\000f\000i\000c\000i\000e\000n\000t\000\040\000a\000n\000d\000\040\000N\000e\000c\000e\000s\000s\000a\000r\000y\000\040\000C\000o\000n\000d\000i\000t\000i\000o\000n\000\040\000f\000o\000r\000\040\000N\000o\000n\000e\000m\000p\000t\000y\000\040\000C\000o\000r\000e\000s}{section.1.5}% 11
\BOOKMARK [2][]{subsection.1.5.3}{\376\377\0001\000.\0005\000.\0003\000\040\000C\000o\000n\000v\000e\000x\000\040\000G\000a\000m\000e\000s\000\040\000H\000a\000v\000e\000\040\000N\000o\000n\000e\000m\000p\000t\000y\000\040\000C\000o\000r\000e\000s}{section.1.5}% 12
\BOOKMARK [1][]{section.1.6}{\376\377\0001\000.\0006\000\040}{chapter.1}% 13
\BOOKMARK [2][]{subsection.1.6.1}{\376\377\0001\000.\0006\000.\0001\000\040\000D\000o\000u\000b\000l\000y\000\040\000s\000t\000o\000c\000h\000a\000s\000t\000i\000c\000\040\000m\000a\000t\000r\000i\000x\000\040\000a\000n\000d\000\040\000B\000i\000r\000k\000h\000o\000f\000f\000-\000v\000o\000n\000\040\000N\000e\000u\000m\000a\000n\000n\000\040\000T\000h\000e\000o\000r\000e\000m}{section.1.6}% 14
\BOOKMARK [1][]{section.1.7}{\376\377\0001\000.\0007\000\040\000C\000o\000n\000s\000t\000r\000a\000i\000n\000e\000d\000\040\000D\000e\000m\000a\000n\000d\000\040\000T\000h\000e\000o\000r\000y}{chapter.1}% 15
\BOOKMARK [2][]{subsection.1.7.1}{\376\377\0001\000.\0007\000.\0001\000\040\000S\000u\000b\000s\000t\000i\000t\000u\000t\000e\000s\000\040\000V\000a\000l\000u\000a\000t\000i\000o\000n}{section.1.7}% 16
\BOOKMARK [2][]{subsection.1.7.2}{\376\377\0001\000.\0007\000.\0002\000\040\000I\000n\000c\000o\000m\000e\000\040\000E\000f\000f\000e\000c\000t}{section.1.7}% 17
\BOOKMARK [1][]{section.1.8}{\376\377\0001\000.\0008\000\040\000O\000b\000j\000e\000c\000t\000\040\000A\000l\000l\000o\000c\000a\000t\000i\000o\000n}{chapter.1}% 18
\BOOKMARK [2][]{subsection.1.8.1}{\376\377\0001\000.\0008\000.\0001\000\040\000A\000l\000l\000o\000c\000a\000t\000i\000o\000n}{section.1.8}% 19
\BOOKMARK [2][]{subsection.1.8.2}{\376\377\0001\000.\0008\000.\0002\000\040\000E\000x\000c\000h\000a\000n\000g\000e}{section.1.8}% 20
\BOOKMARK [1][]{section.1.9}{\376\377\0001\000.\0009\000\040\000S\000c\000h\000o\000o\000l\000\040\000C\000h\000o\000i\000c\000e}{chapter.1}% 21
\BOOKMARK [1][]{section.1.10}{\376\377\0001\000.\0001\0000\000\040\000S\000c\000h\000o\000o\000l\000\040\000C\000h\000o\000i\000c\000e\000\040\000w\000i\000t\000h\000\040\000R\000e\000s\000e\000r\000v\000e\000s}{chapter.1}% 22
\BOOKMARK [2][]{subsection.1.10.1}{\376\377\0001\000.\0001\0000\000.\0001\000\040\000M\000i\000n\000o\000r\000i\000t\000y\000\040\000R\000e\000s\000e\000r\000v\000e\000s\000\040\000\050\000s\000l\000o\000t\000-\000s\000p\000e\000c\000i\000f\000i\000c\000\040\000p\000r\000i\000o\000r\000i\000t\000y\000\051}{section.1.10}% 23
\BOOKMARK [1][]{section.1.11}{\376\377\0001\000.\0001\0001\000\040\000R\000a\000n\000d\000o\000m\000\040\000A\000s\000s\000i\000g\000n\000m\000e\000n\000t}{chapter.1}% 24
\BOOKMARK [1][]{section.1.12}{\376\377\0001\000.\0001\0002\000\040\000R\000a\000n\000d\000o\000m\000\040\000A\000s\000s\000i\000g\000n\000m\000e\000n\000t\000\040\000i\000n\000\040\000S\000c\000h\000o\000o\000l\000\040\000C\000h\000o\000i\000c\000e}{chapter.1}% 25
\BOOKMARK [1][]{section.1.13}{\376\377\0001\000.\0001\0003\000\040\000P\000s\000e\000d\000u\000o\000m\000a\000r\000k\000e\000t\000\040\000\050\000F\000F\000\051}{chapter.1}% 26
\BOOKMARK [2][]{subsection.1.13.1}{\376\377\0001\000.\0001\0003\000.\0001\000\040\000P\000r\000o\000b\000l\000e\000m\000\040\000o\000f\000\040\000I\000m\000p\000l\000e\000m\000e\000n\000t\000a\000b\000i\000l\000i\000t\000y}{section.1.13}% 27
