\BOOKMARK [0][]{chapter.1}{\376\377\0001\000\040\000L\000e\000a\000r\000n\000i\000n\000g\000\040\000B\000a\000s\000i\000c\000s}{}% 1
\BOOKMARK [1][]{section.1.1}{\376\377\0001\000.\0001\000\040\000P\000a\000r\000a\000m\000e\000t\000e\000r\000s\000\040\000a\000n\000d\000\040\000H\000y\000p\000e\000r\000p\000a\000r\000a\000m\000e\000t\000e\000r\000s}{chapter.1}% 2
\BOOKMARK [1][]{section.1.2}{\376\377\0001\000.\0002\000\040\000N\000e\000u\000r\000a\000l\000\040\000N\000e\000t\000w\000o\000r\000k\000:\000\040\000B\000a\000c\000k\000\040\000P\000r\000o\000p\000a\000g\000a\000t\000i\000o\000n\000\040\000A\000l\000g\000o\000r\000i\000t\000h\000m}{chapter.1}% 3
\BOOKMARK [2][]{subsection.1.2.1}{\376\377\0001\000.\0002\000.\0001\000\040\000A\000c\000t\000i\000v\000a\000t\000i\000o\000n\000s}{section.1.2}% 4
\BOOKMARK [2][]{subsection.1.2.2}{\376\377\0001\000.\0002\000.\0002\000\040\000M\000u\000l\000t\000i\000l\000a\000y\000e\000r\000\040\000N\000e\000u\000r\000a\000l\000\040\000N\000e\000t\000w\000o\000r\000k}{section.1.2}% 5
\BOOKMARK [2][]{subsection.1.2.3}{\376\377\0001\000.\0002\000.\0003\000\040\000A\000\040\000S\000i\000m\000p\000l\000e\000\040\000E\000x\000a\000m\000p\000l\000e\000\040\000o\000f\000\040\000B\000a\000c\000k\000\040\000P\000r\000o\000p\000a\000g\000a\000t\000i\000o\000n\000\040\000A\000l\000g\000o\000r\000i\000t\000h\000m}{section.1.2}% 6
\BOOKMARK [2][]{subsection.1.2.4}{\376\377\0001\000.\0002\000.\0004\000\040\000B\000a\000c\000k\000\040\000P\000r\000o\000p\000a\000g\000a\000t\000i\000o\000n\000\040\000A\000l\000g\000o\000r\000i\000t\000h\000m}{section.1.2}% 7
\BOOKMARK [2][]{subsection.1.2.5}{\376\377\0001\000.\0002\000.\0005\000\040\000O\000t\000h\000e\000r\000\040\000M\000e\000t\000h\000o\000d\000s}{section.1.2}% 8
\BOOKMARK [1][]{section.1.3}{\376\377\0001\000.\0003\000\040\000P\000e\000r\000c\000e\000p\000t\000r\000o\000n\000\040\000A\000l\000g\000o\000r\000i\000t\000h\000m}{chapter.1}% 9
\BOOKMARK [2][]{subsection.1.3.1}{\376\377\0001\000.\0003\000.\0001\000\040\000G\000e\000n\000e\000r\000a\000l\000\040\000I\000d\000e\000a}{section.1.3}% 10
\BOOKMARK [2][]{subsection.1.3.2}{\376\377\0001\000.\0003\000.\0002\000\040\000A\000l\000g\000o\000r\000i\000t\000h\000m}{section.1.3}% 11
\BOOKMARK [2][]{subsection.1.3.3}{\376\377\0001\000.\0003\000.\0003\000\040\000L\000i\000m\000i\000t\000a\000t\000i\000o\000n\000s}{section.1.3}% 12
\BOOKMARK [1][]{section.1.4}{\376\377\0001\000.\0004\000\040\000A\000D\000A\000p\000t\000i\000v\000e\000\040\000L\000I\000n\000e\000a\000r\000\040\000N\000E\000u\000r\000o\000n\000\040\000\050\000A\000D\000A\000L\000I\000N\000E\000\051}{chapter.1}% 13
\BOOKMARK [2][]{subsection.1.4.1}{\376\377\0001\000.\0004\000.\0001\000\040\000G\000e\000n\000e\000r\000a\000l\000\040\000I\000d\000e\000a}{section.1.4}% 14
\BOOKMARK [2][]{subsection.1.4.2}{\376\377\0001\000.\0004\000.\0002\000\040\000W\000i\000d\000r\000o\000w\000-\000H\000o\000f\000f\000\040\000D\000e\000l\000t\000a\000\040\000R\000u\000l\000e}{section.1.4}% 15
\BOOKMARK [1][]{section.1.5}{\376\377\0001\000.\0005\000\040\000L\000o\000g\000i\000s\000t\000i\000c\000\040\000R\000e\000g\000r\000e\000s\000s\000i\000o\000n\000\040\000\050\000B\000i\000n\000a\000r\000y\000-\000c\000l\000a\000s\000s\000\040\000O\000u\000t\000p\000u\000t\000\051}{chapter.1}% 16
\BOOKMARK [2][]{subsection.1.5.1}{\376\377\0001\000.\0005\000.\0001\000\040\000G\000e\000n\000e\000r\000a\000t\000i\000v\000e\000\040\000a\000n\000d\000\040\000D\000i\000s\000c\000r\000i\000m\000i\000n\000a\000t\000i\000v\000e\000\040\000C\000l\000a\000s\000s\000i\000f\000i\000e\000r\000s}{section.1.5}% 17
\BOOKMARK [2][]{subsection.1.5.2}{\376\377\0001\000.\0005\000.\0002\000\040\000S\000i\000g\000m\000o\000i\000d\000\040\000f\000u\000n\000c\000t\000i\000o\000n}{section.1.5}% 18
\BOOKMARK [2][]{subsection.1.5.3}{\376\377\0001\000.\0005\000.\0003\000\040\000C\000r\000o\000s\000s\000-\000e\000n\000t\000r\000o\000p\000y\000\040\000L\000o\000s\000s\000\040\000F\000u\000n\000c\000t\000i\000o\000n}{section.1.5}% 19
\BOOKMARK [2][]{subsection.1.5.4}{\376\377\0001\000.\0005\000.\0004\000\040\000A\000l\000g\000o\000r\000i\000t\000h\000m}{section.1.5}% 20
\BOOKMARK [1][]{section.1.6}{\376\377\0001\000.\0006\000\040\000S\000o\000f\000t\000m\000a\000x\000\040\000R\000e\000g\000r\000e\000s\000s\000i\000o\000n\000\040\000\050\000M\000u\000l\000t\000i\000-\000c\000l\000a\000s\000s\000\040\000O\000u\000t\000p\000u\000t\000\051}{chapter.1}% 21
\BOOKMARK [2][]{subsection.1.6.1}{\376\377\0001\000.\0006\000.\0001\000\040\000M\000u\000l\000t\000i\000-\000C\000l\000a\000s\000s\000\040\000C\000l\000a\000s\000s\000i\000f\000i\000c\000a\000t\000i\000o\000n\000\040\000a\000n\000d\000\040\000M\000u\000l\000t\000i\000-\000L\000a\000b\000e\000l\000\040\000C\000l\000a\000s\000s\000i\000f\000i\000c\000a\000t\000i\000o\000n}{section.1.6}% 22
\BOOKMARK [2][]{subsection.1.6.2}{\376\377\0001\000.\0006\000.\0002\000\040\000O\000n\000e\000-\000h\000o\000t\000\040\000E\000n\000c\000o\000d\000i\000n\000g}{section.1.6}% 23
\BOOKMARK [2][]{subsection.1.6.3}{\376\377\0001\000.\0006\000.\0003\000\040\000S\000o\000f\000t\000m\000a\000x\000\040\000f\000u\000n\000c\000t\000i\000o\000n}{section.1.6}% 24
\BOOKMARK [2][]{subsection.1.6.4}{\376\377\0001\000.\0006\000.\0004\000\040\000C\000a\000t\000e\000g\000o\000r\000i\000c\000a\000l\000\040\000C\000r\000o\000s\000s\000-\000e\000n\000t\000r\000o\000p\000y\000\040\000L\000o\000s\000s\000\040\000F\000u\000n\000c\000t\000i\000o\000n}{section.1.6}% 25
\BOOKMARK [1][]{section.1.7}{\376\377\0001\000.\0007\000\040\000D\000e\000e\000p\000\040\000F\000e\000e\000d\000f\000o\000r\000w\000a\000r\000d\000\040\000N\000e\000t\000w\000o\000r\000k\000s}{chapter.1}% 26
\BOOKMARK [2][]{subsection.1.7.1}{\376\377\0001\000.\0007\000.\0001\000\040\000D\000e\000f\000i\000n\000i\000t\000i\000o\000n}{section.1.7}% 27
\BOOKMARK [2][]{subsection.1.7.2}{\376\377\0001\000.\0007\000.\0002\000\040\000U\000n\000i\000v\000e\000r\000s\000a\000l\000\040\000A\000p\000p\000r\000o\000x\000i\000m\000a\000t\000i\000o\000n\000\040\000T\000h\000e\000o\000r\000e\000m}{section.1.7}% 28
\BOOKMARK [1][]{section.1.8}{\376\377\0001\000.\0008\000\040\000\040\000M\000i\000n\000i\000-\000b\000a\000t\000c\000h\000\040\000O\000p\000t\000i\000m\000i\000z\000a\000t\000i\000o\000n}{chapter.1}% 29
\BOOKMARK [2][]{subsection.1.8.1}{\376\377\0001\000.\0008\000.\0001\000\040\000S\000t\000o\000c\000h\000a\000s\000t\000i\000c\000\040\000G\000r\000a\000d\000i\000e\000n\000t\000\040\000D\000e\000s\000c\000e\000n\000t\000\040\000\050\000S\000G\000D\000\051\000\040\000a\000n\000d\000\040\000B\000a\000t\000c\000h\000\040\000G\000r\000a\000d\000i\000e\000n\000t\000\040\000D\000e\000s\000c\000e\000n\000t\000\040\000\050\000B\000G\000D\000\051}{section.1.8}% 30
\BOOKMARK [2][]{subsection.1.8.2}{\376\377\0001\000.\0008\000.\0002\000\040\000M\000i\000n\000i\000-\000B\000a\000t\000c\000h\000\040\000G\000r\000a\000d\000i\000e\000n\000t\000\040\000D\000e\000s\000c\000e\000n\000t\000\040\000\050\000M\000B\000G\000D\000\051}{section.1.8}% 31
\BOOKMARK [1][]{section.1.9}{\376\377\0001\000.\0009\000\040\000W\000e\000i\000g\000h\000t\000\040\000I\000n\000i\000t\000i\000a\000l\000i\000z\000a\000t\000i\000o\000n}{chapter.1}% 32
\BOOKMARK [2][]{subsection.1.9.1}{\376\377\0001\000.\0009\000.\0001\000\040\000X\000a\000v\000i\000e\000r\000\040\000I\000n\000i\000t\000i\000a\000l\000i\000z\000a\000t\000i\000o\000n}{section.1.9}% 33
\BOOKMARK [2][]{subsection.1.9.2}{\376\377\0001\000.\0009\000.\0002\000\040\000H\000e\000\040\000A\000c\000t\000i\000v\000a\000t\000i\000o\000n}{section.1.9}% 34
\BOOKMARK [0][]{chapter.2}{\376\377\0002\000\040\000A\000d\000a\000p\000t\000i\000v\000e\000\040\000O\000p\000t\000i\000m\000i\000z\000a\000t\000i\000o\000n}{}% 35
\BOOKMARK [1][]{section.2.1}{\376\377\0002\000.\0001\000\040\000E\000x\000p\000o\000n\000e\000n\000t\000i\000a\000l\000l\000y\000\040\000W\000e\000i\000g\000h\000t\000e\000d\000\040\000M\000o\000v\000i\000n\000g\000\040\000A\000v\000e\000r\000a\000g\000e\000s}{chapter.2}% 36
\BOOKMARK [1][]{section.2.2}{\376\377\0002\000.\0002\000\040\000A\000d\000a\000p\000t\000i\000v\000e\000\040\000L\000e\000a\000r\000n\000i\000n\000g\000\040\000R\000a\000t\000e\000s}{chapter.2}% 37
\BOOKMARK [2][]{subsection.2.2.1}{\376\377\0002\000.\0002\000.\0001\000\040\000M\000o\000m\000e\000n\000t\000u\000m}{section.2.2}% 38
\BOOKMARK [2][]{subsection.2.2.2}{\376\377\0002\000.\0002\000.\0002\000\040\000R\000o\000o\000t\000\040\000M\000e\000a\000n\000\040\000S\000q\000u\000a\000r\000e\000\040\000P\000r\000o\000p\000a\000g\000a\000t\000i\000o\000n\000\040\000\050\000R\000M\000S\000P\000r\000o\000p\000\051}{section.2.2}% 39
\BOOKMARK [2][]{subsection.2.2.3}{\376\377\0002\000.\0002\000.\0003\000\040\000A\000d\000a\000p\000t\000i\000v\000e\000\040\000M\000o\000m\000e\000n\000t\000\040\000E\000s\000t\000i\000m\000a\000t\000i\000o\000n\000\040\000\050\000A\000D\000A\000M\000\051}{section.2.2}% 40
\BOOKMARK [0][]{chapter.3}{\376\377\0003\000\040\000C\000o\000n\000v\000o\000l\000u\000t\000i\000o\000n\000a\000l\000\040\000N\000e\000u\000r\000a\000l\000\040\000N\000e\000t\000w\000o\000r\000k\000\040\000\050\000C\000N\000N\000\051}{}% 41
\BOOKMARK [1][]{section.3.1}{\376\377\0003\000.\0001\000\040\000C\000o\000n\000v\000o\000l\000u\000t\000i\000o\000n\000\040\000a\000n\000d\000\040\000C\000r\000o\000s\000s\000-\000c\000o\000r\000r\000e\000l\000a\000t\000i\000o\000n}{chapter.3}% 42
\BOOKMARK [1][]{section.3.2}{\376\377\0003\000.\0002\000\040\000P\000a\000d\000d\000i\000n\000g\000\040\000\050\000c\000o\000v\000e\000r\000\040\000t\000h\000e\000\040\000b\000o\000r\000d\000e\000r\000\051}{chapter.3}% 43
\BOOKMARK [1][]{section.3.3}{\376\377\0003\000.\0003\000\040\000S\000t\000r\000i\000d\000e}{chapter.3}% 44
\BOOKMARK [1][]{section.3.4}{\376\377\0003\000.\0004\000\040\000O\000t\000h\000e\000r\000\040\000L\000a\000y\000e\000r\000\040\000T\000y\000p\000e\000s}{chapter.3}% 45
\BOOKMARK [2][]{subsection.3.4.1}{\376\377\0003\000.\0004\000.\0001\000\040\000P\000o\000o\000l\000i\000n\000g}{section.3.4}% 46
\BOOKMARK [2][]{subsection.3.4.2}{\376\377\0003\000.\0004\000.\0002\000\040\000U\000n\000p\000o\000o\000l\000i\000n\000g}{section.3.4}% 47
\BOOKMARK [1][]{section.3.5}{\376\377\0003\000.\0005\000\040\0003\000D\000\040\000C\000o\000n\000v\000o\000l\000u\000t\000i\000o\000n}{chapter.3}% 48
\BOOKMARK [0][]{chapter.4}{\376\377\0004\000\040\000G\000e\000n\000e\000r\000a\000t\000i\000v\000e\000\040\000m\000o\000d\000e\000l}{}% 49
\BOOKMARK [1][]{section.4.1}{\376\377\0004\000.\0001\000\040\000A\000u\000t\000o\000e\000n\000c\000o\000d\000e\000r\000s}{chapter.4}% 50
\BOOKMARK [2][]{subsection.4.1.1}{\376\377\0004\000.\0001\000.\0001\000\040\000B\000a\000s\000i\000c\000s}{section.4.1}% 51
\BOOKMARK [2][]{subsection.4.1.2}{\376\377\0004\000.\0001\000.\0002\000\040\000P\000C\000A\000\040\000a\000n\000d\000\040\000A\000u\000t\000o\000e\000n\000c\000o\000d\000e\000r\000s}{section.4.1}% 52
\BOOKMARK [2][]{subsection.4.1.3}{\376\377\0004\000.\0001\000.\0003\000\040\000T\000r\000a\000n\000s\000p\000o\000s\000e\000d\000\040\000C\000o\000n\000v\000o\000l\000u\000t\000i\000o\000n\000s\000\040\000\050\000u\000p\000s\000c\000a\000l\000e\000\040\000m\000e\000t\000h\000o\000d\000\051}{section.4.1}% 53
