\BOOKMARK [0][]{chapter.1}{\376\377\0001\000\040\000S\000t\000a\000t\000i\000s\000t\000i\000c\000s\000\040\000B\000a\000s\000i\000c\000s}{}% 1
\BOOKMARK [1][]{section.1.1}{\376\377\0001\000.\0001\000\040\000R\000a\000n\000d\000o\000m\000\040\000S\000a\000m\000p\000l\000i\000n\000g}{chapter.1}% 2
\BOOKMARK [2][]{subsection.1.1.1}{\376\377\0001\000.\0001\000.\0001\000\040\000S\000a\000m\000p\000l\000e\000\040\000M\000e\000a\000n\000\040\000a\000n\000d\000\040\000S\000a\000m\000p\000l\000e\000\040\000V\000a\000r\000i\000a\000n\000c\000e}{section.1.1}% 3
\BOOKMARK [2][]{subsection.1.1.2}{\376\377\0001\000.\0001\000.\0002\000\040\000D\000i\000s\000t\000r\000i\000b\000u\000t\000i\000o\000n\000a\000l\000\040\000P\000r\000o\000p\000e\000r\000t\000i\000e\000s}{section.1.1}% 4
\BOOKMARK [2][]{subsection.1.1.3}{\376\377\0001\000.\0001\000.\0003\000\040\000O\000r\000d\000e\000r\000\040\000S\000t\000a\000t\000i\000s\000t\000i\000c\000s}{section.1.1}% 5
\BOOKMARK [1][]{section.1.2}{\376\377\0001\000.\0002\000\040\000S\000t\000a\000t\000i\000s\000t\000i\000c\000s\000\040\000M\000o\000d\000e\000l\000\040\000\050\000E\000C\000O\000N\000\040\0002\0004\0000\000B\000\051}{chapter.1}% 6
\BOOKMARK [2][]{subsection.1.2.1}{\376\377\0001\000.\0002\000.\0001\000\040\000M\000o\000d\000e\000l}{section.1.2}% 7
\BOOKMARK [2][]{subsection.1.2.2}{\376\377\0001\000.\0002\000.\0002\000\040\000P\000a\000r\000a\000m\000e\000t\000r\000i\000c\000\040\000M\000o\000d\000e\000l}{section.1.2}% 8
\BOOKMARK [2][]{subsection.1.2.3}{\376\377\0001\000.\0002\000.\0003\000\040\000P\000a\000r\000a\000m\000e\000t\000e\000r}{section.1.2}% 9
\BOOKMARK [1][]{section.1.3}{\376\377\0001\000.\0003\000\040\000M\000o\000d\000e\000l\000\040\000E\000s\000t\000i\000m\000a\000t\000i\000o\000n\000\040\000\050\000E\000C\000O\000N\000\040\0002\0004\0000\000B\000\051}{chapter.1}% 10
\BOOKMARK [2][]{subsection.1.3.1}{\376\377\0001\000.\0003\000.\0001\000\040\000P\000l\000u\000g\000-\000I\000n\000\040\000E\000s\000t\000i\000m\000a\000t\000i\000o\000n}{section.1.3}% 11
\BOOKMARK [2][]{subsection.1.3.2}{\376\377\0001\000.\0003\000.\0002\000\040\000B\000o\000o\000t\000s\000t\000r\000a\000p}{section.1.3}% 12
\BOOKMARK [1][]{section.1.4}{\376\377\0001\000.\0004\000\040\000P\000o\000i\000n\000t\000\040\000E\000s\000t\000i\000m\000a\000t\000i\000o\000n}{chapter.1}% 13
\BOOKMARK [2][]{subsection.1.4.1}{\376\377\0001\000.\0004\000.\0001\000\040\000M\000e\000t\000h\000o\000d\000\040\000o\000f\000\040\000M\000o\000m\000e\000n\000t\000s\000\040\000\050\000M\000M\000\051}{section.1.4}% 14
\BOOKMARK [2][]{subsection.1.4.2}{\376\377\0001\000.\0004\000.\0002\000\040\000M\000a\000x\000i\000m\000u\000m\000\040\000L\000i\000k\000e\000l\000i\000h\000o\000o\000d\000\040\000\050\000M\000L\000\051}{section.1.4}% 15
\BOOKMARK [1][]{section.1.5}{\376\377\0001\000.\0005\000\040\000C\000o\000m\000p\000a\000r\000i\000n\000g\000\040\000E\000s\000t\000i\000m\000a\000t\000o\000r\000s\000:\000\040\000M\000e\000a\000n\000\040\000S\000q\000u\000a\000r\000e\000d\000\040\000E\000r\000r\000o\000r}{chapter.1}% 16
\BOOKMARK [2][]{subsection.1.5.1}{\376\377\0001\000.\0005\000.\0001\000\040\000M\000e\000a\000n\000\040\000S\000q\000u\000a\000r\000e\000d\000\040\000E\000r\000r\000o\000r\000\040\000=\000\040\000B\000i\000a\000s\0002\000\040\000+\000\040\000V\000a\000r\000i\000a\000n\000c\000e}{section.1.5}% 17
\BOOKMARK [2][]{subsection.1.5.2}{\376\377\0001\000.\0005\000.\0002\000\040\000U\000n\000i\000f\000o\000r\000m\000\040\000M\000i\000n\000i\000m\000u\000m\000\040\000V\000a\000r\000i\000a\000n\000c\000e\000\040\000U\000n\000b\000i\000a\000s\000e\000d\000\040\000\050\000U\000M\000V\000U\000\051}{section.1.5}% 18
\BOOKMARK [1][]{section.1.6}{\376\377\0001\000.\0006\000\040\000S\000u\000f\000f\000i\000c\000i\000e\000n\000t\000\040\000S\000t\000a\000t\000i\000s\000t\000i\000c\000s}{chapter.1}% 19
\BOOKMARK [2][]{subsection.1.6.1}{\376\377\0001\000.\0006\000.\0001\000\040\000S\000u\000f\000f\000i\000c\000i\000e\000n\000t\000\040\000S\000t\000a\000t\000i\000s\000t\000i\000c\000:\000\040\000c\000o\000n\000t\000a\000i\000n\000s\000\040\000a\000l\000l\000\040\000i\000n\000f\000o\000r\000m\000a\000t\000i\000o\000n\000\040\000o\000f\000\040}{section.1.6}% 20
\BOOKMARK [2][]{subsection.1.6.2}{\376\377\0001\000.\0006\000.\0002\000\040\000R\000a\000o\000-\000B\000l\000a\000c\000k\000w\000e\000l\000l\000\040\000T\000h\000e\000o\000r\000e\000m}{section.1.6}% 21
\BOOKMARK [2][]{subsection.1.6.3}{\376\377\0001\000.\0006\000.\0003\000\040\000F\000i\000s\000h\000e\000r\000-\000N\000e\000y\000m\000a\000n\000\040\000F\000a\000c\000t\000o\000r\000i\000z\000a\000t\000i\000o\000n\000\040\000T\000h\000e\000o\000r\000e\000m}{section.1.6}% 22
\BOOKMARK [2][]{subsection.1.6.4}{\376\377\0001\000.\0006\000.\0004\000\040\000M\000i\000n\000i\000m\000a\000l\000\040\000S\000u\000f\000f\000i\000c\000i\000e\000n\000t\000\040\000S\000t\000a\000t\000i\000s\000t\000i\000c}{section.1.6}% 23
\BOOKMARK [1][]{section.1.7}{\376\377\0001\000.\0007\000\040\000C\000o\000m\000p\000l\000e\000t\000e\000\040\000S\000t\000a\000t\000i\000s\000t\000i\000c}{chapter.1}% 24
\BOOKMARK [2][]{subsection.1.7.1}{\376\377\0001\000.\0007\000.\0001\000\040\000C\000o\000m\000p\000l\000e\000t\000e\000\040\000S\000t\000a\000t\000i\000s\000t\000i\000c}{section.1.7}% 25
\BOOKMARK [2][]{subsection.1.7.2}{\376\377\0001\000.\0007\000.\0002\000\040\000U\000n\000b\000i\000a\000s\000e\000d\000\040\000\050\000T\000\051\000\040\000w\000i\000t\000h\000\040\000s\000u\000f\000f\000i\000c\000i\000e\000n\000t\000\040\000a\000n\000d\000\040\000c\000o\000m\000p\000l\000e\000t\000e\000\040\000T\000\040\000i\000s\000\040\000U\000M\000V\000U}{section.1.7}% 26
\BOOKMARK [1][]{section.1.8}{\376\377\0001\000.\0008\000\040\000F\000i\000s\000h\000e\000r\000\040\000I\000n\000f\000o\000r\000m\000a\000t\000i\000o\000n}{chapter.1}% 27
\BOOKMARK [2][]{subsection.1.8.1}{\376\377\0001\000.\0008\000.\0001\000\040\000S\000c\000o\000r\000e\000\040\000F\000u\000n\000c\000t\000i\000o\000n}{section.1.8}% 28
\BOOKMARK [2][]{subsection.1.8.2}{\376\377\0001\000.\0008\000.\0002\000\040\000F\000i\000s\000h\000e\000r\000\040\000I\000n\000f\000o\000r\000m\000a\000t\000i\000o\000n}{section.1.8}% 29
\BOOKMARK [2][]{subsection.1.8.3}{\376\377\0001\000.\0008\000.\0003\000\040\000C\000r\000a\000m\000\351\000r\000-\000R\000a\000o\000\040\000L\000o\000w\000e\000r\000\040\000B\000o\000u\000n\000d}{section.1.8}% 30
\BOOKMARK [1][]{section.1.9}{\376\377\0001\000.\0009\000\040\000H\000y\000p\000o\000t\000h\000e\000s\000i\000s\000\040\000T\000e\000s\000t\000i\000n\000g}{chapter.1}% 31
\BOOKMARK [2][]{subsection.1.9.1}{\376\377\0001\000.\0009\000.\0001\000\040\000F\000o\000r\000m\000u\000l\000a\000t\000i\000o\000n\000\040\000o\000f\000\040\000T\000e\000s\000t\000i\000n\000g\000\040\000P\000r\000o\000b\000l\000e\000m}{section.1.9}% 32
\BOOKMARK [2][]{subsection.1.9.2}{\376\377\0001\000.\0009\000.\0002\000\040\000E\000r\000r\000o\000r\000s\000,\000\040\000P\000o\000w\000e\000r\000\040\000F\000u\000n\000c\000t\000i\000o\000n\000,\000\040\000a\000n\000d\000\040\000A\000g\000e\000n\000d\000a}{section.1.9}% 33
\BOOKMARK [2][]{subsection.1.9.3}{\376\377\0001\000.\0009\000.\0003\000\040\000C\000h\000o\000i\000c\000e\000\040\000o\000f\000\040\000C\000r\000i\000t\000i\000c\000a\000l\000\040\000V\000a\000l\000u\000e}{section.1.9}% 34
\BOOKMARK [2][]{subsection.1.9.4}{\376\377\0001\000.\0009\000.\0004\000\040\000C\000h\000o\000i\000c\000e\000\040\000o\000f\000\040\000T\000e\000s\000t\000\040\000S\000t\000a\000t\000i\000s\000t\000i\000c\000:\000\040\000U\000n\000i\000f\000o\000r\000m\000l\000y\000\040\000M\000o\000s\000t\000\040\000P\000o\000w\000e\000r\000f\000u\000l\000\040\000\050\000U\000M\000P\000\051\000\040\000L\000e\000v\000e\000l\000\040\000\040\000T\000e\000s\000t}{section.1.9}% 35
\BOOKMARK [2][]{subsection.1.9.5}{\376\377\0001\000.\0009\000.\0005\000\040\000G\000e\000n\000e\000r\000a\000l\000i\000z\000e\000d\000\040\000N\000e\000y\000m\000a\000n\000-\000P\000e\000a\000r\000s\000o\000n\000\040\000L\000e\000m\000m\000a}{section.1.9}% 36
\BOOKMARK [1][]{section.1.10}{\376\377\0001\000.\0001\0000\000\040\000T\000r\000i\000n\000i\000t\000y\000\040\000o\000f\000\040\000C\000l\000a\000s\000s\000i\000c\000a\000l\000\040\000T\000e\000s\000t\000s}{chapter.1}% 37
\BOOKMARK [2][]{subsection.1.10.1}{\376\377\0001\000.\0001\0000\000.\0001\000\040\000T\000e\000s\000t\000\040\000S\000t\000a\000t\000i\000s\000t\000i\000c\000s}{section.1.10}% 38
\BOOKMARK [2][]{subsection.1.10.2}{\376\377\0001\000.\0001\0000\000.\0002\000\040\000A\000p\000p\000r\000o\000x\000i\000m\000a\000t\000i\000o\000n\000\040\000t\000o\000\040\000T\000L\000R}{section.1.10}% 39
\BOOKMARK [1][]{section.1.11}{\376\377\0001\000.\0001\0001\000\040\000I\000n\000t\000e\000r\000v\000a\000l\000\040\000E\000s\000t\000i\000m\000a\000t\000i\000o\000n}{chapter.1}% 40
\BOOKMARK [0][]{chapter.2}{\376\377\0002\000\040\000D\000e\000c\000i\000s\000i\000o\000n\000\040\000R\000u\000l\000e\000\040\000B\000a\000s\000e\000d\000\040\000S\000t\000a\000t\000i\000s\000t\000i\000c\000a\000l\000\040\000I\000n\000f\000e\000r\000e\000n\000c\000e}{}% 41
\BOOKMARK [1][]{section.2.1}{\376\377\0002\000.\0001\000\040\000D\000e\000c\000i\000s\000i\000o\000n\000\040\000R\000u\000l\000e}{chapter.2}% 42
\BOOKMARK [1][]{section.2.2}{\376\377\0002\000.\0002\000\040\000M\000a\000x\000i\000m\000u\000m\000-\000L\000i\000k\000e\000l\000i\000h\000o\000o\000d\000\040\000P\000r\000i\000n\000c\000i\000p\000l\000e\000\040\000\050\000s\000t\000a\000t\000e\000\040\000i\000s\000\040\000n\000o\000r\000a\000n\000d\000o\000m\000\051}{chapter.2}% 43
\BOOKMARK [1][]{section.2.3}{\376\377\0002\000.\0003\000\040\000B\000a\000y\000e\000s\000i\000a\000n\000\040\000D\000e\000c\000i\000s\000i\000o\000n\000\040\000R\000u\000l\000e\000\040\000\050\000s\000t\000a\000t\000e\000\040\000i\000s\000\040\000r\000a\000n\000d\000o\000m\000\051}{chapter.2}% 44
\BOOKMARK [2][]{subsection.2.3.1}{\376\377\0002\000.\0003\000.\0001\000\040\000R\000u\000l\000e\000s}{section.2.3}% 45
\BOOKMARK [2][]{subsection.2.3.2}{\376\377\0002\000.\0003\000.\0002\000\040\000O\000p\000t\000i\000m\000i\000z\000a\000t\000i\000o\000n\000\040\000P\000r\000o\000b\000l\000e\000m\000\040\000i\000n\000\040\000B\000a\000y\000e\000s\000\040\000F\000o\000r\000m}{section.2.3}% 46
\BOOKMARK [2][]{subsection.2.3.3}{\376\377\0002\000.\0003\000.\0003\000\040\000M\000a\000x\000i\000m\000u\000m\000\040\000A\000\040\000P\000o\000s\000t\000e\000r\000i\000o\000r\000i\000\040\000\050\000M\000A\000P\000\051\000\040\000D\000e\000c\000i\000s\000i\000o\000n\000\040\000R\000u\000l\000e\000\040\000\050\000B\000i\000n\000a\000r\000y\000\040\000e\000x\000a\000m\000p\000l\000e\000\051}{section.2.3}% 47
\BOOKMARK [2][]{subsection.2.3.4}{\376\377\0002\000.\0003\000.\0004\000\040\000M\000i\000n\000i\000m\000u\000m\000\040\000M\000e\000a\000n\000\040\000S\000q\000u\000a\000r\000e\000d\000\040\000E\000r\000r\000o\000r\000\040\000\050\000M\000M\000S\000E\000\051\000\040\000R\000u\000l\000e\000\040\000\050\000R\000n\000\040\000e\000x\000a\000m\000p\000l\000e\000\051}{section.2.3}% 48
\BOOKMARK [1][]{section.2.4}{\376\377\0002\000.\0004\000\040\000C\000o\000m\000p\000a\000r\000i\000s\000o\000n}{chapter.2}% 49
\BOOKMARK [0][]{chapter.3}{\376\377\0003\000\040\000N\000o\000n\000-\000p\000a\000r\000a\000m\000e\000t\000e\000r\000i\000c\000\040\000P\000r\000e\000d\000i\000c\000t\000i\000o\000n\000\040\000P\000r\000o\000b\000l\000e\000m}{}% 50
\BOOKMARK [1][]{section.3.1}{\376\377\0003\000.\0001\000\040\000K\000-\000n\000o\000r\000m\000a\000l\000\040\000M\000e\000a\000n\000s\000\040\000P\000r\000o\000b\000e\000l\000m}{chapter.3}% 51
\BOOKMARK [2][]{subsection.3.1.1}{\376\377\0003\000.\0001\000.\0001\000\040\000A\000s\000s\000u\000m\000p\000t\000i\000o\000n\000s}{section.3.1}% 52
\BOOKMARK [2][]{subsection.3.1.2}{\376\377\0003\000.\0001\000.\0002\000\040\000M\000a\000x\000i\000m\000u\000m\000\040\000L\000i\000k\000e\000l\000i\000h\000o\000o\000d\000\040\000E\000s\000t\000i\000m\000a\000t\000o\000r}{section.3.1}% 53
\BOOKMARK [2][]{subsection.3.1.3}{\376\377\0003\000.\0001\000.\0003\000\040\000R\000i\000s\000k\000\040\000o\000f\000\040\000M\000L\000E}{section.3.1}% 54
\BOOKMARK [2][]{subsection.3.1.4}{\376\377\0003\000.\0001\000.\0004\000\040\000J\000a\000m\000e\000s\000-\000S\000t\000e\000i\000n\000\040\000T\000y\000p\000e\000\040\000E\000s\000t\000i\000m\000a\000t\000o\000r}{section.3.1}% 55
\BOOKMARK [0][]{chapter.4}{\376\377\0004\000\040\000M\000-\000E\000s\000t\000i\000m\000a\000t\000i\000o\000n}{}% 56
\BOOKMARK [1][]{section.4.1}{\376\377\0004\000.\0001\000\040\000C\000o\000n\000s\000i\000s\000t\000e\000n\000c\000y\000\040\000a\000n\000d\000\040\000A\000s\000y\000m\000p\000t\000o\000t\000i\000c\000\040\000N\000o\000r\000m\000a\000l\000i\000t\000y\000\040\000o\000f\000\040\000M\000-\000e\000s\000t\000i\000m\000a\000t\000o\000r}{chapter.4}% 57
\BOOKMARK [2][]{subsection.4.1.1}{\376\377\0004\000.\0001\000.\0001\000\040\000I\000d\000e\000n\000t\000i\000f\000i\000c\000a\000t\000i\000o\000n\000\040\000o\000f\000\040\000M\000-\000e\000s\000t\000i\000m\000a\000t\000o\000r\000:\000\040\0000\000=\000*\000a\000r\000g\000m\000i\000n\000\040\000Q\000\050\000\051}{section.4.1}% 58
\BOOKMARK [2][]{subsection.4.1.2}{\376\377\0004\000.\0001\000.\0002\000\040\000C\000o\000n\000s\000i\000s\000t\000e\000n\000c\000y\000\040\000o\000f\000\040\000M\000-\000e\000s\000t\000i\000m\000a\000t\000o\000r\000s}{section.4.1}% 59
\BOOKMARK [2][]{subsection.4.1.3}{\376\377\0004\000.\0001\000.\0003\000\040\000A\000s\000y\000m\000p\000t\000o\000t\000i\000c\000\040\000N\000o\000r\000m\000a\000l\000i\000t\000y\000\040\000o\000f\000\040\000M\000-\000e\000s\000t\000i\000m\000a\000t\000o\000r\000s}{section.4.1}% 60
\BOOKMARK [1][]{section.4.2}{\376\377\0004\000.\0002\000\040\000E\000f\000f\000i\000c\000i\000e\000n\000c\000y\000\040\000a\000n\000d\000\040\000M\000i\000s\000s\000p\000e\000c\000i\000f\000i\000c\000a\000t\000i\000o\000n}{chapter.4}% 61
\BOOKMARK [2][]{subsection.4.2.1}{\376\377\0004\000.\0002\000.\0001\000\040\000E\000f\000f\000i\000c\000i\000e\000n\000c\000y\000\040\000o\000f\000\040\000A\000s\000y\000m\000p\000t\000o\000t\000i\000c\000a\000l\000l\000y\000\040\000L\000i\000n\000e\000a\000r\000\040\000E\000s\000t\000i\000m\000a\000t\000o\000r}{section.4.2}% 62
\BOOKMARK [2][]{subsection.4.2.2}{\376\377\0004\000.\0002\000.\0002\000\040\000M\000i\000s\000s\000p\000e\000c\000i\000f\000i\000c\000a\000t\000i\000o\000n\000\040\000a\000n\000d\000\040\000P\000s\000e\000u\000d\000o\000-\000t\000r\000u\000e\000\040\000P\000a\000r\000a\000m\000e\000t\000e\000r}{section.4.2}% 63
\BOOKMARK [2][]{subsection.4.2.3}{\376\377\0004\000.\0002\000.\0003\000\040\000E\000x\000a\000m\000p\000l\000e\000\040\000o\000f\000\040\000M\000i\000s\000s\000p\000e\000c\000i\000f\000i\000c\000a\000t\000i\000o\000n}{section.4.2}% 64
\BOOKMARK [1][]{section.4.3}{\376\377\0004\000.\0003\000\040\000B\000i\000n\000a\000r\000y\000\040\000C\000h\000o\000i\000c\000e}{chapter.4}% 65
\BOOKMARK [2][]{subsection.4.3.1}{\376\377\0004\000.\0003\000.\0001\000\040\000L\000a\000t\000e\000n\000t\000\040\000U\000t\000i\000l\000i\000t\000y\000\040\000M\000o\000d\000e\000l\000s\000\040\000\050\000s\000t\000r\000u\000c\000t\000u\000r\000a\000l\000\040\000m\000o\000t\000i\000v\000a\000t\000i\000o\000n\000\040\000f\000o\000r\000\040\000p\000r\000o\000b\000i\000t\000\040\000m\000o\000d\000e\000l\000\051}{section.4.3}% 66
\BOOKMARK [2][]{subsection.4.3.2}{\376\377\0004\000.\0003\000.\0002\000\040\000E\000s\000t\000i\000m\000a\000t\000i\000o\000n\000:\000\040\000B\000i\000n\000a\000r\000y\000\040\000R\000e\000g\000r\000e\000s\000s\000i\000o\000n}{section.4.3}% 67
\BOOKMARK [2][]{subsection.4.3.3}{\376\377\0004\000.\0003\000.\0003\000\040\000C\000o\000n\000s\000i\000s\000t\000e\000n\000c\000y\000\040\000a\000n\000d\000\040\000A\000s\000y\000m\000p\000t\000o\000t\000i\000c\000\040\000N\000o\000r\000m\000a\000l\000i\000t\000y}{section.4.3}% 68
\BOOKMARK [2][]{subsection.4.3.4}{\376\377\0004\000.\0003\000.\0004\000\040\000E\000x\000a\000m\000p\000l\000e\000:\000\040\000L\000o\000g\000i\000s\000t\000i\000c\000\040\000R\000e\000g\000r\000e\000s\000s\000i\000o\000n\000\040\000F\000\050\000t\000\051\000=\000e\000t\0001\000+\000e\000t}{section.4.3}% 69
\BOOKMARK [1][]{section.4.4}{\376\377\0004\000.\0004\000\040\000L\000a\000r\000g\000e\000\040\000S\000a\000m\000p\000l\000e\000\040\000T\000e\000s\000t\000i\000n\000g}{chapter.4}% 70
\BOOKMARK [2][]{subsection.4.4.1}{\376\377\0004\000.\0004\000.\0001\000\040\000W\000a\000l\000d\000\040\000T\000e\000s\000t\000:\000\040\000D\000i\000s\000t\000a\000n\000c\000e\000\040\000o\000n\000\040\000`\000`\000x\000\040\000a\000x\000i\000s\000'\000'}{section.4.4}% 71
\BOOKMARK [2][]{subsection.4.4.2}{\376\377\0004\000.\0004\000.\0002\000\040\000L\000a\000g\000r\000a\000n\000g\000e\000\040\000M\000u\000l\000t\000i\000p\000l\000i\000e\000r\000\040\000T\000e\000s\000t\000:\000\040\000D\000i\000s\000t\000a\000n\000c\000e\000\040\000u\000s\000i\000n\000g\000\040\000`\000`\000g\000r\000a\000d\000i\000e\000n\000t\000'\000'}{section.4.4}% 72
\BOOKMARK [2][]{subsection.4.4.3}{\376\377\0004\000.\0004\000.\0003\000\040\000L\000i\000k\000e\000l\000i\000h\000o\000o\000d\000\040\000R\000a\000t\000i\000o\000\040\000T\000e\000s\000t}{section.4.4}% 73
\BOOKMARK [2][]{subsection.4.4.4}{\376\377\0004\000.\0004\000.\0004\000\040\000W\000a\000l\000d\000\040\000i\000s\000\040\000n\000o\000t\000\040\000i\000n\000v\000a\000r\000i\000a\000n\000t\000\040\000t\000o\000\040\000p\000a\000r\000a\000m\000e\000t\000r\000i\000z\000a\000t\000i\000o\000n}{section.4.4}% 74
\BOOKMARK [1][]{section.4.5}{\376\377\0004\000.\0005\000\040\000N\000o\000n\000l\000i\000n\000e\000a\000r\000\040\000L\000e\000a\000s\000t\000\040\000S\000q\000u\000a\000r\000e}{chapter.4}% 75
\BOOKMARK [2][]{subsection.4.5.1}{\376\377\0004\000.\0005\000.\0001\000\040\000E\000f\000f\000i\000c\000i\000e\000n\000t\000\040\000N\000L\000S\000:\000\040\000W\000e\000i\000g\000h\000t\000e\000d\000\040\000N\000L\000S}{section.4.5}% 76
\BOOKMARK [1][]{section.4.6}{\376\377\0004\000.\0006\000\040\000\050\000L\000i\000n\000e\000a\000r\000\051\000\040\000Q\000u\000a\000n\000t\000i\000l\000e\000\040\000R\000e\000g\000r\000e\000s\000s\000i\000o\000n}{chapter.4}% 77
\BOOKMARK [2][]{subsection.4.6.1}{\376\377\0004\000.\0006\000.\0001\000\040\000L\000i\000n\000e\000a\000r\000\040\000Q\000u\000a\000n\000t\000i\000l\000e\000\040\000R\000e\000g\000r\000e\000s\000s\000i\000o\000n\000\040\000M\000o\000d\000e\000l}{section.4.6}% 78
\BOOKMARK [2][]{subsection.4.6.2}{\376\377\0004\000.\0006\000.\0002\000\040\000Q\000u\000a\000n\000t\000i\000l\000e\000\040\000C\000a\000u\000s\000a\000l\000\040\000E\000f\000f\000e\000c\000t\000s}{section.4.6}% 79
\BOOKMARK [2][]{subsection.4.6.3}{\376\377\0004\000.\0006\000.\0003\000\040\000M\000-\000e\000s\000t\000i\000m\000a\000t\000o\000r\000\040\000o\000f\000\040\000Q\000u\000a\000n\000t\000i\000l\000e}{section.4.6}% 80
\BOOKMARK [1][]{section.4.7}{\376\377\0004\000.\0007\000\040\000E\000x\000a\000m\000p\000l\000e\000\040\000o\000f\000\040\000M\000-\000e\000s\000t\000i\000m\000a\000t\000o\000r}{chapter.4}% 81
\BOOKMARK [2][]{subsection.4.7.1}{\376\377\0004\000.\0007\000.\0001\000\040\000O\000p\000t\000i\000m\000a\000l\000\040\000W\000e\000i\000g\000h\000t\000i\000n\000g\000\040\000E\000x\000a\000m\000p\000l\000e\000:\000\040\000y\000i\000=\000x\000i\0000\000+\000i}{section.4.7}% 82
\BOOKMARK [2][]{subsection.4.7.2}{\376\377\0004\000.\0007\000.\0002\000\040\000C\000o\000n\000d\000i\000t\000i\000o\000n\000a\000l\000\040\000B\000e\000t\000a\000\040\000D\000i\000s\000t\000r\000i\000b\000u\000t\000i\000o\000n\000\040\000B\000e\000t\000a\000\050\000,\000\040\0001\000\051}{section.4.7}% 83
\BOOKMARK [2][]{subsection.4.7.3}{\376\377\0004\000.\0007\000.\0003\000\040\000`\000`\000T\000w\000o\000-\000S\000i\000d\000e\000d\000'\000'\000\040\000C\000e\000n\000s\000o\000r\000e\000d\000\040\000R\000e\000g\000r\000e\000s\000s\000i\000o\000n\000\040\000M\000o\000d\000e\000l}{section.4.7}% 84
\BOOKMARK [2][]{subsection.4.7.4}{\376\377\0004\000.\0007\000.\0004\000\040\000R\000e\000g\000r\000e\000s\000s\000i\000o\000n\000\040\000E\000x\000a\000m\000p\000l\000e\000:\000\040\000y\000i\000=\000e\000x\000p\000\173\000x\000i\000T\0000\000\175\000+\000i}{section.4.7}% 85
\BOOKMARK [2][]{subsection.4.7.5}{\376\377\0004\000.\0007\000.\0005\000\040\000R\000e\000g\000r\000e\000s\000s\000i\000o\000n\000\040\000E\000x\000a\000m\000p\000l\000e\000:\000\040\000y\000i\000=\000\050\0000\000\051\000x\000i\000+\000i}{section.4.7}% 86
\BOOKMARK [2][]{subsection.4.7.6}{\376\377\0004\000.\0007\000.\0006\000\040\000R\000e\000g\000r\000e\000s\000s\000i\000o\000n\000\040\000E\000x\000a\000m\000p\000l\000e\000:\000\040\000y\000i\000=\000\050\000x\000i\000T\0000\000\051\000+\000i}{section.4.7}% 87
\BOOKMARK [2][]{subsection.4.7.7}{\376\377\0004\000.\0007\000.\0007\000\040\000G\000e\000o\000m\000e\000t\000r\000i\000c\000\050\000e\000x\000p\000\173\000x\000i\000T\0000\000\175\000\051\000\040\000D\000i\000s\000t\000r\000i\000b\000u\000t\000i\000o\000n\000:\000\040\000f\000\050\000y\000;\000x\000i\000T\0000\000\051\000=\000\050\0001\000-\000e\000x\000p\000\173\000x\000i\000T\0000\000\175\000\051\000e\000x\000p\000\173\000y\000\050\000x\000i\000T\0000\000\051\000\175}{section.4.7}% 88
\BOOKMARK [2][]{subsection.4.7.8}{\376\377\0004\000.\0007\000.\0008\000\040\000E\000x\000p\000o\000n\000e\000n\000t\000i\000a\000l\000\050\000x\000i\000T\0000\000\051\000\040\000D\000i\000s\000t\000r\000i\000b\000u\000t\000i\000o\000n\000:\000\040\000f\000\050\000y\000;\000x\000i\000T\0000\000\051\000=\000x\000i\000T\0000\000e\000x\000p\000\173\000-\000\050\000x\000i\000T\0000\000\051\000\040\000y\000\175}{section.4.7}% 89
\BOOKMARK [0][]{chapter.5}{\376\377\0005\000\040\000B\000o\000o\000t\000s\000t\000r\000a\000p}{}% 90
\BOOKMARK [1][]{section.5.1}{\376\377\0005\000.\0001\000\040\000T\000r\000a\000d\000i\000t\000i\000o\000n\000a\000l\000\040\000M\000o\000n\000t\000e\000-\000C\000a\000r\000l\000o\000\040\000A\000p\000p\000r\000o\000a\000c\000h}{chapter.5}% 91
\BOOKMARK [1][]{section.5.2}{\376\377\0005\000.\0002\000\040\000B\000o\000o\000t\000s\000t\000r\000a\000p\000\040\000\050\000W\000h\000e\000n\000\040\000d\000a\000t\000a\000\040\000i\000s\000\040\000n\000o\000t\000\040\000e\000n\000o\000u\000g\000h\000\051}{chapter.5}% 92
\BOOKMARK [1][]{section.5.3}{\376\377\0005\000.\0003\000\040\000R\000e\000s\000i\000d\000u\000a\000l\000\040\000B\000o\000o\000t\000s\000t\000r\000a\000p\000\040\000\050\000f\000o\000r\000\040\000p\000r\000o\000b\000l\000e\000m\000\040\000w\000i\000t\000h\000\040\000n\000o\000t\000\040\000i\000.\000i\000.\000d\000.\000\040\000d\000a\000t\000a\000\051}{chapter.5}% 93
\BOOKMARK [2][]{subsection.5.3.1}{\376\377\0005\000.\0003\000.\0001\000\040\000E\000x\000a\000m\000p\000l\000e\000:\000\040\000L\000i\000n\000e\000a\000r}{section.5.3}% 94
\BOOKMARK [2][]{subsection.5.3.2}{\376\377\0005\000.\0003\000.\0002\000\040\000E\000x\000a\000m\000p\000l\000e\000:\000\040\000N\000o\000n\000l\000i\000n\000e\000a\000r\000\040\000M\000a\000r\000k\000o\000v\000\040\000P\000r\000o\000c\000e\000s\000s}{section.5.3}% 95
\BOOKMARK [1][]{section.5.4}{\376\377\0005\000.\0004\000\040\000P\000o\000s\000t\000e\000r\000i\000o\000r\000\040\000S\000i\000m\000u\000l\000a\000t\000i\000o\000n\000\040\000/\000\040\000B\000a\000y\000e\000s\000i\000a\000n\000\040\000\050\000W\000e\000i\000g\000h\000t\000e\000d\000\051\000\040\000B\000o\000o\000t\000s\000t\000r\000a\000p}{chapter.5}% 96
\BOOKMARK [2][]{subsection.5.4.1}{\376\377\0005\000.\0004\000.\0001\000\040\000D\000i\000r\000i\000c\000h\000l\000e\000t\000\040\000D\000i\000s\000t\000r\000i\000b\000u\000t\000i\000o\000n\000\040\000P\000r\000i\000o\000r}{section.5.4}% 97
\BOOKMARK [2][]{subsection.5.4.2}{\376\377\0005\000.\0004\000.\0002\000\040\000H\000a\000l\000d\000a\000n\000e\000\040\000P\000r\000i\000o\000r}{section.5.4}% 98
\BOOKMARK [2][]{subsection.5.4.3}{\376\377\0005\000.\0004\000.\0003\000\040\000L\000i\000n\000e\000a\000r\000\040\000M\000o\000d\000e\000l\000\040\000C\000a\000s\000e}{section.5.4}% 99
\BOOKMARK [2][]{subsection.5.4.4}{\376\377\0005\000.\0004\000.\0004\000\040\000B\000e\000r\000n\000o\000u\000l\000l\000i\000\040\000C\000a\000s\000e}{section.5.4}% 100
