\BOOKMARK [0][]{chapter.1}{\376\377\0001\000\040\000I\000n\000f\000o\000r\000m\000a\000t\000i\000o\000n\000-\000T\000h\000e\000o\000r\000e\000t\000i\000c\000\040\000F\000u\000n\000c\000t\000i\000o\000n\000a\000l}{}% 1
\BOOKMARK [0][]{chapter.2}{\376\377\0002\000\040\000L\000e\000a\000r\000n\000i\000n\000g\000\040\000B\000a\000s\000i\000c\000s}{}% 2
\BOOKMARK [1][]{section.2.1}{\376\377\0002\000.\0001\000\040\000P\000a\000r\000a\000m\000e\000t\000e\000r\000s\000\040\000a\000n\000d\000\040\000H\000y\000p\000e\000r\000p\000a\000r\000a\000m\000e\000t\000e\000r\000s}{chapter.2}% 3
\BOOKMARK [1][]{section.2.2}{\376\377\0002\000.\0002\000\040\000N\000e\000u\000r\000a\000l\000\040\000N\000e\000t\000w\000o\000r\000k\000:\000\040\000B\000a\000c\000k\000\040\000P\000r\000o\000p\000a\000g\000a\000t\000i\000o\000n\000\040\000A\000l\000g\000o\000r\000i\000t\000h\000m}{chapter.2}% 4
\BOOKMARK [2][]{subsection.2.2.1}{\376\377\0002\000.\0002\000.\0001\000\040\000A\000c\000t\000i\000v\000a\000t\000i\000o\000n\000s}{section.2.2}% 5
\BOOKMARK [2][]{subsection.2.2.2}{\376\377\0002\000.\0002\000.\0002\000\040\000M\000u\000l\000t\000i\000l\000a\000y\000e\000r\000\040\000N\000e\000u\000r\000a\000l\000\040\000N\000e\000t\000w\000o\000r\000k}{section.2.2}% 6
\BOOKMARK [2][]{subsection.2.2.3}{\376\377\0002\000.\0002\000.\0003\000\040\000A\000\040\000S\000i\000m\000p\000l\000e\000\040\000E\000x\000a\000m\000p\000l\000e\000\040\000o\000f\000\040\000B\000a\000c\000k\000\040\000P\000r\000o\000p\000a\000g\000a\000t\000i\000o\000n\000\040\000A\000l\000g\000o\000r\000i\000t\000h\000m}{section.2.2}% 7
\BOOKMARK [2][]{subsection.2.2.4}{\376\377\0002\000.\0002\000.\0004\000\040\000B\000a\000c\000k\000\040\000P\000r\000o\000p\000a\000g\000a\000t\000i\000o\000n\000\040\000A\000l\000g\000o\000r\000i\000t\000h\000m}{section.2.2}% 8
\BOOKMARK [2][]{subsection.2.2.5}{\376\377\0002\000.\0002\000.\0005\000\040\000O\000t\000h\000e\000r\000\040\000M\000e\000t\000h\000o\000d\000s}{section.2.2}% 9
\BOOKMARK [1][]{section.2.3}{\376\377\0002\000.\0003\000\040\000P\000e\000r\000c\000e\000p\000t\000r\000o\000n\000\040\000A\000l\000g\000o\000r\000i\000t\000h\000m}{chapter.2}% 10
\BOOKMARK [2][]{subsection.2.3.1}{\376\377\0002\000.\0003\000.\0001\000\040\000G\000e\000n\000e\000r\000a\000l\000\040\000I\000d\000e\000a}{section.2.3}% 11
\BOOKMARK [2][]{subsection.2.3.2}{\376\377\0002\000.\0003\000.\0002\000\040\000A\000l\000g\000o\000r\000i\000t\000h\000m}{section.2.3}% 12
\BOOKMARK [2][]{subsection.2.3.3}{\376\377\0002\000.\0003\000.\0003\000\040\000L\000i\000m\000i\000t\000a\000t\000i\000o\000n\000s}{section.2.3}% 13
\BOOKMARK [1][]{section.2.4}{\376\377\0002\000.\0004\000\040\000A\000D\000A\000p\000t\000i\000v\000e\000\040\000L\000I\000n\000e\000a\000r\000\040\000N\000E\000u\000r\000o\000n\000\040\000\050\000A\000D\000A\000L\000I\000N\000E\000\051}{chapter.2}% 14
\BOOKMARK [2][]{subsection.2.4.1}{\376\377\0002\000.\0004\000.\0001\000\040\000G\000e\000n\000e\000r\000a\000l\000\040\000I\000d\000e\000a}{section.2.4}% 15
\BOOKMARK [2][]{subsection.2.4.2}{\376\377\0002\000.\0004\000.\0002\000\040\000W\000i\000d\000r\000o\000w\000-\000H\000o\000f\000f\000\040\000D\000e\000l\000t\000a\000\040\000R\000u\000l\000e}{section.2.4}% 16
\BOOKMARK [1][]{section.2.5}{\376\377\0002\000.\0005\000\040\000L\000o\000g\000i\000s\000t\000i\000c\000\040\000R\000e\000g\000r\000e\000s\000s\000i\000o\000n\000\040\000\050\000B\000i\000n\000a\000r\000y\000-\000c\000l\000a\000s\000s\000\040\000O\000u\000t\000p\000u\000t\000\051}{chapter.2}% 17
\BOOKMARK [2][]{subsection.2.5.1}{\376\377\0002\000.\0005\000.\0001\000\040\000G\000e\000n\000e\000r\000a\000t\000i\000v\000e\000\040\000a\000n\000d\000\040\000D\000i\000s\000c\000r\000i\000m\000i\000n\000a\000t\000i\000v\000e\000\040\000C\000l\000a\000s\000s\000i\000f\000i\000e\000r\000s}{section.2.5}% 18
\BOOKMARK [2][]{subsection.2.5.2}{\376\377\0002\000.\0005\000.\0002\000\040\000S\000i\000g\000m\000o\000i\000d\000\040\000f\000u\000n\000c\000t\000i\000o\000n}{section.2.5}% 19
\BOOKMARK [2][]{subsection.2.5.3}{\376\377\0002\000.\0005\000.\0003\000\040\000C\000r\000o\000s\000s\000-\000e\000n\000t\000r\000o\000p\000y\000\040\000L\000o\000s\000s\000\040\000F\000u\000n\000c\000t\000i\000o\000n}{section.2.5}% 20
\BOOKMARK [2][]{subsection.2.5.4}{\376\377\0002\000.\0005\000.\0004\000\040\000A\000l\000g\000o\000r\000i\000t\000h\000m}{section.2.5}% 21
\BOOKMARK [1][]{section.2.6}{\376\377\0002\000.\0006\000\040\000S\000o\000f\000t\000m\000a\000x\000\040\000R\000e\000g\000r\000e\000s\000s\000i\000o\000n\000\040\000\050\000M\000u\000l\000t\000i\000-\000c\000l\000a\000s\000s\000\040\000O\000u\000t\000p\000u\000t\000\051}{chapter.2}% 22
\BOOKMARK [2][]{subsection.2.6.1}{\376\377\0002\000.\0006\000.\0001\000\040\000M\000u\000l\000t\000i\000-\000C\000l\000a\000s\000s\000\040\000C\000l\000a\000s\000s\000i\000f\000i\000c\000a\000t\000i\000o\000n\000\040\000a\000n\000d\000\040\000M\000u\000l\000t\000i\000-\000L\000a\000b\000e\000l\000\040\000C\000l\000a\000s\000s\000i\000f\000i\000c\000a\000t\000i\000o\000n}{section.2.6}% 23
\BOOKMARK [2][]{subsection.2.6.2}{\376\377\0002\000.\0006\000.\0002\000\040\000O\000n\000e\000-\000h\000o\000t\000\040\000E\000n\000c\000o\000d\000i\000n\000g}{section.2.6}% 24
\BOOKMARK [2][]{subsection.2.6.3}{\376\377\0002\000.\0006\000.\0003\000\040\000S\000o\000f\000t\000m\000a\000x\000\040\000f\000u\000n\000c\000t\000i\000o\000n}{section.2.6}% 25
\BOOKMARK [2][]{subsection.2.6.4}{\376\377\0002\000.\0006\000.\0004\000\040\000C\000a\000t\000e\000g\000o\000r\000i\000c\000a\000l\000\040\000C\000r\000o\000s\000s\000-\000e\000n\000t\000r\000o\000p\000y\000\040\000L\000o\000s\000s\000\040\000F\000u\000n\000c\000t\000i\000o\000n}{section.2.6}% 26
\BOOKMARK [1][]{section.2.7}{\376\377\0002\000.\0007\000\040\000D\000e\000e\000p\000\040\000F\000e\000e\000d\000f\000o\000r\000w\000a\000r\000d\000\040\000N\000e\000t\000w\000o\000r\000k\000s}{chapter.2}% 27
\BOOKMARK [2][]{subsection.2.7.1}{\376\377\0002\000.\0007\000.\0001\000\040\000D\000e\000f\000i\000n\000i\000t\000i\000o\000n}{section.2.7}% 28
\BOOKMARK [2][]{subsection.2.7.2}{\376\377\0002\000.\0007\000.\0002\000\040\000U\000n\000i\000v\000e\000r\000s\000a\000l\000\040\000A\000p\000p\000r\000o\000x\000i\000m\000a\000t\000i\000o\000n\000\040\000T\000h\000e\000o\000r\000e\000m}{section.2.7}% 29
\BOOKMARK [1][]{section.2.8}{\376\377\0002\000.\0008\000\040\000\040\000M\000i\000n\000i\000-\000b\000a\000t\000c\000h\000\040\000O\000p\000t\000i\000m\000i\000z\000a\000t\000i\000o\000n}{chapter.2}% 30
\BOOKMARK [2][]{subsection.2.8.1}{\376\377\0002\000.\0008\000.\0001\000\040\000S\000t\000o\000c\000h\000a\000s\000t\000i\000c\000\040\000G\000r\000a\000d\000i\000e\000n\000t\000\040\000D\000e\000s\000c\000e\000n\000t\000\040\000\050\000S\000G\000D\000\051\000\040\000a\000n\000d\000\040\000B\000a\000t\000c\000h\000\040\000G\000r\000a\000d\000i\000e\000n\000t\000\040\000D\000e\000s\000c\000e\000n\000t\000\040\000\050\000B\000G\000D\000\051}{section.2.8}% 31
\BOOKMARK [2][]{subsection.2.8.2}{\376\377\0002\000.\0008\000.\0002\000\040\000M\000i\000n\000i\000-\000B\000a\000t\000c\000h\000\040\000G\000r\000a\000d\000i\000e\000n\000t\000\040\000D\000e\000s\000c\000e\000n\000t\000\040\000\050\000M\000B\000G\000D\000\051}{section.2.8}% 32
\BOOKMARK [1][]{section.2.9}{\376\377\0002\000.\0009\000\040\000W\000e\000i\000g\000h\000t\000\040\000I\000n\000i\000t\000i\000a\000l\000i\000z\000a\000t\000i\000o\000n}{chapter.2}% 33
\BOOKMARK [2][]{subsection.2.9.1}{\376\377\0002\000.\0009\000.\0001\000\040\000X\000a\000v\000i\000e\000r\000\040\000I\000n\000i\000t\000i\000a\000l\000i\000z\000a\000t\000i\000o\000n}{section.2.9}% 34
\BOOKMARK [2][]{subsection.2.9.2}{\376\377\0002\000.\0009\000.\0002\000\040\000H\000e\000\040\000A\000c\000t\000i\000v\000a\000t\000i\000o\000n}{section.2.9}% 35
\BOOKMARK [0][]{chapter.3}{\376\377\0003\000\040\000A\000d\000a\000p\000t\000i\000v\000e\000\040\000O\000p\000t\000i\000m\000i\000z\000a\000t\000i\000o\000n}{}% 36
\BOOKMARK [1][]{section.3.1}{\376\377\0003\000.\0001\000\040\000E\000x\000p\000o\000n\000e\000n\000t\000i\000a\000l\000l\000y\000\040\000W\000e\000i\000g\000h\000t\000e\000d\000\040\000M\000o\000v\000i\000n\000g\000\040\000A\000v\000e\000r\000a\000g\000e\000s}{chapter.3}% 37
\BOOKMARK [1][]{section.3.2}{\376\377\0003\000.\0002\000\040\000A\000d\000a\000p\000t\000i\000v\000e\000\040\000L\000e\000a\000r\000n\000i\000n\000g\000\040\000R\000a\000t\000e\000s}{chapter.3}% 38
\BOOKMARK [2][]{subsection.3.2.1}{\376\377\0003\000.\0002\000.\0001\000\040\000M\000o\000m\000e\000n\000t\000u\000m}{section.3.2}% 39
\BOOKMARK [2][]{subsection.3.2.2}{\376\377\0003\000.\0002\000.\0002\000\040\000R\000o\000o\000t\000\040\000M\000e\000a\000n\000\040\000S\000q\000u\000a\000r\000e\000\040\000P\000r\000o\000p\000a\000g\000a\000t\000i\000o\000n\000\040\000\050\000R\000M\000S\000P\000r\000o\000p\000\051}{section.3.2}% 40
\BOOKMARK [2][]{subsection.3.2.3}{\376\377\0003\000.\0002\000.\0003\000\040\000A\000d\000a\000p\000t\000i\000v\000e\000\040\000M\000o\000m\000e\000n\000t\000\040\000E\000s\000t\000i\000m\000a\000t\000i\000o\000n\000\040\000\050\000A\000D\000A\000M\000\051}{section.3.2}% 41
\BOOKMARK [0][]{chapter.4}{\376\377\0004\000\040\000C\000o\000n\000v\000o\000l\000u\000t\000i\000o\000n\000a\000l\000\040\000N\000e\000u\000r\000a\000l\000\040\000N\000e\000t\000w\000o\000r\000k\000\040\000\050\000C\000N\000N\000\051}{}% 42
\BOOKMARK [1][]{section.4.1}{\376\377\0004\000.\0001\000\040\000C\000o\000n\000v\000o\000l\000u\000t\000i\000o\000n\000\040\000a\000n\000d\000\040\000C\000r\000o\000s\000s\000-\000c\000o\000r\000r\000e\000l\000a\000t\000i\000o\000n}{chapter.4}% 43
\BOOKMARK [1][]{section.4.2}{\376\377\0004\000.\0002\000\040\000P\000a\000d\000d\000i\000n\000g\000\040\000\050\000c\000o\000v\000e\000r\000\040\000t\000h\000e\000\040\000b\000o\000r\000d\000e\000r\000\051}{chapter.4}% 44
\BOOKMARK [1][]{section.4.3}{\376\377\0004\000.\0003\000\040\000S\000t\000r\000i\000d\000e}{chapter.4}% 45
\BOOKMARK [1][]{section.4.4}{\376\377\0004\000.\0004\000\040\000O\000t\000h\000e\000r\000\040\000L\000a\000y\000e\000r\000\040\000T\000y\000p\000e\000s}{chapter.4}% 46
\BOOKMARK [2][]{subsection.4.4.1}{\376\377\0004\000.\0004\000.\0001\000\040\000P\000o\000o\000l\000i\000n\000g}{section.4.4}% 47
\BOOKMARK [2][]{subsection.4.4.2}{\376\377\0004\000.\0004\000.\0002\000\040\000U\000n\000p\000o\000o\000l\000i\000n\000g}{section.4.4}% 48
\BOOKMARK [1][]{section.4.5}{\376\377\0004\000.\0005\000\040\0003\000D\000\040\000C\000o\000n\000v\000o\000l\000u\000t\000i\000o\000n}{chapter.4}% 49
\BOOKMARK [0][]{chapter.5}{\376\377\0005\000\040\000G\000e\000n\000e\000r\000a\000t\000i\000v\000e\000\040\000m\000o\000d\000e\000l}{}% 50
\BOOKMARK [1][]{section.5.1}{\376\377\0005\000.\0001\000\040\000A\000u\000t\000o\000e\000n\000c\000o\000d\000e\000r\000s}{chapter.5}% 51
\BOOKMARK [2][]{subsection.5.1.1}{\376\377\0005\000.\0001\000.\0001\000\040\000B\000a\000s\000i\000c\000s}{section.5.1}% 52
\BOOKMARK [2][]{subsection.5.1.2}{\376\377\0005\000.\0001\000.\0002\000\040\000P\000C\000A\000\040\000a\000n\000d\000\040\000A\000u\000t\000o\000e\000n\000c\000o\000d\000e\000r\000s}{section.5.1}% 53
\BOOKMARK [2][]{subsection.5.1.3}{\376\377\0005\000.\0001\000.\0003\000\040\000T\000r\000a\000n\000s\000p\000o\000s\000e\000d\000\040\000C\000o\000n\000v\000o\000l\000u\000t\000i\000o\000n\000s\000\040\000\050\000u\000p\000s\000c\000a\000l\000e\000\040\000m\000e\000t\000h\000o\000d\000\051}{section.5.1}% 54
\BOOKMARK [0][]{chapter.6}{\376\377\0006\000\040\000S\000t\000a\000t\000i\000s\000t\000i\000c\000a\000l\000\040\000I\000n\000f\000e\000r\000e\000n\000c\000e}{}% 55
\BOOKMARK [1][]{section.6.1}{\376\377\0006\000.\0001\000\040\000B\000a\000s\000i\000c\000s}{chapter.6}% 56
\BOOKMARK [1][]{section.6.2}{\376\377\0006\000.\0002\000\040\000D\000e\000c\000i\000s\000i\000o\000n\000\040\000R\000u\000l\000e\000\040\000E\000x\000a\000m\000p\000l\000e\000s}{chapter.6}% 57
\BOOKMARK [1][]{section.6.3}{\376\377\0006\000.\0003\000\040\000M\000a\000x\000i\000m\000u\000m\000-\000L\000i\000k\000e\000l\000i\000h\000o\000o\000d\000\040\000P\000r\000i\000n\000c\000i\000p\000l\000e\000\040\000\050\000s\000t\000a\000t\000e\000\040\000i\000s\000\040\000n\000o\000r\000a\000n\000d\000o\000m\000\051}{chapter.6}% 58
\BOOKMARK [1][]{section.6.4}{\376\377\0006\000.\0004\000\040\000B\000a\000y\000e\000s\000i\000a\000n\000\040\000D\000e\000c\000i\000s\000i\000o\000n\000\040\000R\000u\000l\000e\000\040\000\050\000s\000t\000a\000t\000e\000\040\000i\000s\000\040\000r\000a\000n\000d\000o\000m\000\051}{chapter.6}% 59
\BOOKMARK [2][]{subsection.6.4.1}{\376\377\0006\000.\0004\000.\0001\000\040\000R\000u\000l\000e\000s}{section.6.4}% 60
\BOOKMARK [2][]{subsection.6.4.2}{\376\377\0006\000.\0004\000.\0002\000\040\000M\000a\000x\000i\000m\000u\000m\000\040\000A\000\040\000P\000o\000s\000t\000e\000r\000i\000o\000r\000i\000\040\000\050\000M\000A\000P\000\051\000\040\000D\000e\000c\000i\000s\000i\000o\000n\000\040\000R\000u\000l\000e\000\040\000\050\000B\000i\000n\000a\000r\000y\000\040\000e\000x\000a\000m\000p\000l\000e\000\051}{section.6.4}% 61
\BOOKMARK [2][]{subsection.6.4.3}{\376\377\0006\000.\0004\000.\0003\000\040\000M\000i\000n\000i\000m\000u\000m\000\040\000M\000e\000a\000n\000\040\000S\000q\000u\000a\000r\000e\000d\000\040\000E\000r\000r\000o\000r\000\040\000\050\000M\000M\000S\000E\000\051\000\040\000R\000u\000l\000e\000\040\000\050\000R\000n\000\040\000e\000x\000a\000m\000p\000l\000e\000\051}{section.6.4}% 62
\BOOKMARK [1][]{section.6.5}{\376\377\0006\000.\0005\000\040\000C\000o\000m\000p\000a\000r\000i\000s\000o\000n}{chapter.6}% 63
\BOOKMARK [0][]{chapter.7}{\376\377\0007\000\040\000M\000a\000c\000h\000i\000n\000e\000\040\000L\000e\000a\000r\000n\000i\000n\000g\000\040\000i\000n\000\040\000I\000n\000f\000e\000r\000e\000n\000c\000e}{}% 64
\BOOKMARK [1][]{section.7.1}{\376\377\0007\000.\0001\000\040\000E\000m\000p\000i\000r\000i\000c\000a\000l\000\040\000R\000i\000s\000k\000\040\000M\000i\000n\000i\000m\000i\000z\000a\000t\000i\000o\000n\000\040\000\050\000E\000R\000M\000\051}{chapter.7}% 65
\BOOKMARK [2][]{subsection.7.1.1}{\376\377\0007\000.\0001\000.\0001\000\040\000E\000x\000a\000m\000p\000l\000e\000:\000\040\000L\000i\000n\000e\000a\000r\000\040\000M\000M\000S\000E\000\040\000\050\000L\000M\000M\000S\000E\000\051\000\040\000e\000s\000t\000i\000m\000a\000t\000o\000r}{section.7.1}% 66
\BOOKMARK [2][]{subsection.7.1.2}{\376\377\0007\000.\0001\000.\0002\000\040\000P\000e\000n\000a\000l\000i\000z\000e\000d\000\040\000E\000R\000M}{section.7.1}% 67
\BOOKMARK [1][]{section.7.2}{\376\377\0007\000.\0002\000\040\000S\000t\000o\000c\000h\000a\000s\000t\000i\000c\000\040\000A\000p\000p\000r\000o\000x\000i\000m\000a\000t\000i\000o\000n}{chapter.7}% 68
\BOOKMARK [1][]{section.7.3}{\376\377\0007\000.\0003\000\040\000S\000t\000o\000c\000h\000a\000s\000t\000i\000c\000\040\000G\000r\000a\000d\000i\000e\000n\000t\000\040\000D\000e\000s\000c\000e\000n\000t\000\040\000\050\000S\000G\000D\000\051}{chapter.7}% 69
\BOOKMARK [1][]{section.7.4}{\376\377\0007\000.\0004\000\040\000S\000G\000D\000\040\000A\000p\000p\000l\000i\000c\000a\000t\000i\000o\000n\000\040\000t\000o\000\040\000E\000m\000p\000i\000r\000i\000c\000a\000l\000\040\000R\000i\000s\000k\000\040\000M\000i\000n\000i\000m\000i\000z\000a\000t\000i\000o\000n\000\040\000\050\000E\000R\000M\000\051}{chapter.7}% 70
\BOOKMARK [2][]{subsection.7.4.1}{\376\377\0007\000.\0004\000.\0001\000\040\000D\000i\000f\000f\000e\000r\000e\000n\000t\000\040\000G\000r\000a\000d\000i\000e\000n\000t\000\040\000D\000e\000s\000c\000e\000n\000t\000\040\000f\000o\000r\000\040\000E\000R\000M}{section.7.4}% 71
\BOOKMARK [2][]{subsection.7.4.2}{\376\377\0007\000.\0004\000.\0002\000\040\000C\000o\000n\000s\000t\000r\000a\000i\000n\000t\000s\000\040\000o\000n\000\040\000L\000e\000a\000r\000n\000i\000n\000g\000\040\000P\000r\000o\000b\000l\000e\000m}{section.7.4}% 72
\BOOKMARK [0][]{chapter.8}{\376\377\0008\000\040\000S\000t\000o\000c\000h\000a\000s\000t\000i\000c\000\040\000I\000n\000t\000e\000g\000r\000a\000t\000i\000o\000n\000\040\000M\000e\000t\000h\000o\000d\000s}{}% 73
\BOOKMARK [1][]{section.8.1}{\376\377\0008\000.\0001\000\040\000D\000e\000t\000e\000r\000m\000i\000n\000i\000s\000t\000i\000c\000\040\000M\000e\000t\000h\000o\000d\000s\000\040\000\050\000B\000e\000t\000t\000e\000r\000\040\000i\000n\000\040\000L\000o\000w\000\040\000D\000i\000m\000e\000n\000s\000i\000o\000n\000\051}{chapter.8}% 74
\BOOKMARK [2][]{subsection.8.1.1}{\376\377\0008\000.\0001\000.\0001\000\040\000R\000i\000e\000m\000a\000n\000n\000\040\000I\000n\000t\000e\000g\000r\000a\000t\000i\000o\000n}{section.8.1}% 75
\BOOKMARK [2][]{subsection.8.1.2}{\376\377\0008\000.\0001\000.\0002\000\040\000T\000r\000a\000p\000e\000z\000o\000i\000d\000a\000l\000\040\000R\000u\000l\000e}{section.8.1}% 76
\BOOKMARK [2][]{subsection.8.1.3}{\376\377\0008\000.\0001\000.\0003\000\040\000M\000u\000l\000t\000i\000d\000i\000m\000e\000n\000s\000i\000o\000n\000a\000l\000\040\000I\000n\000t\000e\000g\000r\000a\000t\000i\000o\000n}{section.8.1}% 77
\BOOKMARK [1][]{section.8.2}{\376\377\0008\000.\0002\000\040\000S\000t\000a\000c\000h\000a\000s\000t\000i\000c\000\040\000M\000e\000t\000h\000o\000d\000s\000\040\000\050\000B\000e\000t\000t\000e\000r\000\040\000i\000n\000\040\000H\000i\000g\000h\000\040\000D\000i\000m\000e\000n\000s\000i\000o\000n\000\051}{chapter.8}% 78
\BOOKMARK [2][]{subsection.8.2.1}{\376\377\0008\000.\0002\000.\0001\000\040\000C\000l\000a\000s\000s\000i\000c\000a\000l\000\040\000M\000o\000n\000t\000e\000\040\000C\000a\000r\000l\000o\000\040\000I\000n\000t\000e\000g\000r\000a\000t\000i\000o\000n}{section.8.2}% 79
\BOOKMARK [2][]{subsection.8.2.2}{\376\377\0008\000.\0002\000.\0002\000\040\000I\000m\000p\000o\000r\000t\000a\000n\000c\000e\000\040\000S\000a\000m\000p\000l\000i\000n\000g}{section.8.2}% 80
\BOOKMARK [0][]{chapter.9}{\376\377\0009\000\040\000B\000o\000o\000t\000s\000t\000r\000a\000p\000\040\000\050\000n\000o\000t\000\040\000e\000n\000o\000u\000g\000h\000\040\000d\000a\000t\000a\000\051}{}% 81
\BOOKMARK [1][]{section.9.1}{\376\377\0009\000.\0001\000\040\000R\000e\000s\000i\000d\000u\000a\000l\000\040\000B\000o\000o\000t\000s\000t\000r\000a\000p}{chapter.9}% 82
\BOOKMARK [0][]{chapter.10}{\376\377\0001\0000\000\040\000P\000a\000r\000t\000i\000c\000l\000e\000\040\000F\000i\000l\000t\000e\000r\000i\000n\000g}{}% 83
\BOOKMARK [1][]{section.10.1}{\376\377\0001\0000\000.\0001\000\040\000K\000a\000l\000m\000a\000n\000\040\000F\000i\000l\000t\000e\000r\000i\000n\000g\000\040\000\050\000L\000i\000n\000e\000a\000r\000\040\000D\000y\000n\000a\000m\000i\000c\000\040\000S\000y\000s\000t\000e\000m\000\051}{chapter.10}% 84
\BOOKMARK [1][]{section.10.2}{\376\377\0001\0000\000.\0002\000\040\000P\000a\000r\000t\000i\000c\000l\000e\000\040\000F\000i\000l\000t\000e\000r\000i\000n\000g\000\040\000\050\000N\000o\000n\000l\000i\000n\000e\000a\000r\000\040\000D\000y\000n\000a\000m\000i\000c\000\040\000S\000y\000s\000t\000e\000m\000\051}{chapter.10}% 85
\BOOKMARK [2][]{subsection.10.2.1}{\376\377\0001\0000\000.\0002\000.\0001\000\040\000B\000a\000y\000e\000s\000i\000a\000n\000\040\000R\000e\000c\000u\000r\000s\000i\000v\000e\000\040\000F\000i\000l\000t\000e\000r\000i\000n\000g}{section.10.2}% 86
\BOOKMARK [2][]{subsection.10.2.2}{\376\377\0001\0000\000.\0002\000.\0002\000\040\000P\000a\000r\000t\000i\000c\000l\000e\000\040\000F\000i\000l\000t\000e\000r\000\040\000\050\000b\000o\000o\000t\000s\000t\000r\000a\000p\000\040\000f\000i\000l\000t\000e\000r\000\051}{section.10.2}% 87
\BOOKMARK [0][]{chapter.11}{\376\377\0001\0001\000\040\000E\000M\000\040\000A\000l\000g\000o\000r\000i\000t\000h\000m}{}% 88
\BOOKMARK [1][]{section.11.1}{\376\377\0001\0001\000.\0001\000\040\000G\000e\000n\000e\000r\000a\000l\000\040\000S\000t\000r\000u\000c\000t\000u\000r\000e\000\040\000o\000f\000\040\000t\000h\000e\000\040\000E\000M\000\040\000A\000l\000g\000o\000r\000i\000t\000h\000m}{chapter.11}% 89
\BOOKMARK [1][]{section.11.2}{\376\377\0001\0001\000.\0002\000\040\000E\000x\000a\000m\000p\000l\000e\000\040\0001\000:\000\040\000V\000a\000r\000i\000a\000n\000c\000e\000\040\000E\000s\000t\000i\000m\000a\000t\000i\000o\000n}{chapter.11}% 90
\BOOKMARK [2][]{subsection.11.2.1}{\376\377\0001\0001\000.\0002\000.\0001\000\040\000M\000a\000x\000i\000m\000u\000m\000-\000L\000i\000k\000e\000l\000i\000h\000o\000o\000d\000\040\000\050\000M\000L\000\051\000\040\000E\000s\000t\000i\000m\000a\000t\000i\000o\000n}{section.11.2}% 91
\BOOKMARK [2][]{subsection.11.2.2}{\376\377\0001\0001\000.\0002\000.\0002\000\040\000E\000M\000\040\000A\000l\000g\000o\000r\000i\000t\000h\000m}{section.11.2}% 92
\BOOKMARK [1][]{section.11.3}{\376\377\0001\0001\000.\0003\000\040\000E\000x\000a\000m\000p\000l\000e\000\040\0002\000:\000\040\000E\000s\000t\000i\000m\000a\000t\000i\000o\000n\000\040\000o\000f\000\040\000G\000a\000u\000s\000s\000i\000a\000n\000\040\000M\000i\000x\000t\000u\000r\000e\000s}{chapter.11}% 93
\BOOKMARK [2][]{subsection.11.3.1}{\376\377\0001\0001\000.\0003\000.\0001\000\040\000U\000n\000k\000n\000o\000w\000n\000\040\000M\000e\000a\000n\000s\000:\000\040\000M\000L\000\040\000e\000s\000t\000i\000m\000a\000t\000i\000o\000n\000\040\000i\000s\000\040\000h\000a\000r\000d}{section.11.3}% 94
\BOOKMARK [2][]{subsection.11.3.2}{\376\377\0001\0001\000.\0003\000.\0002\000\040\000U\000n\000k\000n\000o\000w\000n\000\040\000M\000e\000a\000n\000s\000:\000\040\000E\000M\000\040\000A\000l\000g\000o\000r\000i\000t\000h\000m}{section.11.3}% 95
\BOOKMARK [2][]{subsection.11.3.3}{\376\377\0001\0001\000.\0003\000.\0003\000\040\000U\000n\000k\000n\000o\000w\000n\000\040\000M\000i\000x\000t\000u\000r\000e\000\040\000P\000r\000o\000b\000a\000b\000i\000l\000i\000t\000i\000e\000s\000,\000\040\000M\000e\000a\000n\000s\000\040\000a\000n\000d\000\040\000V\000a\000r\000i\000a\000n\000c\000e\000s}{section.11.3}% 96
\BOOKMARK [1][]{section.11.4}{\376\377\0001\0001\000.\0004\000\040\000C\000o\000n\000v\000e\000r\000g\000e\000n\000c\000e\000\040\000o\000f\000\040\000E\000M\000\040\000A\000l\000g\000o\000r\000i\000t\000h\000m}{chapter.11}% 97
\BOOKMARK [1][]{section.11.5}{\376\377\0001\0001\000.\0005\000\040\000E\000M\000\040\000A\000s\000\040\000a\000n\000\040\000A\000l\000t\000e\000r\000n\000a\000t\000i\000n\000g\000\040\000M\000a\000x\000i\000m\000i\000z\000a\000t\000i\000o\000n\000\040\000A\000l\000g\000o\000r\000i\000t\000h\000m}{chapter.11}% 98
\BOOKMARK [0][]{chapter.12}{\376\377\0001\0002\000\040\000H\000i\000d\000d\000e\000n\000\040\000M\000a\000r\000k\000o\000v\000\040\000m\000o\000d\000e\000l\000\040\000\050\000H\000M\000M\000\051}{}% 99
\BOOKMARK [1][]{section.12.1}{\376\377\0001\0002\000.\0001\000\040\000V\000i\000t\000e\000r\000b\000i\000\040\000A\000l\000g\000o\000r\000i\000t\000h\000m\000:\000\040\000\050\000M\000A\000P\000\051\000\040\000e\000s\000t\000i\000m\000a\000t\000e\000\040\000X\0001\000:\000t\000\040\000g\000i\000v\000e\000n\000\040\000Y\0001\000:\000t}{chapter.12}% 100
\BOOKMARK [2][]{subsection.12.1.1}{\376\377\0001\0002\000.\0001\000.\0001\000\040\000M\000A\000P\000\040\000e\000s\000t\000i\000m\000a\000t\000i\000o\000n\000\040\000p\000r\000o\000b\000l\000e\000m}{section.12.1}% 101
\BOOKMARK [2][]{subsection.12.1.2}{\376\377\0001\0002\000.\0001\000.\0002\000\040\000V\000i\000t\000e\000r\000b\000i\000\040\000A\000l\000g\000o\000r\000i\000t\000h\000m}{section.12.1}% 102
\BOOKMARK [1][]{section.12.2}{\376\377\0001\0002\000.\0002\000\040\000B\000a\000y\000e\000s\000i\000a\000n\000\040\000E\000s\000t\000i\000m\000a\000t\000i\000o\000n\000\040\000o\000f\000\040\000a\000\040\000S\000e\000q\000u\000e\000n\000c\000e\000:\000\040\000N\000e\000e\000d\000\040\000\050\000M\000M\000S\000E\000\051\000\040\000e\000s\000t\000i\000m\000a\000t\000e\000\040\000X\0001\000:\000t\000\040\000g\000i\000v\000e\000n\000\040\000Y\0001\000:\000t}{chapter.12}% 103
\BOOKMARK [1][]{section.12.3}{\376\377\0001\0002\000.\0003\000\040\000F\000o\000r\000w\000a\000r\000d\000-\000B\000a\000c\000k\000w\000a\000r\000d\000\040\000A\000l\000g\000o\000r\000i\000t\000h\000m\000:\000\040\000\050\000M\000M\000S\000E\000\051\000\040\000e\000s\000t\000i\000m\000a\000t\000e\000\040\000X\0001\000:\000t\000+\0001\000\040\000g\000i\000v\000e\000n\000\040\000Y\0001\000:\000t}{chapter.12}% 104
\BOOKMARK [2][]{subsection.12.3.1}{\376\377\0001\0002\000.\0003\000.\0001\000\040\000t\000\050\000x\000\051\000\040\000P\000\173\000X\000t\000=\000x\000\040\000=\000\175}{section.12.3}% 105
\BOOKMARK [2][]{subsection.12.3.2}{\376\377\0001\0002\000.\0003\000.\0002\000\040\000t\000\050\000x\000,\000\040\000x\000\051\000\040\000P\000\173\000X\000t\000=\000x\000,\000\040\000X\000t\000+\0001\000=\000x\000\040\000=\000\175}{section.12.3}% 106
\BOOKMARK [2][]{subsection.12.3.3}{\376\377\0001\0002\000.\0003\000.\0003\000\040\000S\000c\000a\000l\000i\000n\000g\000\040\000F\000a\000c\000t\000o\000r\000s}{section.12.3}% 107
\BOOKMARK [0][]{chapter.13}{\376\377\0001\0003\000\040\000G\000r\000a\000p\000h\000i\000c\000\040\000M\000o\000d\000e\000l\000s}{}% 108
\BOOKMARK [1][]{section.13.1}{\376\377\0001\0003\000.\0001\000\040\000G\000r\000a\000p\000h\000\040\000T\000h\000e\000o\000r\000y}{chapter.13}% 109
\BOOKMARK [1][]{section.13.2}{\376\377\0001\0003\000.\0002\000\040\000B\000a\000y\000e\000s\000i\000a\000n\000\040\000N\000e\000t\000w\000o\000r\000k\000s}{chapter.13}% 110
\BOOKMARK [1][]{section.13.3}{\376\377\0001\0003\000.\0003\000\040\000M\000a\000r\000k\000o\000v\000\040\000N\000e\000t\000w\000o\000r\000k\000s}{chapter.13}% 111
\BOOKMARK [2][]{subsection.13.3.1}{\376\377\0001\0003\000.\0003\000.\0001\000\040\000G\000e\000n\000e\000r\000a\000l\000\040\000F\000o\000r\000m}{section.13.3}% 112
\BOOKMARK [2][]{subsection.13.3.2}{\376\377\0001\0003\000.\0003\000.\0002\000\040\000H\000a\000m\000m\000e\000r\000s\000l\000e\000y\000-\000C\000l\000i\000f\000f\000o\000r\000d\000\040\000t\000h\000e\000o\000r\000e\000m}{section.13.3}% 113
\BOOKMARK [2][]{subsection.13.3.3}{\376\377\0001\0003\000.\0003\000.\0003\000\040\000F\000o\000r\000m\000\040\000o\000f\000\040\000G\000i\000b\000b\000s\000\040\000d\000i\000s\000t\000r\000i\000b\000u\000t\000i\000o\000n\000\040\000\050\000B\000o\000l\000t\000z\000m\000a\000n\000n\000\040\000d\000i\000s\000t\000r\000i\000b\000u\000t\000i\000o\000n\000\051}{section.13.3}% 114
\BOOKMARK [1][]{section.13.4}{\376\377\0001\0003\000.\0004\000\040\000C\000o\000n\000v\000e\000r\000s\000i\000o\000n\000\040\000o\000f\000\040\000d\000i\000r\000e\000c\000t\000e\000d\000\040\000g\000r\000a\000p\000h\000\040\000t\000o\000\040\000u\000n\000d\000i\000r\000e\000c\000t\000e\000d\000\040\000g\000r\000a\000p\000h}{chapter.13}% 115
\BOOKMARK [1][]{section.13.5}{\376\377\0001\0003\000.\0005\000\040\000\040\000I\000n\000f\000e\000r\000e\000n\000c\000e\000\040\000a\000n\000d\000\040\000L\000e\000a\000r\000n\000i\000n\000g}{chapter.13}% 116
\BOOKMARK [2][]{subsection.13.5.1}{\376\377\0001\0003\000.\0005\000.\0001\000\040\000I\000n\000f\000e\000r\000e\000n\000c\000e\000\040\000o\000n\000\040\000T\000r\000e\000e\000s}{section.13.5}% 117
\BOOKMARK [0][]{chapter.14}{\376\377\0001\0004\000\040\000V\000a\000r\000i\000a\000t\000i\000o\000n\000a\000l\000\040\000I\000n\000f\000e\000r\000e\000n\000c\000e\000,\000\040\000M\000e\000a\000n\000-\000F\000i\000e\000l\000d\000\040\000T\000e\000c\000h\000n\000i\000q\000u\000e\000s}{}% 118
\BOOKMARK [1][]{section.14.1}{\376\377\0001\0004\000.\0001\000\040\000N\000a\000i\000v\000e\000\040\000M\000e\000a\000n\000-\000F\000i\000e\000l\000d\000\040\000M\000e\000t\000h\000o\000d\000s}{chapter.14}% 119
\BOOKMARK [2][]{subsection.14.1.1}{\376\377\0001\0004\000.\0001\000.\0001\000\040\000G\000r\000a\000p\000h\000i\000c\000a\000l\000\040\000M\000o\000d\000e\000l\000s}{section.14.1}% 120
\BOOKMARK [2][]{subsection.14.1.2}{\376\377\0001\0004\000.\0001\000.\0002\000\040\000I\000s\000i\000n\000g\000\040\000M\000o\000d\000e\000l}{section.14.1}% 121
\BOOKMARK [1][]{section.14.2}{\376\377\0001\0004\000.\0002\000\040\000E\000x\000p\000o\000n\000e\000n\000t\000i\000a\000l\000\040\000F\000a\000m\000i\000l\000i\000e\000s\000\040\000o\000f\000\040\000P\000r\000o\000b\000a\000b\000i\000l\000i\000t\000y\000\040\000D\000i\000s\000t\000r\000i\000b\000u\000t\000i\000o\000n\000s}{chapter.14}% 122
\BOOKMARK [1][]{section.14.3}{\376\377\0001\0004\000.\0003\000\040\000M\000L\000\040\000E\000s\000t\000i\000m\000a\000t\000i\000o\000n}{chapter.14}% 123
\BOOKMARK [1][]{section.14.4}{\376\377\0001\0004\000.\0004\000\040\000M\000a\000x\000i\000m\000u\000m\000\040\000E\000n\000t\000r\000o\000p\000y}{chapter.14}% 124
\BOOKMARK [1][]{section.14.5}{\376\377\0001\0004\000.\0005\000\040}{chapter.14}% 125
\BOOKMARK [1][]{section.14.6}{\376\377\0001\0004\000.\0006\000\040\000C\000o\000n\000n\000e\000c\000t\000i\000o\000n\000\040\000b\000e\000t\000w\000e\000e\000n\000\040\000E\000x\000p\000o\000n\000e\000n\000t\000i\000a\000l\000\040\000F\000a\000m\000i\000l\000i\000e\000s\000\040\000a\000n\000d\000\040\000G\000r\000a\000p\000h\000i\000c\000\040\000M\000o\000d\000e\000l\000s}{chapter.14}% 126
\BOOKMARK [2][]{subsection.14.6.1}{\376\377\0001\0004\000.\0006\000.\0001\000\040\000M\000a\000r\000g\000i\000n\000a\000l\000\040\000p\000o\000l\000y\000t\000o\000p\000e}{section.14.6}% 127
\BOOKMARK [2][]{subsection.14.6.2}{\376\377\0001\0004\000.\0006\000.\0002\000\040\000L\000o\000c\000a\000l\000l\000y\000\040\000C\000o\000n\000s\000i\000s\000t\000e\000n\000t\000\040\000M\000a\000r\000g\000i\000n\000a\000l\000\040\000D\000i\000s\000t\000r\000i\000b\000u\000t\000i\000o\000n\000s}{section.14.6}% 128
\BOOKMARK [2][]{subsection.14.6.3}{\376\377\0001\0004\000.\0006\000.\0003\000\040\000E\000n\000t\000r\000o\000p\000y\000\040\000o\000n\000\040\000T\000r\000e\000e\000\040\000G\000r\000a\000p\000h\000s}{section.14.6}% 129
\BOOKMARK [2][]{subsection.14.6.4}{\376\377\0001\0004\000.\0006\000.\0004\000\040\000N\000a\000i\000v\000e\000\040\000M\000e\000a\000n\000-\000F\000i\000e\000l\000d\000\040\000M\000e\000t\000h\000o\000d\000s\000\040\000I\000n\000\040\000G\000r\000a\000p\000h}{section.14.6}% 130
\BOOKMARK [2][]{subsection.14.6.5}{\376\377\0001\0004\000.\0006\000.\0005\000\040\000S\000t\000r\000u\000c\000t\000u\000r\000a\000l\000\040\000M\000e\000a\000n\000\040\000F\000i\000e\000l\000d\000\040\000O\000p\000t\000i\000m\000i\000z\000a\000t\000i\000o\000n}{section.14.6}% 131
\BOOKMARK [2][]{subsection.14.6.6}{\376\377\0001\0004\000.\0006\000.\0006\000\040\000B\000e\000t\000h\000e\000\040\000E\000n\000t\000r\000o\000p\000y\000\040\000A\000p\000p\000r\000o\000x\000i\000m\000a\000t\000i\000o\000n}{section.14.6}% 132
\BOOKMARK [0][]{chapter.15}{\376\377\0001\0005\000\040\0001\000\040\000P\000e\000n\000a\000l\000i\000z\000e\000d\000\040\000L\000e\000a\000s\000t\000\040\000S\000q\000u\000a\000r\000e\000s\000\040\000M\000i\000n\000i\000m\000i\000z\000a\000t\000i\000o\000n}{}% 133
\BOOKMARK [1][]{section.15.1}{\376\377\0001\0005\000.\0001\000\040\000P\000r\000o\000b\000l\000e\000m\000\040\000S\000t\000a\000t\000e\000m\000e\000n\000t}{chapter.15}% 134
\BOOKMARK [1][]{section.15.2}{\376\377\0001\0005\000.\0002\000\040\000S\000p\000e\000c\000i\000a\000l\000\040\000C\000a\000s\000e\000s}{chapter.15}% 135
\BOOKMARK [2][]{subsection.15.2.1}{\376\377\0001\0005\000.\0002\000.\0001\000\040\000D\000e\000f\000i\000n\000i\000t\000i\000o\000n\000:\000\040\000S\000o\000f\000t\000\040\000T\000h\000r\000e\000s\000h\000o\000l\000d}{section.15.2}% 136
\BOOKMARK [2][]{subsection.15.2.2}{\376\377\0001\0005\000.\0002\000.\0002\000\040\000I\000d\000e\000n\000t\000i\000t\000y\000\040\000A}{section.15.2}% 137
\BOOKMARK [2][]{subsection.15.2.3}{\376\377\0001\0005\000.\0002\000.\0003\000\040\000O\000r\000t\000h\000o\000n\000o\000r\000m\000a\000l\000\040\000A}{section.15.2}% 138
\BOOKMARK [2][]{subsection.15.2.4}{\376\377\0001\0005\000.\0002\000.\0004\000\040\000Q\000u\000a\000d\000r\000a\000t\000i\000c\000\040\000O\000p\000t\000i\000m\000i\000z\000a\000t\000i\000o\000n\000\040\000\050\000=\0000\000\051}{section.15.2}% 139
\BOOKMARK [1][]{section.15.3}{\376\377\0001\0005\000.\0003\000\040\000G\000e\000n\000e\000r\000a\000l\000\040\000S\000o\000l\000u\000t\000i\000o\000n\000:\000\040\000L\000a\000s\000s\000o}{chapter.15}% 140
\BOOKMARK [1][]{section.15.4}{\376\377\0001\0005\000.\0004\000\040\000G\000e\000n\000e\000r\000a\000l\000\040\000S\000o\000l\000u\000t\000i\000o\000n\000:\000\040\000I\000t\000e\000r\000a\000t\000i\000v\000e\000\040\000S\000o\000f\000t\000\040\000T\000h\000r\000e\000s\000h\000o\000l\000d\000i\000n\000g\000\040\000A\000l\000g\000o\000r\000i\000t\000h\000m\000\040\000\050\000I\000S\000T\000A\000\051}{chapter.15}% 141
\BOOKMARK [2][]{subsection.15.4.1}{\376\377\0001\0005\000.\0004\000.\0001\000\040\000P\000r\000o\000x\000i\000m\000a\000l\000\040\000M\000i\000n\000i\000m\000i\000z\000a\000t\000i\000o\000n\000\040\000A\000l\000g\000o\000r\000i\000t\000h\000m}{section.15.4}% 142
\BOOKMARK [2][]{subsection.15.4.2}{\376\377\0001\0005\000.\0004\000.\0002\000\040\000A\000p\000p\000l\000y\000\040\000t\000o\000\040\0001\000-\000p\000e\000n\000a\000l\000i\000z\000e\000d\000\040\000l\000e\000a\000s\000t\000-\000s\000q\000u\000a\000r\000e\000s}{section.15.4}% 143
\BOOKMARK [1][]{section.15.5}{\376\377\0001\0005\000.\0005\000\040\000C\000o\000n\000v\000e\000r\000g\000e\000n\000c\000e\000\040\000R\000a\000t\000e}{chapter.15}% 144
\BOOKMARK [1][]{section.15.6}{\376\377\0001\0005\000.\0006\000\040\000F\000a\000s\000t\000\040\000I\000t\000e\000r\000a\000t\000i\000v\000e\000\040\000S\000o\000f\000t\000\040\000T\000h\000r\000e\000s\000h\000o\000l\000d\000i\000n\000g\000\040\000A\000l\000g\000o\000r\000i\000t\000h\000m\000\040\000\050\000F\000I\000S\000T\000A\000\051}{chapter.15}% 145
\BOOKMARK [1][]{section.15.7}{\376\377\0001\0005\000.\0007\000\040\000A\000l\000t\000e\000r\000n\000a\000t\000i\000n\000g\000\040\000D\000i\000r\000e\000c\000t\000i\000o\000n\000\040\000M\000e\000t\000h\000o\000d\000\040\000o\000f\000\040\000M\000u\000l\000t\000i\000p\000l\000i\000e\000r\000s\000\040\000\050\000A\000D\000M\000M\000\051}{chapter.15}% 146
\BOOKMARK [0][]{chapter.16}{\376\377\0001\0006\000\040\000C\000o\000m\000p\000r\000e\000s\000s\000i\000v\000e\000\040\000S\000e\000n\000s\000i\000n\000g}{}% 147
\BOOKMARK [1][]{section.16.1}{\376\377\0001\0006\000.\0001\000\040\000D\000e\000f\000i\000n\000i\000t\000i\000o\000n\000s\000\040\000r\000e\000l\000a\000t\000e\000d\000\040\000t\000o\000\040\000S\000p\000a\000r\000s\000i\000t\000y}{chapter.16}% 148
\BOOKMARK [1][]{section.16.2}{\376\377\0001\0006\000.\0002\000\040\000M\000e\000a\000s\000u\000r\000e\000m\000e\000n\000t\000\040\000M\000a\000t\000r\000i\000x}{chapter.16}% 149
\BOOKMARK [2][]{subsection.16.2.1}{\376\377\0001\0006\000.\0002\000.\0001\000\040\000M\000a\000t\000r\000i\000x\000\040\000P\000r\000e\000l\000i\000m\000i\000n\000a\000r\000i\000e\000s}{section.16.2}% 150
\BOOKMARK [2][]{subsection.16.2.2}{\376\377\0001\0006\000.\0002\000.\0002\000\040\000R\000e\000c\000o\000v\000e\000r\000y\000\040\000o\000f\000\040\000k\000-\000S\000p\000a\000r\000s\000e\000\040\000S\000i\000g\000n\000a\000l\000s}{section.16.2}% 151
\BOOKMARK [2][]{subsection.16.2.3}{\376\377\0001\0006\000.\0002\000.\0003\000\040\000R\000e\000s\000t\000r\000i\000c\000t\000e\000d\000\040\000I\000s\000o\000m\000e\000t\000r\000y\000\040\000P\000r\000o\000p\000e\000r\000t\000y}{section.16.2}% 152
\BOOKMARK [1][]{section.16.3}{\376\377\0001\0006\000.\0003\000\040\000R\000o\000b\000u\000s\000t\000\040\000S\000i\000g\000n\000a\000l\000\040\000R\000e\000c\000o\000v\000e\000r\000y\000\040\000f\000r\000o\000m\000\040\000N\000o\000i\000s\000e\000l\000e\000s\000s\000\040\000O\000b\000s\000e\000r\000v\000a\000t\000i\000o\000n\000s}{chapter.16}% 153
\BOOKMARK [1][]{section.16.4}{\376\377\0001\0006\000.\0004\000\040\000R\000o\000b\000u\000s\000t\000\040\000S\000i\000g\000n\000a\000l\000\040\000R\000e\000c\000o\000v\000e\000r\000y\000\040\000f\000r\000o\000m\000\040\000N\000o\000i\000s\000y\000\040\000O\000b\000s\000e\000r\000v\000a\000t\000i\000o\000n\000s}{chapter.16}% 154
\BOOKMARK [2][]{subsection.16.4.1}{\376\377\0001\0006\000.\0004\000.\0001\000\040\000B\000o\000u\000n\000d\000e\000d\000\040\000N\000o\000i\000s\000e}{section.16.4}% 155
