\BOOKMARK [0][]{chapter.1}{\376\377\0001\000\040\000M\000a\000t\000h\000\040\000F\000o\000u\000n\000d\000a\000t\000i\000o\000n\000s}{}% 1
\BOOKMARK [1][]{section.1.1}{\376\377\0001\000.\0001\000\040\000S\000t\000r\000o\000n\000g\000l\000y\000\040\000C\000o\000n\000v\000e\000x\000i\000t\000y}{chapter.1}% 2
\BOOKMARK [2][]{subsection.1.1.1}{\376\377\0001\000.\0001\000.\0001\000\040\000-\000S\000t\000r\000o\000n\000g\000l\000y\000\040\000C\000o\000n\000v\000e\000x\000:\000\040\000\040\000f\000\050\000w\000\051\000-\000f\000\050\000v\000\051\000,\000\040\000w\000-\000v\000w\000-\000v\0002}{section.1.1}% 3
\BOOKMARK [2][]{subsection.1.1.2}{\376\377\0001\000.\0001\000.\0002\000\040\000-\000s\000t\000r\000o\000n\000g\000l\000y\000\040\000c\000o\000n\000v\000e\000x\000\040\0002\000\040\000f\000\050\000x\000\051\000\040\000I\000"\000f\000\050\000x\000\051\000-\000m\0002\000x\0002\000\040\000i\000s\000\040\000c\000o\000n\000v\000e\000x\000"}{section.1.1}% 4
\BOOKMARK [2][]{subsection.1.1.3}{\376\377\0001\000.\0001\000.\0003\000\040\000L\000e\000m\000m\000a\000:\000\040\000S\000t\000r\000o\000n\000g\000l\000y\000\040\000c\000o\000n\000v\000e\000x\000i\000t\000y\000\040\000\040\000S\000t\000r\000i\000c\000t\000l\000y\000\040\000c\000o\000n\000v\000e\000x\000i\000t\000y}{section.1.1}% 5
\BOOKMARK [2][]{subsection.1.1.4}{\376\377\0001\000.\0001\000.\0004\000\040\000L\000e\000m\000m\000a\000:\000\040\0002\000\040\000f\000\050\000x\000\051\000m\000I\000\040\000\040\000f\000\050\000y\000\051\000f\000\050\000x\000\051\000+\000f\000\050\000x\000\051\000T\000\050\000y\000-\000x\000\051\000+\000m\0002\000y\000-\000x\0002}{section.1.1}% 6
\BOOKMARK [1][]{section.1.2}{\376\377\0001\000.\0002\000\040\000L\000i\000p\000s\000c\000h\000i\000t\000z\000\040\000G\000r\000a\000d\000i\000e\000n\000t\000\040\000\050\000L\000-\000S\000m\000o\000o\000t\000h\000\051}{chapter.1}% 7
\BOOKMARK [2][]{subsection.1.2.1}{\376\377\0001\000.\0002\000.\0001\000\040\000T\000h\000e\000o\000r\000e\000m\000:\000\040\000-\000M\000I\0002\000\040\000f\000\050\000x\000\051\000M\000I\000\040\000\040\000f\000\040\000i\000s\000\040\000M\000-\000s\000m\000o\000o\000t\000h}{section.1.2}% 8
\BOOKMARK [2][]{subsection.1.2.2}{\376\377\0001\000.\0002\000.\0002\000\040\000D\000e\000s\000c\000e\000n\000t\000\040\000L\000e\000m\000m\000a\000:\000\040\000f\000\040\000i\000s\000\040\000L\000-\000s\000m\000o\000o\000t\000h\000\040\000\040\000f\000\050\000y\000\051\000f\000\050\000x\000\051\000+\000f\000\050\000x\000\051\000T\000\050\000y\000-\000x\000\051\000+\000L\0002\000y\000-\000x\0002}{section.1.2}% 9
\BOOKMARK [2][]{subsection.1.2.3}{\376\377\0001\000.\0002\000.\0003\000\040\000C\000o\000-\000c\000o\000e\000r\000c\000i\000v\000i\000t\000y\000\040\000C\000o\000n\000d\000i\000t\000i\000o\000n\000:\000\040\000\050\000f\000\050\000x\000\051\000-\000f\000\050\000y\000\051\000\051\000T\000\050\000x\000-\000y\000\051\0001\000L\000f\000\050\000x\000\051\000-\000f\000\050\000y\000\051\0002}{section.1.2}% 10
\BOOKMARK [0][]{chapter.2}{\376\377\0002\000\040\000\050\000U\000n\000c\000o\000n\000s\000t\000r\000a\000i\000n\000e\000d\000\040\000O\000p\000t\000i\000m\000i\000z\000a\000t\000i\000o\000n\000\051\000\040\000G\000r\000a\000d\000i\000e\000n\000t\000\040\000M\000e\000t\000h\000o\000d\000s}{}% 11
\BOOKMARK [1][]{section.2.1}{\376\377\0002\000.\0001\000\040\000S\000t\000e\000e\000p\000e\000s\000t\000\040\000D\000e\000s\000c\000e\000n\000t}{chapter.2}% 12
\BOOKMARK [1][]{section.2.2}{\376\377\0002\000.\0002\000\040\000M\000e\000t\000h\000o\000d\000s\000\040\000f\000o\000r\000\040\000C\000h\000o\000o\000s\000i\000n\000g\000\040\000S\000t\000e\000p\000\040\000S\000i\000z\000e\000\040\000k}{chapter.2}% 13
\BOOKMARK [2][]{subsection.2.2.1}{\376\377\0002\000.\0002\000.\0001\000\040\000O\000p\000t\000i\000m\000a\000l\000\040\000\050\000E\000x\000a\000c\000t\000\051\000\040\000L\000i\000n\000e\000\040\000S\000e\000a\000r\000c\000h}{section.2.2}% 14
\BOOKMARK [2][]{subsection.2.2.2}{\376\377\0002\000.\0002\000.\0002\000\040\000A\000r\000m\000i\000j\000o\000'\000s\000\040\000R\000u\000l\000e}{section.2.2}% 15
\BOOKMARK [2][]{subsection.2.2.3}{\376\377\0002\000.\0002\000.\0003\000\040\000A\000r\000m\000i\000j\000o\000'\000s\000\040\000R\000u\000l\000e\000\040\000f\000o\000r\000\040\000S\000t\000e\000e\000p\000e\000s\000t\000\040\000D\000e\000s\000c\000e\000n\000t}{section.2.2}% 16
\BOOKMARK [1][]{section.2.3}{\376\377\0002\000.\0003\000\040\000A\000l\000g\000o\000r\000i\000t\000h\000m\000\040\000C\000o\000n\000v\000e\000r\000g\000e\000n\000c\000e}{chapter.2}% 17
\BOOKMARK [1][]{section.2.4}{\376\377\0002\000.\0004\000\040\000C\000o\000n\000v\000e\000r\000g\000e\000n\000c\000e\000\040\000o\000f\000\040\000T\000h\000e\000\040\000S\000t\000e\000e\000p\000e\000s\000t\000\040\000D\000e\000s\000c\000e\000n\000t\000\040\000w\000i\000t\000h\000\040\000F\000i\000x\000e\000d\000\040\000S\000t\000e\000p\000\040\000S\000i\000z\000e}{chapter.2}% 18
\BOOKMARK [2][]{subsection.2.4.1}{\376\377\0002\000.\0004\000.\0001\000\040\000T\000h\000e\000o\000r\000e\000m\000:\000\040\000f\000\040\000i\000s\000\040\000L\000-\000s\000m\000o\000o\000t\000h\000\040\000\040\000\173\000x\000k\000\175\000\040\000c\000o\000n\000v\000e\000r\000g\000e\000s\000\040\000t\000o\000\040\000s\000t\000a\000t\000i\000o\000n\000a\000r\000y\000\040\000p\000o\000i\000n\000t}{section.2.4}% 19
\BOOKMARK [2][]{subsection.2.4.2}{\376\377\0002\000.\0004\000.\0002\000\040\000T\000h\000e\000o\000r\000e\000m\000:\000\040\000f\000\040\000i\000s\000\040\000c\000o\000n\000v\000e\000x\000\040\000a\000n\000d\000\040\000L\000-\000s\000m\000o\000o\000t\000h\000\040\000\040\000f\000\050\000x\000k\000\051\000\040\000c\000o\000n\000v\000e\000r\000g\000e\000s\000\040\000t\000o\000\040\000g\000l\000o\000b\000a\000l\000-\000m\000i\000n\000\040\000v\000a\000l\000u\000e\000\040\000w\000i\000t\000h\000\040\000r\000a\000t\000e\000\040\0001\000k}{section.2.4}% 20
\BOOKMARK [2][]{subsection.2.4.3}{\376\377\0002\000.\0004\000.\0003\000\040\000T\000h\000e\000o\000r\000e\000m\000:\000\040\000f\000\040\000i\000s\000\040\000s\000t\000r\000o\000n\000g\000l\000y\000\040\000c\000o\000n\000v\000e\000x\000\040\000a\000n\000d\000\040\000L\000-\000s\000m\000o\000o\000t\000h\000\040\000\040\000\173\000x\000k\000\175\000\040\000c\000o\000n\000v\000e\000r\000g\000e\000s\000\040\000t\000o\000\040\000g\000l\000o\000b\000a\000l\000-\000m\000i\000n\000\040\000g\000e\000o\000m\000e\000t\000r\000i\000c\000a\000l\000l\000y}{section.2.4}% 21
\BOOKMARK [1][]{section.2.5}{\376\377\0002\000.\0005\000\040\000C\000o\000n\000v\000e\000r\000g\000e\000n\000c\000e\000\040\000o\000f\000\040\000G\000r\000a\000d\000i\000e\000n\000t\000\040\000D\000e\000s\000c\000e\000n\000t\000\040\000o\000n\000\040\000S\000m\000o\000o\000t\000h\000\040\000S\000t\000r\000o\000n\000g\000l\000y\000-\000C\000o\000n\000v\000e\000x\000\040\000F\000u\000n\000c\000t\000i\000o\000n\000s}{chapter.2}% 22
\BOOKMARK [1][]{section.2.6}{\376\377\0002\000.\0006\000\040\000F\000r\000o\000m\000\040\000c\000o\000n\000v\000e\000r\000g\000e\000n\000c\000e\000\040\000r\000a\000t\000e\000\040\000t\000o\000\040\000i\000t\000e\000r\000a\000t\000i\000o\000n\000\040\000c\000o\000m\000p\000l\000e\000x\000i\000t\000y}{chapter.2}% 23
\BOOKMARK [0][]{chapter.3}{\376\377\0003\000\040\000\050\000U\000n\000c\000o\000n\000s\000t\000r\000a\000i\000n\000e\000d\000\040\000O\000p\000t\000i\000m\000i\000z\000a\000t\000i\000o\000n\000\051\000\040\000G\000r\000a\000d\000i\000e\000n\000t\000\040\000P\000r\000o\000j\000e\000c\000t\000i\000o\000n\000\040\000M\000e\000t\000h\000o\000d\000s}{}% 24
\BOOKMARK [1][]{section.3.1}{\376\377\0003\000.\0001\000\040\000P\000r\000o\000j\000e\000c\000t\000i\000o\000n\000\040\000o\000n\000t\000o\000\040\000C\000l\000o\000s\000e\000d\000\040\000C\000o\000n\000v\000e\000x\000\040\000S\000e\000t}{chapter.3}% 25
\BOOKMARK [2][]{subsection.3.1.1}{\376\377\0003\000.\0001\000.\0001\000\040\000D\000e\000f\000:\000\040\000P\000r\000o\000j\000e\000c\000t\000i\000o\000n\000\040\000[\000z\000]\000\046}{section.3.1}% 26
\BOOKMARK [2][]{subsection.3.1.2}{\376\377\0003\000.\0001\000.\0002\000\040\000P\000r\000o\000p\000:\000\040\000u\000n\000i\000q\000u\000e\000\040\000p\000r\000o\000j\000e\000c\000t\000i\000o\000n\000\040\000[\000z\000]\000\046\000\040\000o\000n\000\040\000c\000l\000o\000s\000e\000d\000\040\000c\000o\000n\000v\000e\000x\000\040\000s\000u\000b\000s\000e\000t\000\040\000o\000f\000\040\000R\000n}{section.3.1}% 27
\BOOKMARK [2][]{subsection.3.1.3}{\376\377\0003\000.\0001\000.\0003\000\040\000O\000b\000t\000u\000s\000e\000\040\000A\000n\000g\000l\000e\000\040\000C\000r\000i\000t\000e\000r\000i\000o\000n\000:\000\040\000x\000=\000[\000z\000]\000\046\000\040\000i\000s\000\040\000p\000r\000o\000j\000e\000c\000t\000i\000o\000n\000\040\000o\000n\000\040\000c\000l\000o\000s\000e\000d\000\040\000c\000o\000n\000v\000e\000x\000s\000u\000b\000s\000e\000t\000\040\000o\000f\000\040\000R\000n\000\040\000\050\000z\000-\000x\000\051\000T\000\050\000y\000-\000x\000\051\0000\000,\000\040\000y\000\046}{section.3.1}% 28
\BOOKMARK [2][]{subsection.3.1.4}{\376\377\0003\000.\0001\000.\0004\000\040\000P\000r\000o\000p\000:\000\040\000P\000r\000o\000j\000e\000c\000t\000i\000o\000n\000\040\000i\000s\000\040\000n\000o\000n\000-\000e\000x\000p\000a\000n\000s\000i\000v\000e\000\040\000[\000x\000]\000\046\000-\000[\000z\000]\000\046\000x\000-\000z\000,\000x\000,\000z\000R\000n}{section.3.1}% 29
\BOOKMARK [1][]{section.3.2}{\376\377\0003\000.\0002\000\040\000P\000r\000o\000j\000e\000c\000t\000i\000o\000n\000\040\000o\000n\000\040\000\050\000L\000i\000n\000e\000a\000r\000\051\000\040\000S\000u\000b\000s\000p\000a\000c\000e\000s\000\040\000o\000f\000\040\000R\000n}{chapter.3}% 30
\BOOKMARK [2][]{subsection.3.2.1}{\376\377\0003\000.\0002\000.\0001\000\040\000O\000r\000t\000h\000o\000g\000o\000n\000a\000l\000i\000t\000y\000\040\000P\000r\000i\000n\000c\000i\000p\000l\000e\000\040\000i\000n\000\040\000s\000u\000b\000s\000p\000a\000c\000e\000s\000\040\000o\000f\000\040\000R\000n\000:\000\040\000\050\000z\000-\000y\000*\000\051\000T\000x\000=\000\040\0000\000,\000x\000\046}{section.3.2}% 31
\BOOKMARK [1][]{section.3.3}{\376\377\0003\000.\0003\000\040\000G\000r\000a\000d\000i\000e\000n\000t\000\040\000P\000r\000o\000j\000e\000c\000t\000i\000o\000n\000\040\000M\000e\000t\000h\000o\000d}{chapter.3}% 32
\BOOKMARK [2][]{subsection.3.3.1}{\376\377\0003\000.\0003\000.\0001\000\040\000D\000e\000f\000:\000\040\000f\000i\000x\000e\000d\000\040\000p\000o\000i\000n\000t\000\040\000i\000n\000\040\000f\000i\000x\000e\000d\000\040\000s\000t\000e\000p\000-\000s\000i\000z\000e\000\040\000s\000t\000e\000e\000p\000e\000s\000t\000\040\000d\000e\000s\000c\000e\000n\000t\000\040\000m\000e\000t\000h\000o\000d\000,\000\040\000=\000[\000-\000f\000\050\000\051\000]\000\046}{section.3.3}% 33
\BOOKMARK [2][]{subsection.3.3.2}{\376\377\0003\000.\0003\000.\0002\000\040\000P\000r\000o\000p\000:\000\040\000L\000-\000s\000m\000o\000o\000t\000h\000,\000\040\0000\000<\000<\0002\000L\000\040\000\040\000l\000i\000m\000i\000t\000\040\000p\000o\000i\000n\000t\000\040\000i\000s\000\040\000a\000\040\000f\000i\000x\000e\000d\000\040\000p\000o\000i\000n\000t\000\040\000\050\000i\000n\000\040\000f\000i\000x\000e\000d\000\040\000s\000t\000e\000p\000-\000s\000i\000z\000e\000\040\000s\000t\000e\000e\000p\000e\000s\000t\000\040\000d\000e\000s\000c\000e\000n\000t\000\040\000m\000e\000t\000h\000o\000d\000\051}{section.3.3}% 34
\BOOKMARK [2][]{subsection.3.3.3}{\376\377\0003\000.\0003\000.\0003\000\040\000P\000r\000o\000p\000:\000\040\000x\000\040\000i\000s\000\040\000m\000i\000n\000i\000m\000i\000z\000e\000r\000\040\000i\000n\000\040\000c\000o\000n\000v\000e\000x\000\040\000f\000u\000n\000c\000\040\000\040\000f\000i\000x\000e\000d\000\040\000p\000o\000i\000n\000t\000\040\000\050\000i\000n\000\040\000f\000i\000x\000e\000d\000\040\000s\000t\000e\000p\000-\000s\000i\000z\000e\000\040\000s\000t\000e\000e\000p\000e\000s\000t\000\040\000d\000e\000s\000c\000e\000n\000t\000\040\000m\000e\000t\000h\000o\000d\000\051}{section.3.3}% 35
\BOOKMARK [2][]{subsection.3.3.4}{\376\377\0003\000.\0003\000.\0004\000\040\000T\000h\000m\000:\000\040\000C\000o\000n\000v\000e\000r\000g\000e\000n\000c\000e\000\040\000o\000f\000\040\000G\000r\000a\000d\000i\000e\000n\000t\000\040\000P\000r\000o\000j\000e\000c\000t\000i\000o\000n\000:\000\040\000C\000o\000n\000v\000e\000x\000,\000\040\000L\000-\000s\000m\000o\000o\000t\000h\000,\000\040\0000\000<\000<\0002\000L\000\040\000\040\000f\000\050\000x\000k\000\051\000f\000\050\000x\000*\000\051\000\040\000a\000t\000\040\000r\000a\000t\000e\000\040\0001\000k}{section.3.3}% 36
\BOOKMARK [2][]{subsection.3.3.5}{\376\377\0003\000.\0003\000.\0005\000\040\000T\000h\000m\000:\000\040\000S\000t\000r\000o\000n\000g\000l\000y\000\040\000c\000o\000n\000v\000e\000x\000,\000\040\000L\000i\000p\000s\000c\000h\000i\000t\000z\000\040\000g\000r\000a\000d\000i\000e\000n\000t\000\040\000\040\000\173\000x\000k\000\175\000\040\000c\000o\000n\000v\000e\000r\000g\000e\000s\000\040\000t\000o\000\040\000x\000*\000\040\000g\000e\000o\000m\000e\000t\000r\000i\000c\000a\000l\000l\000y}{section.3.3}% 37
\BOOKMARK [0][]{chapter.4}{\376\377\0004\000\040\000\050\000U\000n\000c\000o\000n\000s\000t\000r\000a\000i\000n\000e\000d\000\040\000O\000p\000t\000i\000m\000i\000z\000a\000t\000i\000o\000n\000\051\000\040\000S\000u\000b\000-\000g\000r\000a\000d\000i\000e\000n\000t\000\040\000M\000e\000t\000h\000o\000d\000s}{}% 38
\BOOKMARK [1][]{section.4.1}{\376\377\0004\000.\0001\000\040\000S\000u\000b\000-\000g\000r\000a\000d\000i\000e\000n\000t}{chapter.4}% 39
\BOOKMARK [1][]{section.4.2}{\376\377\0004\000.\0002\000\040\000S\000u\000b\000-\000d\000i\000f\000f\000e\000r\000e\000n\000t\000i\000a\000l}{chapter.4}% 40
\BOOKMARK [1][]{section.4.3}{\376\377\0004\000.\0003\000\040\000M\000o\000r\000e\000\040\000e\000x\000a\000m\000p\000l\000e\000s}{chapter.4}% 41
\BOOKMARK [1][]{section.4.4}{\376\377\0004\000.\0004\000\040\000F\000i\000r\000s\000t\000-\000o\000r\000d\000e\000r\000\040\000n\000e\000c\000e\000s\000s\000a\000r\000y\000\040\000c\000o\000n\000d\000i\000t\000i\000o\000n\000s\000\040\000f\000o\000r\000\040\000o\000p\000t\000i\000m\000a\000l\000i\000t\000y\000\040\000i\000n\000\040\000t\000e\000r\000m\000s\000\040\000o\000f\000\040\000s\000u\000b\000g\000r\000a\000d\000i\000e\000n\000t}{chapter.4}% 42
\BOOKMARK [1][]{section.4.5}{\376\377\0004\000.\0005\000\040\000P\000r\000o\000p\000e\000r\000t\000i\000e\000s\000\040\000o\000f\000\040\000S\000u\000b\000g\000r\000a\000d\000i\000e\000n\000t\000s}{chapter.4}% 43
\BOOKMARK [1][]{section.4.6}{\376\377\0004\000.\0006\000\040\000S\000u\000b\000-\000g\000r\000a\000d\000i\000e\000n\000t\000\040\000D\000e\000s\000c\000e\000n\000t\000\040\000f\000o\000r\000\040\000U\000n\000c\000o\000n\000s\000t\000r\000a\000i\000n\000e\000d\000\040\000O\000p\000t\000i\000m\000i\000z\000a\000t\000i\000o\000n}{chapter.4}% 44
\BOOKMARK [1][]{section.4.7}{\376\377\0004\000.\0007\000\040\000\050\000R\000e\000v\000i\000s\000e\000d\000\051\000\040\000S\000u\000b\000-\000g\000r\000a\000d\000i\000e\000n\000t\000\040\000"\000d\000e\000s\000c\000e\000n\000t\000"\000\040\000w\000i\000t\000h\000\040\000d\000i\000m\000i\000n\000i\000s\000h\000i\000n\000g\000\040\000s\000t\000e\000p\000s\000i\000z\000e}{chapter.4}% 45
\BOOKMARK [0][]{chapter.5}{\376\377\0005\000\040\000\050\000U\000n\000c\000o\000n\000s\000t\000r\000a\000i\000n\000e\000d\000\040\000O\000p\000t\000i\000m\000i\000z\000a\000t\000i\000o\000n\000\051\000\040\000N\000e\000w\000t\000o\000n\000'\000s\000\040\000M\000e\000t\000h\000o\000d}{}% 46
\BOOKMARK [1][]{section.5.1}{\376\377\0005\000.\0001\000\040\000C\000l\000a\000s\000s\000i\000c\000a\000l\000\040\000N\000e\000w\000t\000o\000n\000'\000s\000\040\000M\000e\000t\000h\000o\000d}{chapter.5}% 47
\BOOKMARK [1][]{section.5.2}{\376\377\0005\000.\0002\000\040\000V\000a\000r\000i\000a\000n\000t\000s\000\040\000o\000f\000\040\000N\000e\000w\000t\000o\000n\000'\000s\000\040\000M\000e\000t\000h\000o\000d}{chapter.5}% 48
\BOOKMARK [2][]{subsection.5.2.1}{\376\377\0005\000.\0002\000.\0001\000\040\000G\000e\000n\000e\000r\000a\000l\000i\000z\000a\000t\000i\000o\000n\000\040\000t\000o\000\040\000O\000p\000t\000i\000m\000i\000z\000a\000t\000i\000o\000n}{section.5.2}% 49
\BOOKMARK [2][]{subsection.5.2.2}{\376\377\0005\000.\0002\000.\0002\000\040\000T\000h\000e\000\040\000S\000e\000c\000a\000n\000t\000\040\000M\000e\000t\000h\000o\000d}{section.5.2}% 50
\BOOKMARK [1][]{section.5.3}{\376\377\0005\000.\0003\000\040\000A\000\040\000N\000e\000w\000\040\000I\000n\000t\000e\000r\000p\000r\000e\000t\000a\000t\000i\000o\000n\000\040\000o\000f\000\040\000N\000e\000w\000t\000o\000n\000'\000s\000\040\000M\000e\000t\000h\000o\000d}{chapter.5}% 51
\BOOKMARK [1][]{section.5.4}{\376\377\0005\000.\0004\000\040\000C\000o\000n\000v\000e\000r\000g\000e\000n\000c\000e\000\040\000o\000f\000\040\000N\000e\000w\000t\000o\000n\000'\000s\000\040\000M\000e\000t\000h\000o\000d}{chapter.5}% 52
\BOOKMARK [2][]{subsection.5.4.1}{\376\377\0005\000.\0004\000.\0001\000\040\000G\000u\000a\000r\000a\000n\000t\000e\000e\000s\000\040\000o\000f\000\040\000C\000o\000n\000v\000e\000r\000g\000e\000n\000c\000e}{section.5.4}% 53
\BOOKMARK [2][]{subsection.5.4.2}{\376\377\0005\000.\0004\000.\0002\000\040\000C\000o\000n\000v\000e\000r\000g\000e\000n\000c\000e\000\040\000R\000a\000t\000e}{section.5.4}% 54
\BOOKMARK [1][]{section.5.5}{\376\377\0005\000.\0005\000\040\000N\000o\000t\000e\000:\000\040\000C\000o\000n\000s\000\040\000a\000n\000d\000\040\000P\000r\000o\000s}{chapter.5}% 55
\BOOKMARK [1][]{section.5.6}{\376\377\0005\000.\0006\000\040\000M\000o\000d\000i\000f\000i\000c\000a\000t\000i\000o\000n\000s\000\040\000t\000o\000\040\000e\000n\000s\000u\000r\000e\000\040\000g\000l\000o\000b\000a\000l\000\040\000c\000o\000n\000v\000e\000r\000g\000e\000n\000c\000e}{chapter.5}% 56
\BOOKMARK [1][]{section.5.7}{\376\377\0005\000.\0007\000\040\000Q\000u\000a\000s\000i\000-\000N\000e\000w\000t\000o\000n\000\040\000M\000e\000t\000h\000o\000d\000s}{chapter.5}% 57
\BOOKMARK [2][]{subsection.5.7.1}{\376\377\0005\000.\0007\000.\0001\000\040\000B\000F\000G\000S\000\040\000M\000e\000t\000h\000o\000d}{section.5.7}% 58
\BOOKMARK [1][]{section.5.8}{\376\377\0005\000.\0008\000\040\000T\000r\000u\000s\000t\000-\000R\000e\000g\000i\000o\000n\000\040\000M\000e\000t\000h\000o\000d}{chapter.5}% 59
\BOOKMARK [1][]{section.5.9}{\376\377\0005\000.\0009\000\040\000C\000u\000b\000i\000c\000\040\000R\000e\000g\000u\000l\000a\000r\000i\000z\000a\000t\000i\000o\000n}{chapter.5}% 60
\BOOKMARK [0][]{chapter.6}{\376\377\0006\000\040\000\050\000C\000o\000n\000s\000t\000r\000a\000i\000n\000e\000d\000\040\000O\000p\000t\000i\000m\000i\000z\000a\000t\000i\000o\000n\000\051\000\040\000B\000a\000r\000r\000i\000e\000r\000\040\000M\000e\000t\000h\000o\000d}{}% 61
\BOOKMARK [1][]{section.6.1}{\376\377\0006\000.\0001\000\040\000B\000a\000r\000r\000i\000e\000r\000\040\000M\000e\000t\000h\000o\000d}{chapter.6}% 62
\BOOKMARK [1][]{section.6.2}{\376\377\0006\000.\0002\000\040\000A\000n\000\040\000E\000x\000m\000a\000p\000l\000e\000\040\000U\000s\000i\000n\000g\000\040\000K\000K\000T\000\040\000o\000r\000\040\000B\000a\000r\000r\000i\000e\000r}{chapter.6}% 63
\BOOKMARK [2][]{subsection.6.2.1}{\376\377\0006\000.\0002\000.\0001\000\040\000S\000o\000l\000u\000t\000i\000o\000n\000\040\000u\000s\000i\000n\000g\000\040\000K\000K\000T\000\040\000c\000o\000n\000d\000i\000t\000i\000o\000n\000s}{section.6.2}% 64
\BOOKMARK [2][]{subsection.6.2.2}{\376\377\0006\000.\0002\000.\0002\000\040\000S\000o\000l\000u\000t\000i\000o\000n\000\040\000u\000s\000i\000n\000g\000\040\000l\000o\000g\000a\000r\000i\000t\000h\000m\000i\000c\000\040\000b\000a\000r\000r\000i\000e\000r}{section.6.2}% 65
\BOOKMARK [1][]{section.6.3}{\376\377\0006\000.\0003\000\040\000P\000e\000n\000a\000l\000t\000y\000\040\000M\000e\000t\000h\000o\000d\000\040\000\050\000F\000o\000r\000\040\000E\000C\000P\000\051}{chapter.6}% 66
\BOOKMARK [0][]{chapter.7}{\376\377\0007\000\040\000D\000e\000s\000c\000e\000n\000t\000\040\000M\000e\000t\000h\000o\000d}{}% 67
\BOOKMARK [1][]{section.7.1}{\376\377\0007\000.\0001\000\040\000M\000e\000t\000h\000o\000d\000\040\000o\000f\000\040\000S\000t\000e\000e\000p\000e\000s\000t\000\040\000D\000e\000s\000c\000e\000n\000t}{chapter.7}% 68
\BOOKMARK [2][]{subsection.7.1.1}{\376\377\0007\000.\0001\000.\0001\000\040\000T\000h\000e\000\040\000M\000e\000t\000h\000o\000d\000\040\000o\000f\000\040\000S\000t\000e\000e\000p\000e\000s\000t\000\040\000D\000e\000s\000c\000e\000n\000t}{section.7.1}% 69
\BOOKMARK [2][]{subsection.7.1.2}{\376\377\0007\000.\0001\000.\0002\000\040\000P\000r\000o\000p\000e\000r\000t\000i\000e\000s\000\040\000o\000f\000\040\000s\000t\000e\000e\000p\000e\000s\000t\000\040\000d\000e\000s\000c\000e\000n\000t}{section.7.1}% 70
\BOOKMARK [1][]{section.7.2}{\376\377\0007\000.\0002\000\040\000G\000e\000n\000e\000r\000a\000l\000\040\000D\000e\000s\000c\000e\000n\000t\000\040\000M\000e\000t\000h\000o\000d}{chapter.7}% 71
\BOOKMARK [2][]{subsection.7.2.1}{\376\377\0007\000.\0002\000.\0001\000\040\000C\000r\000i\000t\000e\000r\000i\000a\000\040\000f\000o\000r\000\040\000a\000\040\000d\000e\000s\000c\000e\000n\000t\000\040\000m\000e\000t\000h\000o\000d}{section.7.2}% 72
\BOOKMARK [2][]{subsection.7.2.2}{\376\377\0007\000.\0002\000.\0002\000\040\000W\000o\000l\000f\000e\000'\000s\000\040\000t\000h\000e\000o\000r\000e\000m}{section.7.2}% 73
\BOOKMARK [2][]{subsection.7.2.3}{\376\377\0007\000.\0002\000.\0003\000\040\000P\000i\000c\000k\000i\000n\000g\000\040\000s\000t\000e\000p\000\040\000s\000i\000z\000e\000s}{section.7.2}% 74
\BOOKMARK [2][]{subsection.7.2.4}{\376\377\0007\000.\0002\000.\0004\000\040\000P\000i\000c\000k\000i\000n\000g\000\040\000d\000e\000s\000c\000e\000n\000t\000\040\000d\000i\000r\000e\000c\000t\000i\000o\000n\000s}{section.7.2}% 75
