\BOOKMARK [0][]{chapter.1}{\376\377\0001\000\040\000R\000e\000g\000r\000e\000s\000s\000i\000o\000n}{}% 1
\BOOKMARK [1][]{section.1.1}{\376\377\0001\000.\0001\000\040\000B\000e\000s\000t\000\040\000L\000i\000n\000e\000a\000r\000\040\000P\000r\000e\000d\000i\000c\000t\000o\000r}{chapter.1}% 2
\BOOKMARK [1][]{section.1.2}{\376\377\0001\000.\0002\000\040\000C\000o\000n\000v\000e\000r\000g\000e\000n\000c\000e\000\040\000o\000f\000\040\000O\000L\000S}{chapter.1}% 3
\BOOKMARK [2][]{subsection.1.2.1}{\376\377\0001\000.\0002\000.\0001\000\040\000A\000p\000p\000r\000o\000x\000i\000m\000a\000t\000i\000o\000n}{section.1.2}% 4
\BOOKMARK [2][]{subsection.1.2.2}{\376\377\0001\000.\0002\000.\0002\000\040\000T\000e\000s\000t\000i\000n\000g\000\040\000a\000n\000d\000\040\000C\000o\000n\000f\000i\000d\000e\000n\000c\000e\000\040\000I\000n\000t\000e\000r\000v\000a\000l}{section.1.2}% 5
\BOOKMARK [1][]{section.1.3}{\376\377\0001\000.\0003\000\040\000L\000o\000n\000g\000,\000\040\000S\000h\000o\000r\000t\000,\000\040\000A\000u\000x\000i\000l\000a\000r\000y\000\040\000R\000e\000g\000r\000e\000s\000s\000i\000o\000n}{chapter.1}% 6
\BOOKMARK [1][]{section.1.4}{\376\377\0001\000.\0004\000\040\000R\000e\000s\000i\000d\000u\000a\000l\000\040\000R\000e\000g\000r\000e\000s\000s\000i\000o\000n}{chapter.1}% 7
\BOOKMARK [1][]{section.1.5}{\376\377\0001\000.\0005\000\040\000C\000a\000r\000d\000-\000K\000r\000u\000e\000g\000e\000r\000\040\000M\000o\000d\000e\000l}{chapter.1}% 8
\BOOKMARK [2][]{subsection.1.5.1}{\376\377\0001\000.\0005\000.\0001\000\040\000P\000r\000o\000x\000y\000\040\000V\000a\000r\000i\000a\000b\000l\000e\000\040\000R\000e\000g\000r\000e\000s\000s\000i\000o\000n}{section.1.5}% 9
\BOOKMARK [0][]{chapter.2}{\376\377\0002\000\040\000E\000n\000d\000o\000g\000e\000n\000e\000i\000t\000y}{}% 10
\BOOKMARK [1][]{section.2.1}{\376\377\0002\000.\0001\000\040\000M\000o\000t\000i\000v\000a\000t\000i\000o\000n}{chapter.2}% 11
\BOOKMARK [1][]{section.2.2}{\376\377\0002\000.\0002\000\040\000I\000.\000V\000.\000\040\000M\000o\000d\000e\000l}{chapter.2}% 12
\BOOKMARK [2][]{subsection.2.2.1}{\376\377\0002\000.\0002\000.\0001\000\040\000I\000m\000p\000l\000e\000m\000e\000n\000t\000a\000t\000i\000o\000n\000:}{section.2.2}% 13
\BOOKMARK [2][]{subsection.2.2.2}{\376\377\0002\000.\0002\000.\0002\000\040\000I\000d\000e\000n\000t\000i\000f\000i\000c\000a\000t\000i\000o\000n\000\040\000b\000a\000s\000e\000d\000\040\000o\000n\000\040\000\040\000a\000n\000d\000\040}{section.2.2}% 14
\BOOKMARK [2][]{subsection.2.2.3}{\376\377\0002\000.\0002\000.\0003\000\040\000`\000`\000P\000l\000u\000g\000\040\000I\000n\000'\000'\000:\000\040\000E\000s\000t\000i\000m\000a\000t\000i\000o\000n\000\040\000o\000f\000\040\000\040\000a\000n\000d\000\040}{section.2.2}% 15
\BOOKMARK [2][]{subsection.2.2.4}{\376\377\0002\000.\0002\000.\0004\000\040\0002\000S\000L\000S\000:\000\040\000C\000o\000m\000p\000u\000t\000a\000t\000i\000o\000n\000a\000l\000\040\000M\000e\000t\000h\000o\000d\000\040\000f\000o\000r\000\040\000L\000i\000n\000e\000a\000r\000\040\000M\000o\000d\000e\000l\000s}{section.2.2}% 16
\BOOKMARK [2][]{subsection.2.2.5}{\376\377\0002\000.\0002\000.\0005\000\040\000W\000a\000l\000d\000\040\000E\000s\000t\000i\000m\000a\000t\000o\000r\000:\000\040\0002\000S\000L\000S\000\040\000i\000n\000\040\000a\000\040\000B\000i\000n\000a\000r\000y\000\040\000I\000n\000s\000t\000r\000u\000m\000e\000n\000t}{section.2.2}% 17
\BOOKMARK [1][]{section.2.3}{\376\377\0002\000.\0003\000\040\000W\000e\000a\000k\000\040\000I\000.\000V\000.}{chapter.2}% 18
\BOOKMARK [1][]{section.2.4}{\376\377\0002\000.\0004\000\040\000C\000o\000n\000t\000r\000o\000l\000\040\000F\000u\000n\000c\000t\000i\000o\000n\000\040\000A\000p\000p\000r\000o\000a\000c\000h\000\040\000\050\000a\000n\000o\000t\000h\000e\000r\000\040\000a\000p\000p\000r\000o\000a\000c\000h\000\040\000t\000o\000\040\000h\000a\000n\000d\000l\000e\000\040\000e\000n\000d\000o\000g\000e\000n\000e\000i\000t\000y\000\051}{chapter.2}% 19
\BOOKMARK [1][]{section.2.5}{\376\377\0002\000.\0005\000\040\000L\000A\000T\000E\000\040\000\050\000L\000o\000c\000a\000l\000\040\000A\000T\000E\000\051\000:\000\040\000A\000p\000p\000l\000i\000c\000a\000t\000i\000o\000n\000\040\000o\000f\000\040\000I\000.\000V\000.\000\040\000o\000n\000\040\000P\000o\000t\000e\000n\000t\000i\000a\000l\000\040\000O\000u\000t\000c\000o\000m\000e\000s}{chapter.2}% 20
\BOOKMARK [0][]{chapter.3}{\376\377\0003\000\040\000L\000i\000n\000e\000a\000r\000\040\000G\000e\000n\000e\000r\000a\000l\000i\000z\000e\000d\000\040\000M\000e\000t\000h\000o\000d\000\040\000o\000f\000\040\000M\000o\000m\000e\000n\000t\000s\000\040\000\050\000L\000i\000n\000e\000a\000r\000\040\000G\000M\000M\000\051}{}% 21
\BOOKMARK [1][]{section.3.1}{\376\377\0003\000.\0001\000\040\000G\000e\000n\000e\000r\000a\000l\000i\000z\000e\000d\000\040\000M\000e\000t\000h\000o\000d\000\040\000o\000f\000\040\000M\000o\000m\000e\000n\000t\000s\000\040\000\050\000G\000M\000M\000\051}{chapter.3}% 22
\BOOKMARK [1][]{section.3.2}{\376\377\0003\000.\0002\000\040\000L\000i\000n\000e\000a\000r\000\040\000G\000M\000M}{chapter.3}% 23
\BOOKMARK [1][]{section.3.3}{\376\377\0003\000.\0003\000\040\000P\000r\000o\000p\000e\000r\000t\000i\000e\000s\000\040\000o\000f\000\040\000L\000i\000n\000e\000a\000r\000\040\000G\000M\000M\000\040\000E\000s\000t\000i\000m\000a\000t\000o\000r}{chapter.3}% 24
\BOOKMARK [1][]{section.3.4}{\376\377\0003\000.\0004\000\040\000A\000l\000t\000e\000r\000n\000a\000t\000i\000v\000e\000:\000\040\000C\000o\000n\000t\000i\000n\000u\000o\000u\000s\000\040\000U\000p\000d\000a\000t\000i\000n\000g\000\040\000E\000s\000t\000i\000m\000a\000t\000o\000r}{chapter.3}% 25
\BOOKMARK [2][]{subsection.3.4.1}{\376\377\0003\000.\0004\000.\0001\000\040\000I\000n\000f\000e\000r\000e\000n\000c\000e}{section.3.4}% 26
\BOOKMARK [1][]{section.3.5}{\376\377\0003\000.\0005\000\040\000O\000V\000E\000R\000-\000I\000D\000\040\000T\000e\000s\000t}{chapter.3}% 27
\BOOKMARK [1][]{section.3.6}{\376\377\0003\000.\0006\000\040\000B\000o\000o\000t\000s\000t\000r\000a\000p\000\040\000G\000M\000M}{chapter.3}% 28
\BOOKMARK [0][]{chapter.4}{\376\377\0004\000\040\000P\000a\000n\000e\000l\000\040\000D\000a\000t\000a\000\040\000M\000o\000d\000e\000l\000s}{}% 29
\BOOKMARK [1][]{section.4.1}{\376\377\0004\000.\0001\000\040\000D\000e\000f\000i\000n\000i\000t\000i\000o\000n\000s}{chapter.4}% 30
\BOOKMARK [1][]{section.4.2}{\376\377\0004\000.\0002\000\040\000P\000o\000o\000l\000e\000d\000\040\000O\000L\000S}{chapter.4}% 31
\BOOKMARK [1][]{section.4.3}{\376\377\0004\000.\0003\000\040\000F\000i\000x\000e\000d\000\040\000E\000f\000f\000e\000c\000t\000\040\000M\000o\000d\000e\000l}{chapter.4}% 32
\BOOKMARK [1][]{section.4.4}{\376\377\0004\000.\0004\000\040\000R\000a\000n\000d\000o\000m\000\040\000E\000f\000f\000e\000c\000t\000\040\000M\000o\000d\000e\000l}{chapter.4}% 33
\BOOKMARK [1][]{section.4.5}{\376\377\0004\000.\0005\000\040\000T\000w\000o\000-\000W\000a\000y\000\040\000F\000i\000x\000e\000d\000\040\000E\000f\000f\000e\000c\000t\000\040\000M\000o\000d\000e\000l}{chapter.4}% 34
\BOOKMARK [1][]{section.4.6}{\376\377\0004\000.\0006\000\040\000A\000r\000e\000l\000l\000a\000n\000o\000\040\000B\000o\000n\000d\000\040\000A\000p\000p\000r\000o\000a\000c\000h}{chapter.4}% 35
\BOOKMARK [0][]{chapter.5}{\376\377\0005\000\040\000D\000i\000f\000f\000e\000r\000e\000n\000c\000e\000\040\000i\000n\000\040\000D\000i\000f\000f\000e\000r\000e\000n\000c\000e\000\040\000\050\000D\000i\000D\000\051}{}% 36
\BOOKMARK [1][]{subsection.5.0.1}{\376\377\0005\000.\0000\000.\0001\000\040\000A\000f\000t\000e\000r\000\040\000O\000L\000S\000\040\000R\000e\000g\000r\000e\000s\000s\000i\000o\000n}{chapter.5}% 37
\BOOKMARK [2][]{subsection.5.0.2}{\376\377\0005\000.\0000\000.\0002\000\040\000D\000i\000f\000f\000e\000r\000e\000n\000c\000e\000\040\000i\000n\000\040\000D\000i\000f\000f\000e\000r\000e\000n\000c\000e}{subsection.5.0.1}% 38
