\BOOKMARK [0][]{chapter.1}{\376\377\0001\000\040\000I\000n\000f\000o\000r\000m\000a\000t\000i\000o\000n\000-\000T\000h\000e\000o\000r\000e\000t\000i\000c\000\040\000F\000u\000n\000c\000t\000i\000o\000n\000a\000l}{}% 1
\BOOKMARK [1][]{section.1.1}{\376\377\0001\000.\0001\000\040\000D\000e\000f\000i\000n\000i\000t\000i\000o\000n\000s}{chapter.1}% 2
\BOOKMARK [2][]{subsection.1.1.1}{\376\377\0001\000.\0001\000.\0001\000\040\000E\000n\000t\000r\000o\000p\000y}{section.1.1}% 3
\BOOKMARK [2][]{subsection.1.1.2}{\376\377\0001\000.\0001\000.\0002\000\040\000K\000u\000l\000l\000b\000a\000c\000k\000-\000L\000e\000i\000b\000l\000e\000r\000\040\000D\000i\000v\000e\000r\000g\000e\000n\000c\000e}{section.1.1}% 4
\BOOKMARK [2][]{subsection.1.1.3}{\376\377\0001\000.\0001\000.\0003\000\040\000C\000r\000o\000s\000s\000-\000E\000n\000t\000r\000o\000p\000y}{section.1.1}% 5
\BOOKMARK [2][]{subsection.1.1.4}{\376\377\0001\000.\0001\000.\0004\000\040\000M\000u\000t\000u\000a\000l\000\040\000I\000n\000f\000o\000r\000m\000a\000t\000i\000o\000n}{section.1.1}% 6
\BOOKMARK [0][]{chapter.2}{\376\377\0002\000\040\000M\000a\000c\000h\000i\000n\000e\000\040\000L\000e\000a\000r\000n\000i\000n\000g\000\040\000i\000n\000\040\000I\000n\000f\000e\000r\000e\000n\000c\000e}{}% 7
\BOOKMARK [1][]{section.2.1}{\376\377\0002\000.\0001\000\040\000E\000m\000p\000i\000r\000i\000c\000a\000l\000\040\000R\000i\000s\000k\000\040\000M\000i\000n\000i\000m\000i\000z\000a\000t\000i\000o\000n\000\040\000\050\000E\000R\000M\000\051}{chapter.2}% 8
\BOOKMARK [2][]{subsection.2.1.1}{\376\377\0002\000.\0001\000.\0001\000\040\000E\000x\000a\000m\000p\000l\000e\000:\000\040\000L\000i\000n\000e\000a\000r\000\040\000M\000M\000S\000E\000\040\000\050\000L\000M\000M\000S\000E\000\051\000\040\000e\000s\000t\000i\000m\000a\000t\000o\000r}{section.2.1}% 9
\BOOKMARK [2][]{subsection.2.1.2}{\376\377\0002\000.\0001\000.\0002\000\040\000P\000e\000n\000a\000l\000i\000z\000e\000d\000\040\000E\000R\000M}{section.2.1}% 10
\BOOKMARK [1][]{section.2.2}{\376\377\0002\000.\0002\000\040\000S\000t\000o\000c\000h\000a\000s\000t\000i\000c\000\040\000A\000p\000p\000r\000o\000x\000i\000m\000a\000t\000i\000o\000n}{chapter.2}% 11
\BOOKMARK [1][]{section.2.3}{\376\377\0002\000.\0003\000\040\000S\000t\000o\000c\000h\000a\000s\000t\000i\000c\000\040\000G\000r\000a\000d\000i\000e\000n\000t\000\040\000D\000e\000s\000c\000e\000n\000t\000\040\000\050\000S\000G\000D\000\051}{chapter.2}% 12
\BOOKMARK [1][]{section.2.4}{\376\377\0002\000.\0004\000\040\000S\000G\000D\000\040\000A\000p\000p\000l\000i\000c\000a\000t\000i\000o\000n\000\040\000t\000o\000\040\000E\000m\000p\000i\000r\000i\000c\000a\000l\000\040\000R\000i\000s\000k\000\040\000M\000i\000n\000i\000m\000i\000z\000a\000t\000i\000o\000n\000\040\000\050\000E\000R\000M\000\051}{chapter.2}% 13
\BOOKMARK [2][]{subsection.2.4.1}{\376\377\0002\000.\0004\000.\0001\000\040\000D\000i\000f\000f\000e\000r\000e\000n\000t\000\040\000G\000r\000a\000d\000i\000e\000n\000t\000\040\000D\000e\000s\000c\000e\000n\000t\000\040\000f\000o\000r\000\040\000E\000R\000M}{section.2.4}% 14
\BOOKMARK [2][]{subsection.2.4.2}{\376\377\0002\000.\0004\000.\0002\000\040\000C\000o\000n\000s\000t\000r\000a\000i\000n\000t\000s\000\040\000o\000n\000\040\000L\000e\000a\000r\000n\000i\000n\000g\000\040\000P\000r\000o\000b\000l\000e\000m}{section.2.4}% 15
\BOOKMARK [0][]{chapter.3}{\376\377\0003\000\040\000S\000t\000o\000c\000h\000a\000s\000t\000i\000c\000\040\000I\000n\000t\000e\000g\000r\000a\000t\000i\000o\000n\000\040\000M\000e\000t\000h\000o\000d\000s}{}% 16
\BOOKMARK [1][]{section.3.1}{\376\377\0003\000.\0001\000\040\000D\000e\000t\000e\000r\000m\000i\000n\000i\000s\000t\000i\000c\000\040\000M\000e\000t\000h\000o\000d\000s\000\040\000\050\000B\000e\000t\000t\000e\000r\000\040\000i\000n\000\040\000L\000o\000w\000\040\000D\000i\000m\000e\000n\000s\000i\000o\000n\000\051}{chapter.3}% 17
\BOOKMARK [2][]{subsection.3.1.1}{\376\377\0003\000.\0001\000.\0001\000\040\000R\000i\000e\000m\000a\000n\000n\000\040\000I\000n\000t\000e\000g\000r\000a\000t\000i\000o\000n}{section.3.1}% 18
\BOOKMARK [2][]{subsection.3.1.2}{\376\377\0003\000.\0001\000.\0002\000\040\000T\000r\000a\000p\000e\000z\000o\000i\000d\000a\000l\000\040\000R\000u\000l\000e}{section.3.1}% 19
\BOOKMARK [2][]{subsection.3.1.3}{\376\377\0003\000.\0001\000.\0003\000\040\000M\000u\000l\000t\000i\000d\000i\000m\000e\000n\000s\000i\000o\000n\000a\000l\000\040\000I\000n\000t\000e\000g\000r\000a\000t\000i\000o\000n}{section.3.1}% 20
\BOOKMARK [1][]{section.3.2}{\376\377\0003\000.\0002\000\040\000S\000t\000o\000c\000h\000a\000s\000t\000i\000c\000\040\000M\000e\000t\000h\000o\000d\000s\000\040\000\050\000B\000e\000t\000t\000e\000r\000\040\000i\000n\000\040\000H\000i\000g\000h\000\040\000D\000i\000m\000e\000n\000s\000i\000o\000n\000\051}{chapter.3}% 21
\BOOKMARK [2][]{subsection.3.2.1}{\376\377\0003\000.\0002\000.\0001\000\040\000C\000l\000a\000s\000s\000i\000c\000a\000l\000\040\000M\000o\000n\000t\000e\000\040\000C\000a\000r\000l\000o\000\040\000I\000n\000t\000e\000g\000r\000a\000t\000i\000o\000n}{section.3.2}% 22
\BOOKMARK [2][]{subsection.3.2.2}{\376\377\0003\000.\0002\000.\0002\000\040\000I\000m\000p\000o\000r\000t\000a\000n\000c\000e\000\040\000S\000a\000m\000p\000l\000i\000n\000g}{section.3.2}% 23
\BOOKMARK [0][]{chapter.4}{\376\377\0004\000\040\000P\000a\000r\000t\000i\000c\000l\000e\000\040\000F\000i\000l\000t\000e\000r\000i\000n\000g}{}% 24
\BOOKMARK [1][]{section.4.1}{\376\377\0004\000.\0001\000\040\000K\000a\000l\000m\000a\000n\000\040\000F\000i\000l\000t\000e\000r\000i\000n\000g\000\040\000\050\000L\000i\000n\000e\000a\000r\000\040\000D\000y\000n\000a\000m\000i\000c\000\040\000S\000y\000s\000t\000e\000m\000\051}{chapter.4}% 25
\BOOKMARK [1][]{section.4.2}{\376\377\0004\000.\0002\000\040\000P\000a\000r\000t\000i\000c\000l\000e\000\040\000F\000i\000l\000t\000e\000r\000i\000n\000g\000\040\000\050\000N\000o\000n\000l\000i\000n\000e\000a\000r\000\040\000D\000y\000n\000a\000m\000i\000c\000\040\000S\000y\000s\000t\000e\000m\000\051}{chapter.4}% 26
\BOOKMARK [2][]{subsection.4.2.1}{\376\377\0004\000.\0002\000.\0001\000\040\000B\000a\000y\000e\000s\000i\000a\000n\000\040\000R\000e\000c\000u\000r\000s\000i\000v\000e\000\040\000F\000i\000l\000t\000e\000r\000i\000n\000g}{section.4.2}% 27
\BOOKMARK [2][]{subsection.4.2.2}{\376\377\0004\000.\0002\000.\0002\000\040\000P\000a\000r\000t\000i\000c\000l\000e\000\040\000F\000i\000l\000t\000e\000r\000\040\000\050\000b\000o\000o\000t\000s\000t\000r\000a\000p\000\040\000f\000i\000l\000t\000e\000r\000\051}{section.4.2}% 28
\BOOKMARK [0][]{chapter.5}{\376\377\0005\000\040\000E\000M\000\040\000A\000l\000g\000o\000r\000i\000t\000h\000m}{}% 29
\BOOKMARK [1][]{section.5.1}{\376\377\0005\000.\0001\000\040\000G\000e\000n\000e\000r\000a\000l\000\040\000S\000t\000r\000u\000c\000t\000u\000r\000e\000\040\000o\000f\000\040\000t\000h\000e\000\040\000E\000M\000\040\000A\000l\000g\000o\000r\000i\000t\000h\000m}{chapter.5}% 30
\BOOKMARK [1][]{section.5.2}{\376\377\0005\000.\0002\000\040\000E\000x\000a\000m\000p\000l\000e\000\040\0001\000:\000\040\000V\000a\000r\000i\000a\000n\000c\000e\000\040\000E\000s\000t\000i\000m\000a\000t\000i\000o\000n}{chapter.5}% 31
\BOOKMARK [2][]{subsection.5.2.1}{\376\377\0005\000.\0002\000.\0001\000\040\000M\000a\000x\000i\000m\000u\000m\000-\000L\000i\000k\000e\000l\000i\000h\000o\000o\000d\000\040\000\050\000M\000L\000\051\000\040\000E\000s\000t\000i\000m\000a\000t\000i\000o\000n}{section.5.2}% 32
\BOOKMARK [2][]{subsection.5.2.2}{\376\377\0005\000.\0002\000.\0002\000\040\000E\000M\000\040\000A\000l\000g\000o\000r\000i\000t\000h\000m}{section.5.2}% 33
\BOOKMARK [1][]{section.5.3}{\376\377\0005\000.\0003\000\040\000E\000x\000a\000m\000p\000l\000e\000\040\0002\000:\000\040\000E\000s\000t\000i\000m\000a\000t\000i\000o\000n\000\040\000o\000f\000\040\000G\000a\000u\000s\000s\000i\000a\000n\000\040\000M\000i\000x\000t\000u\000r\000e\000s}{chapter.5}% 34
\BOOKMARK [2][]{subsection.5.3.1}{\376\377\0005\000.\0003\000.\0001\000\040\000U\000n\000k\000n\000o\000w\000n\000\040\000M\000e\000a\000n\000s\000:\000\040\000M\000L\000\040\000e\000s\000t\000i\000m\000a\000t\000i\000o\000n\000\040\000i\000s\000\040\000h\000a\000r\000d}{section.5.3}% 35
\BOOKMARK [2][]{subsection.5.3.2}{\376\377\0005\000.\0003\000.\0002\000\040\000U\000n\000k\000n\000o\000w\000n\000\040\000M\000e\000a\000n\000s\000:\000\040\000E\000M\000\040\000A\000l\000g\000o\000r\000i\000t\000h\000m}{section.5.3}% 36
\BOOKMARK [2][]{subsection.5.3.3}{\376\377\0005\000.\0003\000.\0003\000\040\000U\000n\000k\000n\000o\000w\000n\000\040\000M\000i\000x\000t\000u\000r\000e\000\040\000P\000r\000o\000b\000a\000b\000i\000l\000i\000t\000i\000e\000s\000,\000\040\000M\000e\000a\000n\000s\000\040\000a\000n\000d\000\040\000V\000a\000r\000i\000a\000n\000c\000e\000s}{section.5.3}% 37
\BOOKMARK [1][]{section.5.4}{\376\377\0005\000.\0004\000\040\000C\000o\000n\000v\000e\000r\000g\000e\000n\000c\000e\000\040\000o\000f\000\040\000E\000M\000\040\000A\000l\000g\000o\000r\000i\000t\000h\000m}{chapter.5}% 38
\BOOKMARK [1][]{section.5.5}{\376\377\0005\000.\0005\000\040\000E\000M\000\040\000A\000s\000\040\000a\000n\000\040\000A\000l\000t\000e\000r\000n\000a\000t\000i\000n\000g\000\040\000M\000a\000x\000i\000m\000i\000z\000a\000t\000i\000o\000n\000\040\000A\000l\000g\000o\000r\000i\000t\000h\000m}{chapter.5}% 39
\BOOKMARK [0][]{chapter.6}{\376\377\0006\000\040\000H\000i\000d\000d\000e\000n\000\040\000M\000a\000r\000k\000o\000v\000\040\000m\000o\000d\000e\000l\000\040\000\050\000H\000M\000M\000\051}{}% 40
\BOOKMARK [1][]{section.6.1}{\376\377\0006\000.\0001\000\040\000V\000i\000t\000e\000r\000b\000i\000\040\000A\000l\000g\000o\000r\000i\000t\000h\000m\000:\000\040\000\050\000M\000A\000P\000\051\000\040\000e\000s\000t\000i\000m\000a\000t\000e\000\040\000X\0001\000:\000t\000\040\000g\000i\000v\000e\000n\000\040\000Y\0001\000:\000t}{chapter.6}% 41
\BOOKMARK [2][]{subsection.6.1.1}{\376\377\0006\000.\0001\000.\0001\000\040\000M\000A\000P\000\040\000e\000s\000t\000i\000m\000a\000t\000i\000o\000n\000\040\000p\000r\000o\000b\000l\000e\000m}{section.6.1}% 42
\BOOKMARK [2][]{subsection.6.1.2}{\376\377\0006\000.\0001\000.\0002\000\040\000V\000i\000t\000e\000r\000b\000i\000\040\000A\000l\000g\000o\000r\000i\000t\000h\000m}{section.6.1}% 43
\BOOKMARK [1][]{section.6.2}{\376\377\0006\000.\0002\000\040\000B\000a\000y\000e\000s\000i\000a\000n\000\040\000E\000s\000t\000i\000m\000a\000t\000i\000o\000n\000\040\000o\000f\000\040\000a\000\040\000S\000e\000q\000u\000e\000n\000c\000e\000:\000\040\000N\000e\000e\000d\000\040\000\050\000M\000M\000S\000E\000\051\000\040\000e\000s\000t\000i\000m\000a\000t\000e\000\040\000X\0001\000:\000t\000\040\000g\000i\000v\000e\000n\000\040\000Y\0001\000:\000t}{chapter.6}% 44
\BOOKMARK [1][]{section.6.3}{\376\377\0006\000.\0003\000\040\000F\000o\000r\000w\000a\000r\000d\000-\000B\000a\000c\000k\000w\000a\000r\000d\000\040\000A\000l\000g\000o\000r\000i\000t\000h\000m\000:\000\040\000\050\000M\000M\000S\000E\000\051\000\040\000e\000s\000t\000i\000m\000a\000t\000e\000\040\000X\0001\000:\000t\000+\0001\000\040\000g\000i\000v\000e\000n\000\040\000Y\0001\000:\000t}{chapter.6}% 45
\BOOKMARK [2][]{subsection.6.3.1}{\376\377\0006\000.\0003\000.\0001\000\040\000t\000\050\000x\000\051\000\040\000P\000\173\000X\000t\000=\000x\000\040\000=\000\175}{section.6.3}% 46
\BOOKMARK [2][]{subsection.6.3.2}{\376\377\0006\000.\0003\000.\0002\000\040\000t\000\050\000x\000,\000\040\000x\000\051\000\040\000P\000\173\000X\000t\000=\000x\000,\000\040\000X\000t\000+\0001\000=\000x\000\040\000=\000\175}{section.6.3}% 47
\BOOKMARK [2][]{subsection.6.3.3}{\376\377\0006\000.\0003\000.\0003\000\040\000S\000c\000a\000l\000i\000n\000g\000\040\000F\000a\000c\000t\000o\000r\000s}{section.6.3}% 48
\BOOKMARK [0][]{chapter.7}{\376\377\0007\000\040\000G\000r\000a\000p\000h\000i\000c\000\040\000M\000o\000d\000e\000l\000s}{}% 49
\BOOKMARK [1][]{section.7.1}{\376\377\0007\000.\0001\000\040\000G\000r\000a\000p\000h\000\040\000T\000h\000e\000o\000r\000y}{chapter.7}% 50
\BOOKMARK [1][]{section.7.2}{\376\377\0007\000.\0002\000\040\000B\000a\000y\000e\000s\000i\000a\000n\000\040\000N\000e\000t\000w\000o\000r\000k\000s}{chapter.7}% 51
\BOOKMARK [1][]{section.7.3}{\376\377\0007\000.\0003\000\040\000M\000a\000r\000k\000o\000v\000\040\000N\000e\000t\000w\000o\000r\000k\000s}{chapter.7}% 52
\BOOKMARK [2][]{subsection.7.3.1}{\376\377\0007\000.\0003\000.\0001\000\040\000G\000e\000n\000e\000r\000a\000l\000\040\000F\000o\000r\000m}{section.7.3}% 53
\BOOKMARK [2][]{subsection.7.3.2}{\376\377\0007\000.\0003\000.\0002\000\040\000H\000a\000m\000m\000e\000r\000s\000l\000e\000y\000-\000C\000l\000i\000f\000f\000o\000r\000d\000\040\000t\000h\000e\000o\000r\000e\000m}{section.7.3}% 54
\BOOKMARK [2][]{subsection.7.3.3}{\376\377\0007\000.\0003\000.\0003\000\040\000F\000o\000r\000m\000\040\000o\000f\000\040\000G\000i\000b\000b\000s\000\040\000d\000i\000s\000t\000r\000i\000b\000u\000t\000i\000o\000n\000\040\000\050\000B\000o\000l\000t\000z\000m\000a\000n\000n\000\040\000d\000i\000s\000t\000r\000i\000b\000u\000t\000i\000o\000n\000\051}{section.7.3}% 55
\BOOKMARK [1][]{section.7.4}{\376\377\0007\000.\0004\000\040\000C\000o\000n\000v\000e\000r\000s\000i\000o\000n\000\040\000o\000f\000\040\000d\000i\000r\000e\000c\000t\000e\000d\000\040\000g\000r\000a\000p\000h\000\040\000t\000o\000\040\000u\000n\000d\000i\000r\000e\000c\000t\000e\000d\000\040\000g\000r\000a\000p\000h}{chapter.7}% 56
\BOOKMARK [1][]{section.7.5}{\376\377\0007\000.\0005\000\040\000\040\000I\000n\000f\000e\000r\000e\000n\000c\000e\000\040\000a\000n\000d\000\040\000L\000e\000a\000r\000n\000i\000n\000g}{chapter.7}% 57
\BOOKMARK [2][]{subsection.7.5.1}{\376\377\0007\000.\0005\000.\0001\000\040\000I\000n\000f\000e\000r\000e\000n\000c\000e\000\040\000o\000n\000\040\000T\000r\000e\000e\000s}{section.7.5}% 58
\BOOKMARK [0][]{chapter.8}{\376\377\0008\000\040\000V\000a\000r\000i\000a\000t\000i\000o\000n\000a\000l\000\040\000I\000n\000f\000e\000r\000e\000n\000c\000e\000,\000\040\000M\000e\000a\000n\000-\000F\000i\000e\000l\000d\000\040\000T\000e\000c\000h\000n\000i\000q\000u\000e\000s}{}% 59
\BOOKMARK [1][]{section.8.1}{\376\377\0008\000.\0001\000\040\000N\000a\000i\000v\000e\000\040\000M\000e\000a\000n\000-\000F\000i\000e\000l\000d\000\040\000M\000e\000t\000h\000o\000d\000s}{chapter.8}% 60
\BOOKMARK [2][]{subsection.8.1.1}{\376\377\0008\000.\0001\000.\0001\000\040\000G\000r\000a\000p\000h\000i\000c\000a\000l\000\040\000M\000o\000d\000e\000l\000s}{section.8.1}% 61
\BOOKMARK [2][]{subsection.8.1.2}{\376\377\0008\000.\0001\000.\0002\000\040\000I\000s\000i\000n\000g\000\040\000M\000o\000d\000e\000l}{section.8.1}% 62
\BOOKMARK [1][]{section.8.2}{\376\377\0008\000.\0002\000\040\000E\000x\000p\000o\000n\000e\000n\000t\000i\000a\000l\000\040\000F\000a\000m\000i\000l\000i\000e\000s\000\040\000o\000f\000\040\000P\000r\000o\000b\000a\000b\000i\000l\000i\000t\000y\000\040\000D\000i\000s\000t\000r\000i\000b\000u\000t\000i\000o\000n\000s}{chapter.8}% 63
\BOOKMARK [1][]{section.8.3}{\376\377\0008\000.\0003\000\040\000M\000L\000\040\000E\000s\000t\000i\000m\000a\000t\000i\000o\000n}{chapter.8}% 64
\BOOKMARK [1][]{section.8.4}{\376\377\0008\000.\0004\000\040\000M\000a\000x\000i\000m\000u\000m\000\040\000E\000n\000t\000r\000o\000p\000y}{chapter.8}% 65
\BOOKMARK [1][]{section.8.5}{\376\377\0008\000.\0005\000\040}{chapter.8}% 66
\BOOKMARK [1][]{section.8.6}{\376\377\0008\000.\0006\000\040\000C\000o\000n\000n\000e\000c\000t\000i\000o\000n\000\040\000b\000e\000t\000w\000e\000e\000n\000\040\000E\000x\000p\000o\000n\000e\000n\000t\000i\000a\000l\000\040\000F\000a\000m\000i\000l\000i\000e\000s\000\040\000a\000n\000d\000\040\000G\000r\000a\000p\000h\000i\000c\000\040\000M\000o\000d\000e\000l\000s}{chapter.8}% 67
\BOOKMARK [2][]{subsection.8.6.1}{\376\377\0008\000.\0006\000.\0001\000\040\000M\000a\000r\000g\000i\000n\000a\000l\000\040\000p\000o\000l\000y\000t\000o\000p\000e}{section.8.6}% 68
\BOOKMARK [2][]{subsection.8.6.2}{\376\377\0008\000.\0006\000.\0002\000\040\000L\000o\000c\000a\000l\000l\000y\000\040\000C\000o\000n\000s\000i\000s\000t\000e\000n\000t\000\040\000M\000a\000r\000g\000i\000n\000a\000l\000\040\000D\000i\000s\000t\000r\000i\000b\000u\000t\000i\000o\000n\000s}{section.8.6}% 69
\BOOKMARK [2][]{subsection.8.6.3}{\376\377\0008\000.\0006\000.\0003\000\040\000E\000n\000t\000r\000o\000p\000y\000\040\000o\000n\000\040\000T\000r\000e\000e\000\040\000G\000r\000a\000p\000h\000s}{section.8.6}% 70
\BOOKMARK [2][]{subsection.8.6.4}{\376\377\0008\000.\0006\000.\0004\000\040\000N\000a\000i\000v\000e\000\040\000M\000e\000a\000n\000-\000F\000i\000e\000l\000d\000\040\000M\000e\000t\000h\000o\000d\000s\000\040\000I\000n\000\040\000G\000r\000a\000p\000h}{section.8.6}% 71
\BOOKMARK [2][]{subsection.8.6.5}{\376\377\0008\000.\0006\000.\0005\000\040\000S\000t\000r\000u\000c\000t\000u\000r\000a\000l\000\040\000M\000e\000a\000n\000\040\000F\000i\000e\000l\000d\000\040\000O\000p\000t\000i\000m\000i\000z\000a\000t\000i\000o\000n}{section.8.6}% 72
\BOOKMARK [2][]{subsection.8.6.6}{\376\377\0008\000.\0006\000.\0006\000\040\000B\000e\000t\000h\000e\000\040\000E\000n\000t\000r\000o\000p\000y\000\040\000A\000p\000p\000r\000o\000x\000i\000m\000a\000t\000i\000o\000n}{section.8.6}% 73
\BOOKMARK [0][]{chapter.9}{\376\377\0009\000\040\0001\000\040\000P\000e\000n\000a\000l\000i\000z\000e\000d\000\040\000L\000e\000a\000s\000t\000\040\000S\000q\000u\000a\000r\000e\000s\000\040\000M\000i\000n\000i\000m\000i\000z\000a\000t\000i\000o\000n}{}% 74
\BOOKMARK [1][]{section.9.1}{\376\377\0009\000.\0001\000\040\000P\000r\000o\000b\000l\000e\000m\000\040\000S\000t\000a\000t\000e\000m\000e\000n\000t}{chapter.9}% 75
\BOOKMARK [1][]{section.9.2}{\376\377\0009\000.\0002\000\040\000S\000p\000e\000c\000i\000a\000l\000\040\000C\000a\000s\000e\000s}{chapter.9}% 76
\BOOKMARK [2][]{subsection.9.2.1}{\376\377\0009\000.\0002\000.\0001\000\040\000D\000e\000f\000i\000n\000i\000t\000i\000o\000n\000:\000\040\000S\000o\000f\000t\000\040\000T\000h\000r\000e\000s\000h\000o\000l\000d}{section.9.2}% 77
\BOOKMARK [2][]{subsection.9.2.2}{\376\377\0009\000.\0002\000.\0002\000\040\000I\000d\000e\000n\000t\000i\000t\000y\000\040\000A}{section.9.2}% 78
\BOOKMARK [2][]{subsection.9.2.3}{\376\377\0009\000.\0002\000.\0003\000\040\000O\000r\000t\000h\000o\000n\000o\000r\000m\000a\000l\000\040\000A}{section.9.2}% 79
\BOOKMARK [2][]{subsection.9.2.4}{\376\377\0009\000.\0002\000.\0004\000\040\000Q\000u\000a\000d\000r\000a\000t\000i\000c\000\040\000O\000p\000t\000i\000m\000i\000z\000a\000t\000i\000o\000n\000\040\000\050\000=\0000\000\051}{section.9.2}% 80
\BOOKMARK [1][]{section.9.3}{\376\377\0009\000.\0003\000\040\000G\000e\000n\000e\000r\000a\000l\000\040\000S\000o\000l\000u\000t\000i\000o\000n\000:\000\040\000L\000a\000s\000s\000o}{chapter.9}% 81
\BOOKMARK [1][]{section.9.4}{\376\377\0009\000.\0004\000\040\000G\000e\000n\000e\000r\000a\000l\000\040\000S\000o\000l\000u\000t\000i\000o\000n\000:\000\040\000I\000t\000e\000r\000a\000t\000i\000v\000e\000\040\000S\000o\000f\000t\000\040\000T\000h\000r\000e\000s\000h\000o\000l\000d\000i\000n\000g\000\040\000A\000l\000g\000o\000r\000i\000t\000h\000m\000\040\000\050\000I\000S\000T\000A\000\051}{chapter.9}% 82
\BOOKMARK [2][]{subsection.9.4.1}{\376\377\0009\000.\0004\000.\0001\000\040\000P\000r\000o\000x\000i\000m\000a\000l\000\040\000M\000i\000n\000i\000m\000i\000z\000a\000t\000i\000o\000n\000\040\000A\000l\000g\000o\000r\000i\000t\000h\000m}{section.9.4}% 83
\BOOKMARK [2][]{subsection.9.4.2}{\376\377\0009\000.\0004\000.\0002\000\040\000A\000p\000p\000l\000y\000\040\000t\000o\000\040\0001\000-\000p\000e\000n\000a\000l\000i\000z\000e\000d\000\040\000l\000e\000a\000s\000t\000-\000s\000q\000u\000a\000r\000e\000s}{section.9.4}% 84
\BOOKMARK [1][]{section.9.5}{\376\377\0009\000.\0005\000\040\000C\000o\000n\000v\000e\000r\000g\000e\000n\000c\000e\000\040\000R\000a\000t\000e}{chapter.9}% 85
\BOOKMARK [1][]{section.9.6}{\376\377\0009\000.\0006\000\040\000F\000a\000s\000t\000\040\000I\000t\000e\000r\000a\000t\000i\000v\000e\000\040\000S\000o\000f\000t\000\040\000T\000h\000r\000e\000s\000h\000o\000l\000d\000i\000n\000g\000\040\000A\000l\000g\000o\000r\000i\000t\000h\000m\000\040\000\050\000F\000I\000S\000T\000A\000\051}{chapter.9}% 86
\BOOKMARK [1][]{section.9.7}{\376\377\0009\000.\0007\000\040\000A\000l\000t\000e\000r\000n\000a\000t\000i\000n\000g\000\040\000D\000i\000r\000e\000c\000t\000i\000o\000n\000\040\000M\000e\000t\000h\000o\000d\000\040\000o\000f\000\040\000M\000u\000l\000t\000i\000p\000l\000i\000e\000r\000s\000\040\000\050\000A\000D\000M\000M\000\051}{chapter.9}% 87
\BOOKMARK [0][]{chapter.10}{\376\377\0001\0000\000\040\000C\000o\000m\000p\000r\000e\000s\000s\000i\000v\000e\000\040\000S\000e\000n\000s\000i\000n\000g}{}% 88
\BOOKMARK [1][]{section.10.1}{\376\377\0001\0000\000.\0001\000\040\000D\000e\000f\000i\000n\000i\000t\000i\000o\000n\000s\000\040\000r\000e\000l\000a\000t\000e\000d\000\040\000t\000o\000\040\000S\000p\000a\000r\000s\000i\000t\000y}{chapter.10}% 89
\BOOKMARK [1][]{section.10.2}{\376\377\0001\0000\000.\0002\000\040\000M\000e\000a\000s\000u\000r\000e\000m\000e\000n\000t\000\040\000M\000a\000t\000r\000i\000x}{chapter.10}% 90
\BOOKMARK [2][]{subsection.10.2.1}{\376\377\0001\0000\000.\0002\000.\0001\000\040\000M\000a\000t\000r\000i\000x\000\040\000P\000r\000e\000l\000i\000m\000i\000n\000a\000r\000i\000e\000s}{section.10.2}% 91
\BOOKMARK [2][]{subsection.10.2.2}{\376\377\0001\0000\000.\0002\000.\0002\000\040\000R\000e\000c\000o\000v\000e\000r\000y\000\040\000o\000f\000\040\000k\000-\000S\000p\000a\000r\000s\000e\000\040\000S\000i\000g\000n\000a\000l\000s}{section.10.2}% 92
\BOOKMARK [2][]{subsection.10.2.3}{\376\377\0001\0000\000.\0002\000.\0003\000\040\000R\000e\000s\000t\000r\000i\000c\000t\000e\000d\000\040\000I\000s\000o\000m\000e\000t\000r\000y\000\040\000P\000r\000o\000p\000e\000r\000t\000y}{section.10.2}% 93
\BOOKMARK [1][]{section.10.3}{\376\377\0001\0000\000.\0003\000\040\000R\000o\000b\000u\000s\000t\000\040\000S\000i\000g\000n\000a\000l\000\040\000R\000e\000c\000o\000v\000e\000r\000y\000\040\000f\000r\000o\000m\000\040\000N\000o\000i\000s\000e\000l\000e\000s\000s\000\040\000O\000b\000s\000e\000r\000v\000a\000t\000i\000o\000n\000s}{chapter.10}% 94
\BOOKMARK [1][]{section.10.4}{\376\377\0001\0000\000.\0004\000\040\000R\000o\000b\000u\000s\000t\000\040\000S\000i\000g\000n\000a\000l\000\040\000R\000e\000c\000o\000v\000e\000r\000y\000\040\000f\000r\000o\000m\000\040\000N\000o\000i\000s\000y\000\040\000O\000b\000s\000e\000r\000v\000a\000t\000i\000o\000n\000s}{chapter.10}% 95
\BOOKMARK [2][]{subsection.10.4.1}{\376\377\0001\0000\000.\0004\000.\0001\000\040\000B\000o\000u\000n\000d\000e\000d\000\040\000N\000o\000i\000s\000e}{section.10.4}% 96
