\BOOKMARK [0][]{chapter.1}{\376\377\0001\000\040\000I\000n\000f\000o\000r\000m\000a\000t\000i\000o\000n\000-\000T\000h\000e\000o\000r\000e\000t\000i\000c\000\040\000F\000u\000n\000c\000t\000i\000o\000n\000a\000l}{}% 1
\BOOKMARK [1][]{section.1.1}{\376\377\0001\000.\0001\000\040\000D\000e\000f\000i\000n\000i\000t\000i\000o\000n\000s}{chapter.1}% 2
\BOOKMARK [2][]{subsection.1.1.1}{\376\377\0001\000.\0001\000.\0001\000\040\000E\000n\000t\000r\000o\000p\000y}{section.1.1}% 3
\BOOKMARK [2][]{subsection.1.1.2}{\376\377\0001\000.\0001\000.\0002\000\040\000K\000u\000l\000l\000b\000a\000c\000k\000-\000L\000e\000i\000b\000l\000e\000r\000\040\000D\000i\000v\000e\000r\000g\000e\000n\000c\000e}{section.1.1}% 4
\BOOKMARK [2][]{subsection.1.1.3}{\376\377\0001\000.\0001\000.\0003\000\040\000C\000r\000o\000s\000s\000-\000E\000n\000t\000r\000o\000p\000y}{section.1.1}% 5
\BOOKMARK [2][]{subsection.1.1.4}{\376\377\0001\000.\0001\000.\0004\000\040\000M\000u\000t\000u\000a\000l\000\040\000I\000n\000f\000o\000r\000m\000a\000t\000i\000o\000n}{section.1.1}% 6
\BOOKMARK [0][]{chapter.2}{\376\377\0002\000\040\000S\000t\000a\000t\000i\000s\000t\000i\000c\000s\000\040\000B\000a\000s\000i\000c\000s}{}% 7
\BOOKMARK [1][]{section.2.1}{\376\377\0002\000.\0001\000\040\000R\000a\000n\000d\000o\000m\000\040\000S\000a\000m\000p\000l\000i\000n\000g}{chapter.2}% 8
\BOOKMARK [2][]{subsection.2.1.1}{\376\377\0002\000.\0001\000.\0001\000\040\000S\000a\000m\000p\000l\000e\000\040\000M\000e\000a\000n\000\040\000a\000n\000d\000\040\000S\000a\000m\000p\000l\000e\000\040\000V\000a\000r\000i\000a\000n\000c\000e}{section.2.1}% 9
\BOOKMARK [2][]{subsection.2.1.2}{\376\377\0002\000.\0001\000.\0002\000\040\000D\000i\000s\000t\000r\000i\000b\000u\000t\000i\000o\000n\000a\000l\000\040\000P\000r\000o\000p\000e\000r\000t\000i\000e\000s}{section.2.1}% 10
\BOOKMARK [2][]{subsection.2.1.3}{\376\377\0002\000.\0001\000.\0003\000\040\000O\000r\000d\000e\000r\000\040\000S\000t\000a\000t\000i\000s\000t\000i\000c\000s}{section.2.1}% 11
\BOOKMARK [1][]{section.2.2}{\376\377\0002\000.\0002\000\040\000B\000a\000s\000i\000c\000\040\000S\000t\000a\000t\000i\000s\000t\000i\000c\000s}{chapter.2}% 12
\BOOKMARK [1][]{section.2.3}{\376\377\0002\000.\0003\000\040\000P\000o\000i\000n\000t\000\040\000E\000s\000t\000i\000m\000a\000t\000i\000o\000n}{chapter.2}% 13
\BOOKMARK [2][]{subsection.2.3.1}{\376\377\0002\000.\0003\000.\0001\000\040\000M\000e\000t\000h\000o\000d\000\040\000o\000f\000\040\000M\000o\000m\000e\000n\000t\000s\000\040\000\050\000M\000M\000\051}{section.2.3}% 14
\BOOKMARK [2][]{subsection.2.3.2}{\376\377\0002\000.\0003\000.\0002\000\040\000M\000a\000x\000i\000m\000u\000m\000\040\000L\000i\000k\000e\000l\000i\000h\000o\000o\000d\000\040\000\050\000M\000L\000\051}{section.2.3}% 15
\BOOKMARK [2][]{subsection.2.3.3}{\376\377\0002\000.\0003\000.\0003\000\040\000C\000o\000m\000p\000a\000r\000i\000n\000g\000\040\000E\000s\000t\000i\000m\000a\000t\000o\000r\000s\000:\000\040\000M\000e\000a\000n\000\040\000S\000q\000u\000a\000r\000e\000d\000\040\000E\000r\000r\000o\000r}{section.2.3}% 16
\BOOKMARK [2][]{subsection.2.3.4}{\376\377\0002\000.\0003\000.\0004\000\040\000S\000u\000f\000f\000i\000c\000i\000e\000n\000t\000\040\000S\000t\000a\000t\000i\000s\000t\000i\000c}{section.2.3}% 17
\BOOKMARK [2][]{subsection.2.3.5}{\376\377\0002\000.\0003\000.\0005\000\040\000M\000i\000n\000i\000m\000a\000l\000\040\000S\000u\000f\000f\000i\000c\000i\000e\000n\000t\000\040\000S\000t\000a\000t\000i\000s\000t\000i\000c}{section.2.3}% 18
\BOOKMARK [2][]{subsection.2.3.6}{\376\377\0002\000.\0003\000.\0006\000\040\000C\000o\000m\000p\000l\000e\000t\000e\000\040\000S\000t\000a\000t\000i\000s\000t\000i\000c}{section.2.3}% 19
\BOOKMARK [2][]{subsection.2.3.7}{\376\377\0002\000.\0003\000.\0007\000\040\000C\000r\000a\000m\000\351\000r\000-\000R\000a\000o\000\040\000L\000o\000w\000e\000r\000\040\000B\000o\000u\000n\000d}{section.2.3}% 20
\BOOKMARK [1][]{section.2.4}{\376\377\0002\000.\0004\000\040\000H\000y\000p\000o\000t\000h\000e\000s\000i\000s\000\040\000T\000e\000s\000t\000i\000n\000g}{chapter.2}% 21
\BOOKMARK [2][]{subsection.2.4.1}{\376\377\0002\000.\0004\000.\0001\000\040\000F\000o\000r\000m\000u\000l\000a\000t\000i\000o\000n\000\040\000o\000f\000\040\000T\000e\000s\000t\000i\000n\000g\000\040\000P\000r\000o\000b\000l\000e\000m}{section.2.4}% 22
\BOOKMARK [2][]{subsection.2.4.2}{\376\377\0002\000.\0004\000.\0002\000\040\000E\000r\000r\000o\000r\000s\000,\000\040\000P\000o\000w\000e\000r\000\040\000F\000u\000n\000c\000t\000i\000o\000n\000,\000\040\000a\000n\000d\000\040\000A\000g\000e\000n\000d\000a}{section.2.4}% 23
\BOOKMARK [2][]{subsection.2.4.3}{\376\377\0002\000.\0004\000.\0003\000\040\000C\000h\000o\000i\000c\000e\000\040\000o\000f\000\040\000C\000r\000i\000t\000i\000c\000a\000l\000\040\000V\000a\000l\000u\000e}{section.2.4}% 24
\BOOKMARK [2][]{subsection.2.4.4}{\376\377\0002\000.\0004\000.\0004\000\040\000C\000h\000o\000i\000c\000e\000\040\000o\000f\000\040\000T\000e\000s\000t\000\040\000S\000t\000a\000t\000i\000s\000t\000i\000c\000:\000\040\000U\000n\000i\000f\000o\000r\000m\000l\000y\000\040\000M\000o\000s\000t\000\040\000P\000o\000w\000e\000r\000f\000u\000l\000\040\000\050\000U\000M\000P\000\051\000\040\000L\000e\000v\000e\000l\000\040\000\040\000T\000e\000s\000t}{section.2.4}% 25
\BOOKMARK [2][]{subsection.2.4.5}{\376\377\0002\000.\0004\000.\0005\000\040\000G\000e\000n\000e\000r\000a\000l\000i\000z\000e\000d\000\040\000N\000e\000y\000m\000a\000n\000-\000P\000e\000a\000r\000s\000o\000n\000\040\000L\000e\000m\000m\000a}{section.2.4}% 26
\BOOKMARK [1][]{section.2.5}{\376\377\0002\000.\0005\000\040\000T\000r\000i\000n\000i\000t\000y\000\040\000o\000f\000\040\000C\000l\000a\000s\000s\000i\000c\000a\000l\000\040\000T\000e\000s\000t\000s}{chapter.2}% 27
\BOOKMARK [2][]{subsection.2.5.1}{\376\377\0002\000.\0005\000.\0001\000\040\000T\000e\000s\000t\000\040\000S\000t\000a\000t\000i\000s\000t\000i\000c\000s}{section.2.5}% 28
\BOOKMARK [2][]{subsection.2.5.2}{\376\377\0002\000.\0005\000.\0002\000\040\000A\000p\000p\000r\000o\000x\000i\000m\000a\000t\000i\000o\000n\000\040\000t\000o\000\040\000T\000L\000R}{section.2.5}% 29
\BOOKMARK [1][]{section.2.6}{\376\377\0002\000.\0006\000\040\000I\000n\000t\000e\000r\000v\000a\000l\000\040\000E\000s\000t\000i\000m\000a\000t\000i\000o\000n}{chapter.2}% 30
\BOOKMARK [0][]{chapter.3}{\376\377\0003\000\040\000D\000e\000c\000i\000s\000i\000o\000n\000\040\000R\000u\000l\000e\000\040\000B\000a\000s\000e\000d\000\040\000S\000t\000a\000t\000i\000s\000t\000i\000c\000a\000l\000\040\000I\000n\000f\000e\000r\000e\000n\000c\000e}{}% 31
\BOOKMARK [1][]{section.3.1}{\376\377\0003\000.\0001\000\040\000D\000e\000c\000i\000s\000i\000o\000n\000\040\000R\000u\000l\000e}{chapter.3}% 32
\BOOKMARK [1][]{section.3.2}{\376\377\0003\000.\0002\000\040\000M\000a\000x\000i\000m\000u\000m\000-\000L\000i\000k\000e\000l\000i\000h\000o\000o\000d\000\040\000P\000r\000i\000n\000c\000i\000p\000l\000e\000\040\000\050\000s\000t\000a\000t\000e\000\040\000i\000s\000\040\000n\000o\000r\000a\000n\000d\000o\000m\000\051}{chapter.3}% 33
\BOOKMARK [1][]{section.3.3}{\376\377\0003\000.\0003\000\040\000B\000a\000y\000e\000s\000i\000a\000n\000\040\000D\000e\000c\000i\000s\000i\000o\000n\000\040\000R\000u\000l\000e\000\040\000\050\000s\000t\000a\000t\000e\000\040\000i\000s\000\040\000r\000a\000n\000d\000o\000m\000\051}{chapter.3}% 34
\BOOKMARK [2][]{subsection.3.3.1}{\376\377\0003\000.\0003\000.\0001\000\040\000R\000u\000l\000e\000s}{section.3.3}% 35
\BOOKMARK [2][]{subsection.3.3.2}{\376\377\0003\000.\0003\000.\0002\000\040\000O\000p\000t\000i\000m\000i\000z\000a\000t\000i\000o\000n\000\040\000P\000r\000o\000b\000l\000e\000m\000\040\000i\000n\000\040\000B\000a\000y\000e\000s\000\040\000F\000o\000r\000m}{section.3.3}% 36
\BOOKMARK [2][]{subsection.3.3.3}{\376\377\0003\000.\0003\000.\0003\000\040\000M\000a\000x\000i\000m\000u\000m\000\040\000A\000\040\000P\000o\000s\000t\000e\000r\000i\000o\000r\000i\000\040\000\050\000M\000A\000P\000\051\000\040\000D\000e\000c\000i\000s\000i\000o\000n\000\040\000R\000u\000l\000e\000\040\000\050\000B\000i\000n\000a\000r\000y\000\040\000e\000x\000a\000m\000p\000l\000e\000\051}{section.3.3}% 37
\BOOKMARK [2][]{subsection.3.3.4}{\376\377\0003\000.\0003\000.\0004\000\040\000M\000i\000n\000i\000m\000u\000m\000\040\000M\000e\000a\000n\000\040\000S\000q\000u\000a\000r\000e\000d\000\040\000E\000r\000r\000o\000r\000\040\000\050\000M\000M\000S\000E\000\051\000\040\000R\000u\000l\000e\000\040\000\050\000R\000n\000\040\000e\000x\000a\000m\000p\000l\000e\000\051}{section.3.3}% 38
\BOOKMARK [1][]{section.3.4}{\376\377\0003\000.\0004\000\040\000C\000o\000m\000p\000a\000r\000i\000s\000o\000n}{chapter.3}% 39
\BOOKMARK [0][]{chapter.4}{\376\377\0004\000\040\000B\000o\000o\000t\000s\000t\000r\000a\000p}{}% 40
\BOOKMARK [1][]{section.4.1}{\376\377\0004\000.\0001\000\040\000T\000r\000a\000d\000i\000t\000i\000o\000n\000a\000l\000\040\000M\000o\000n\000t\000e\000-\000C\000a\000r\000l\000o\000\040\000A\000p\000p\000r\000o\000a\000c\000h}{chapter.4}% 41
\BOOKMARK [1][]{section.4.2}{\376\377\0004\000.\0002\000\040\000B\000o\000o\000t\000s\000t\000r\000a\000p\000\040\000\050\000W\000h\000e\000n\000\040\000d\000a\000t\000a\000\040\000i\000s\000\040\000n\000o\000t\000\040\000e\000n\000o\000u\000g\000h\000\051}{chapter.4}% 42
\BOOKMARK [1][]{section.4.3}{\376\377\0004\000.\0003\000\040\000R\000e\000s\000i\000d\000u\000a\000l\000\040\000B\000o\000o\000t\000s\000t\000r\000a\000p\000\040\000\050\000f\000o\000r\000\040\000p\000r\000o\000b\000l\000e\000m\000\040\000w\000i\000t\000h\000\040\000n\000o\000t\000\040\000i\000.\000i\000.\000d\000.\000\040\000d\000a\000t\000a\000\051}{chapter.4}% 43
\BOOKMARK [2][]{subsection.4.3.1}{\376\377\0004\000.\0003\000.\0001\000\040\000E\000x\000a\000m\000p\000l\000e\000:\000\040\000L\000i\000n\000e\000a\000r}{section.4.3}% 44
\BOOKMARK [2][]{subsection.4.3.2}{\376\377\0004\000.\0003\000.\0002\000\040\000E\000x\000a\000m\000p\000l\000e\000:\000\040\000N\000o\000n\000l\000i\000n\000e\000a\000r\000\040\000M\000a\000r\000k\000o\000v\000\040\000P\000r\000o\000c\000e\000s\000s}{section.4.3}% 45
\BOOKMARK [1][]{section.4.4}{\376\377\0004\000.\0004\000\040\000P\000o\000s\000t\000e\000r\000i\000o\000r\000\040\000S\000i\000m\000u\000l\000a\000t\000i\000o\000n\000\040\000/\000\040\000B\000a\000y\000e\000s\000i\000a\000n\000\040\000\050\000W\000e\000i\000g\000h\000t\000e\000d\000\051\000\040\000B\000o\000o\000t\000s\000t\000r\000a\000p}{chapter.4}% 46
\BOOKMARK [2][]{subsection.4.4.1}{\376\377\0004\000.\0004\000.\0001\000\040\000D\000i\000r\000i\000c\000h\000l\000e\000t\000\040\000D\000i\000s\000t\000r\000i\000b\000u\000t\000i\000o\000n\000\040\000P\000r\000i\000o\000r}{section.4.4}% 47
\BOOKMARK [2][]{subsection.4.4.2}{\376\377\0004\000.\0004\000.\0002\000\040\000H\000a\000l\000d\000a\000n\000e\000\040\000P\000r\000i\000o\000r}{section.4.4}% 48
\BOOKMARK [2][]{subsection.4.4.3}{\376\377\0004\000.\0004\000.\0003\000\040\000L\000i\000n\000e\000a\000r\000\040\000M\000o\000d\000e\000l\000\040\000C\000a\000s\000e}{section.4.4}% 49
\BOOKMARK [2][]{subsection.4.4.4}{\376\377\0004\000.\0004\000.\0004\000\040\000B\000e\000r\000n\000o\000u\000l\000l\000i\000\040\000C\000a\000s\000e}{section.4.4}% 50
\BOOKMARK [0][]{chapter.5}{\376\377\0005\000\040\000N\000o\000n\000p\000a\000r\000a\000m\000e\000t\000e\000r\000i\000c\000\040\000P\000r\000e\000d\000i\000c\000t\000i\000o\000n\000\040\000P\000r\000o\000b\000e\000l\000m}{}% 51
\BOOKMARK [1][]{section.5.1}{\376\377\0005\000.\0001\000\040\000K\000-\000n\000o\000r\000m\000a\000l\000\040\000M\000e\000a\000n\000s\000\040\000P\000r\000o\000b\000e\000l\000m}{chapter.5}% 52
\BOOKMARK [1][]{section.5.2}{\376\377\0005\000.\0002\000\040\000S\000t\000e\000i\000n\000'\000s\000\040\000U\000n\000b\000i\000a\000s\000e\000d\000\040\000R\000i\000s\000k\000\040\000E\000s\000t\000i\000m\000a\000t\000e\000\040\000\050\000S\000U\000R\000E\000\051}{chapter.5}% 53
\BOOKMARK [1][]{section.5.3}{\376\377\0005\000.\0003\000\040\000J\000a\000m\000e\000s\000\040\000a\000n\000d\000\040\000S\000t\000e\000i\000n\000\040\000E\000s\000t\000i\000m\000a\000t\000o\000r}{chapter.5}% 54
\BOOKMARK [0][]{chapter.6}{\376\377\0006\000\040\000L\000i\000n\000e\000a\000r\000\040\000P\000r\000e\000d\000i\000c\000t\000o\000r\000s\000\040\000/\000\040\000R\000e\000g\000r\000e\000s\000s\000i\000o\000n}{}% 55
\BOOKMARK [0][]{chapter.7}{\376\377\0007\000\040\000M\000a\000c\000h\000i\000n\000e\000\040\000L\000e\000a\000r\000n\000i\000n\000g\000\040\000i\000n\000\040\000I\000n\000f\000e\000r\000e\000n\000c\000e}{}% 56
\BOOKMARK [1][]{section.7.1}{\376\377\0007\000.\0001\000\040\000E\000m\000p\000i\000r\000i\000c\000a\000l\000\040\000R\000i\000s\000k\000\040\000M\000i\000n\000i\000m\000i\000z\000a\000t\000i\000o\000n\000\040\000\050\000E\000R\000M\000\051}{chapter.7}% 57
\BOOKMARK [2][]{subsection.7.1.1}{\376\377\0007\000.\0001\000.\0001\000\040\000E\000x\000a\000m\000p\000l\000e\000:\000\040\000L\000i\000n\000e\000a\000r\000\040\000M\000M\000S\000E\000\040\000\050\000L\000M\000M\000S\000E\000\051\000\040\000e\000s\000t\000i\000m\000a\000t\000o\000r}{section.7.1}% 58
\BOOKMARK [2][]{subsection.7.1.2}{\376\377\0007\000.\0001\000.\0002\000\040\000P\000e\000n\000a\000l\000i\000z\000e\000d\000\040\000E\000R\000M}{section.7.1}% 59
\BOOKMARK [1][]{section.7.2}{\376\377\0007\000.\0002\000\040\000S\000t\000o\000c\000h\000a\000s\000t\000i\000c\000\040\000A\000p\000p\000r\000o\000x\000i\000m\000a\000t\000i\000o\000n}{chapter.7}% 60
\BOOKMARK [1][]{section.7.3}{\376\377\0007\000.\0003\000\040\000S\000t\000o\000c\000h\000a\000s\000t\000i\000c\000\040\000G\000r\000a\000d\000i\000e\000n\000t\000\040\000D\000e\000s\000c\000e\000n\000t\000\040\000\050\000S\000G\000D\000\051}{chapter.7}% 61
\BOOKMARK [1][]{section.7.4}{\376\377\0007\000.\0004\000\040\000S\000G\000D\000\040\000A\000p\000p\000l\000i\000c\000a\000t\000i\000o\000n\000\040\000t\000o\000\040\000E\000m\000p\000i\000r\000i\000c\000a\000l\000\040\000R\000i\000s\000k\000\040\000M\000i\000n\000i\000m\000i\000z\000a\000t\000i\000o\000n\000\040\000\050\000E\000R\000M\000\051}{chapter.7}% 62
\BOOKMARK [2][]{subsection.7.4.1}{\376\377\0007\000.\0004\000.\0001\000\040\000D\000i\000f\000f\000e\000r\000e\000n\000t\000\040\000G\000r\000a\000d\000i\000e\000n\000t\000\040\000D\000e\000s\000c\000e\000n\000t\000\040\000f\000o\000r\000\040\000E\000R\000M}{section.7.4}% 63
\BOOKMARK [2][]{subsection.7.4.2}{\376\377\0007\000.\0004\000.\0002\000\040\000C\000o\000n\000s\000t\000r\000a\000i\000n\000t\000s\000\040\000o\000n\000\040\000L\000e\000a\000r\000n\000i\000n\000g\000\040\000P\000r\000o\000b\000l\000e\000m}{section.7.4}% 64
\BOOKMARK [0][]{chapter.8}{\376\377\0008\000\040\000S\000t\000o\000c\000h\000a\000s\000t\000i\000c\000\040\000I\000n\000t\000e\000g\000r\000a\000t\000i\000o\000n\000\040\000M\000e\000t\000h\000o\000d\000s}{}% 65
\BOOKMARK [1][]{section.8.1}{\376\377\0008\000.\0001\000\040\000D\000e\000t\000e\000r\000m\000i\000n\000i\000s\000t\000i\000c\000\040\000M\000e\000t\000h\000o\000d\000s\000\040\000\050\000B\000e\000t\000t\000e\000r\000\040\000i\000n\000\040\000L\000o\000w\000\040\000D\000i\000m\000e\000n\000s\000i\000o\000n\000\051}{chapter.8}% 66
\BOOKMARK [2][]{subsection.8.1.1}{\376\377\0008\000.\0001\000.\0001\000\040\000R\000i\000e\000m\000a\000n\000n\000\040\000I\000n\000t\000e\000g\000r\000a\000t\000i\000o\000n}{section.8.1}% 67
\BOOKMARK [2][]{subsection.8.1.2}{\376\377\0008\000.\0001\000.\0002\000\040\000T\000r\000a\000p\000e\000z\000o\000i\000d\000a\000l\000\040\000R\000u\000l\000e}{section.8.1}% 68
\BOOKMARK [2][]{subsection.8.1.3}{\376\377\0008\000.\0001\000.\0003\000\040\000M\000u\000l\000t\000i\000d\000i\000m\000e\000n\000s\000i\000o\000n\000a\000l\000\040\000I\000n\000t\000e\000g\000r\000a\000t\000i\000o\000n}{section.8.1}% 69
\BOOKMARK [1][]{section.8.2}{\376\377\0008\000.\0002\000\040\000S\000t\000o\000c\000h\000a\000s\000t\000i\000c\000\040\000M\000e\000t\000h\000o\000d\000s\000\040\000\050\000B\000e\000t\000t\000e\000r\000\040\000i\000n\000\040\000H\000i\000g\000h\000\040\000D\000i\000m\000e\000n\000s\000i\000o\000n\000\051}{chapter.8}% 70
\BOOKMARK [2][]{subsection.8.2.1}{\376\377\0008\000.\0002\000.\0001\000\040\000C\000l\000a\000s\000s\000i\000c\000a\000l\000\040\000M\000o\000n\000t\000e\000\040\000C\000a\000r\000l\000o\000\040\000I\000n\000t\000e\000g\000r\000a\000t\000i\000o\000n}{section.8.2}% 71
\BOOKMARK [2][]{subsection.8.2.2}{\376\377\0008\000.\0002\000.\0002\000\040\000I\000m\000p\000o\000r\000t\000a\000n\000c\000e\000\040\000S\000a\000m\000p\000l\000i\000n\000g}{section.8.2}% 72
\BOOKMARK [0][]{chapter.9}{\376\377\0009\000\040\000P\000a\000r\000t\000i\000c\000l\000e\000\040\000F\000i\000l\000t\000e\000r\000i\000n\000g}{}% 73
\BOOKMARK [1][]{section.9.1}{\376\377\0009\000.\0001\000\040\000K\000a\000l\000m\000a\000n\000\040\000F\000i\000l\000t\000e\000r\000i\000n\000g\000\040\000\050\000L\000i\000n\000e\000a\000r\000\040\000D\000y\000n\000a\000m\000i\000c\000\040\000S\000y\000s\000t\000e\000m\000\051}{chapter.9}% 74
\BOOKMARK [1][]{section.9.2}{\376\377\0009\000.\0002\000\040\000P\000a\000r\000t\000i\000c\000l\000e\000\040\000F\000i\000l\000t\000e\000r\000i\000n\000g\000\040\000\050\000N\000o\000n\000l\000i\000n\000e\000a\000r\000\040\000D\000y\000n\000a\000m\000i\000c\000\040\000S\000y\000s\000t\000e\000m\000\051}{chapter.9}% 75
\BOOKMARK [2][]{subsection.9.2.1}{\376\377\0009\000.\0002\000.\0001\000\040\000B\000a\000y\000e\000s\000i\000a\000n\000\040\000R\000e\000c\000u\000r\000s\000i\000v\000e\000\040\000F\000i\000l\000t\000e\000r\000i\000n\000g}{section.9.2}% 76
\BOOKMARK [2][]{subsection.9.2.2}{\376\377\0009\000.\0002\000.\0002\000\040\000P\000a\000r\000t\000i\000c\000l\000e\000\040\000F\000i\000l\000t\000e\000r\000\040\000\050\000b\000o\000o\000t\000s\000t\000r\000a\000p\000\040\000f\000i\000l\000t\000e\000r\000\051}{section.9.2}% 77
\BOOKMARK [0][]{chapter.10}{\376\377\0001\0000\000\040\000E\000M\000\040\000A\000l\000g\000o\000r\000i\000t\000h\000m}{}% 78
\BOOKMARK [1][]{section.10.1}{\376\377\0001\0000\000.\0001\000\040\000G\000e\000n\000e\000r\000a\000l\000\040\000S\000t\000r\000u\000c\000t\000u\000r\000e\000\040\000o\000f\000\040\000t\000h\000e\000\040\000E\000M\000\040\000A\000l\000g\000o\000r\000i\000t\000h\000m}{chapter.10}% 79
\BOOKMARK [1][]{section.10.2}{\376\377\0001\0000\000.\0002\000\040\000E\000x\000a\000m\000p\000l\000e\000\040\0001\000:\000\040\000V\000a\000r\000i\000a\000n\000c\000e\000\040\000E\000s\000t\000i\000m\000a\000t\000i\000o\000n}{chapter.10}% 80
\BOOKMARK [2][]{subsection.10.2.1}{\376\377\0001\0000\000.\0002\000.\0001\000\040\000M\000a\000x\000i\000m\000u\000m\000-\000L\000i\000k\000e\000l\000i\000h\000o\000o\000d\000\040\000\050\000M\000L\000\051\000\040\000E\000s\000t\000i\000m\000a\000t\000i\000o\000n}{section.10.2}% 81
\BOOKMARK [2][]{subsection.10.2.2}{\376\377\0001\0000\000.\0002\000.\0002\000\040\000E\000M\000\040\000A\000l\000g\000o\000r\000i\000t\000h\000m}{section.10.2}% 82
\BOOKMARK [1][]{section.10.3}{\376\377\0001\0000\000.\0003\000\040\000E\000x\000a\000m\000p\000l\000e\000\040\0002\000:\000\040\000E\000s\000t\000i\000m\000a\000t\000i\000o\000n\000\040\000o\000f\000\040\000G\000a\000u\000s\000s\000i\000a\000n\000\040\000M\000i\000x\000t\000u\000r\000e\000s}{chapter.10}% 83
\BOOKMARK [2][]{subsection.10.3.1}{\376\377\0001\0000\000.\0003\000.\0001\000\040\000U\000n\000k\000n\000o\000w\000n\000\040\000M\000e\000a\000n\000s\000:\000\040\000M\000L\000\040\000e\000s\000t\000i\000m\000a\000t\000i\000o\000n\000\040\000i\000s\000\040\000h\000a\000r\000d}{section.10.3}% 84
\BOOKMARK [2][]{subsection.10.3.2}{\376\377\0001\0000\000.\0003\000.\0002\000\040\000U\000n\000k\000n\000o\000w\000n\000\040\000M\000e\000a\000n\000s\000:\000\040\000E\000M\000\040\000A\000l\000g\000o\000r\000i\000t\000h\000m}{section.10.3}% 85
\BOOKMARK [2][]{subsection.10.3.3}{\376\377\0001\0000\000.\0003\000.\0003\000\040\000U\000n\000k\000n\000o\000w\000n\000\040\000M\000i\000x\000t\000u\000r\000e\000\040\000P\000r\000o\000b\000a\000b\000i\000l\000i\000t\000i\000e\000s\000,\000\040\000M\000e\000a\000n\000s\000\040\000a\000n\000d\000\040\000V\000a\000r\000i\000a\000n\000c\000e\000s}{section.10.3}% 86
\BOOKMARK [1][]{section.10.4}{\376\377\0001\0000\000.\0004\000\040\000C\000o\000n\000v\000e\000r\000g\000e\000n\000c\000e\000\040\000o\000f\000\040\000E\000M\000\040\000A\000l\000g\000o\000r\000i\000t\000h\000m}{chapter.10}% 87
\BOOKMARK [1][]{section.10.5}{\376\377\0001\0000\000.\0005\000\040\000E\000M\000\040\000A\000s\000\040\000a\000n\000\040\000A\000l\000t\000e\000r\000n\000a\000t\000i\000n\000g\000\040\000M\000a\000x\000i\000m\000i\000z\000a\000t\000i\000o\000n\000\040\000A\000l\000g\000o\000r\000i\000t\000h\000m}{chapter.10}% 88
\BOOKMARK [0][]{chapter.11}{\376\377\0001\0001\000\040\000H\000i\000d\000d\000e\000n\000\040\000M\000a\000r\000k\000o\000v\000\040\000m\000o\000d\000e\000l\000\040\000\050\000H\000M\000M\000\051}{}% 89
\BOOKMARK [1][]{section.11.1}{\376\377\0001\0001\000.\0001\000\040\000V\000i\000t\000e\000r\000b\000i\000\040\000A\000l\000g\000o\000r\000i\000t\000h\000m\000:\000\040\000\050\000M\000A\000P\000\051\000\040\000e\000s\000t\000i\000m\000a\000t\000e\000\040\000X\0001\000:\000t\000\040\000g\000i\000v\000e\000n\000\040\000Y\0001\000:\000t}{chapter.11}% 90
\BOOKMARK [2][]{subsection.11.1.1}{\376\377\0001\0001\000.\0001\000.\0001\000\040\000M\000A\000P\000\040\000e\000s\000t\000i\000m\000a\000t\000i\000o\000n\000\040\000p\000r\000o\000b\000l\000e\000m}{section.11.1}% 91
\BOOKMARK [2][]{subsection.11.1.2}{\376\377\0001\0001\000.\0001\000.\0002\000\040\000V\000i\000t\000e\000r\000b\000i\000\040\000A\000l\000g\000o\000r\000i\000t\000h\000m}{section.11.1}% 92
\BOOKMARK [1][]{section.11.2}{\376\377\0001\0001\000.\0002\000\040\000B\000a\000y\000e\000s\000i\000a\000n\000\040\000E\000s\000t\000i\000m\000a\000t\000i\000o\000n\000\040\000o\000f\000\040\000a\000\040\000S\000e\000q\000u\000e\000n\000c\000e\000:\000\040\000N\000e\000e\000d\000\040\000\050\000M\000M\000S\000E\000\051\000\040\000e\000s\000t\000i\000m\000a\000t\000e\000\040\000X\0001\000:\000t\000\040\000g\000i\000v\000e\000n\000\040\000Y\0001\000:\000t}{chapter.11}% 93
\BOOKMARK [1][]{section.11.3}{\376\377\0001\0001\000.\0003\000\040\000F\000o\000r\000w\000a\000r\000d\000-\000B\000a\000c\000k\000w\000a\000r\000d\000\040\000A\000l\000g\000o\000r\000i\000t\000h\000m\000:\000\040\000\050\000M\000M\000S\000E\000\051\000\040\000e\000s\000t\000i\000m\000a\000t\000e\000\040\000X\0001\000:\000t\000+\0001\000\040\000g\000i\000v\000e\000n\000\040\000Y\0001\000:\000t}{chapter.11}% 94
\BOOKMARK [2][]{subsection.11.3.1}{\376\377\0001\0001\000.\0003\000.\0001\000\040\000t\000\050\000x\000\051\000\040\000P\000\173\000X\000t\000=\000x\000\040\000=\000\175}{section.11.3}% 95
\BOOKMARK [2][]{subsection.11.3.2}{\376\377\0001\0001\000.\0003\000.\0002\000\040\000t\000\050\000x\000,\000\040\000x\000\051\000\040\000P\000\173\000X\000t\000=\000x\000,\000\040\000X\000t\000+\0001\000=\000x\000\040\000=\000\175}{section.11.3}% 96
\BOOKMARK [2][]{subsection.11.3.3}{\376\377\0001\0001\000.\0003\000.\0003\000\040\000S\000c\000a\000l\000i\000n\000g\000\040\000F\000a\000c\000t\000o\000r\000s}{section.11.3}% 97
\BOOKMARK [0][]{chapter.12}{\376\377\0001\0002\000\040\000G\000r\000a\000p\000h\000i\000c\000\040\000M\000o\000d\000e\000l\000s}{}% 98
\BOOKMARK [1][]{section.12.1}{\376\377\0001\0002\000.\0001\000\040\000G\000r\000a\000p\000h\000\040\000T\000h\000e\000o\000r\000y}{chapter.12}% 99
\BOOKMARK [1][]{section.12.2}{\376\377\0001\0002\000.\0002\000\040\000B\000a\000y\000e\000s\000i\000a\000n\000\040\000N\000e\000t\000w\000o\000r\000k\000s}{chapter.12}% 100
\BOOKMARK [1][]{section.12.3}{\376\377\0001\0002\000.\0003\000\040\000M\000a\000r\000k\000o\000v\000\040\000N\000e\000t\000w\000o\000r\000k\000s}{chapter.12}% 101
\BOOKMARK [2][]{subsection.12.3.1}{\376\377\0001\0002\000.\0003\000.\0001\000\040\000G\000e\000n\000e\000r\000a\000l\000\040\000F\000o\000r\000m}{section.12.3}% 102
\BOOKMARK [2][]{subsection.12.3.2}{\376\377\0001\0002\000.\0003\000.\0002\000\040\000H\000a\000m\000m\000e\000r\000s\000l\000e\000y\000-\000C\000l\000i\000f\000f\000o\000r\000d\000\040\000t\000h\000e\000o\000r\000e\000m}{section.12.3}% 103
\BOOKMARK [2][]{subsection.12.3.3}{\376\377\0001\0002\000.\0003\000.\0003\000\040\000F\000o\000r\000m\000\040\000o\000f\000\040\000G\000i\000b\000b\000s\000\040\000d\000i\000s\000t\000r\000i\000b\000u\000t\000i\000o\000n\000\040\000\050\000B\000o\000l\000t\000z\000m\000a\000n\000n\000\040\000d\000i\000s\000t\000r\000i\000b\000u\000t\000i\000o\000n\000\051}{section.12.3}% 104
\BOOKMARK [1][]{section.12.4}{\376\377\0001\0002\000.\0004\000\040\000C\000o\000n\000v\000e\000r\000s\000i\000o\000n\000\040\000o\000f\000\040\000d\000i\000r\000e\000c\000t\000e\000d\000\040\000g\000r\000a\000p\000h\000\040\000t\000o\000\040\000u\000n\000d\000i\000r\000e\000c\000t\000e\000d\000\040\000g\000r\000a\000p\000h}{chapter.12}% 105
\BOOKMARK [1][]{section.12.5}{\376\377\0001\0002\000.\0005\000\040\000\040\000I\000n\000f\000e\000r\000e\000n\000c\000e\000\040\000a\000n\000d\000\040\000L\000e\000a\000r\000n\000i\000n\000g}{chapter.12}% 106
\BOOKMARK [2][]{subsection.12.5.1}{\376\377\0001\0002\000.\0005\000.\0001\000\040\000I\000n\000f\000e\000r\000e\000n\000c\000e\000\040\000o\000n\000\040\000T\000r\000e\000e\000s}{section.12.5}% 107
\BOOKMARK [0][]{chapter.13}{\376\377\0001\0003\000\040\000V\000a\000r\000i\000a\000t\000i\000o\000n\000a\000l\000\040\000I\000n\000f\000e\000r\000e\000n\000c\000e\000,\000\040\000M\000e\000a\000n\000-\000F\000i\000e\000l\000d\000\040\000T\000e\000c\000h\000n\000i\000q\000u\000e\000s}{}% 108
\BOOKMARK [1][]{section.13.1}{\376\377\0001\0003\000.\0001\000\040\000N\000a\000i\000v\000e\000\040\000M\000e\000a\000n\000-\000F\000i\000e\000l\000d\000\040\000M\000e\000t\000h\000o\000d\000s}{chapter.13}% 109
\BOOKMARK [2][]{subsection.13.1.1}{\376\377\0001\0003\000.\0001\000.\0001\000\040\000G\000r\000a\000p\000h\000i\000c\000a\000l\000\040\000M\000o\000d\000e\000l\000s}{section.13.1}% 110
\BOOKMARK [2][]{subsection.13.1.2}{\376\377\0001\0003\000.\0001\000.\0002\000\040\000I\000s\000i\000n\000g\000\040\000M\000o\000d\000e\000l}{section.13.1}% 111
\BOOKMARK [1][]{section.13.2}{\376\377\0001\0003\000.\0002\000\040\000E\000x\000p\000o\000n\000e\000n\000t\000i\000a\000l\000\040\000F\000a\000m\000i\000l\000i\000e\000s\000\040\000o\000f\000\040\000P\000r\000o\000b\000a\000b\000i\000l\000i\000t\000y\000\040\000D\000i\000s\000t\000r\000i\000b\000u\000t\000i\000o\000n\000s}{chapter.13}% 112
\BOOKMARK [1][]{section.13.3}{\376\377\0001\0003\000.\0003\000\040\000M\000L\000\040\000E\000s\000t\000i\000m\000a\000t\000i\000o\000n}{chapter.13}% 113
\BOOKMARK [1][]{section.13.4}{\376\377\0001\0003\000.\0004\000\040\000M\000a\000x\000i\000m\000u\000m\000\040\000E\000n\000t\000r\000o\000p\000y}{chapter.13}% 114
\BOOKMARK [1][]{section.13.5}{\376\377\0001\0003\000.\0005\000\040}{chapter.13}% 115
\BOOKMARK [1][]{section.13.6}{\376\377\0001\0003\000.\0006\000\040\000C\000o\000n\000n\000e\000c\000t\000i\000o\000n\000\040\000b\000e\000t\000w\000e\000e\000n\000\040\000E\000x\000p\000o\000n\000e\000n\000t\000i\000a\000l\000\040\000F\000a\000m\000i\000l\000i\000e\000s\000\040\000a\000n\000d\000\040\000G\000r\000a\000p\000h\000i\000c\000\040\000M\000o\000d\000e\000l\000s}{chapter.13}% 116
\BOOKMARK [2][]{subsection.13.6.1}{\376\377\0001\0003\000.\0006\000.\0001\000\040\000M\000a\000r\000g\000i\000n\000a\000l\000\040\000p\000o\000l\000y\000t\000o\000p\000e}{section.13.6}% 117
\BOOKMARK [2][]{subsection.13.6.2}{\376\377\0001\0003\000.\0006\000.\0002\000\040\000L\000o\000c\000a\000l\000l\000y\000\040\000C\000o\000n\000s\000i\000s\000t\000e\000n\000t\000\040\000M\000a\000r\000g\000i\000n\000a\000l\000\040\000D\000i\000s\000t\000r\000i\000b\000u\000t\000i\000o\000n\000s}{section.13.6}% 118
\BOOKMARK [2][]{subsection.13.6.3}{\376\377\0001\0003\000.\0006\000.\0003\000\040\000E\000n\000t\000r\000o\000p\000y\000\040\000o\000n\000\040\000T\000r\000e\000e\000\040\000G\000r\000a\000p\000h\000s}{section.13.6}% 119
\BOOKMARK [2][]{subsection.13.6.4}{\376\377\0001\0003\000.\0006\000.\0004\000\040\000N\000a\000i\000v\000e\000\040\000M\000e\000a\000n\000-\000F\000i\000e\000l\000d\000\040\000M\000e\000t\000h\000o\000d\000s\000\040\000I\000n\000\040\000G\000r\000a\000p\000h}{section.13.6}% 120
\BOOKMARK [2][]{subsection.13.6.5}{\376\377\0001\0003\000.\0006\000.\0005\000\040\000S\000t\000r\000u\000c\000t\000u\000r\000a\000l\000\040\000M\000e\000a\000n\000\040\000F\000i\000e\000l\000d\000\040\000O\000p\000t\000i\000m\000i\000z\000a\000t\000i\000o\000n}{section.13.6}% 121
\BOOKMARK [2][]{subsection.13.6.6}{\376\377\0001\0003\000.\0006\000.\0006\000\040\000B\000e\000t\000h\000e\000\040\000E\000n\000t\000r\000o\000p\000y\000\040\000A\000p\000p\000r\000o\000x\000i\000m\000a\000t\000i\000o\000n}{section.13.6}% 122
\BOOKMARK [0][]{chapter.14}{\376\377\0001\0004\000\040\0001\000\040\000P\000e\000n\000a\000l\000i\000z\000e\000d\000\040\000L\000e\000a\000s\000t\000\040\000S\000q\000u\000a\000r\000e\000s\000\040\000M\000i\000n\000i\000m\000i\000z\000a\000t\000i\000o\000n}{}% 123
\BOOKMARK [1][]{section.14.1}{\376\377\0001\0004\000.\0001\000\040\000P\000r\000o\000b\000l\000e\000m\000\040\000S\000t\000a\000t\000e\000m\000e\000n\000t}{chapter.14}% 124
\BOOKMARK [1][]{section.14.2}{\376\377\0001\0004\000.\0002\000\040\000S\000p\000e\000c\000i\000a\000l\000\040\000C\000a\000s\000e\000s}{chapter.14}% 125
\BOOKMARK [2][]{subsection.14.2.1}{\376\377\0001\0004\000.\0002\000.\0001\000\040\000D\000e\000f\000i\000n\000i\000t\000i\000o\000n\000:\000\040\000S\000o\000f\000t\000\040\000T\000h\000r\000e\000s\000h\000o\000l\000d}{section.14.2}% 126
\BOOKMARK [2][]{subsection.14.2.2}{\376\377\0001\0004\000.\0002\000.\0002\000\040\000I\000d\000e\000n\000t\000i\000t\000y\000\040\000A}{section.14.2}% 127
\BOOKMARK [2][]{subsection.14.2.3}{\376\377\0001\0004\000.\0002\000.\0003\000\040\000O\000r\000t\000h\000o\000n\000o\000r\000m\000a\000l\000\040\000A}{section.14.2}% 128
\BOOKMARK [2][]{subsection.14.2.4}{\376\377\0001\0004\000.\0002\000.\0004\000\040\000Q\000u\000a\000d\000r\000a\000t\000i\000c\000\040\000O\000p\000t\000i\000m\000i\000z\000a\000t\000i\000o\000n\000\040\000\050\000=\0000\000\051}{section.14.2}% 129
\BOOKMARK [1][]{section.14.3}{\376\377\0001\0004\000.\0003\000\040\000G\000e\000n\000e\000r\000a\000l\000\040\000S\000o\000l\000u\000t\000i\000o\000n\000:\000\040\000L\000a\000s\000s\000o}{chapter.14}% 130
\BOOKMARK [1][]{section.14.4}{\376\377\0001\0004\000.\0004\000\040\000G\000e\000n\000e\000r\000a\000l\000\040\000S\000o\000l\000u\000t\000i\000o\000n\000:\000\040\000I\000t\000e\000r\000a\000t\000i\000v\000e\000\040\000S\000o\000f\000t\000\040\000T\000h\000r\000e\000s\000h\000o\000l\000d\000i\000n\000g\000\040\000A\000l\000g\000o\000r\000i\000t\000h\000m\000\040\000\050\000I\000S\000T\000A\000\051}{chapter.14}% 131
\BOOKMARK [2][]{subsection.14.4.1}{\376\377\0001\0004\000.\0004\000.\0001\000\040\000P\000r\000o\000x\000i\000m\000a\000l\000\040\000M\000i\000n\000i\000m\000i\000z\000a\000t\000i\000o\000n\000\040\000A\000l\000g\000o\000r\000i\000t\000h\000m}{section.14.4}% 132
\BOOKMARK [2][]{subsection.14.4.2}{\376\377\0001\0004\000.\0004\000.\0002\000\040\000A\000p\000p\000l\000y\000\040\000t\000o\000\040\0001\000-\000p\000e\000n\000a\000l\000i\000z\000e\000d\000\040\000l\000e\000a\000s\000t\000-\000s\000q\000u\000a\000r\000e\000s}{section.14.4}% 133
\BOOKMARK [1][]{section.14.5}{\376\377\0001\0004\000.\0005\000\040\000C\000o\000n\000v\000e\000r\000g\000e\000n\000c\000e\000\040\000R\000a\000t\000e}{chapter.14}% 134
\BOOKMARK [1][]{section.14.6}{\376\377\0001\0004\000.\0006\000\040\000F\000a\000s\000t\000\040\000I\000t\000e\000r\000a\000t\000i\000v\000e\000\040\000S\000o\000f\000t\000\040\000T\000h\000r\000e\000s\000h\000o\000l\000d\000i\000n\000g\000\040\000A\000l\000g\000o\000r\000i\000t\000h\000m\000\040\000\050\000F\000I\000S\000T\000A\000\051}{chapter.14}% 135
\BOOKMARK [1][]{section.14.7}{\376\377\0001\0004\000.\0007\000\040\000A\000l\000t\000e\000r\000n\000a\000t\000i\000n\000g\000\040\000D\000i\000r\000e\000c\000t\000i\000o\000n\000\040\000M\000e\000t\000h\000o\000d\000\040\000o\000f\000\040\000M\000u\000l\000t\000i\000p\000l\000i\000e\000r\000s\000\040\000\050\000A\000D\000M\000M\000\051}{chapter.14}% 136
\BOOKMARK [0][]{chapter.15}{\376\377\0001\0005\000\040\000C\000o\000m\000p\000r\000e\000s\000s\000i\000v\000e\000\040\000S\000e\000n\000s\000i\000n\000g}{}% 137
\BOOKMARK [1][]{section.15.1}{\376\377\0001\0005\000.\0001\000\040\000D\000e\000f\000i\000n\000i\000t\000i\000o\000n\000s\000\040\000r\000e\000l\000a\000t\000e\000d\000\040\000t\000o\000\040\000S\000p\000a\000r\000s\000i\000t\000y}{chapter.15}% 138
\BOOKMARK [1][]{section.15.2}{\376\377\0001\0005\000.\0002\000\040\000M\000e\000a\000s\000u\000r\000e\000m\000e\000n\000t\000\040\000M\000a\000t\000r\000i\000x}{chapter.15}% 139
\BOOKMARK [2][]{subsection.15.2.1}{\376\377\0001\0005\000.\0002\000.\0001\000\040\000M\000a\000t\000r\000i\000x\000\040\000P\000r\000e\000l\000i\000m\000i\000n\000a\000r\000i\000e\000s}{section.15.2}% 140
\BOOKMARK [2][]{subsection.15.2.2}{\376\377\0001\0005\000.\0002\000.\0002\000\040\000R\000e\000c\000o\000v\000e\000r\000y\000\040\000o\000f\000\040\000k\000-\000S\000p\000a\000r\000s\000e\000\040\000S\000i\000g\000n\000a\000l\000s}{section.15.2}% 141
\BOOKMARK [2][]{subsection.15.2.3}{\376\377\0001\0005\000.\0002\000.\0003\000\040\000R\000e\000s\000t\000r\000i\000c\000t\000e\000d\000\040\000I\000s\000o\000m\000e\000t\000r\000y\000\040\000P\000r\000o\000p\000e\000r\000t\000y}{section.15.2}% 142
\BOOKMARK [1][]{section.15.3}{\376\377\0001\0005\000.\0003\000\040\000R\000o\000b\000u\000s\000t\000\040\000S\000i\000g\000n\000a\000l\000\040\000R\000e\000c\000o\000v\000e\000r\000y\000\040\000f\000r\000o\000m\000\040\000N\000o\000i\000s\000e\000l\000e\000s\000s\000\040\000O\000b\000s\000e\000r\000v\000a\000t\000i\000o\000n\000s}{chapter.15}% 143
\BOOKMARK [1][]{section.15.4}{\376\377\0001\0005\000.\0004\000\040\000R\000o\000b\000u\000s\000t\000\040\000S\000i\000g\000n\000a\000l\000\040\000R\000e\000c\000o\000v\000e\000r\000y\000\040\000f\000r\000o\000m\000\040\000N\000o\000i\000s\000y\000\040\000O\000b\000s\000e\000r\000v\000a\000t\000i\000o\000n\000s}{chapter.15}% 144
\BOOKMARK [2][]{subsection.15.4.1}{\376\377\0001\0005\000.\0004\000.\0001\000\040\000B\000o\000u\000n\000d\000e\000d\000\040\000N\000o\000i\000s\000e}{section.15.4}% 145
