This is XeTeX, Version 3.141592653-2.6-0.999996 (TeX Live 2024) (preloaded format=xelatex 2024.4.1)  1 APR 2024 23:38
entering extended mode
 restricted \write18 enabled.
 file:line:error style messages enabled.
 %&-line parsing enabled.
**"/Users/yangwenxiao/Library/Mobile Documents/com~apple~CloudDocs/Desktop/个人主页wenxiao5.github.io/Note/Inference and Learning/test"

! Emergency stop.
<to be read again> 
                   \protect 
<*> ...s/yangwenxiao/Library/Mobile Documents/com~
                                                  apple~CloudDocs/Desktop/个人...
*** (job aborted, file error in nonstop mode)

 
Here is how much of TeX's memory you used:
 3 strings out of 474761
 57 string characters out of 5757510
 1918145 words of memory out of 5000000
 22270 multiletter control sequences out of 15000+600000
 558069 words of font info for 36 fonts, out of 8000000 for 9000
 1348 hyphenation exceptions out of 8191
 2i,0n,0p,1b,6s stack positions out of 10000i,1000n,20000p,200000b,200000s
No pages of output.
