\BOOKMARK [0][]{chapter.1}{\376\377\0001\000\040\000S\000t\000a\000t\000i\000o\000n\000a\000r\000y\000\040\000T\000i\000m\000e\000\040\000S\000e\000r\000i\000e\000s}{}% 1
\BOOKMARK [1][]{section.1.1}{\376\377\0001\000.\0001\000\040\000G\000o\000a\000l\000s\000\040\000a\000n\000d\000\040\000C\000h\000a\000l\000l\000e\000n\000g\000e}{chapter.1}% 2
\BOOKMARK [1][]{section.1.2}{\376\377\0001\000.\0002\000\040\000S\000t\000o\000c\000h\000a\000s\000t\000i\000c\000\040\000P\000r\000o\000c\000e\000s\000s}{chapter.1}% 3
\BOOKMARK [1][]{section.1.3}{\376\377\0001\000.\0003\000\040\000S\000t\000r\000i\000c\000t\000l\000y\000\040\000S\000t\000a\000t\000i\000o\000n\000a\000r\000y}{chapter.1}% 4
\BOOKMARK [1][]{section.1.4}{\376\377\0001\000.\0004\000\040\000C\000o\000v\000a\000r\000i\000a\000n\000c\000e\000\040\000S\000t\000a\000t\000i\000o\000n\000a\000r\000y}{chapter.1}% 5
\BOOKMARK [1][]{section.1.5}{\376\377\0001\000.\0005\000\040\000A\000u\000t\000o\000c\000o\000v\000a\000r\000i\000a\000n\000c\000e\000\040\000F\000u\000n\000c\000t\000i\000o\000n}{chapter.1}% 6
\BOOKMARK [1][]{section.1.6}{\376\377\0001\000.\0006\000\040\000W\000h\000i\000t\000e\000\040\000N\000o\000i\000s\000e}{chapter.1}% 7
\BOOKMARK [0][]{chapter.2}{\376\377\0002\000\040\000M\000o\000v\000i\000n\000g\000-\000A\000v\000e\000r\000a\000g\000e\000\040\000\050\000M\000A\000\051\000\040\000P\000r\000o\000c\000e\000s\000s}{}% 8
\BOOKMARK [1][]{section.2.1}{\376\377\0002\000.\0001\000\040\000F\000i\000n\000i\000t\000e\000\040\000M\000o\000v\000i\000n\000g\000-\000A\000v\000e\000r\000a\000g\000e\000\040\000P\000r\000o\000c\000e\000s\000s}{chapter.2}% 9
\BOOKMARK [1][]{section.2.2}{\376\377\0002\000.\0002\000\040\000I\000n\000f\000i\000n\000i\000t\000e\000\040\000M\000o\000v\000i\000n\000g\000-\000A\000v\000e\000r\000a\000g\000e\000\040\000P\000r\000o\000c\000e\000s\000s\000\040\000M\000A\000\050\000\051\000,\000V\000M\000A\000\050\000\051}{chapter.2}% 10
\BOOKMARK [1][]{section.2.3}{\376\377\0002\000.\0003\000\040\000L\000a\000g\000\040\000O\000p\000e\000r\000a\000t\000o\000r\000\040\000N\000o\000t\000a\000t\000i\000o\000n\000\040\000a\000n\000d\000\040\000I\000n\000v\000e\000r\000t\000i\000b\000l\000e\000\040\000M\000A\000\050\000q\000\051}{chapter.2}% 11
\BOOKMARK [1][]{section.2.4}{\376\377\0002\000.\0004\000\040\000M\000A\000\050\000q\000\051\000\040\000c\000o\000v\000a\000r\000i\000a\000n\000c\000e\000\040\000s\000t\000a\000t\000i\000o\000n\000a\000r\000y\000\040\000p\000r\000o\000c\000e\000s\000s\000\040\000w\000i\000t\000h\000\040\000\050\000j\000\051\000=\0000\000,\000j\000>\000q}{chapter.2}% 12
\BOOKMARK [1][]{section.2.5}{\376\377\0002\000.\0005\000\040\000S\000p\000e\000c\000t\000r\000a\000l\000\040\000R\000e\000p\000r\000e\000s\000e\000n\000t\000a\000t\000i\000o\000n}{chapter.2}% 13
\BOOKMARK [2][]{subsection.2.5.1}{\376\377\0002\000.\0005\000.\0001\000\040\000A\000C\000F\000\040\000\040\000E\000v\000e\000n\000\040\000a\000n\000d\000\040\000P\000S\000D\000\040\000\040\000\050\000j\000\051\000=\000-\000\050\000i\000j\000\051\000d\000\040\000F\000\050\000\051}{section.2.5}% 14
\BOOKMARK [2][]{subsection.2.5.2}{\376\377\0002\000.\0005\000.\0002\000\040\000S\000p\000e\000c\000t\000r\000a\000l\000\040\000D\000e\000n\000s\000i\000t\000y\000\040\000F\000u\000n\000c\000t\000i\000o\000n\000\040\000o\000f\000\040\000\050\000\051}{section.2.5}% 15
\BOOKMARK [2][]{subsection.2.5.3}{\376\377\0002\000.\0005\000.\0003\000\040\000S\000p\000e\000c\000t\000r\000a\000l\000\040\000A\000n\000a\000l\000y\000s\000i\000s\000\040\000f\000o\000r\000\040\000V\000e\000c\000t\000o\000r\000\040\000T\000i\000m\000e\000\040\000S\000e\000r\000i\000e\000s}{section.2.5}% 16
\BOOKMARK [0][]{chapter.3}{\376\377\0003\000\040\000A\000u\000t\000o\000r\000e\000g\000r\000e\000s\000s\000i\000v\000e\000\040\000\050\000A\000R\000\051\000\040\000M\000o\000d\000e\000l}{}% 17
\BOOKMARK [1][]{section.3.1}{\376\377\0003\000.\0001\000\040\000A\000u\000t\000o\000r\000e\000g\000r\000e\000s\000s\000i\000v\000e\000\040\000M\000o\000d\000e\000l\000\040\000a\000s\000\040\000a\000\040\000S\000p\000e\000c\000i\000a\000l\000\040\000C\000a\000s\000e\000\040\000o\000f\000\040\000M\000A\000\050\000\051}{chapter.3}% 18
\BOOKMARK [1][]{section.3.2}{\376\377\0003\000.\0002\000\040\000A\000R\000\040\000M\000o\000d\000e\000l}{chapter.3}% 19
\BOOKMARK [2][]{subsection.3.2.1}{\376\377\0003\000.\0002\000.\0001\000\040\000A\000R\000\050\0001\000\051}{section.3.2}% 20
\BOOKMARK [2][]{subsection.3.2.2}{\376\377\0003\000.\0002\000.\0002\000\040\000A\000R\000\050\000p\000\051}{section.3.2}% 21
\BOOKMARK [1][]{section.3.3}{\376\377\0003\000.\0003\000\040\000V\000e\000c\000t\000o\000r\000\040\000A\000R\000\040\000m\000o\000d\000e\000l}{chapter.3}% 22
\BOOKMARK [2][]{subsection.3.3.1}{\376\377\0003\000.\0003\000.\0001\000\040\000V\000e\000c\000t\000o\000r\000\040\000A\000R\000\050\0001\000\051}{section.3.3}% 23
\BOOKMARK [2][]{subsection.3.3.2}{\376\377\0003\000.\0003\000.\0002\000\040\000V\000A\000R\000\050\000p\000\051\000\040\000M\000o\000d\000e\000l\000s}{section.3.3}% 24
\BOOKMARK [0][]{chapter.4}{\376\377\0004\000\040\000E\000s\000t\000i\000m\000a\000t\000i\000o\000n\000\040\000a\000n\000d\000\040\000I\000n\000f\000e\000r\000e\000n\000c\000e}{}% 25
\BOOKMARK [1][]{section.4.1}{\376\377\0004\000.\0001\000\040\000P\000r\000o\000p\000e\000r\000t\000i\000e\000s\000\040\000o\000f\000\040\000O\000L\000S\000\040\000E\000s\000t\000i\000m\000a\000t\000o\000r\000s}{chapter.4}% 26
\BOOKMARK [2][]{subsection.4.1.1}{\376\377\0004\000.\0001\000.\0001\000\040\000C\000o\000n\000s\000i\000s\000t\000e\000n\000c\000y}{section.4.1}% 27
\BOOKMARK [2][]{subsection.4.1.2}{\376\377\0004\000.\0001\000.\0002\000\040\000A\000s\000y\000m\000p\000t\000o\000t\000i\000c\000\040\000N\000o\000r\000m\000a\000l\000i\000t\000y}{section.4.1}% 28
\BOOKMARK [1][]{section.4.2}{\376\377\0004\000.\0002\000\040\000O\000L\000S\000\040\000f\000o\000r\000\040\000M\000A\000\050\000\051}{chapter.4}% 29
\BOOKMARK [2][]{subsection.4.2.1}{\376\377\0004\000.\0002\000.\0001\000\040\000E\000s\000t\000i\000m\000a\000t\000o\000r\000\040\000o\000f\000\040\000:\000\040\000:\000=\0001\000T\000t\000=\0001\000T\000\040\000Y\000t}{section.4.2}% 30
\BOOKMARK [2][]{subsection.4.2.2}{\376\377\0004\000.\0002\000.\0002\000\040\000E\000s\000t\000i\000m\000a\000t\000o\000r\000\040\000o\000f\000\040\0002\000:\000\040\000S\0002\000=\0001\000T\000-\0001\000t\000=\0001\000T\000\050\000Y\000t\000-\000\051\0002}{section.4.2}% 31
\BOOKMARK [1][]{section.4.3}{\376\377\0004\000.\0003\000\040\000O\000L\000S\000\040\000f\000o\000r\000\040\000A\000R\000\050\0001\000\051}{chapter.4}% 32
\BOOKMARK [2][]{subsection.4.3.1}{\376\377\0004\000.\0003\000.\0001\000\040\000O\000L\000S\000\040\000E\000s\000t\000i\000m\000a\000t\000o\000r\000\040\000O\000L\000S\000=\000t\000=\0002\000T\000Y\000t\000-\0001\000Y\000t\000t\000=\0002\000T\000\040\000Y\000t\000-\0001\0002\000\040\000i\000s\000\040\000M\000L\000E}{section.4.3}% 33
\BOOKMARK [2][]{subsection.4.3.2}{\376\377\0004\000.\0003\000.\0002\000\040\000O\000L\000S\000\040\000E\000s\000t\000i\000m\000a\000t\000o\000r\000\040\000i\000s\000\040\000B\000i\000a\000s\000e\000d}{section.4.3}% 34
\BOOKMARK [2][]{subsection.4.3.3}{\376\377\0004\000.\0003\000.\0003\000\040\000O\000L\000S\000\040\000E\000s\000t\000i\000m\000a\000t\000o\000r\000\040\000i\000s\000\040\000C\000o\000n\000s\000i\000s\000t\000e\000n\000t}{section.4.3}% 35
\BOOKMARK [1][]{section.4.4}{\376\377\0004\000.\0004\000\040\000O\000L\000S\000\040\000f\000o\000r\000\040\000V\000A\000R\000\050\0001\000\051}{chapter.4}% 36
\BOOKMARK [1][]{section.4.5}{\376\377\0004\000.\0005\000\040\000G\000M\000M\000\040\000f\000o\000r\000\040\000T\000i\000m\000e\000\040\000S\000e\000r\000i\000e\000s}{chapter.4}% 37
\BOOKMARK [0][]{chapter.5}{\376\377\0005\000\040\000N\000o\000n\000-\000s\000t\000a\000t\000i\000o\000n\000a\000r\000y\000\040\000T\000i\000m\000e\000\040\000S\000e\000r\000i\000e\000s}{}% 38
\BOOKMARK [1][]{section.5.1}{\376\377\0005\000.\0001\000\040}{chapter.5}% 39
\BOOKMARK [2][]{subsection.5.1.1}{\376\377\0005\000.\0001\000.\0001\000\040\000U\000n\000i\000t\000\040\000R\000o\000o\000t\000\040\000T\000e\000s\000t\000i\000n\000g}{section.5.1}% 40
\BOOKMARK [0][]{appendix.A}{\376\377\000A\000\040\000P\000r\000o\000o\000f}{}% 41
\BOOKMARK [1][]{section.A.1}{\376\377\000A\000.\0001\000\040\000P\000r\000o\000o\000f\000\040\000o\000f\000\040\000L\000e\000m\000m\000a\000\040\0002\000.\0001}{appendix.A}% 42
