\BOOKMARK [0][]{chapter.1}{\376\377\0001\000\040\000C\000l\000u\000s\000t\000e\000r\000i\000n\000g}{}% 1
\BOOKMARK [1][]{section.1.1}{\376\377\0001\000.\0001\000\040\000K\000-\000M\000e\000a\000n\000s}{chapter.1}% 2
\BOOKMARK [2][]{subsection.1.1.1}{\376\377\0001\000.\0001\000.\0001\000\040\000K\000-\000M\000e\000a\000n\000s\000\040\000C\000l\000u\000s\000t\000e\000r\000i\000n\000g\000\040\000O\000p\000t\000i\000m\000i\000z\000a\000t\000i\000o\000n\000\040\000P\000r\000o\000b\000l\000e\000m}{section.1.1}% 3
\BOOKMARK [2][]{subsection.1.1.2}{\376\377\0001\000.\0001\000.\0002\000\040\000L\000l\000o\000y\000d\000'\000s\000\040\000A\000l\000g\000o\000r\000i\000t\000h\000m}{section.1.1}% 4
\BOOKMARK [2][]{subsection.1.1.3}{\376\377\0001\000.\0001\000.\0003\000\040\000B\000e\000n\000e\000f\000i\000t\000s\000\040\000a\000n\000d\000\040\000D\000r\000a\000w\000b\000a\000c\000k\000s}{section.1.1}% 5
\BOOKMARK [2][]{subsection.1.1.4}{\376\377\0001\000.\0001\000.\0004\000\040\000E\000l\000b\000o\000w\000\040\000M\000e\000t\000h\000o\000d}{section.1.1}% 6
\BOOKMARK [1][]{section.1.2}{\376\377\0001\000.\0002\000\040\000T\000y\000p\000e\000s\000\040\000o\000f\000\040\000C\000l\000u\000s\000t\000e\000r\000s\000\040\000D\000e\000f\000i\000n\000i\000t\000i\000o\000n\000s}{chapter.1}% 7
\BOOKMARK [1][]{section.1.3}{\376\377\0001\000.\0003\000\040\000K\000-\000M\000e\000d\000i\000a\000n\000s}{chapter.1}% 8
\BOOKMARK [2][]{subsection.1.3.1}{\376\377\0001\000.\0003\000.\0001\000\040\000K\000-\000M\000e\000d\000i\000a\000n\000s\000\040\000C\000l\000u\000s\000t\000e\000r\000i\000n\000g\000\040\000O\000p\000t\000i\000m\000i\000z\000a\000t\000i\000o\000n\000\040\000P\000r\000o\000b\000l\000e\000m}{section.1.3}% 9
\BOOKMARK [2][]{subsection.1.3.2}{\376\377\0001\000.\0003\000.\0002\000\040\000K\000-\000M\000e\000d\000i\000a\000n\000s\000\040\000H\000e\000u\000r\000i\000s\000t\000i\000c\000\040\000A\000l\000g\000o\000r\000i\000t\000h\000m}{section.1.3}% 10
\BOOKMARK [1][]{section.1.4}{\376\377\0001\000.\0004\000\040\000K\000-\000M\000e\000d\000o\000i\000d\000s}{chapter.1}% 11
\BOOKMARK [2][]{subsection.1.4.1}{\376\377\0001\000.\0004\000.\0001\000\040\000K\000-\000M\000e\000d\000o\000i\000d\000s\000\040\000C\000l\000u\000s\000t\000e\000r\000i\000n\000g\000\040\000O\000p\000t\000i\000m\000i\000z\000a\000t\000i\000o\000n\000\040\000P\000r\000o\000b\000l\000e\000m}{section.1.4}% 12
\BOOKMARK [2][]{subsection.1.4.2}{\376\377\0001\000.\0004\000.\0002\000\040\000K\000-\000M\000e\000d\000o\000i\000d\000s\000\040\000C\000l\000u\000s\000t\000e\000r\000i\000n\000g\000\040\000A\000l\000g\000o\000r\000i\000t\000h\000m}{section.1.4}% 13
\BOOKMARK [2][]{subsection.1.4.3}{\376\377\0001\000.\0004\000.\0003\000\040\000K\000-\000M\000e\000d\000o\000i\000d\000s\000\040\000v\000s\000.\000\040\000K\000-\000M\000e\000a\000n\000s}{section.1.4}% 14
\BOOKMARK [1][]{section.1.5}{\376\377\0001\000.\0005\000\040\000T\000y\000p\000e\000s\000\040\000o\000f\000\040\000C\000l\000u\000s\000t\000e\000r\000i\000n\000g\000\040\000A\000l\000g\000o\000r\000i\000t\000h\000m\000s\000\040\000R\000e\000s\000u\000l\000t\000s}{chapter.1}% 15
\BOOKMARK [2][]{subsection.1.5.1}{\376\377\0001\000.\0005\000.\0001\000\040\000P\000a\000r\000t\000i\000t\000i\000o\000n\000a\000l\000\040\000v\000s\000.\000\040\000H\000i\000e\000r\000a\000r\000c\000h\000i\000c\000a\000l\000\040\000C\000l\000u\000s\000t\000e\000r\000i\000n\000g\000\040\000R\000e\000s\000u\000l\000t\000s}{section.1.5}% 16
\BOOKMARK [2][]{subsection.1.5.2}{\376\377\0001\000.\0005\000.\0002\000\040\000E\000x\000c\000l\000u\000s\000i\000v\000e\000\040\000v\000s\000.\000\040\000O\000v\000e\000r\000l\000a\000p\000p\000i\000n\000g\000\040\000v\000s\000.\000\040\000F\000u\000z\000z\000y\000\040\000C\000l\000u\000s\000t\000e\000r\000i\000n\000g\000\040\000R\000e\000s\000u\000l\000t\000s}{section.1.5}% 17
\BOOKMARK [0][]{chapter.2}{\376\377\0002\000\040\000C\000l\000u\000s\000t\000e\000r\000i\000n\000g\000\040\000E\000v\000a\000l\000u\000a\000t\000i\000o\000n\000\040\000M\000e\000t\000r\000i\000c\000s}{}% 18
\BOOKMARK [1][]{section.2.1}{\376\377\0002\000.\0001\000\040\000C\000l\000u\000s\000t\000e\000r\000a\000b\000i\000l\000i\000t\000y\000\040\000E\000v\000a\000l\000u\000a\000t\000i\000o\000n\000\040\000M\000e\000t\000r\000i\000c\000:\000\040\000I\000s\000\040\000t\000h\000e\000\040\000d\000a\000t\000a\000s\000e\000t\000\040\000c\000l\000u\000s\000t\000e\000r\000a\000b\000l\000e\000?}{chapter.2}% 19
\BOOKMARK [2][]{subsection.2.1.1}{\376\377\0002\000.\0001\000.\0001\000\040\000H\000o\000p\000k\000i\000n\000'\000s\000\040\000S\000t\000a\000t\000i\000s\000t\000i\000c\000s}{section.2.1}% 20
\BOOKMARK [1][]{section.2.2}{\376\377\0002\000.\0002\000\040\000U\000n\000s\000u\000p\000e\000r\000v\000i\000s\000e\000d\000\040\000C\000l\000u\000s\000t\000e\000r\000i\000n\000g\000\040\000E\000v\000a\000l\000u\000a\000t\000i\000o\000n\000\040\000M\000e\000t\000r\000i\000c\000s\000:\000\040\000H\000o\000w\000\040\000c\000o\000h\000e\000s\000i\000v\000e\000\040\000a\000n\000d\000\040\000w\000e\000l\000l\000\040\000s\000e\000p\000a\000r\000a\000t\000e\000d\000\040\000a\000r\000e\000\040\000t\000h\000e\000\040\000c\000l\000u\000s\000t\000e\000r\000s\000\040\000i\000n\000\040\000t\000h\000e\000\040\000c\000l\000u\000s\000t\000e\000r\000i\000n\000g\000?}{chapter.2}% 21
\BOOKMARK [2][]{subsection.2.2.1}{\376\377\0002\000.\0002\000.\0001\000\040\000D\000e\000f\000i\000n\000i\000t\000i\000o\000n}{section.2.2}% 22
\BOOKMARK [2][]{subsection.2.2.2}{\376\377\0002\000.\0002\000.\0002\000\040\000G\000r\000a\000p\000h\000-\000b\000a\000s\000e\000d\000\040\000v\000i\000e\000w\000\040\000o\000f\000\040\000c\000o\000h\000e\000s\000i\000o\000n\000\040\000a\000n\000d\000\040\000s\000e\000p\000a\000r\000a\000t\000i\000o\000n\000\040\000f\000o\000r\000\040\000a\000\040\000c\000l\000u\000s\000t\000e\000r\000i\000n\000g}{section.2.2}% 23
\BOOKMARK [2][]{subsection.2.2.3}{\376\377\0002\000.\0002\000.\0003\000\040\000S\000i\000l\000h\000o\000u\000e\000t\000t\000e\000\040\000C\000o\000e\000f\000f\000i\000c\000i\000e\000n\000t\000s\000\040\000\050\000S\000c\000o\000r\000e\000s\000\051}{section.2.2}% 24
\BOOKMARK [2][]{subsection.2.2.4}{\376\377\0002\000.\0002\000.\0004\000\040\000P\000r\000o\000t\000o\000t\000y\000p\000e\000-\000B\000a\000s\000e\000d\000\040\000V\000i\000e\000w\000\040\000o\000f\000\040\000C\000o\000h\000e\000s\000i\000o\000n\000\040\000a\000n\000d\000\040\000S\000e\000p\000a\000r\000a\000t\000i\000o\000n\000\040\000f\000o\000r\000\040\000a\000\040\000C\000l\000u\000s\000t\000e\000r\000i\000n\000g}{section.2.2}% 25
\BOOKMARK [1][]{section.2.3}{\376\377\0002\000.\0003\000\040\000C\000l\000u\000s\000t\000e\000r\000\040\000N\000u\000m\000b\000e\000r\000\040\000E\000v\000a\000l\000u\000a\000t\000i\000o\000n\000\040\000M\000e\000t\000r\000i\000c\000s\000:\000\040\000W\000h\000a\000t\000\040\000i\000s\000\040\000t\000h\000e\000\040\000'\000c\000o\000r\000r\000e\000c\000t\000'\000\040\000n\000u\000m\000b\000e\000r\000\040\000o\000f\000\040\000c\000l\000u\000s\000t\000e\000r\000s\000?}{chapter.2}% 26
\BOOKMARK [2][]{subsection.2.3.1}{\376\377\0002\000.\0003\000.\0001\000\040\000G\000e\000n\000e\000r\000a\000l\000\040\000E\000l\000b\000o\000w\000\040\000P\000l\000o\000t\000\040\000M\000e\000t\000h\000o\000d}{section.2.3}% 27
\BOOKMARK [2][]{subsection.2.3.2}{\376\377\0002\000.\0003\000.\0002\000\040\000A\000v\000e\000r\000a\000g\000e\000\040\000S\000i\000l\000h\000o\000u\000e\000t\000t\000e\000\040\000S\000c\000o\000r\000e\000\040\000P\000l\000o\000t\000\040\000M\000e\000t\000h\000o\000d}{section.2.3}% 28
\BOOKMARK [1][]{section.2.4}{\376\377\0002\000.\0004\000\040\000S\000u\000p\000e\000r\000v\000i\000s\000e\000d\000\040\000C\000l\000u\000s\000t\000e\000r\000i\000n\000g\000\040\000E\000v\000a\000l\000u\000a\000t\000i\000o\000n\000\040\000M\000e\000t\000r\000i\000c\000s\000:\000\040\000H\000o\000w\000\040\000s\000i\000m\000i\000l\000a\000r\000\040\000i\000s\000\040\000t\000h\000e\000\040\000c\000l\000u\000s\000t\000e\000r\000i\000n\000g\000\040\000t\000o\000\040\000a\000\040\000s\000e\000t\000\040\000o\000f\000\040\000\050\000e\000x\000t\000e\000r\000n\000a\000l\000\051\000\040\000p\000r\000e\000-\000a\000s\000s\000i\000g\000n\000e\000d\000\040\000c\000l\000a\000s\000s\000\040\000l\000a\000b\000e\000l\000s\000?}{chapter.2}% 29
\BOOKMARK [2][]{subsection.2.4.1}{\376\377\0002\000.\0004\000.\0001\000\040\000R\000a\000n\000d\000\040\000I\000n\000d\000e\000x\000\040\000a\000n\000d\000\040\000J\000a\000c\000c\000a\000r\000d\000\040\000C\000o\000e\000f\000f\000i\000c\000i\000e\000n\000t\000\040\000o\000f\000\040\000T\000w\000o\000\040\000P\000a\000r\000t\000i\000t\000i\000o\000n\000s}{section.2.4}% 30
\BOOKMARK [2][]{subsection.2.4.2}{\376\377\0002\000.\0004\000.\0002\000\040\000A\000d\000j\000u\000s\000t\000e\000d\000\040\000R\000a\000n\000d\000\040\000I\000n\000d\000e\000x}{section.2.4}% 31
\BOOKMARK [1][]{section.2.5}{\376\377\0002\000.\0005\000\040\000C\000l\000u\000s\000t\000e\000r\000i\000n\000g\000\040\000C\000o\000m\000p\000a\000r\000i\000s\000o\000n\000\040\000M\000e\000t\000r\000i\000c\000s\000:\000\040\000W\000h\000i\000c\000h\000\040\000c\000l\000u\000s\000t\000e\000r\000i\000n\000g\000\040\000i\000s\000\040\000b\000e\000t\000t\000e\000r\000\040\000f\000o\000r\000\040\000a\000\040\000g\000i\000v\000e\000n\000\040\000d\000a\000t\000a\000s\000e\000t\000?}{chapter.2}% 32
\BOOKMARK [1][]{section.2.6}{\376\377\0002\000.\0006\000\040\000'\000C\000l\000u\000s\000t\000e\000r\000a\000b\000l\000e\000'\000?\000\040\000a\000n\000d\000\040\000'\000C\000o\000r\000r\000e\000c\000t\000'\000\040\000N\000u\000m\000b\000e\000r\000\040\000o\000f\000\040\000C\000l\000u\000s\000t\000e\000r\000s\000:\000\040\000t\000-\000S\000N\000E}{chapter.2}% 33
\BOOKMARK [2][]{subsection.2.6.1}{\376\377\0002\000.\0006\000.\0001\000\040\000G\000o\000a\000l}{section.2.6}% 34
\BOOKMARK [2][]{subsection.2.6.2}{\376\377\0002\000.\0006\000.\0002\000\040\000I\000n\000p\000u\000t\000/\000O\000u\000t\000p\000u\000t\000\040\000f\000o\000r\000\040\000t\000h\000e\000\040\000A\000l\000g\000o\000r\000i\000t\000h\000m}{section.2.6}% 35
\BOOKMARK [2][]{subsection.2.6.3}{\376\377\0002\000.\0006\000.\0003\000\040\000M\000a\000i\000n\000\040\000I\000d\000e\000a\000\040\000o\000f\000\040\000T\000h\000e\000\040\000A\000l\000g\000o\000r\000i\000t\000h\000m}{section.2.6}% 36
\BOOKMARK [0][]{chapter.3}{\376\377\0003\000\040\000H\000i\000e\000r\000a\000r\000c\000h\000i\000c\000a\000l\000\040\000C\000l\000u\000s\000t\000e\000r\000i\000n\000g}{}% 37
\BOOKMARK [1][]{section.3.1}{\376\377\0003\000.\0001\000\040\000A\000g\000g\000l\000o\000m\000e\000r\000a\000t\000i\000v\000e\000\040\000a\000n\000d\000\040\000D\000i\000v\000i\000s\000i\000v\000e\000\040\000H\000i\000e\000r\000a\000r\000c\000h\000i\000c\000a\000l\000\040\000C\000l\000u\000s\000t\000e\000r\000i\000n\000g\000\040\000A\000l\000g\000o\000r\000i\000t\000h\000m\000s}{chapter.3}% 38
\BOOKMARK [1][]{section.3.2}{\376\377\0003\000.\0002\000\040\000A\000g\000g\000l\000o\000m\000e\000r\000a\000t\000i\000v\000e\000\040\000H\000i\000e\000r\000a\000r\000c\000h\000i\000c\000a\000l\000\040\000C\000l\000u\000s\000t\000e\000r\000i\000n\000g}{chapter.3}% 39
\BOOKMARK [2][]{subsection.3.2.1}{\376\377\0003\000.\0002\000.\0001\000\040\000G\000e\000n\000e\000r\000a\000l\000\040\000A\000l\000g\000o\000r\000i\000t\000h\000m\000\040\000f\000o\000r\000\040\000A\000g\000g\000l\000o\000m\000e\000r\000a\000t\000i\000v\000e\000\040\000H\000i\000e\000r\000a\000r\000c\000h\000i\000c\000a\000l\000\040\000C\000l\000u\000s\000t\000e\000r\000i\000n\000g}{section.3.2}% 40
\BOOKMARK [2][]{subsection.3.2.2}{\376\377\0003\000.\0002\000.\0002\000\040\000w\000i\000t\000h\000\040\000S\000i\000n\000g\000l\000e\000\040\000L\000i\000n\000k\000a\000g\000e}{section.3.2}% 41
\BOOKMARK [2][]{subsection.3.2.3}{\376\377\0003\000.\0002\000.\0003\000\040\000w\000i\000t\000h\000\040\000C\000o\000m\000p\000l\000e\000t\000e\000\040\000L\000i\000n\000k\000a\000g\000e}{section.3.2}% 42
\BOOKMARK [2][]{subsection.3.2.4}{\376\377\0003\000.\0002\000.\0004\000\040\000w\000i\000t\000h\000\040\000A\000v\000e\000r\000a\000g\000e\000\040\000L\000i\000n\000k\000a\000g\000e}{section.3.2}% 43
\BOOKMARK [2][]{subsection.3.2.5}{\376\377\0003\000.\0002\000.\0005\000\040\000w\000i\000t\000h\000\040\000W\000a\000r\000d\000'\000s\000\040\000L\000i\000n\000k\000a\000g\000e}{section.3.2}% 44
\BOOKMARK [1][]{section.3.3}{\376\377\0003\000.\0003\000\040\000D\000i\000v\000i\000s\000i\000v\000e\000\040\000H\000i\000e\000r\000a\000r\000c\000h\000i\000c\000a\000l\000\040\000C\000l\000u\000s\000t\000e\000r\000i\000n\000g}{chapter.3}% 45
\BOOKMARK [2][]{subsection.3.3.1}{\376\377\0003\000.\0003\000.\0001\000\040\000G\000e\000n\000e\000r\000a\000l\000\040\000A\000l\000g\000o\000r\000i\000t\000h\000m\000\040\000f\000o\000r\000\040\000D\000i\000v\000i\000s\000i\000v\000e\000\040\000H\000i\000e\000r\000a\000r\000c\000h\000i\000c\000a\000l\000\040\000C\000l\000u\000s\000t\000e\000r\000i\000n\000g}{section.3.3}% 46
\BOOKMARK [2][]{subsection.3.3.2}{\376\377\0003\000.\0003\000.\0002\000\040\000w\000i\000t\000h\000\040\000t\000h\000e\000\040\000B\000i\000s\000e\000c\000t\000i\000n\000g\000\040\000k\000-\000M\000e\000a\000n\000s\000\040\000A\000l\000g\000o\000r\000i\000t\000h\000m}{section.3.3}% 47
\BOOKMARK [0][]{chapter.4}{\376\377\0004\000\040\000C\000a\000t\000e\000g\000o\000r\000i\000c\000a\000l\000\040\000D\000a\000t\000a\000\040\000C\000l\000u\000s\000t\000e\000r\000i\000n\000g}{}% 48
\BOOKMARK [1][]{section.4.1}{\376\377\0004\000.\0001\000\040\000D\000a\000t\000a\000s\000e\000t\000\040\000C\000l\000u\000s\000t\000e\000r\000i\000n\000g\000\040\000w\000i\000t\000h\000\040\000C\000a\000t\000e\000g\000o\000r\000i\000c\000a\000l\000\040\000V\000a\000r\000i\000a\000b\000l\000e\000s}{chapter.4}% 49
\BOOKMARK [2][]{subsection.4.1.1}{\376\377\0004\000.\0001\000.\0001\000\040\000\040\000t\000-\000S\000N\000E\000\040\000A\000l\000g\000o\000r\000i\000t\000h\000m\000\040\000-\000\040\000U\000s\000i\000n\000g\000\040\000a\000\040\000D\000i\000s\000t\000a\000n\000c\000e\000\040\000M\000a\000t\000r\000i\000x\000\040\000I\000n\000p\000u\000t}{section.4.1}% 50
\BOOKMARK [2][]{subsection.4.1.2}{\376\377\0004\000.\0001\000.\0002\000\040\000C\000r\000e\000a\000t\000i\000n\000g\000\040\000a\000\040\000D\000i\000s\000t\000a\000n\000c\000e\000\040\000M\000a\000t\000r\000i\000x\000\040\000f\000o\000r\000\040\000D\000a\000t\000a\000s\000e\000t\000s\000\040\000w\000i\000t\000h\000\040\000C\000a\000t\000e\000g\000o\000r\000i\000c\000a\000l\000\040\000V\000a\000r\000i\000a\000b\000l\000e\000s}{section.4.1}% 51
\BOOKMARK [1][]{section.4.2}{\376\377\0004\000.\0002\000\040\000P\000a\000r\000t\000i\000t\000i\000o\000n\000a\000l\000\040\000C\000l\000u\000s\000t\000e\000r\000i\000n\000g\000\040\000A\000l\000g\000o\000r\000i\000t\000h\000m\000s\000\040\000f\000o\000r\000\040\000D\000a\000t\000a\000s\000e\000t\000s\000\040\000w\000i\000t\000h\000\040\000C\000a\000t\000e\000g\000o\000r\000i\000c\000a\000l\000\040\000V\000a\000r\000i\000a\000b\000l\000e\000s}{chapter.4}% 52
\BOOKMARK [2][]{subsection.4.2.1}{\376\377\0004\000.\0002\000.\0001\000\040\000J\000u\000s\000t\000\040\000C\000a\000t\000e\000g\000o\000r\000i\000c\000a\000l\000\040\000V\000a\000r\000i\000a\000b\000l\000e\000s\000:\000\040\000k\000-\000M\000o\000d\000e\000s\000\040\000C\000l\000u\000s\000t\000e\000r\000i\000n\000g\000\040\000A\000l\000g\000o\000r\000i\000t\000h\000m}{section.4.2}% 53
\BOOKMARK [2][]{subsection.4.2.2}{\376\377\0004\000.\0002\000.\0002\000\040\000N\000u\000m\000e\000r\000i\000c\000a\000l\000\040\000a\000n\000d\000\040\000C\000a\000t\000e\000g\000o\000r\000i\000c\000a\000l\000\040\000V\000a\000r\000i\000a\000b\000l\000e\000s\000:\000\040\000k\000-\000P\000r\000o\000t\000o\000t\000y\000p\000e\000s\000\040\000C\000l\000u\000s\000t\000e\000r\000i\000n\000g\000\040\000A\000l\000g\000o\000r\000i\000t\000h\000m}{section.4.2}% 54
\BOOKMARK [1][]{section.4.3}{\376\377\0004\000.\0003\000\040\000H\000i\000e\000r\000a\000r\000c\000h\000i\000c\000a\000l\000\040\000C\000l\000u\000s\000t\000e\000r\000i\000n\000g\000\040\000A\000l\000g\000o\000r\000i\000t\000h\000m\000s\000\040\000f\000o\000r\000\040\000D\000a\000t\000a\000s\000e\000t\000s\000\040\000w\000i\000t\000h\000\040\000C\000a\000t\000e\000g\000o\000r\000i\000c\000a\000l\000\040\000V\000a\000r\000i\000a\000b\000l\000e\000s}{chapter.4}% 55
