\BOOKMARK [0][]{chapter.1}{\376\377\0001\000\040\000R\000e\000v\000i\000e\000w\000\040\000o\000f\000\040\000s\000t\000a\000t\000i\000s\000t\000i\000c\000s}{}% 1
\BOOKMARK [1][]{section.1.1}{\376\377\0001\000.\0001\000\040\000R\000a\000n\000d\000o\000m\000\040\000V\000e\000c\000t\000o\000r\000s}{chapter.1}% 2
\BOOKMARK [1][]{section.1.2}{\376\377\0001\000.\0002\000\040\000A\373\003\000n\000e\000\040\000T\000r\000a\000n\000s\000f\000o\000r\000m\000a\000t\000i\000o\000n}{chapter.1}% 3
\BOOKMARK [0][]{chapter.2}{\376\377\0002\000\040\000R\000e\000g\000r\000e\000s\000s\000i\000o\000n\000\040\000A\000n\000a\000l\000y\000s\000i\000s\000\040\000\050\000S\000L\000R\000\051}{}% 4
\BOOKMARK [1][]{section.2.1}{\376\377\0002\000.\0001\000\040\000S\000i\000m\000p\000l\000e\000\040\000L\000i\000n\000e\000a\000r\000\040\000R\000e\000g\000r\000e\000s\000s\000i\000o\000n}{chapter.2}% 5
\BOOKMARK [2][]{subsection.2.1.1}{\376\377\0002\000.\0001\000.\0001\000\040\000A\000s\000s\000u\000m\000p\000t\000i\000o\000n\000s}{section.2.1}% 6
\BOOKMARK [2][]{subsection.2.1.2}{\376\377\0002\000.\0001\000.\0002\000\040\000L\000e\000a\000s\000t\000\040\000S\000q\000u\000a\000r\000e\000s\000\040\000E\000s\000t\000i\000m\000a\000t\000i\000o\000n\000s}{section.2.1}% 7
\BOOKMARK [2][]{subsection.2.1.3}{\376\377\0002\000.\0001\000.\0003\000\040\000F\000i\000t\000t\000e\000d\000\040\000V\000a\000l\000u\000e\000s\000\040\000\046\000\040\000R\000e\000s\000i\000d\000u\000a\000l\000s}{section.2.1}% 8
\BOOKMARK [2][]{subsection.2.1.4}{\376\377\0002\000.\0001\000.\0004\000\040\000D\000e\000g\000r\000e\000e\000\040\000o\000f\000\040\000f\000r\000e\000e\000d\000o\000m}{section.2.1}% 9
\BOOKMARK [2][]{subsection.2.1.5}{\376\377\0002\000.\0001\000.\0005\000\040\000\050\000S\000a\000m\000p\000l\000e\000\051\000\040\000E\000r\000r\000o\000r\000\040\000v\000a\000r\000i\000a\000n\000c\000e}{section.2.1}% 10
\BOOKMARK [1][]{section.2.2}{\376\377\0002\000.\0002\000\040\000G\000o\000o\000d\000n\000e\000s\000s\000\040\000o\000f\000\040\000F\000i\000t\000:\000\040\000R\000-\000s\000q\000u\000a\000r\000e}{chapter.2}% 11
\BOOKMARK [2][]{subsection.2.2.1}{\376\377\0002\000.\0002\000.\0001\000\040\000T\000S\000S\000,\000\040\000R\000S\000S\000,\000\040\000F\000S\000S}{section.2.2}% 12
\BOOKMARK [2][]{subsection.2.2.2}{\376\377\0002\000.\0002\000.\0002\000\040\000C\000o\000f\000f\000i\000c\000i\000e\000n\000t\000\040\000o\000f\000\040\000D\000e\000t\000e\000r\000m\000i\000n\000a\000t\000i\000o\000n\000\050\000R\0002\000\051}{section.2.2}% 13
\BOOKMARK [1][]{section.2.3}{\376\377\0002\000.\0003\000\040\000A\000f\000f\000i\000n\000e\000\040\000T\000r\000a\000n\000s\000f\000o\000r\000m\000a\000t\000i\000o\000n\000s}{chapter.2}% 14
\BOOKMARK [2][]{subsection.2.3.1}{\376\377\0002\000.\0003\000.\0001\000\040\000=\000a\000y\000i\000+\000b}{section.2.3}% 15
\BOOKMARK [2][]{subsection.2.3.2}{\376\377\0002\000.\0003\000.\0002\000\040\000=\000a\000x\000i\000+\000b}{section.2.3}% 16
\BOOKMARK [2][]{subsection.2.3.3}{\376\377\0002\000.\0003\000.\0003\000\040\000R\000e\000g\000r\000e\000s\000s\000\040\000x\000\040\000o\000n\000\040\000y\000\040\000i\000n\000s\000t\000e\000a\000d}{section.2.3}% 17
\BOOKMARK [1][]{section.2.4}{\376\377\0002\000.\0004\000\040\000R\000e\000g\000r\000e\000s\000s\000i\000o\000n\000\040\000T\000h\000r\000o\000u\000g\000h\000\040\000t\000h\000e\000\040\000O\000r\000i\000g\000i\000n}{chapter.2}% 18
\BOOKMARK [1][]{section.2.5}{\376\377\0002\000.\0005\000\040\000L\000S\000\040\000E\000s\000t\000i\000m\000a\000t\000o\000r\000s\000\040\000P\000r\000o\000p\000e\000r\000t\000i\000e\000s}{chapter.2}% 19
\BOOKMARK [2][]{subsection.2.5.1}{\376\377\0002\000.\0005\000.\0001\000\040\000U\000n\000b\000i\000a\000s\000e\000d\000n\000e\000s\000s\000\040\000o\000f\000\040\000L\000S\000\040\000E\000s\000t\000i\000m\000a\000t\000o\000r\000s\000\040\000E\000\050\0001\000\051\000=\0001\000,\000\040\000E\000\050\0000\000\051\000=\0000}{section.2.5}% 20
\BOOKMARK [2][]{subsection.2.5.2}{\376\377\0002\000.\0005\000.\0002\000\040\000M\000e\000a\000n\000\040\000s\000q\000u\000a\000r\000e\000d\000\040\000e\000r\000r\000o\000r\000\050\000M\000S\000E\000\051\000\040\000o\000f\000\040\000L\000S\000\040\000E\000s\000t\000i\000m\000a\000t\000o\000r\000s\000\040\000=\000\040\000V\000a\000r\000\050\0001\000\051\000=\0002\000\040\0001\000S\000x\000\040\000x\000,\000\040\000V\000a\000r\000\050\0000\000\051\000=\0002\000\050\0001\000n\000+\0002\000S\000x\000\040\000x\000\051}{section.2.5}% 21
\BOOKMARK [1][]{section.2.6}{\376\377\0002\000.\0006\000\040\000N\000o\000r\000m\000a\000l\000i\000t\000y\000\040\000A\000s\000s\000u\000m\000p\000t\000i\000o\000n}{chapter.2}% 22
\BOOKMARK [1][]{section.2.7}{\376\377\0002\000.\0007\000\040\000D\000i\000s\000t\000r\000i\000b\000u\000t\000i\000o\000n\000\040\000o\000f\000\040\000L\000S\000\040\000E\000s\000t\000i\000m\000a\000t\000o\000r\000s}{chapter.2}% 23
\BOOKMARK [1][]{section.2.8}{\376\377\0002\000.\0008\000\040\000H\000y\000p\000o\000t\000h\000e\000s\000i\000s\000\040\000T\000e\000s\000t\000i\000n\000g\000\040\000\050\000T\000-\000t\000e\000s\000t\000\051}{chapter.2}% 24
\BOOKMARK [2][]{subsection.2.8.1}{\376\377\0002\000.\0008\000.\0001\000\040\000T\000e\000s\000t\000i\000n\000g\000\040\000f\000o\000r\000\040\000t\000h\000e\000\040\000S\000l\000o\000p\000e}{section.2.8}% 25
\BOOKMARK [2][]{subsection.2.8.2}{\376\377\0002\000.\0008\000.\0002\000\040\000T\000e\000s\000t\000i\000n\000g\000\040\000f\000o\000r\000\040\000t\000h\000e\000\040\000I\000n\000t\000e\000r\000c\000e\000p\000t}{section.2.8}% 26
\BOOKMARK [1][]{section.2.9}{\376\377\0002\000.\0009\000\040\000A\000N\000O\000V\000A\000\040\000T\000a\000b\000l\000e\000\040\000\046\000\040\000F\000-\000T\000e\000s\000t}{chapter.2}% 27
\BOOKMARK [2][]{subsection.2.9.1}{\376\377\0002\000.\0009\000.\0001\000\040\000D\000e\000g\000r\000e\000e\000s\000\040\000o\000f\000\040\000F\000r\000e\000e\000d\000o\000m}{section.2.9}% 28
\BOOKMARK [2][]{subsection.2.9.2}{\376\377\0002\000.\0009\000.\0002\000\040\000A\000N\000O\000V\000A\000\040\000T\000a\000b\000l\000e}{section.2.9}% 29
\BOOKMARK [2][]{subsection.2.9.3}{\376\377\0002\000.\0009\000.\0003\000\040\000F\000-\000T\000e\000s\000t\000\040\000\050\000e\000q\000u\000i\000v\000a\000l\000e\000n\000t\000\040\000t\000o\000\040\000t\000-\000t\000e\000s\000t\000\051}{section.2.9}% 30
\BOOKMARK [1][]{section.2.10}{\376\377\0002\000.\0001\0000\000\040\000E\000s\000t\000i\000m\000a\000t\000i\000o\000n\000\040\000a\000n\000d\000\040\000P\000r\000e\000d\000i\000c\000t\000i\000o\000n}{chapter.2}% 31
\BOOKMARK [2][]{subsection.2.10.1}{\376\377\0002\000.\0001\0000\000.\0001\000\040\000E\000s\000t\000i\000m\000a\000t\000i\000o\000n\000\040\000\050\000a\000l\000w\000a\000y\000s\000\040\000r\000e\000p\000o\000r\000t\000e\000d\000\040\000f\000o\000r\000\040\000a\000\040\000p\000a\000r\000a\000m\000e\000t\000e\000r\000:\000\040\0000\000+\0001\000x\000*\000=\000E\000\050\000Y\000|\000x\000*\000\051\000\051}{section.2.10}% 32
\BOOKMARK [2][]{subsection.2.10.2}{\376\377\0002\000.\0001\0000\000.\0002\000\040\000P\000r\000e\000d\000i\000c\000t\000i\000o\000n\000\040\000\050\000i\000s\000\040\000r\000e\000p\000o\000r\000t\000e\000d\000\040\000f\000o\000r\000\040\000t\000h\000e\000\040\000v\000a\000l\000u\000e\000\040\000o\000f\000\040\000a\000\040\000r\000a\000n\000d\000o\000m\000\040\000v\000a\000r\000i\000a\000b\000l\000e\000\040\000Y\000*\000\051}{section.2.10}% 33
\BOOKMARK [2][]{subsection.2.10.3}{\376\377\0002\000.\0001\0000\000.\0003\000\040\000S\000i\000m\000u\000l\000t\000a\000n\000e\000o\000u\000s\000\040\000C\000o\000n\373\001\000d\000e\000n\000c\000e}{section.2.10}% 34
\BOOKMARK [2][]{subsection.2.10.4}{\376\377\0002\000.\0001\0000\000.\0004\000\040\000C\000o\000n\373\001\000d\000e\000n\000c\000e\000\040\000B\000a\000n\000d\000\040\000\050\000L\000a\000r\000g\000e\000r\000\040\000t\000h\000a\000n\000\040\000C\000I\000\051}{section.2.10}% 35
\BOOKMARK [1][]{section.2.11}{\376\377\0002\000.\0001\0001\000\040\000M\000a\000x\000i\000m\000u\000m\000\040\000l\000i\000k\000e\000l\000i\000h\000o\000o\000d\000\040\000e\000s\000t\000i\000m\000a\000t\000o\000r\000s\000\040\000w\000i\000t\000h\000\040\000n\000o\000r\000m\000a\000l\000\040\000e\000r\000r\000o\000r\000\040\000t\000e\000r\000m\000s}{chapter.2}% 36
\BOOKMARK [0][]{chapter.3}{\376\377\0003\000\040\000M\000u\000l\000t\000i\000p\000l\000e\000\040\000L\000i\000n\000e\000a\000r\000\040\000R\000e\000g\000r\000e\000s\000s\000i\000o\000n\000\040\000\050\000M\000L\000R\000\051\000:\000\040\000B\000a\000s\000i\000c}{}% 37
\BOOKMARK [1][]{section.3.1}{\376\377\0003\000.\0001\000\040\000B\000a\000s\000i\000c}{chapter.3}% 38
\BOOKMARK [2][]{subsection.3.1.1}{\376\377\0003\000.\0001\000.\0001\000\040\000A\000s\000s\000u\000m\000p\000t\000i\000o\000n\000s\000\040\000o\000f\000\040\000e\000r\000r\000o\000r\000s}{section.3.1}% 39
\BOOKMARK [2][]{subsection.3.1.2}{\376\377\0003\000.\0001\000.\0002\000\040\000M\000a\000t\000r\000i\000x\000\040\000R\000e\000p\000r\000e\000s\000e\000n\000t\000a\000t\000i\000o\000n}{section.3.1}% 40
\BOOKMARK [1][]{section.3.2}{\376\377\0003\000.\0002\000\040\000P\000a\000r\000a\000m\000e\000t\000e\000r\000\040\000E\000s\000t\000i\000m\000a\000t\000i\000o\000n\000\040\000=\000\050\000X\000T\000\040\000X\000\051\000-\0001\000\040\000X\000T\000\040\000y}{chapter.3}% 41
\BOOKMARK [2][]{subsection.3.2.1}{\376\377\0003\000.\0002\000.\0001\000\040}{section.3.2}% 42
\BOOKMARK [1][]{section.3.3}{\376\377\0003\000.\0003\000\040}{chapter.3}% 43
\BOOKMARK [1][]{section.3.4}{\376\377\0003\000.\0004\000\040\000P\000r\000o\000p\000e\000r\000t\000i\000e\000s\000\040\000o\000f\000\040\000r\000e\000s\000i\000d\000u\000a\000l\000s}{chapter.3}% 44
\BOOKMARK [2][]{subsection.3.4.1}{\376\377\0003\000.\0004\000.\0001\000\040}{section.3.4}% 45
\BOOKMARK [2][]{subsection.3.4.2}{\376\377\0003\000.\0004\000.\0002\000\040}{section.3.4}% 46
\BOOKMARK [1][]{section.3.5}{\376\377\0003\000.\0005\000\040\000P\000r\000o\000p\000e\000r\000t\000i\000e\000s\000\040\000o\000f\000\040\000H}{chapter.3}% 47
\BOOKMARK [2][]{subsection.3.5.1}{\376\377\0003\000.\0005\000.\0001\000\040\000H\000\040\000X\000=\000X}{section.3.5}% 48
\BOOKMARK [2][]{subsection.3.5.2}{\376\377\0003\000.\0005\000.\0002\000\040\000S\000y\000m\000m\000e\000t\000r\000i\000c\000:\000\040\000H\000T\000=\000H}{section.3.5}% 49
\BOOKMARK [2][]{subsection.3.5.3}{\376\377\0003\000.\0005\000.\0003\000\040\000I\000d\000e\000m\000p\000o\000t\000e\000n\000t\000:\000\040\000H\000\040\000H\000=\000H\000\040\000H\000T\000=\000H\000\040\000H\000=\000H}{section.3.5}% 50
\BOOKMARK [2][]{subsection.3.5.4}{\376\377\0003\000.\0005\000.\0004\000\040\000H\000\050\000I\000-\000H\000\051\000=\0000}{section.3.5}% 51
\BOOKMARK [2][]{subsection.3.5.5}{\376\377\0003\000.\0005\000.\0005\000\040\000\050\000I\000-\000H\000\051\000\040\000i\000s\000\040\000a\000l\000s\000o\000\040\000s\000y\000m\000m\000e\000t\000r\000i\000c\000\040\000a\000n\000d\000\040\000i\000d\000e\000m\000p\000o\000t\000e\000n\000t}{section.3.5}% 52
\BOOKMARK [2][]{subsection.3.5.6}{\376\377\0003\000.\0005\000.\0006\000\040\000t\000r\000a\000c\000e\000\050\000H\000\051\000=\000p}{section.3.5}% 53
\BOOKMARK [1][]{section.3.6}{\376\377\0003\000.\0006\000\040\000G\000e\000o\000m\000e\000t\000r\000i\000c\000\040\000R\000e\000p\000r\000e\000s\000e\000n\000t\000a\000t\000i\000o\000n\000\040\000o\000f\000\040\000L\000S}{chapter.3}% 54
\BOOKMARK [2][]{subsection.3.6.1}{\376\377\0003\000.\0006\000.\0001\000\040\000E\000s\000t\000i\000m\000a\000t\000i\000o\000n\000\040\000S\000p\000a\000c\000e}{section.3.6}% 55
\BOOKMARK [2][]{subsection.3.6.2}{\376\377\0003\000.\0006\000.\0002\000\040\000E\000r\000r\000o\000r\000\040\000S\000p\000a\000c\000e}{section.3.6}% 56
\BOOKMARK [1][]{section.3.7}{\376\377\0003\000.\0007\000\040\000C\000o\000e\373\003\000c\000i\000e\000n\000t\000\040\000o\000f\000\040\000d\000e\000t\000e\000r\000m\000i\000n\000a\000t\000i\000o\000n\000,\000\040\000R\000-\000S\000q\000u\000a\000r\000e}{chapter.3}% 57
\BOOKMARK [1][]{section.3.8}{\376\377\0003\000.\0008\000\040\000P\000r\000o\000p\000e\000r\000t\000i\000e\000s\000\040\000o\000f\000\040\000L\000S\000\040\000E\000s\000t\000i\000m\000a\000t\000o\000r\000s}{chapter.3}% 58
\BOOKMARK [2][]{subsection.3.8.1}{\376\377\0003\000.\0008\000.\0001\000\040\000U\000n\000b\000i\000a\000s\000e\000d\000:\000\040}{section.3.8}% 59
\BOOKMARK [2][]{subsection.3.8.2}{\376\377\0003\000.\0008\000.\0002\000\040}{section.3.8}% 60
\BOOKMARK [2][]{subsection.3.8.3}{\376\377\0003\000.\0008\000.\0003\000\040}{section.3.8}% 61
\BOOKMARK [2][]{subsection.3.8.4}{\376\377\0003\000.\0008\000.\0004\000\040}{section.3.8}% 62
\BOOKMARK [2][]{subsection.3.8.5}{\376\377\0003\000.\0008\000.\0005\000\040}{section.3.8}% 63
\BOOKMARK [1][]{section.3.9}{\376\377\0003\000.\0009\000\040\000T\000h\000e\000\040\000G\000a\000u\000s\000s\000-\000M\000a\000r\000k\000o\000v\000\040\000T\000h\000e\000o\000r\000e\000m\000:\000\040\000L\000S\000\040\000e\000s\000t\000i\000m\000a\000t\000o\000r\000\040\000i\000s\000\040\000t\000h\000e\000\040\000B\000L\000U\000E\000\050\000b\000e\000s\000t\000\040\000l\000i\000n\000e\000a\000r\000\040\000u\000n\000b\000i\000a\000s\000e\000d\000\040\000e\000s\000t\000i\000m\000a\000t\000o\000r\000\051}{chapter.3}% 64
\BOOKMARK [1][]{section.3.10}{\376\377\0003\000.\0001\0000\000\040\000M\000a\000x\000i\000m\000u\000m\000\040\000L\000i\000k\000e\000l\000i\000h\000o\000o\000d\000\040\000E\000s\000t\000i\000m\000a\000t\000i\000o\000n\000,\000\040\000D\000i\000s\000t\000r\000i\000b\000u\000t\000i\000o\000n\000\040\000o\000f\000\040\000L\000S\000\040\000e\000s\000t\000i\000m\000a\000t\000e\000s}{chapter.3}% 65
\BOOKMARK [2][]{subsection.3.10.1}{\376\377\0003\000.\0001\0000\000.\0001\000\040}{section.3.10}% 66
\BOOKMARK [2][]{subsection.3.10.2}{\376\377\0003\000.\0001\0000\000.\0002\000\040\000L\000S\000\040\000e\000s\000t\000i\000m\000a\000t\000o\000r\000\040\000i\000s\000\040\000t\000h\000e\000\040\000M\000a\000x\000i\000m\000u\000m\000\040\000L\000i\000k\000e\000l\000i\000h\000o\000o\000d\000\040\000E\000s\000t\000i\000m\000a\000t\000o\000r\000\040\000\050\000M\000L\000E\000\051}{section.3.10}% 67
\BOOKMARK [2][]{subsection.3.10.3}{\376\377\0003\000.\0001\0000\000.\0003\000\040}{section.3.10}% 68
\BOOKMARK [1][]{section.3.11}{\376\377\0003\000.\0001\0001\000\040\000r\000\040\000R\000e\000s\000i\000d\000u\000a\000l\000s\040\031\000\040\000P\000r\000o\000p\000e\000r\000t\000i\000e\000s}{chapter.3}% 69
\BOOKMARK [2][]{subsection.3.11.1}{\376\377\0003\000.\0001\0001\000.\0001\000\040}{section.3.11}% 70
\BOOKMARK [2][]{subsection.3.11.2}{\376\377\0003\000.\0001\0001\000.\0002\000\040}{section.3.11}% 71
\BOOKMARK [2][]{subsection.3.11.3}{\376\377\0003\000.\0001\0001\000.\0003\000\040}{section.3.11}% 72
\BOOKMARK [1][]{section.3.12}{\376\377\0003\000.\0001\0002\000\040\000T\000e\000s\000t\000i\000n\000g\000\040\000P\000r\000e\000d\000i\000c\000t\000o\000r\000s\000\040\000\050\000C\000o\000e\373\003\000c\000i\000e\000n\000t\000s\000\051}{chapter.3}% 73
\BOOKMARK [2][]{subsection.3.12.1}{\376\377\0003\000.\0001\0002\000.\0001\000\040\000T\000e\000s\000t\000i\000n\000g\000\040\000a\000\040\000S\000i\000n\000g\000l\000e\000\040\000P\000r\000e\000d\000i\000c\000t\000o\000r\000\040\000H\0000\000:\000\040\000j\000=\0000\000:\000\040\000t\000-\000t\000e\000s\000t}{section.3.12}% 74
\BOOKMARK [2][]{subsection.3.12.2}{\376\377\0003\000.\0001\0002\000.\0002\000\040\000R\000e\000v\000i\000e\000w\000\040\000t\000h\000e\000\040\000d\000e\000g\000r\000e\000e\000\040\000o\000f\000\040\000f\000r\000e\000e\000d\000o\000m}{section.3.12}% 75
\BOOKMARK [2][]{subsection.3.12.3}{\376\377\0003\000.\0001\0002\000.\0003\000\040\000T\000e\000s\000t\000i\000n\000g\000\040\000a\000l\000l\000\040\000p\000r\000e\000d\000i\000c\000t\000o\000r\000s\000:\000\040\000F\000-\000t\000e\000s\000t}{section.3.12}% 76
\BOOKMARK [2][]{subsection.3.12.4}{\376\377\0003\000.\0001\0002\000.\0004\000\040\000P\000a\000r\000t\000i\000a\000l\000\040\000F\000-\000t\000e\000s\000t}{section.3.12}% 77
\BOOKMARK [1][]{section.3.13}{\376\377\0003\000.\0001\0003\000\040\000P\000e\000r\000m\000u\000t\000a\000t\000i\000o\000n\000\040\000T\000e\000s\000t\000s\000\040\000\050\000W\000h\000e\000n\000\040\000t\000h\000e\000\040\000n\000o\000r\000m\000a\000l\000\040\000d\000i\000s\000t\000r\000i\000b\000u\000t\000i\000o\000n\000\040\000h\000y\000p\000o\000t\000h\000e\000s\000i\000s\000\040\000d\000o\000e\000s\000n\000'\000t\000\040\000h\000o\000l\000d\000\051}{chapter.3}% 78
\BOOKMARK [2][]{subsection.3.13.1}{\376\377\0003\000.\0001\0003\000.\0001\000\040\000P\000r\000o\000c\000e\000d\000u\000r\000e}{section.3.13}% 79
\BOOKMARK [2][]{subsection.3.13.2}{\376\377\0003\000.\0001\0003\000.\0002\000\040\000C\000a\000l\000c\000u\000l\000a\000t\000i\000o\000n\000\040\000o\000f\000\040\000t\000h\000e\000\040\000p\000-\000v\000a\000l\000u\000e\000:\000\040\000M\000o\000n\000t\000e\000\040\000C\000a\000r\000l\000o\000\040\000m\000e\000t\000h\000o\000d}{section.3.13}% 80
\BOOKMARK [1][]{section.3.14}{\376\377\0003\000.\0001\0004\000\040\000C\000o\000n\000f\000i\000d\000e\000n\000c\000e\000\040\000I\000n\000t\000e\000r\000v\000a\000l\000s\000\040\000f\000o\000r\000\040\000j\000,\000\040\000C\000o\000n\000f\000i\000d\000e\000n\000c\000e\000\040\000R\000e\000g\000i\000o\000n\000\040\000f\000o\000r\000\040}{chapter.3}% 81
\BOOKMARK [2][]{subsection.3.14.1}{\376\377\0003\000.\0001\0004\000.\0001\000\040\000C\000o\000n\000f\000i\000d\000e\000n\000c\000e\000\040\000I\000n\000t\000e\000r\000v\000a\000l\000s\000\040\000f\000o\000r\000\040\000j}{section.3.14}% 82
\BOOKMARK [2][]{subsection.3.14.2}{\376\377\0003\000.\0001\0004\000.\0002\000\040\000C\000o\000n\000f\000i\000d\000e\000n\000c\000e\000\040\000R\000e\000g\000i\000o\000n\000\040\000f\000o\000r\000\040}{section.3.14}% 83
\BOOKMARK [1][]{section.3.15}{\376\377\0003\000.\0001\0005\000\040\000C\000o\000n\373\001\000d\000e\000n\000c\000e\000/\000P\000r\000e\000d\000i\000c\000t\000i\000o\000n\000\040\000I\000n\000t\000e\000r\000v\000a\000l\000s\000\040\000f\000o\000r\000\040\000N\000e\000w\000\040\000O\000b\000s\000e\000r\000v\000a\000t\000i\000o\000n\000s}{chapter.3}% 84
\BOOKMARK [2][]{subsection.3.15.1}{\376\377\0003\000.\0001\0005\000.\0001\000\040\000C\000o\000n\000f\000i\000d\000e\000n\000c\000e\000\040\000I\000n\000t\000e\000r\000v\000a\000l\000\040\000f\000o\000r\000\040\000*\000=\000\050\000x\000*\000\051\000T}{section.3.15}% 85
\BOOKMARK [2][]{subsection.3.15.2}{\376\377\0003\000.\0001\0005\000.\0002\000\040\000P\000r\000e\000d\000i\000c\000t\000i\000o\000n\000\040\000I\000n\000t\000e\000r\000v\000a\000l\000\040\000f\000o\000r\000\040\000y\000*\000=\000\050\000x\000*\000\051\000T\000+\000e\000*}{section.3.15}% 86
\BOOKMARK [2][]{subsection.3.15.3}{\376\377\0003\000.\0001\0005\000.\0003\000\040\000M\000a\000h\000a\000l\000a\000n\000o\000b\000i\000s\000\040\000d\000i\000s\000t\000a\000n\000c\000e}{section.3.15}% 87
\BOOKMARK [0][]{chapter.4}{\376\377\0004\000\040\000M\000L\000R\000:\000\040\000u\000n\000u\000s\000u\000a\000l\000\040\000o\000b\000s\000e\000r\000v\000a\000t\000i\000o\000n\000s}{}% 88
\BOOKMARK [1][]{section.4.1}{\376\377\0004\000.\0001\000\040\0001\000.\000\040\000H\000i\000g\000h\000\040\000l\000e\000v\000e\000r\000a\000g\000e\000\040\000p\000o\000i\000n\000t\000s\000:\000\040\000h\000i\0002\000p\000n}{chapter.4}% 89
\BOOKMARK [2][]{subsection.4.1.1}{\376\377\0004\000.\0001\000.\0001\000\040\000L\000e\000v\000e\000r\000a\000g\000e\000\040\000P\000o\000i\000n\000t\000s}{section.4.1}% 90
\BOOKMARK [2][]{subsection.4.1.2}{\376\377\0004\000.\0001\000.\0002\000\040\000P\000r\000o\000p\000e\000r\000t\000i\000e\000s\000\040\000o\000f\000\040\000t\000h\000e\000\040\000L\000e\000v\000e\000r\000a\000g\000e\000:\000\040\0000\000<\000h\000i\000<\0001\000,\000\040\000\040\000i\000\040\000h\000i\000=\000p}{section.4.1}% 91
\BOOKMARK [2][]{subsection.4.1.3}{\376\377\0004\000.\0001\000.\0003\000\040\000F\000i\000t\000t\000e\000d\000\040\000V\000a\000l\000u\000e\000s\000\040\000a\000n\000d\000\040\000L\000e\000v\000e\000r\000a\000g\000e\000:\000\040\000V\000a\000r\000\050\000i\000\051\000=\0002\000\040\000h\000i\000,\000\040\000V\000a\000r\000\050\000r\000i\000\051\000=\0002\000\050\0001\000-\000h\000i\000\051}{section.4.1}% 92
\BOOKMARK [2][]{subsection.4.1.4}{\376\377\0004\000.\0001\000.\0004\000\040\000H\000i\000g\000h\000-\000l\000e\000v\000e\000r\000a\000g\000e\000\040\000P\000o\000i\000n\000t\000s\000:\000\040\000h\000i\0002\000p\000n}{section.4.1}% 93
\BOOKMARK [1][]{section.4.2}{\376\377\0004\000.\0002\000\040\000R\000e\000s\000i\000d\000u\000a\000l\000s\000:\000\040\000S\000t\000a\000n\000d\000a\000r\000d\000i\000z\000e\000d\000\040\000R\000e\000s\000i\000d\000u\000a\000l\000s\000\040\000v\000s\000.\000\040\000S\000t\000u\000d\000e\000n\000t\000i\000z\000e\000d\000\040\000r\000e\000s\000i\000d\000u\000a\000l\000s}{chapter.4}% 94
\BOOKMARK [2][]{subsection.4.2.1}{\376\377\0004\000.\0002\000.\0001\000\040\000D\000i\373\000\000e\000r\000e\000n\000c\000e\000\040\000b\000e\000t\000w\000e\000e\000n\000\040\000\040\000a\000n\000d\000\040\000r}{section.4.2}% 95
\BOOKMARK [2][]{subsection.4.2.2}{\376\377\0004\000.\0002\000.\0002\000\040\000S\000t\000a\000n\000d\000a\000r\000d\000i\000z\000e\000d\000\040\000R\000e\000s\000i\000d\000u\000a\000l\000s\000:\000\040\000\040\000r\000i\000*\000=\000r\000i\000\040\0001\000-\000h\000i}{section.4.2}% 96
\BOOKMARK [2][]{subsection.4.2.3}{\376\377\0004\000.\0002\000.\0003\000\040\000S\000t\000u\000d\000e\000n\000t\000i\000z\000e\000d\000\040\000R\000e\000s\000i\000d\000u\000a\000l\000s\000:\000\040\000\040\000t\000i\000=\000r\000i\000*\000\050\000n\000-\000p\000-\0001\000n\000-\000p\000-\000r\000i\000*\000\040\0002\000\051\0001\000\040\000/\000\040\0002\000\040}{section.4.2}% 97
\BOOKMARK [1][]{section.4.3}{\376\377\0004\000.\0003\000\040\000\040\0002\000.\000\040\000O\000u\000t\000l\000i\000e\000r\000\040\000\050\000L\000a\000r\000g\000e\000\040\000|\000r\000i\000*\000|\000\051}{chapter.4}% 98
\BOOKMARK [2][]{subsection.4.3.1}{\376\377\0004\000.\0003\000.\0001\000\040\000O\000u\000t\000l\000i\000e\000r\000\040\000t\000e\000s\000t}{section.4.3}% 99
\BOOKMARK [2][]{subsection.4.3.2}{\376\377\0004\000.\0003\000.\0002\000\040\000B\000o\000n\000f\000e\000r\000r\000o\000n\000i\000\040\000C\000o\000r\000r\000e\000c\000t\000i\000o\000n}{section.4.3}% 100
\BOOKMARK [2][]{subsection.4.3.3}{\376\377\0004\000.\0003\000.\0003\000\040\000W\000h\000a\000t\000\040\000w\000e\000\040\000s\000h\000o\000u\000l\000d\000\040\000d\000o\000\040\000w\000i\000t\000h\000\040\000o\000u\000t\000l\000i\000e\000r\000s\000?}{section.4.3}% 101
\BOOKMARK [1][]{section.4.4}{\376\377\0004\000.\0004\000\040\000\040\0003\000.\000\040\000H\000i\000g\000h\000l\000y\000\040\000I\000n\373\002\000u\000e\000n\000t\000i\000a\000l\000\040\000P\000o\000i\000n\000t\000s\000:\000\040\000L\000a\000r\000g\000e\000\040\000D\000i\000=\000r\000i\000*\0002\000p\000\050\000h\000i\0001\000-\000h\000i\000\051\000\040\000\040\000\050\000D\000i\0001\000\051}{chapter.4}% 102
\BOOKMARK [2][]{subsection.4.4.1}{\376\377\0004\000.\0004\000.\0001\000\040\000I\000n\373\002\000u\000e\000n\000t\000i\000a\000l\000\040\000o\000b\000s\000e\000r\000v\000a\000t\000i\000o\000n\000s}{section.4.4}% 103
\BOOKMARK [0][]{chapter.5}{\376\377\0005\000\040\000\040\000M\000L\000R\000\040\000D\000i\000a\000g\000n\000o\000s\000t\000i\000c\000s\000:\000\040\000C\000h\000e\000c\000k\000i\000n\000g\000\040\000A\000s\000s\000u\000m\000p\000t\000i\000o\000n\000s}{}% 104
\BOOKMARK [1][]{section.5.1}{\376\377\0005\000.\0001\000\040\000C\000l\000a\000s\000s\000i\000c\000a\000l\000\040\000L\000i\000n\000e\000a\000r\000\040\000M\000o\000d\000e\000l\000\040\000\050\000C\000L\000M\000\051\000\040\000a\000s\000s\000u\000m\000p\000t\000i\000o\000n\000:\000\040\000G\000a\000u\000s\000s\000-\000M\000a\000r\000k\000o\000v\000\040\000A\000s\000s\000i\000m\000p\000t\000i\000o\000n\000\040\000+\000\040\000I\000I\000D\000\040\000N\000\050\0000\000,\0002\000\051}{chapter.5}% 105
\BOOKMARK [1][]{section.5.2}{\376\377\0005\000.\0002\000\040\000C\000h\000e\000c\000k\000\040\0001\000.\000\040\000C\000o\000n\000s\000t\000a\000n\000c\000y\000\040\000o\000f\000\040\000V\000a\000r\000i\000a\000n\000c\000e\000\050\000H\000o\000m\000o\000s\000c\000e\000d\000a\000s\000t\000i\000c\000i\000t\000y\000\051}{chapter.5}% 106
\BOOKMARK [2][]{subsection.5.2.1}{\376\377\0005\000.\0002\000.\0001\000\040\000M\000e\000t\000h\000o\000d\000\040\0001\000:\000\040\000g\000r\000a\000p\000h\000\040\000r\000e\000s\000i\000d\000u\000a\000l\000s\000\040\000a\000g\000a\000i\000n\000s\000t\000\040\000F\000i\000t\000t\000e\000d\000\040\000V\000a\000l\000u\000e\000s\000\040}{section.5.2}% 107
\BOOKMARK [2][]{subsection.5.2.2}{\376\377\0005\000.\0002\000.\0002\000\040\000M\000e\000t\000h\000o\000d\000\040\0002\000:\000\040\000B\000r\000e\000u\000s\000c\000h\000-\000P\000a\000g\000a\000n\000\040\000T\000e\000s\000t}{section.5.2}% 108
\BOOKMARK [2][]{subsection.5.2.3}{\376\377\0005\000.\0002\000.\0003\000\040\000W\000h\000a\000t\000\040\000h\000a\000p\000p\000e\000n\000\040\000i\000f\000\040\000H\000e\000t\000e\000r\000o\000s\000c\000e\000d\000a\000s\000t\000i\000c\000i\000t\000y}{section.5.2}% 109
\BOOKMARK [2][]{subsection.5.2.4}{\376\377\0005\000.\0002\000.\0004\000\040\000W\000h\000a\000t\000\040\000c\000a\000n\000\040\000w\000e\000\040\000d\000o\000\040\000i\000f\000\040\000H\000e\000t\000e\000r\000o\000s\000c\000e\000d\000a\000s\000t\000i\000c\000i\000t\000y}{section.5.2}% 110
\BOOKMARK [2][]{subsection.5.2.5}{\376\377\0005\000.\0002\000.\0005\000\040\000R\000e\000m\000e\000d\000i\000a\000l\000\040\000m\000e\000a\000s\000u\000r\000e\000:\000\040\000V\000a\000r\000i\000a\000n\000c\000e\000\040\000S\000t\000a\000b\000i\000l\000i\000z\000i\000n\000g\000\040\000T\000r\000a\000n\000s\000f\000o\000r\000m\000a\000t\000i\000o\000n\000s\000\040\000Y\000,\000\040\000Y\000,\000\040\0001\000Y\000\040\000o\000r\000\040\0001\000Y\000+\0001}{section.5.2}% 111
\BOOKMARK [1][]{section.5.3}{\376\377\0005\000.\0003\000\040\000C\000h\000e\000c\000k\000\040\0002\000.\000\040\000N\000o\000r\000m\000a\000l\000i\000t\000y}{chapter.5}% 112
\BOOKMARK [2][]{subsection.5.3.1}{\376\377\0005\000.\0003\000.\0001\000\040\000M\000e\000t\000h\000o\000d\000\040\0001\000:\000\040\000H\000i\000s\000t\000o\000g\000r\000a\000m\000,\000\040\000g\000r\000a\000p\000h\000\040\000r\000e\000s\000i\000d\000u\000a\000l\000s\000\040\000a\000g\000a\000i\000n\000s\000t\000\040\000i\000t\000s\000\040\000f\000r\000e\000q\000u\000e\000n\000c\000y}{section.5.3}% 113
\BOOKMARK [2][]{subsection.5.3.2}{\376\377\0005\000.\0003\000.\0002\000\040\000M\000e\000t\000h\000o\000d\000\040\0002\000:\000\040\000Q\000Q\000-\000P\000l\000o\000t\000,\000\040\000g\000r\000a\000p\000h\000\040\000r\000e\000s\000i\000d\000u\000a\000l\000s\000\040\000a\000g\000a\000i\000n\000s\000t\000\040\000i\000t\000s\000\040\000f\000r\000e\000q\000u\000e\000n\000c\000y}{section.5.3}% 114
\BOOKMARK [2][]{subsection.5.3.3}{\376\377\0005\000.\0003\000.\0003\000\040\000M\000e\000t\000h\000o\000d\000\040\0003\000:\000\040\000S\000h\000a\000p\000i\000r\000o\000-\000W\000i\000l\000k\000\040\000T\000e\000s\000t\000\040\000\050\000g\000o\000o\000d\000\040\000f\000o\000r\000\040\000n\000\040\0005\0000\000\051}{section.5.3}% 115
\BOOKMARK [2][]{subsection.5.3.4}{\376\377\0005\000.\0003\000.\0004\000\040\000M\000e\000t\000h\000o\000d\000\040\0004\000:\000\040\000K\000o\000l\000m\000o\000g\000o\000r\000o\000v\000-\000S\000m\000i\000r\000n\000o\000v\000\040\000T\000e\000s\000t\000\040\000\050\000g\000o\000o\000d\000\040\000f\000o\000r\000\040\000n\000\040\000>\000\040\0005\0000\000\051}{section.5.3}% 116
\BOOKMARK [2][]{subsection.5.3.5}{\376\377\0005\000.\0003\000.\0005\000\040\000R\000e\000m\000e\000d\000i\000a\000l\000\040\000m\000e\000a\000s\000u\000r\000e\000:\000\040\000B\000o\000x\000-\000C\000o\000x\000\040\000T\000r\000a\000n\000s\000f\000o\000r\000m\000a\000t\000i\000o\000n\000s\000\040\000o\000f\000\040\000Y}{section.5.3}% 117
\BOOKMARK [1][]{section.5.4}{\376\377\0005\000.\0004\000\040\000\040\000C\000h\000e\000c\000k\000i\000n\000g\000\040\0003\000.\000\040\000S\000e\000r\000i\000a\000l\000\040\000D\000e\000p\000e\000n\000d\000e\000n\000c\000e}{chapter.5}% 118
\BOOKMARK [2][]{subsection.5.4.1}{\376\377\0005\000.\0004\000.\0001\000\040\000M\000e\000t\000h\000o\000d\000\040\0001\000:\000\040\000g\000r\000a\000p\000h\000\040\000r\000e\000s\000i\000d\000u\000a\000l\000s\000\040\000a\000g\000a\000i\000n\000s\000t\000\040\000i\000n\000d\000e\000x\000\040\000v\000a\000r\000i\000a\000b\000l\000e\000\050\000t\000i\000m\000e\000\040\000o\000r\000\040\000c\000a\000s\000e\000\040\000n\000u\000m\000b\000e\000r\000\051}{section.5.4}% 119
\BOOKMARK [2][]{subsection.5.4.2}{\376\377\0005\000.\0004\000.\0002\000\040\000M\000e\000t\000h\000o\000d\000\040\0002\000:\000\040\000D\000u\000r\000b\000i\000n\000\040\000W\000a\000t\000s\000o\000n\000\040\000t\000e\000s\000t}{section.5.4}% 120
\BOOKMARK [1][]{section.5.5}{\376\377\0005\000.\0005\000\040\000\040\000C\000h\000e\000c\000k\000i\000n\000g\000\040\0004\000.\000\040\000N\000o\000n\000-\000L\000i\000n\000e\000a\000r\000i\000t\000y}{chapter.5}% 121
\BOOKMARK [2][]{subsection.5.5.1}{\376\377\0005\000.\0005\000.\0001\000\040\000M\000e\000t\000h\000o\000d\000\040\0001\000:\000\040\000P\000a\000r\000t\000i\000a\000l\000\040\000R\000e\000g\000r\000e\000s\000s\000i\000o\000n\000\040\000P\000l\000o\000t\000s}{section.5.5}% 122
\BOOKMARK [2][]{subsection.5.5.2}{\376\377\0005\000.\0005\000.\0002\000\040\000R\000e\000m\000e\000d\000i\000a\000l\000\040\000m\000e\000a\000s\000u\000r\000e\000:\000\040\000L\000i\000n\000e\000a\000r\000i\000z\000i\000n\000g\000\040\000T\000r\000a\000n\000s\000f\000o\000r\000m\000a\000t\000i\000o\000n\000s}{section.5.5}% 123
\BOOKMARK [2][]{subsection.5.5.3}{\376\377\0005\000.\0005\000.\0003\000\040\000R\000e\000m\000e\000d\000i\000a\000l\000\040\000m\000e\000a\000s\000u\000r\000e\000:\000\040\000B\000o\000x\000-\000C\000o\000x\000\040\000T\000r\000a\000n\000s\000f\000o\000r\000m\000a\000t\000i\000o\000n\000s\000\040\000o\000f\000\040\000Y\000\040\000a\000l\000s\000o\000\040\000w\000o\000r\000k\000s}{section.5.5}% 124
\BOOKMARK [0][]{chapter.6}{\376\377\0006\000\040\000\040\000M\000L\000R\000\040\000D\000i\000a\000g\000n\000o\000s\000t\000i\000c\000s\000:\000\040\000C\000o\000l\000l\000i\000n\000e\000a\000r\000i\000t\000y}{}% 125
\BOOKMARK [1][]{section.6.1}{\376\377\0006\000.\0001\000\040\000E\000x\000a\000c\000t\000\040\000C\000o\000l\000l\000i\000n\000e\000a\000r\000i\000t\000y\000/\000\040\000l\000i\000n\000e\000a\000r\000l\000y\000\040\000d\000e\000p\000e\000n\000d\000e\000n\000t}{chapter.6}% 126
\BOOKMARK [1][]{section.6.2}{\376\377\0006\000.\0002\000\040\000W\000h\000a\000t\000\040\000h\000a\000p\000p\000e\000n\000s\000\040\000i\000f\000\040\000e\000x\000a\000c\000t\000\040\000c\000o\000l\000l\000i\000n\000e\000a\000r\000i\000t\000y}{chapter.6}% 127
\BOOKMARK [1][]{section.6.3}{\376\377\0006\000.\0003\000\040\000A\000p\000p\000r\000o\000x\000i\000m\000a\000t\000e\000\040\000C\000o\000l\000l\000i\000n\000e\000a\000r\000i\000t\000y}{chapter.6}% 128
\BOOKMARK [1][]{section.6.4}{\376\377\0006\000.\0004\000\040\000W\000h\000a\000t\000\040\000h\000a\000p\000p\000e\000n\000s\000\040\000i\000f\000\040\000a\000p\000p\000r\000o\000x\000i\000m\000a\000t\000e\000\040\000c\000o\000l\000l\000i\000n\000e\000a\000r\000i\000t\000y\000:\000\040\000b\000a\000s\000e\000d\000\040\000o\000n\000\040\000\050\0001\0001\000-\000R\000k\0002\000\051\000\040\000\050\000k\000-\000t\000h\000\040\000v\000a\000r\000i\000a\000n\000c\000e\000\040\000i\000n\373\002\000a\000t\000i\000o\000n\000\040\000f\000a\000c\000t\000o\000r\000\040\000\050\000V\000I\000F\000\051\000,\000\040\000V\000I\000F\000>\0001\0000\000\051}{chapter.6}% 129
\BOOKMARK [1][]{section.6.5}{\376\377\0006\000.\0005\000\040\000P\000o\000s\000s\000i\000b\000l\000e\000\040\000s\000y\000m\000p\000t\000o\000m\000s\000\040\000o\000f\000\040\000c\000o\000l\000l\000i\000n\000e\000a\000r\000i\000t\000y}{chapter.6}% 130
\BOOKMARK [1][]{section.6.6}{\376\377\0006\000.\0006\000\040\000G\000l\000o\000b\000a\000l\000\040\000M\000e\000a\000s\000u\000r\000e\000\040\000o\000f\000\040\000C\000o\000l\000l\000i\000n\000e\000a\000r\000i\000t\000y\000:\000\040\000c\000o\000n\000d\000i\000t\000i\000o\000n\000\040\000n\000u\000m\000b\000e\000r\000\040\000o\000f\000\040\000X\000T\000\040\000X}{chapter.6}% 131
\BOOKMARK [1][]{section.6.7}{\376\377\0006\000.\0007\000\040\000W\000h\000a\000t\000\040\000t\000o\000\040\000d\000o\000\040\000w\000i\000t\000h\000\040\000c\000o\000l\000l\000i\000n\000e\000a\000r\000i\000t\000y}{chapter.6}% 132
\BOOKMARK [0][]{chapter.7}{\376\377\0007\000\040\000G\000e\000n\000e\000r\000a\000l\000i\000z\000e\000d\000\040\000L\000e\000a\000s\000t\000\040\000S\000q\000u\000a\000r\000e\000s\000\040\000\050\000G\000L\000S\000\051}{}% 133
\BOOKMARK [1][]{section.7.1}{\376\377\0007\000.\0001\000\040\000G\000L\000S\000,\000\040\000\040\000k\000n\000o\000w\000n\000\040\000\050\000=\000\050\000X\000\040\000-\0001\000\040\000X\000\051\000-\0001\000\040\000X\000\040\000-\0001\000\040\000y\000,\000\040\000R\000S\000S\000=\000\050\000y\000-\000X\000\040\000\051\000\040\000-\0001\000\050\000y\000-\000X\000\040\000\051\000\051}{chapter.7}% 134
\BOOKMARK [2][]{subsection.7.1.1}{\376\377\0007\000.\0001\000.\0001\000\040\000M\000e\000t\000h\000o\000d\000\040\0001\000:\000\040\000T\000r\000a\000n\000s\000f\000o\000r\000m\000\040\000b\000a\000c\000k\000\040\000t\000o\000\040\000O\000L\000S}{section.7.1}% 135
\BOOKMARK [2][]{subsection.7.1.2}{\376\377\0007\000.\0001\000.\0002\000\040\000W\000e\000i\000g\000h\000t\000e\000d\000\040\000L\000e\000a\000s\000t\000\040\000S\000q\000u\000a\000r\000e\000s\000\040\000\050\000W\000L\000S\000\051}{section.7.1}% 136
\BOOKMARK [2][]{subsection.7.1.3}{\376\377\0007\000.\0001\000.\0003\000\040\000W\000L\000S\000\040\000s\000p\000e\000c\000i\000a\000l\000\040\000e\000x\000a\000m\000p\000l\000e\000\040\000:\000\040\000R\000e\000p\000l\000i\000c\000a\000t\000e\000d\000\040\000O\000b\000s\000e\000r\000v\000a\000t\000i\000o\000n\000s}{section.7.1}% 137
\BOOKMARK [2][]{subsection.7.1.4}{\376\377\0007\000.\0001\000.\0004\000\040\000M\000e\000t\000h\000o\000d\000\040\0002\000:\000\040\000L\000i\000k\000e\000l\000i\000h\000o\000o\000d\000\040\000E\000s\000t\000i\000m\000a\000t\000i\000o\000n}{section.7.1}% 138
\BOOKMARK [1][]{section.7.2}{\376\377\0007\000.\0002\000\040\000G\000L\000S\000,\000\040\000\040\000u\000n\000k\000n\000o\000w\000n}{chapter.7}% 139
\BOOKMARK [2][]{subsection.7.2.1}{\376\377\0007\000.\0002\000.\0001\000\040\000M\000e\000t\000h\000o\000d\000\040\0001\000:\000\040\000E\000s\000t\000i\000m\000a\000t\000i\000o\000n\000\040\000o\000f\000\040\000V\000a\000r\000i\000a\000n\000c\000e\000\040\000\050\000r\000i\0002\000\051\000/\000S\000t\000a\000n\000d\000a\000r\000d\000\040\000D\000e\000v\000i\000a\000t\000i\000o\000n\000\040\000F\000u\000n\000c\000t\000i\000o\000n\000\040\000\050\000|\000r\000i\000|\000\051}{section.7.2}% 140
\BOOKMARK [2][]{subsection.7.2.2}{\376\377\0007\000.\0002\000.\0002\000\040\000M\000e\000t\000h\000o\000d\000\040\0002\000:\000\040\000i\000t\000e\000r\000a\000t\000i\000v\000e\000\040\000a\000p\000p\000r\000o\000a\000c\000h}{section.7.2}% 141
\BOOKMARK [0][]{chapter.8}{\376\377\0008\000\040\000\040\000G\000L\000S\000\040\000D\000i\000a\000g\000n\000o\000s\000t\000i\000c\000s\000:\000\040\000L\000a\000c\000k\000\040\000o\000f\000\040\000F\000i\000t\000\040\000T\000e\000s\000t\000s}{}% 142
\BOOKMARK [1][]{section.8.1}{\376\377\0008\000.\0001\000\040\000G\000a\000u\000s\000s\000i\000a\000n\000\040\000A\000s\000s\000u\000m\000p\000t\000i\000o\000n}{chapter.8}% 143
\BOOKMARK [1][]{section.8.2}{\376\377\0008\000.\0002\000\040\000W\000h\000e\000n\000\040\0002\000\040\000i\000s\000\040\000k\000n\000o\000w\000n}{chapter.8}% 144
\BOOKMARK [1][]{section.8.3}{\376\377\0008\000.\0003\000\040\000W\000h\000e\000n\000\040\0002\000\040\000i\000s\000\040\000u\000n\000k\000n\000o\000w\000n}{chapter.8}% 145
\BOOKMARK [2][]{subsection.8.3.1}{\376\377\0008\000.\0003\000.\0001\000\040\000H\000y\000p\000o\000t\000h\000e\000s\000i\000s}{section.8.3}% 146
\BOOKMARK [2][]{subsection.8.3.2}{\376\377\0008\000.\0003\000.\0002\000\040\000U\000n\000d\000e\000r\000\040\000t\000h\000e\000\040\000n\000u\000l\000l\000\040\000h\000y\000p\000o\000t\000h\000e\000s\000i\000s\000\040\000H\0000}{section.8.3}% 147
\BOOKMARK [2][]{subsection.8.3.3}{\376\377\0008\000.\0003\000.\0003\000\040\000U\000n\000d\000e\000r\000\040\000t\000h\000e\000\040\000a\000l\000t\000e\000r\000n\000a\000t\000i\000v\000e\000\040\000b\000i\000g\000-\000m\000o\000d\000e\000l\000\040\000h\000y\000p\000o\000t\000h\000e\000s\000i\000s\000\040\000H\000\040\000:}{section.8.3}% 148
\BOOKMARK [2][]{subsection.8.3.4}{\376\377\0008\000.\0003\000.\0004\000\040\000F\000-\000T\000e\000s\000t}{section.8.3}% 149
\BOOKMARK [0][]{chapter.9}{\376\377\0009\000\040\000P\000o\000l\000y\000n\000o\000m\000i\000a\000l\000s\000\040\000R\000e\000g\000r\000e\000s\000s\000i\000o\000n}{}% 150
\BOOKMARK [1][]{section.9.1}{\376\377\0009\000.\0001\000\040\000B\000a\000s\000i\000c\000\040\000F\000u\000n\000c\000t\000i\000o\000n}{chapter.9}% 151
\BOOKMARK [1][]{section.9.2}{\376\377\0009\000.\0002\000\040\000C\000h\000o\000o\000s\000e\000\040\000O\000r\000d\000e\000r\000\040\000d}{chapter.9}% 152
\BOOKMARK [1][]{section.9.3}{\376\377\0009\000.\0003\000\040\000O\000r\000t\000h\000o\000g\000o\000n\000a\000l\000\040\000P\000o\000l\000y\000n\000o\000m\000i\000a\000l\000s}{chapter.9}% 153
\BOOKMARK [1][]{section.9.4}{\376\377\0009\000.\0004\000\040\000P\000i\000e\000c\000e\000-\000w\000i\000s\000e\000\040\000P\000o\000l\000y\000n\000o\000m\000i\000a\000l\000s}{chapter.9}% 154
\BOOKMARK [1][]{section.9.5}{\376\377\0009\000.\0005\000\040\000C\000u\000b\000i\000c\000\040\000S\000p\000l\000i\000n\000e\000s}{chapter.9}% 155
\BOOKMARK [2][]{subsection.9.5.1}{\376\377\0009\000.\0005\000.\0001\000\040\000W\000h\000y\000\040\000S\000p\000l\000i\000n\000e}{section.9.5}% 156
\BOOKMARK [2][]{subsection.9.5.2}{\376\377\0009\000.\0005\000.\0002\000\040\000S\000e\000t\000t\000i\000n\000g\000s}{section.9.5}% 157
\BOOKMARK [2][]{subsection.9.5.3}{\376\377\0009\000.\0005\000.\0003\000\040\000N\000u\000m\000b\000e\000r\000\040\000o\000f\000\040\000f\000r\000e\000e\000\040\000p\000a\000r\000a\000m\000e\000t\000e\000r\000s\000:\000\040\000m\000+\0004}{section.9.5}% 158
\BOOKMARK [2][]{subsection.9.5.4}{\376\377\0009\000.\0005\000.\0004\000\040\000P\000r\000o\000p\000e\000r\000t\000i\000e\000s\000:\000\040\000l\000i\000n\000e\000a\000r\000\040\000c\000o\000m\000b\000i\000n\000a\000t\000i\000o\000n\000\040\000a\000l\000s\000o\000\040\000c\000u\000b\000i\000c\000\040\000s\000p\000l\000i\000n\000e}{section.9.5}% 159
\BOOKMARK [2][]{subsection.9.5.5}{\376\377\0009\000.\0005\000.\0005\000\040\000C\000u\000b\000i\000c\000\040\000S\000p\000l\000i\000n\000e\000s\000\040\000B\000a\000s\000i\000s}{section.9.5}% 160
\BOOKMARK [1][]{section.9.6}{\376\377\0009\000.\0006\000\040\000N\000a\000t\000u\000r\000a\000l\000\040\000C\000u\000b\000i\000c\000\040\000S\000p\000l\000i\000n\000e\000s\000\040\000\050\000N\000C\000S\000\051}{chapter.9}% 161
\BOOKMARK [2][]{subsection.9.6.1}{\376\377\0009\000.\0006\000.\0001\000\040\000D\000e\000g\000r\000e\000e\000\040\000o\000f\000\040\000F\000r\000e\000e\000d\000o\000m\000\040\000\050\000N\000u\000m\000b\000e\000r\000\040\000o\000f\000\040\000f\000r\000e\000e\000\040\000p\000a\000r\000a\000m\000e\000t\000e\000r\000s\000\051\000:\000\040\000m}{section.9.6}% 162
\BOOKMARK [2][]{subsection.9.6.2}{\376\377\0009\000.\0006\000.\0002\000\040\000N\000C\000S\000\040\000B\000a\000s\000i\000s}{section.9.6}% 163
\BOOKMARK [2][]{subsection.9.6.3}{\376\377\0009\000.\0006\000.\0003\000\040\000N\000o\000t\000e\000:\000\040\000W\000a\000s\000t\000e\000\040\000o\000f\000\040\000D\000a\000t\000a\000\040\000p\000o\000i\000n\000t\000s}{section.9.6}% 164
\BOOKMARK [1][]{section.9.7}{\376\377\0009\000.\0007\000\040\000R\000e\000g\000r\000e\000s\000s\000i\000o\000n\000\040\000S\000p\000l\000i\000n\000e\000s}{chapter.9}% 165
\BOOKMARK [1][]{section.9.8}{\376\377\0009\000.\0008\000\040\000K\000-\000F\000o\000l\000d\000\040\000C\000r\000o\000s\000s\000-\000V\000a\000l\000i\000d\000a\000t\000i\000o\000n}{chapter.9}% 166
\BOOKMARK [0][]{chapter.10}{\376\377\0001\0000\000\040\000A\000N\000a\000l\000y\000s\000i\000s\000\040\000o\000f\000\040\000C\000O\000V\000A\000r\000i\000a\000n\000c\000e\000\040\000\050\000A\000N\000O\000V\000A\000\051\000:\000\040\000B\000a\000s\000i\000c}{}% 167
\BOOKMARK [1][]{section.10.1}{\376\377\0001\0000\000.\0001\000\040\000T\000w\000o\000\040\000l\000e\000v\000e\000l\000\040\000e\000x\000a\000m\000p\000l\000e}{chapter.10}% 168
\BOOKMARK [1][]{section.10.2}{\376\377\0001\0000\000.\0002\000\040\000T\000w\000o\000-\000l\000e\000v\000e\000l\000\040\000T\000e\000s\000t\000:\000\040\000t\000-\000t\000e\000s\000t}{chapter.10}% 169
\BOOKMARK [1][]{section.10.3}{\376\377\0001\0000\000.\0003\000\040\000M\000u\000l\000t\000i\000-\000l\000e\000v\000e\000l\000\040\000e\000x\000a\000m\000p\000l\000e}{chapter.10}% 170
\BOOKMARK [1][]{section.10.4}{\376\377\0001\0000\000.\0004\000\040\000M\000u\000l\000t\000i\000-\000l\000e\000v\000e\000l\000\040\000T\000e\000s\000t\000:\000\040\000F\000-\000t\000e\000s\000t}{chapter.10}% 171
\BOOKMARK [0][]{chapter.11}{\376\377\0001\0001\000\040\000\040\000M\000o\000d\000e\000l\000\040\000A\000d\000j\000u\000s\000t\000m\000e\000n\000t\000:\000\040\000V\000a\000r\000i\000a\000b\000l\000e\000\040\000S\000e\000l\000e\000c\000t\000i\000o\000n}{}% 172
\BOOKMARK [1][]{section.11.1}{\376\377\0001\0001\000.\0001\000\040\000\040\000T\000r\000a\000i\000n\000i\000n\000g\000\040\000a\000n\000d\000\040\000T\000e\000s\000t\000\040\000E\000r\000r\000o\000r\000s}{chapter.11}% 173
\BOOKMARK [1][]{section.11.2}{\376\377\0001\0001\000.\0002\000\040\000M\000o\000d\000e\000l\000\040\000s\000e\000l\000e\000c\000t\000i\000o\000n\000\040\000p\000r\000o\000c\000e\000d\000u\000r\000e\000s}{chapter.11}% 174
\BOOKMARK [2][]{subsection.11.2.1}{\376\377\0001\0001\000.\0002\000.\0001\000\040\000T\000e\000s\000t\000i\000n\000g\000-\000b\000a\000s\000e\000d\000\040\000p\000r\000o\000c\000e\000d\000u\000r\000e\000s}{section.11.2}% 175
\BOOKMARK [2][]{subsection.11.2.2}{\376\377\0001\0001\000.\0002\000.\0002\000\040\000C\000r\000i\000t\000e\000r\000i\000o\000n\000-\000b\000a\000s\000e\000d\000\040\000p\000r\000o\000c\000e\000d\000u\000r\000e\000s}{section.11.2}% 176
\BOOKMARK [0][]{chapter.12}{\376\377\0001\0002\000\040\000\040\000M\000o\000d\000e\000l\000\040\000A\000d\000j\000u\000s\000t\000m\000e\000n\000t\000:\000\040\000S\000h\000r\000i\000n\000k\000a\000g\000e\000\040\000M\000e\000t\000h\000o\000d\000s}{}% 177
\BOOKMARK [1][]{section.12.1}{\376\377\0001\0002\000.\0001\000\040\000\040\000P\000r\000i\000n\000c\000i\000p\000a\000l\000\040\000C\000o\000m\000p\000o\000n\000e\000n\000t\000s\000\040\000R\000e\000g\000r\000e\000s\000s\000i\000o\000n\000\040\000\050\000P\000C\000R\000\051}{chapter.12}% 178
\BOOKMARK [2][]{subsection.12.1.1}{\376\377\0001\0002\000.\0001\000.\0001\000\040\000\040\000P\000r\000i\000n\000c\000i\000p\000a\000l\000\040\000C\000o\000m\000p\000o\000n\000e\000n\000t\000\040\000A\000n\000a\000l\000y\000s\000i\000s\000\040\000\050\000P\000C\000A\000\051}{section.12.1}% 179
\BOOKMARK [2][]{subsection.12.1.2}{\376\377\0001\0002\000.\0001\000.\0002\000\040\000A\000f\000t\000e\000r\000\040\000P\000C\000A}{section.12.1}% 180
\BOOKMARK [2][]{subsection.12.1.3}{\376\377\0001\0002\000.\0001\000.\0003\000\040\000U\000s\000e\000\040\000H\000o\000w\000\040\000m\000a\000n\000y\000\040\000P\000r\000i\000n\000c\000i\000p\000a\000l\000\040\000C\000o\000m\000p\000o\000n\000e\000n\000t\000s\000?}{section.12.1}% 181
\BOOKMARK [1][]{section.12.2}{\376\377\0001\0002\000.\0002\000\040\000R\000i\000d\000g\000e\000\040\000R\000e\000g\000r\000e\000s\000s\000i\000o\000n}{chapter.12}% 182
\BOOKMARK [1][]{section.12.3}{\376\377\0001\0002\000.\0003\000\040\000L\000a\000s\000s\000o\000\040\000R\000e\000g\000r\000e\000s\000s\000i\000o\000n}{chapter.12}% 183
\BOOKMARK [1][]{section.12.4}{\376\377\0001\0002\000.\0004\000\040\000C\000o\000m\000p\000a\000r\000i\000n\000g\000\040\000R\000i\000d\000g\000e\000\040\000R\000e\000g\000r\000e\000s\000s\000i\000o\000n\000\040\000a\000n\000d\000\040\000L\000a\000s\000s\000o}{chapter.12}% 184
\BOOKMARK [0][]{chapter.13}{\376\377\0001\0003\000\040\000A\000N\000O\000V\000A\000:\000\040\000C\000o\000m\000p\000a\000r\000a\000t\000i\000v\000e\000\040\000E\000x\000p\000e\000r\000i\000m\000e\000n\000t\000s}{}% 185
\BOOKMARK [1][]{section.13.1}{\376\377\0001\0003\000.\0001\000\040\000T\000e\000r\000m\000i\000n\000o\000l\000o\000g\000y}{chapter.13}% 186
\BOOKMARK [1][]{section.13.2}{\376\377\0001\0003\000.\0002\000\040\000D\000a\000t\000a}{chapter.13}% 187
\BOOKMARK [1][]{section.13.3}{\376\377\0001\0003\000.\0003\000\040\000A\000N\000O\000V\000A\000\040\000M\000o\000d\000e\000l}{chapter.13}% 188
\BOOKMARK [2][]{subsection.13.3.1}{\376\377\0001\0003\000.\0003\000.\0001\000\040\000A\000N\000O\000V\000A\000\040\000M\000e\000a\000n\000s\000\040\000M\000o\000d\000e\000l\000\040\000\050\000C\000e\000l\000l\000\040\000M\000e\000a\000n\000s\000\040\000M\000o\000d\000e\000l\000\051}{section.13.3}% 189
\BOOKMARK [2][]{subsection.13.3.2}{\376\377\0001\0003\000.\0003\000.\0002\000\040\000F\000a\000c\000t\000o\000r\000\040\000E\000f\000f\000e\000c\000t\000s\000\040\000M\000o\000d\000e\000l}{section.13.3}% 190
\BOOKMARK [1][]{section.13.4}{\376\377\0001\0003\000.\0004\000\040\000M\000o\000d\000e\000l\000\040\000P\000r\000o\000p\000e\000r\000t\000i\000e\000s}{chapter.13}% 191
\BOOKMARK [1][]{section.13.5}{\376\377\0001\0003\000.\0005\000\040\000M\000o\000d\000e\000l\000\040\000E\000s\000t\000i\000m\000a\000t\000i\000o\000n}{chapter.13}% 192
\BOOKMARK [1][]{section.13.6}{\376\377\0001\0003\000.\0006\000\040\000F\000-\000t\000e\000s\000t}{chapter.13}% 193
\BOOKMARK [1][]{section.13.7}{\376\377\0001\0003\000.\0007\000\040\000D\000i\000a\000g\000n\000o\000s\000t\000i\000c\000s\000\040\000f\000o\000r\000\040\000A\000N\000O\000V\000A\000\040\000M\000o\000d\000e\000l\000s}{chapter.13}% 194
\BOOKMARK [1][]{section.13.8}{\376\377\0001\0003\000.\0008\000\040\000I\000n\000f\000e\000r\000e\000n\000c\000e\000\040\000f\000o\000r\000\040\000F\000a\000c\000t\000o\000r\000\040\000L\000e\000v\000e\000l\000\040\000M\000e\000a\000n\000s\000\040\000\050\000f\000u\000n\000c\000t\000i\000o\000n\000\040\000a\000b\000o\000u\000t\000\040\000t\000h\000e\000\040\000i\000s\000\051}{chapter.13}% 195
\BOOKMARK [2][]{subsection.13.8.1}{\376\377\0001\0003\000.\0008\000.\0001\000\040\000A\000\040\000s\000i\000n\000g\000l\000e\000\040\000f\000a\000c\000t\000o\000r\000\040\000l\000e\000v\000e\000l\000\040\000m\000e\000a\000n}{section.13.8}% 196
\BOOKMARK [2][]{subsection.13.8.2}{\376\377\0001\0003\000.\0008\000.\0002\000\040\000A\000\040\000d\000i\000f\000f\000e\000r\000e\000n\000c\000e\000\040\000b\000e\000t\000w\000e\000e\000n\000\040\000t\000w\000o\000\040\000f\000a\000c\000t\000o\000r\000\040\000l\000e\000v\000e\000l\000\040\000m\000e\000a\000n\000s}{section.13.8}% 197
\BOOKMARK [2][]{subsection.13.8.3}{\376\377\0001\0003\000.\0008\000.\0003\000\040\000A\000\040\000c\000o\000n\000t\000r\000a\000s\000t\000\040\000a\000m\000o\000n\000g\000\040\000f\000a\000c\000t\000o\000r\000\040\000l\000e\000v\000e\000l\000\040\000m\000e\000a\000n\000s}{section.13.8}% 198
\BOOKMARK [2][]{subsection.13.8.4}{\376\377\0001\0003\000.\0008\000.\0004\000\040\000A\000\040\000l\000i\000n\000e\000a\000r\000\040\000c\000o\000m\000b\000i\000n\000a\000t\000i\000o\000n\000\040\000o\000f\000\040\000f\000a\000c\000t\000o\000r\000\040\000l\000e\000v\000e\000l\000\040\000m\000e\000a\000n\000s}{section.13.8}% 199
\BOOKMARK [1][]{section.13.9}{\376\377\0001\0003\000.\0009\000\040\000L\000i\000m\000i\000t\000a\000t\000i\000o\000n\000s\000\040\000o\000f\000\040\000I\000n\000f\000e\000r\000e\000n\000c\000e\000\040\000P\000r\000o\000c\000e\000d\000u\000r\000e\000s}{chapter.13}% 200
\BOOKMARK [1][]{section.13.10}{\376\377\0001\0003\000.\0001\0000\000\040\000B\000o\000n\000f\000e\000r\000r\000o\000n\000i\000\040\000C\000o\000r\000r\000e\000c\000t\000i\000o\000n\000\040\000m}{chapter.13}% 201
\BOOKMARK [1][]{section.13.11}{\376\377\0001\0003\000.\0001\0001\000\040\000T\000u\000k\000e\000y\040\031\000s\000\040\000P\000a\000i\000r\000e\000d\000\040\000C\000o\000m\000p\000a\000r\000i\000s\000o\000n\000\040\000P\000r\000o\000c\000e\000d\000u\000r\000e\000s}{chapter.13}% 202
\BOOKMARK [1][]{section.13.12}{\376\377\0001\0003\000.\0001\0002\000\040\000S\000c\000h\000e\000f\000f\000e\040\031\000s\000\040\000M\000e\000t\000h\000o\000d\000\040\000f\000o\000r\000\040\000C\000o\000n\000t\000r\000a\000s\000t\000s}{chapter.13}% 203
\BOOKMARK [0][]{chapter.14}{\376\377\0001\0004\000\040\000T\000w\000o\000\040\000W\000a\000y\000\040\000A\000N\000O\000V\000A}{}% 204
\BOOKMARK [1][]{section.14.1}{\376\377\0001\0004\000.\0001\000\040\000F\000a\000c\000t\000o\000r\000\040\000E\373\000\000e\000c\000t\000s\000\040\000M\000o\000d\000e\000l\000\040\000f\000o\000r\000\040\000T\000w\000o\000\040\000F\000a\000c\000t\000o\000r\000s}{chapter.14}% 205
\BOOKMARK [1][]{section.14.2}{\376\377\0001\0004\000.\0002\000\040\000I\000n\000t\000e\000r\000a\000c\000t\000i\000o\000n\000\040\000P\000l\000o\000t\000s}{chapter.14}% 206
\BOOKMARK [1][]{section.14.3}{\376\377\0001\0004\000.\0003\000\040\000P\000a\000r\000t\000i\000t\000i\000o\000n\000i\000n\000g\000\040\000o\000f\000\040\000T\000o\000t\000a\000l\000\040\000S\000u\000m\000\040\000o\000f\000\040\000S\000q\000u\000a\000r\000e\000s}{chapter.14}% 207
\BOOKMARK [1][]{section.14.4}{\376\377\0001\0004\000.\0004\000\040\000P\000a\000r\000t\000i\000t\000i\000o\000n\000i\000n\000g\000\040\000o\000f\000\040\000T\000r\000e\000a\000t\000m\000e\000n\000t\000\040\000S\000u\000m\000\040\000o\000f\000\040\000S\000q\000u\000a\000r\000e\000s}{chapter.14}% 208
\BOOKMARK [1][]{section.14.5}{\376\377\0001\0004\000.\0005\000\040\000A\000N\000O\000V\000A\000\040\000T\000a\000b\000l\000e}{chapter.14}% 209
\BOOKMARK [1][]{section.14.6}{\376\377\0001\0004\000.\0006\000\040\000F\000-\000t\000e\000s\000t}{chapter.14}% 210
\BOOKMARK [1][]{section.14.7}{\376\377\0001\0004\000.\0007\000\040\000E\000s\000t\000i\000m\000a\000t\000i\000o\000n\000\040\000o\000f\000\040\000F\000a\000c\000t\000o\000r\000\040\000L\000e\000v\000e\000l\000\040\000M\000e\000a\000n\000s}{chapter.14}% 211
\BOOKMARK [1][]{section.14.8}{\376\377\0001\0004\000.\0008\000\040\000E\000s\000t\000i\000m\000a\000t\000i\000o\000n\000\040\000o\000f\000\040\000T\000r\000e\000a\000t\000m\000e\000n\000t\000\040\000M\000e\000a\000n\000s}{chapter.14}% 212
\BOOKMARK [0][]{chapter.15}{\376\377\0001\0005\000\040\000T\000w\000o\000\040\000W\000a\000y\000\040\000A\000N\000O\000V\000A\000:\000\040\000S\000p\000e\000c\000i\000a\000l\000\040\000C\000a\000s\000e\000s}{}% 213
\BOOKMARK [1][]{section.15.1}{\376\377\0001\0005\000.\0001\000\040\000U\000n\000b\000a\000l\000a\000n\000c\000e\000d\000\040\000A\000N\000O\000V\000A\000\040\000\050\000U\000s\000e\000\040\000P\000a\000r\000t\000i\000a\000l\000\040\000F\000-\000T\000e\000s\000t\000\040\000o\000r\000\040\000A\000N\000O\000V\000A\000\040\000t\000y\000p\000e\000\040\000I\000I\000I\000\040\000i\000n\000\040\000R\000\051}{chapter.15}% 214
\BOOKMARK [2][]{subsection.15.1.1}{\376\377\0001\0005\000.\0001\000.\0001\000\040\000\040\000U\000s\000e\000\040\000P\000a\000r\000t\000i\000a\000l\000\040\000F\000-\000T\000e\000s\000t}{section.15.1}% 215
\BOOKMARK [2][]{subsection.15.1.2}{\376\377\0001\0005\000.\0001\000.\0002\000\040\000A\000N\000O\000V\000A\000\040\000t\000y\000p\000e\000\040\000I\000I\000I\000\040\000i\000n\000\040\000R}{section.15.1}% 216
\BOOKMARK [1][]{section.15.2}{\376\377\0001\0005\000.\0002\000\040\000\040\000B\000a\000l\000a\000n\000c\000e\000d\000\040\000A\000N\000O\000V\000A\000\040\000w\000i\000t\000h\000\040\000n\000\040\000=\000\040\0001\000\040\000\050\000T\000u\000k\000e\000y\040\031\000s\000\040\000T\000e\000s\000t\000\051}{chapter.15}% 217
\BOOKMARK [2][]{subsection.15.2.1}{\376\377\0001\0005\000.\0002\000.\0001\000\040\000\040\000T\000u\000k\000e\000y\040\031\000s\000\040\000T\000e\000s\000t\000\040\000f\000o\000r\000\040\000A\000d\000d\000i\000t\000i\000v\000i\000t\000y}{section.15.2}% 218
\BOOKMARK [0][]{chapter.16}{\376\377\0001\0006\000\040\000\040\000E\000x\000p\000e\000r\000i\000m\000e\000n\000t\000a\000l\000\040\000D\000e\000s\000i\000g\000n\000s\000:\000\040\000I\000n\000t\000r\000o\000d\000u\000c\000t\000i\000o\000n}{}% 219
\BOOKMARK [1][]{section.16.1}{\376\377\0001\0006\000.\0001\000\040\000\040\000E\000x\000p\000e\000r\000i\000m\000e\000n\000t\000a\000l\000\040\000v\000s\000.\000\040\000O\000b\000s\000e\000r\000v\000a\000t\000i\000o\000n\000a\000l\000\040\000S\000t\000u\000d\000y}{chapter.16}% 220
\BOOKMARK [1][]{section.16.2}{\376\377\0001\0006\000.\0002\000\040\000\040\000P\000r\000i\000n\000c\000i\000p\000l\000e\000s\000\040\000o\000f\000\040\000E\000x\000p\000e\000r\000i\000m\000e\000n\000t\000a\000l\000\040\000D\000e\000s\000i\000g\000n}{chapter.16}% 221
\BOOKMARK [1][]{section.16.3}{\376\377\0001\0006\000.\0003\000\040\000\040\000R\000a\000n\000d\000o\000m\000i\000z\000a\000t\000i\000o\000n\000\040\000T\000e\000s\000t}{chapter.16}% 222
\BOOKMARK [0][]{chapter.17}{\376\377\0001\0007\000\040\000\040\000E\000x\000p\000e\000r\000i\000m\000e\000n\000t\000a\000l\000\040\000D\000e\000s\000i\000g\000n\000s\000:\000\040\000B\000l\000o\000c\000k\000i\000n\000g}{}% 223
\BOOKMARK [1][]{section.17.1}{\376\377\0001\0007\000.\0001\000\040\000\040\000R\000a\000n\000d\000o\000m\000i\000z\000e\000d\000\040\000C\000o\000m\000p\000l\000e\000t\000e\000\040\000B\000l\000o\000c\000k\000\040\000D\000e\000s\000i\000g\000n\000\040\000\050\000R\000C\000B\000D\000\051\000\040\000M\000o\000d\000e\000l}{chapter.17}% 224
\BOOKMARK [1][]{section.17.2}{\376\377\0001\0007\000.\0002\000\040\000\040\000L\000a\000t\000i\000n\000\040\000S\000q\000u\000a\000r\000e\000s}{chapter.17}% 225
\BOOKMARK [2][]{subsection.17.2.1}{\376\377\0001\0007\000.\0002\000.\0001\000\040\000E\000x\000a\000m\000p\000l\000e}{section.17.2}% 226
\BOOKMARK [2][]{subsection.17.2.2}{\376\377\0001\0007\000.\0002\000.\0002\000\040\000\040\000F\000e\000a\000t\000u\000r\000e\000s\000\040\000o\000f\000\040\000a\000\040\000L\000a\000t\000i\000n\000\040\000S\000q\000u\000a\000r\000e\000\040\000D\000e\000s\000i\000g\000n}{section.17.2}% 227
\BOOKMARK [2][]{subsection.17.2.3}{\376\377\0001\0007\000.\0002\000.\0003\000\040\000\040\000R\000a\000n\000d\000o\000m\000i\000z\000a\000t\000i\000o\000n\000\040\000i\000n\000\040\000L\000a\000t\000i\000n\000\040\000S\000q\000u\000a\000r\000e\000\040\000D\000e\000s\000i\000g\000n\000s}{section.17.2}% 228
\BOOKMARK [2][]{subsection.17.2.4}{\376\377\0001\0007\000.\0002\000.\0004\000\040\000\040\000L\000a\000t\000i\000n\000\040\000S\000q\000u\000a\000r\000e\000\040\000M\000o\000d\000e\000l}{section.17.2}% 229
\BOOKMARK [1][]{section.17.3}{\376\377\0001\0007\000.\0003\000\040\000\040\000B\000a\000l\000a\000n\000c\000e\000d\000\040\000I\000n\000c\000o\000m\000p\000l\000e\000t\000e\000\040\000B\000l\000o\000c\000k\000\040\000D\000e\000s\000i\000g\000n\000\040\000\050\000B\000I\000B\000D\000\051}{chapter.17}% 230
\BOOKMARK [1][]{section.17.4}{\376\377\0001\0007\000.\0004\000\040\000\040\000B\000I\000B\000D\000\040\000R\000e\000m\000a\000r\000k\000s}{chapter.17}% 231
\BOOKMARK [0][]{chapter.18}{\376\377\0001\0008\000\040\000\040\000L\000i\000n\000e\000a\000r\000\040\000M\000o\000d\000e\000l\000s\000\040\000w\000i\000t\000h\000\040\000R\000a\000n\000d\000o\000m\000\040\000E\000f\000f\000e\000c\000t\000s}{}% 232
\BOOKMARK [1][]{section.18.1}{\376\377\0001\0008\000.\0001\000\040\000\040\000R\000a\000n\000d\000o\000m\000\040\000E\000f\000f\000e\000c\000t\000s}{chapter.18}% 233
\BOOKMARK [1][]{section.18.2}{\376\377\0001\0008\000.\0002\000\040\000\040\000I\000n\000t\000r\000a\000c\000l\000a\000s\000s\000\040\000C\000o\000r\000r\000e\000l\000a\000t\000i\000o\000n}{chapter.18}% 234
\BOOKMARK [1][]{section.18.3}{\376\377\0001\0008\000.\0003\000\040\000\040\000M\000i\000x\000e\000d\000\040\000M\000o\000d\000e\000l\000s}{chapter.18}% 235
\BOOKMARK [1][]{section.18.4}{\376\377\0001\0008\000.\0004\000\040\000R\000E\000M\000L\000:\000\040\000r\000e\000s\000t\000r\000i\000c\000t\000e\000d\000\040\000m\000a\000x\000i\000m\000u\000m\000\040\000l\000i\000k\000e\000l\000i\000h\000o\000o\000d}{chapter.18}% 236
\BOOKMARK [1][]{section.18.5}{\376\377\0001\0008\000.\0005\000\040\000M\000L\000\040\000E\000s\000t\000i\000m\000a\000t\000i\000o\000n}{chapter.18}% 237
\BOOKMARK [1][]{section.18.6}{\376\377\0001\0008\000.\0006\000\040\000\040\000T\000e\000s\000t\000i\000n\000g\000\040\000a\000n\000d\000\040\000C\000o\000n\000f\000i\000d\000e\000n\000c\000e\000\040\000I\000n\000t\000e\000r\000v\000a\000l\000s}{chapter.18}% 238
\BOOKMARK [1][]{section.18.7}{\376\377\0001\0008\000.\0007\000\040\000\040\000T\000e\000s\000t\000i\000n\000g\000\040\000t\000h\000e\000\040\000R\000a\000n\000d\000o\000m\000\040\000E\000f\000f\000e\000c\000t\000\040\000V\000a\000r\000i\000a\000n\000c\000e}{chapter.18}% 239
\BOOKMARK [1][]{section.18.8}{\376\377\0001\0008\000.\0008\000\040\000P\000a\000r\000a\000m\000e\000t\000r\000i\000c\000\040\000B\000o\000o\000t\000s\000t\000r\000a\000p}{chapter.18}% 240
