\BOOKMARK [1][-]{section.1}{\376\377\000R\000e\000v\000i\000e\000w\000\040\000o\000f\000\040\000s\000t\000a\000t\000i\000s\000t\000i\000c\000s}{}% 1
\BOOKMARK [2][-]{subsection.1.1}{\376\377\000R\000a\000n\000d\000o\000m\000\040\000V\000e\000c\000t\000o\000r\000s}{section.1}% 2
\BOOKMARK [3][-]{subsubsection.1.1.1}{\376\377\000M\000e\000a\000n}{subsection.1.1}% 3
\BOOKMARK [3][-]{subsubsection.1.1.2}{\376\377\000\040\000V\000a\000r\000i\000a\000n\000c\000e\000-\000C\000o\000v\000a\000r\000i\000a\000n\000c\000e\000\040\000m\000a\000t\000r\000i\000x\000\040\000\040}{subsection.1.1}% 4
\BOOKMARK [2][-]{subsection.1.2}{\376\377\000A\373\003\000n\000e\000\040\000T\000r\000a\000n\000s\000f\000o\000r\000m\000a\000t\000i\000o\000n}{section.1}% 5
\BOOKMARK [1][-]{section.2}{\376\377\000R\000e\000g\000r\000e\000s\000s\000i\000o\000n\000\040\000A\000n\000a\000l\000y\000s\000i\000s\000\040\000\050\000S\000L\000R\000\051}{}% 6
\BOOKMARK [2][-]{subsection.2.1}{\376\377\000S\000i\000m\000p\000l\000e\000\040\000L\000i\000n\000e\000a\000r\000\040\000R\000e\000g\000r\000e\000s\000s\000i\000o\000n}{section.2}% 7
\BOOKMARK [2][-]{subsection.2.2}{\376\377\000S\000i\000m\000p\000l\000e\000\040\000L\000i\000n\000e\000a\000r\000\040\000R\000e\000g\000r\000e\000s\000s\000i\000o\000n\000\040\000M\000o\000d\000e\000l}{section.2}% 8
\BOOKMARK [3][-]{subsubsection.2.2.1}{\376\377\000A\000s\000s\000u\000m\000p\000t\000i\000o\000n\000s\000\040\000o\000f\000\040\000e\000r\000r\000o\000r\000s\000\040\000:\000\040\0001\000.\000\040\000M\000e\000a\000n\000\040\000z\000e\000r\000o\000,\000\040\0002\000.\000\040\000u\000m\000c\000o\000r\000r\000e\000l\000a\000t\000e\000d\000,\000\040\0003\000.\000\040\000h\000o\000m\000o\000s\000c\000e\000d\000a\000s\000t\000i\000c}{subsection.2.2}% 9
\BOOKMARK [3][-]{subsubsection.2.2.2}{\376\377\000A\000s\000s\000u\000m\000p\000t\000i\000o\000n\000s\000\040\000o\000n\000\040\000Y\000|\000X}{subsection.2.2}% 10
\BOOKMARK [3][-]{subsubsection.2.2.3}{\376\377\000I\000n\000t\000e\000r\000p\000r\000e\000t\000a\000t\000i\000o\000n\000\040\000o\000f\000\040\0001\000,\000\040\0000}{subsection.2.2}% 11
\BOOKMARK [2][-]{subsection.2.3}{\376\377\000L\000e\000a\000s\000t\000\040\000S\000q\000u\000a\000r\000e\000s}{section.2}% 12
\BOOKMARK [3][-]{subsubsection.2.3.1}{\376\377\000L\000S\000\040\000E\000s\000t\000i\000m\000a\000t\000o\000r\000s}{subsection.2.3}% 13
\BOOKMARK [3][-]{subsubsection.2.3.2}{\376\377\000F\000i\000t\000t\000e\000d\000\040\000V\000a\000l\000u\000e\000s\000\040\000\046\000\040\000R\000e\000s\000i\000d\000u\000a\000l\000s}{subsection.2.3}% 14
\BOOKMARK [3][-]{subsubsection.2.3.3}{\376\377\000P\000r\000o\000p\000e\000r\000t\000i\000e\000s\000\040\000o\000f\000\040\000r\000e\000s\000i\000d\000u\000a\000l\000s}{subsection.2.3}% 15
\BOOKMARK [3][-]{subsubsection.2.3.4}{\376\377\000D\000e\000g\000r\000e\000e\000\040\000o\000f\000\040\000f\000r\000e\000e\000d\000o\000m}{subsection.2.3}% 16
\BOOKMARK [3][-]{subsubsection.2.3.5}{\376\377\000\050\000S\000a\000m\000p\000l\000e\000\051\000\040\000E\000r\000r\000o\000r\000\040\000v\000a\000r\000i\000a\000n\000c\000e}{subsection.2.3}% 17
\BOOKMARK [2][-]{subsection.2.4}{\376\377\000G\000o\000o\000d\000n\000e\000s\000s\000\040\000o\000f\000\040\000F\000i\000t\000:\000\040\000R\000-\000s\000q\000u\000a\000r\000e}{section.2}% 18
\BOOKMARK [3][-]{subsubsection.2.4.1}{\376\377\000T\000S\000S\000,\000\040\000R\000S\000S\000,\000\040\000F\000S\000S}{subsection.2.4}% 19
\BOOKMARK [3][-]{subsubsection.2.4.2}{\376\377\000C\000o\000f\000f\000i\000c\000i\000e\000n\000t\000\040\000o\000f\000\040\000D\000e\000t\000e\000r\000m\000i\000n\000a\000t\000i\000o\000n\000\050\000R\0002\000\051}{subsection.2.4}% 20
\BOOKMARK [2][-]{subsection.2.5}{\376\377\000A\000f\000f\000i\000n\000e\000\040\000T\000r\000a\000n\000s\000f\000o\000r\000m\000a\000t\000i\000o\000n\000s}{section.2}% 21
\BOOKMARK [3][-]{subsubsection.2.5.1}{\376\377\000=\000a\000y\000i\000+\000b}{subsection.2.5}% 22
\BOOKMARK [3][-]{subsubsection.2.5.2}{\376\377\000=\000a\000x\000i\000+\000b}{subsection.2.5}% 23
\BOOKMARK [3][-]{subsubsection.2.5.3}{\376\377\000R\000e\000g\000r\000e\000s\000s\000\040\000x\000\040\000o\000n\000\040\000y\000\040\000i\000n\000s\000t\000e\000a\000d}{subsection.2.5}% 24
\BOOKMARK [2][-]{subsection.2.6}{\376\377\000R\000e\000g\000r\000e\000s\000s\000i\000o\000n\000\040\000T\000h\000r\000o\000u\000g\000h\000\040\000t\000h\000e\000\040\000O\000r\000i\000g\000i\000n}{section.2}% 25
\BOOKMARK [2][-]{subsection.2.7}{\376\377\000L\000S\000\040\000E\000s\000t\000i\000m\000a\000t\000o\000r\000s\000\040\000P\000r\000o\000p\000e\000r\000t\000i\000e\000s}{section.2}% 26
\BOOKMARK [3][-]{subsubsection.2.7.1}{\376\377\000U\000n\000b\000i\000a\000s\000e\000d\000n\000e\000s\000s\000\040\000o\000f\000\040\000L\000S\000\040\000E\000s\000t\000i\000m\000a\000t\000o\000r\000s\000\040\000E\000\050\0001\000\051\000=\0001\000,\000\040\000E\000\050\0000\000\051\000=\0000}{subsection.2.7}% 27
\BOOKMARK [3][-]{subsubsection.2.7.2}{\376\377\000M\000e\000a\000n\000\040\000s\000q\000u\000a\000r\000e\000d\000\040\000e\000r\000r\000o\000r\000\050\000M\000S\000E\000\051\000\040\000o\000f\000\040\000L\000S\000\040\000E\000s\000t\000i\000m\000a\000t\000o\000r\000s\000\040\000=\000\040\000V\000a\000r\000\050\0001\000\051\000=\0002\000\040\0001\000S\000x\000\040\000x\000,\000\040\000V\000a\000r\000\050\0000\000\051\000=\0002\000\050\0001\000n\000+\0002\000S\000x\000\040\000x\000\051}{subsection.2.7}% 28
\BOOKMARK [2][-]{subsection.2.8}{\376\377\000N\000o\000r\000m\000a\000l\000i\000t\000y\000\040\000A\000s\000s\000u\000m\000p\000t\000i\000o\000n}{section.2}% 29
\BOOKMARK [2][-]{subsection.2.9}{\376\377\000D\000i\000s\000t\000r\000i\000b\000u\000t\000i\000o\000n\000\040\000o\000f\000\040\000L\000S\000\040\000E\000s\000t\000i\000m\000a\000t\000o\000r\000s}{section.2}% 30
\BOOKMARK [2][-]{subsection.2.10}{\376\377\000H\000y\000p\000o\000t\000h\000e\000s\000i\000s\000\040\000T\000e\000s\000t\000i\000n\000g\000\040\000\050\000T\000-\000t\000e\000s\000t\000\051}{section.2}% 31
\BOOKMARK [3][-]{subsubsection.2.10.1}{\376\377\000T\000e\000s\000t\000i\000n\000g\000\040\000f\000o\000r\000\040\000t\000h\000e\000\040\000S\000l\000o\000p\000e}{subsection.2.10}% 32
\BOOKMARK [3][-]{subsubsection.2.10.2}{\376\377\000T\000e\000s\000t\000i\000n\000g\000\040\000f\000o\000r\000\040\000t\000h\000e\000\040\000I\000n\000t\000e\000r\000c\000e\000p\000t}{subsection.2.10}% 33
\BOOKMARK [2][-]{subsection.2.11}{\376\377\000A\000N\000O\000V\000A\000\040\000T\000a\000b\000l\000e\000\040\000\046\000\040\000F\000-\000T\000e\000s\000t}{section.2}% 34
\BOOKMARK [3][-]{subsubsection.2.11.1}{\376\377\000D\000e\000g\000r\000e\000e\000s\000\040\000o\000f\000\040\000F\000r\000e\000e\000d\000o\000m}{subsection.2.11}% 35
\BOOKMARK [3][-]{subsubsection.2.11.2}{\376\377\000A\000N\000O\000V\000A\000\040\000T\000a\000b\000l\000e}{subsection.2.11}% 36
\BOOKMARK [3][-]{subsubsection.2.11.3}{\376\377\000F\000-\000T\000e\000s\000t\000\040\000\050\000e\000q\000u\000i\000v\000a\000l\000e\000n\000t\000\040\000t\000o\000\040\000t\000-\000t\000e\000s\000t\000\051}{subsection.2.11}% 37
\BOOKMARK [2][-]{subsection.2.12}{\376\377\000E\000s\000t\000i\000m\000a\000t\000i\000o\000n\000\040\000a\000n\000d\000\040\000P\000r\000e\000d\000i\000c\000t\000i\000o\000n}{section.2}% 38
\BOOKMARK [3][-]{subsubsection.2.12.1}{\376\377\000E\000s\000t\000i\000m\000a\000t\000i\000o\000n\000\040\000\050\000a\000l\000w\000a\000y\000s\000\040\000r\000e\000p\000o\000r\000t\000e\000d\000\040\000f\000o\000r\000\040\000a\000\040\000p\000a\000r\000a\000m\000e\000t\000e\000r\000:\000\040\0000\000+\0001\000x\000*\000=\000E\000\050\000Y\000|\000x\000*\000\051\000\051}{subsection.2.12}% 39
\BOOKMARK [3][-]{subsubsection.2.12.2}{\376\377\000P\000r\000e\000d\000i\000c\000t\000i\000o\000n\000\040\000\050\000i\000s\000\040\000r\000e\000p\000o\000r\000t\000e\000d\000\040\000f\000o\000r\000\040\000t\000h\000e\000\040\000v\000a\000l\000u\000e\000\040\000o\000f\000\040\000a\000\040\000r\000a\000n\000d\000o\000m\000\040\000v\000a\000r\000i\000a\000b\000l\000e\000\040\000Y\000*\000\051}{subsection.2.12}% 40
\BOOKMARK [3][-]{subsubsection.2.12.3}{\376\377\000S\000i\000m\000u\000l\000t\000a\000n\000e\000o\000u\000s\000\040\000C\000o\000n\373\001\000d\000e\000n\000c\000e}{subsection.2.12}% 41
\BOOKMARK [3][-]{subsubsection.2.12.4}{\376\377\000C\000o\000n\373\001\000d\000e\000n\000c\000e\000\040\000B\000a\000n\000d\000\040\000\050\000L\000a\000r\000g\000e\000r\000\040\000t\000h\000a\000n\000\040\000C\000I\000\051}{subsection.2.12}% 42
\BOOKMARK [2][-]{subsection.2.13}{\376\377\000M\000a\000x\000i\000m\000u\000m\000\040\000l\000i\000k\000e\000l\000i\000h\000o\000o\000d\000\040\000e\000s\000t\000i\000m\000a\000t\000o\000r\000s\000\040\000w\000i\000t\000h\000\040\000n\000o\000r\000m\000a\000l\000\040\000e\000r\000r\000o\000r\000\040\000t\000e\000r\000m\000s}{section.2}% 43
\BOOKMARK [1][-]{section.3}{\376\377\000M\000u\000l\000t\000i\000p\000l\000e\000\040\000L\000i\000n\000e\000a\000r\000\040\000R\000e\000g\000r\000e\000s\000s\000i\000o\000n\000\040\000\050\000M\000L\000R\000\051\000:\000\040\000B\000a\000s\000i\000c}{}% 44
\BOOKMARK [2][-]{subsection.3.1}{\376\377\000B\000a\000s\000i\000c}{section.3}% 45
\BOOKMARK [3][-]{subsubsection.3.1.1}{\376\377\000A\000s\000s\000u\000m\000p\000t\000i\000o\000n\000s\000\040\000o\000f\000\040\000e\000r\000r\000o\000r\000s}{subsection.3.1}% 46
\BOOKMARK [3][-]{subsubsection.3.1.2}{\376\377\000M\000a\000t\000r\000i\000x\000\040\000R\000e\000p\000r\000e\000s\000e\000n\000t\000a\000t\000i\000o\000n}{subsection.3.1}% 47
\BOOKMARK [2][-]{subsection.3.2}{\376\377\000P\000a\000r\000a\000m\000e\000t\000e\000r\000\040\000E\000s\000t\000i\000m\000a\000t\000i\000o\000n\000\040\000=\000\050\000X\000T\000\040\000X\000\051\000-\0001\000\040\000X\000T\000\040\000y}{section.3}% 48
\BOOKMARK [3][-]{subsubsection.3.2.1}{\376\377\000F\000i\000t\000t\000e\000d\000\040\000V\000a\000l\000u\000e\000s\000\040\000n\000\040\0001\000=\000H\000n\000\040\000n\000\040\000y\000n\000\040\0001}{subsection.3.2}% 49
\BOOKMARK [2][-]{subsection.3.3}{\376\377\000R\000e\000s\000i\000d\000u\000a\000l\000s\000\040\000r\000=\000\050\000I\000-\000H\000\051\000\040\000y\000,\000\040\000\050\000S\000a\000m\000p\000l\000e\000\051\000\040\000e\000r\000r\000o\000r\000\040\000v\000a\000r\000i\000a\000n\000c\000e\000\040\0002\000=\000r\000T\000\040\000r\000n\000-\000p}{section.3}% 50
\BOOKMARK [2][-]{subsection.3.4}{\376\377\000P\000r\000o\000p\000e\000r\000t\000i\000e\000s\000\040\000o\000f\000\040\000r\000e\000s\000i\000d\000u\000a\000l\000s}{section.3}% 51
\BOOKMARK [3][-]{subsubsection.3.4.1}{\376\377\000X\000T\000\040\000b\000o\000l\000d\0000\000m\000u\000\040\000m\000u\000m\000u\000\040\000r\000r\000r\000r\000r\000r\000=\0000}{subsection.3.4}% 52
\BOOKMARK [3][-]{subsubsection.3.4.2}{\376\377\000T\000\040\000b\000o\000l\000d\0000\000m\000u\000\040\000m\000u\000m\000u\000\040\000r\000r\000r\000r\000r\000r\000=\0000}{subsection.3.4}% 53
\BOOKMARK [2][-]{subsection.3.5}{\376\377\000P\000r\000o\000p\000e\000r\000t\000i\000e\000s\000\040\000o\000f\000\040\000H}{section.3}% 54
\BOOKMARK [3][-]{subsubsection.3.5.1}{\376\377\000H\000\040\000X\000=\000X}{subsection.3.5}% 55
\BOOKMARK [3][-]{subsubsection.3.5.2}{\376\377\000S\000y\000m\000m\000e\000t\000r\000i\000c\000:\000\040\000H\000T\000=\000H}{subsection.3.5}% 56
\BOOKMARK [3][-]{subsubsection.3.5.3}{\376\377\000I\000d\000e\000m\000p\000o\000t\000e\000n\000t\000:\000\040\000H\000\040\000H\000=\000H\000\040\000H\000T\000=\000H\000\040\000H\000=\000H}{subsection.3.5}% 57
\BOOKMARK [3][-]{subsubsection.3.5.4}{\376\377\000H\000\050\000I\000-\000H\000\051\000=\0000}{subsection.3.5}% 58
\BOOKMARK [3][-]{subsubsection.3.5.5}{\376\377\000\050\000I\000-\000H\000\051\000\040\000i\000s\000\040\000a\000l\000s\000o\000\040\000s\000y\000m\000m\000e\000t\000r\000i\000c\000\040\000a\000n\000d\000\040\000i\000d\000e\000m\000p\000o\000t\000e\000n\000t}{subsection.3.5}% 59
\BOOKMARK [3][-]{subsubsection.3.5.6}{\376\377\000t\000r\000a\000c\000e\000\050\000H\000\051\000=\000p}{subsection.3.5}% 60
\BOOKMARK [2][-]{subsection.3.6}{\376\377\000G\000e\000o\000m\000e\000t\000r\000i\000c\000\040\000R\000e\000p\000r\000e\000s\000e\000n\000t\000a\000t\000i\000o\000n\000\040\000o\000f\000\040\000L\000S}{section.3}% 61
\BOOKMARK [3][-]{subsubsection.3.6.1}{\376\377\000E\000s\000t\000i\000m\000a\000t\000i\000o\000n\000\040\000S\000p\000a\000c\000e}{subsection.3.6}% 62
\BOOKMARK [3][-]{subsubsection.3.6.2}{\376\377\000E\000r\000r\000o\000r\000\040\000S\000p\000a\000c\000e}{subsection.3.6}% 63
\BOOKMARK [2][-]{subsection.3.7}{\376\377\000C\000o\000e\373\003\000c\000i\000e\000n\000t\000\040\000o\000f\000\040\000d\000e\000t\000e\000r\000m\000i\000n\000a\000t\000i\000o\000n\000,\000\040\000R\000-\000S\000q\000u\000a\000r\000e}{section.3}% 64
\BOOKMARK [2][-]{subsection.3.8}{\376\377\000P\000r\000o\000p\000e\000r\000t\000i\000e\000s\000\040\000o\000f\000\040\000L\000S\000\040\000E\000s\000t\000i\000m\000a\000t\000o\000r\000s}{section.3}% 65
\BOOKMARK [3][-]{subsubsection.3.8.1}{\376\377\000U\000n\000b\000i\000a\000s\000e\000d\000:\000\040\000E\000\050\000\051\000=}{subsection.3.8}% 66
\BOOKMARK [3][-]{subsubsection.3.8.2}{\376\377\000V\000a\000r\000i\000a\000n\000c\000e\000-\000C\000o\000v\000a\000r\000i\000a\000n\000c\000e\000\040\000M\000a\000t\000r\000i\000x\000\040\000o\000f\000\040\000:\000\040\000C\000o\000v\000\050\000\051\000=\0002\000\050\000X\000T\000\040\000X\000\051\000-\0001}{subsection.3.8}% 67
\BOOKMARK [3][-]{subsubsection.3.8.3}{\376\377\000:\000\040\000E\000\050\000\051\000=\000X\000,\000\040\000C\000o\000v\000\050\000\051\000=\0002\000\040\000H}{subsection.3.8}% 68
\BOOKMARK [3][-]{subsubsection.3.8.4}{\376\377\000r\000:\000\040\000E\000\050\000r\000\051\000=\0000\000,\000\040\000C\000o\000v\000\050\000r\000\051\000=\0002\000\040\000\050\000I\000n\000-\000H\000\051}{subsection.3.8}% 69
\BOOKMARK [3][-]{subsubsection.3.8.5}{\376\377\000E\000\050\0002\000\051\000=\0002}{subsection.3.8}% 70
\BOOKMARK [2][-]{subsection.3.9}{\376\377\000T\000h\000e\000\040\000G\000a\000u\000s\000s\000-\000M\000a\000r\000k\000o\000v\000\040\000T\000h\000e\000o\000r\000e\000m\000:\000\040\000L\000S\000\040\000e\000s\000t\000i\000m\000a\000t\000o\000r\000\040\000i\000s\000\040\000t\000h\000e\000\040\000B\000L\000U\000E\000\050\000b\000e\000s\000t\000\040\000l\000i\000n\000e\000a\000r\000\040\000u\000n\000b\000i\000a\000s\000e\000d\000\040\000e\000s\000t\000i\000m\000a\000t\000o\000r\000\051}{section.3}% 71
\BOOKMARK [2][-]{subsection.3.10}{\376\377\000M\000a\000x\000i\000m\000u\000m\000\040\000L\000i\000k\000e\000l\000i\000h\000o\000o\000d\000\040\000E\000s\000t\000i\000m\000a\000t\000i\000o\000n\000,\000\040\000D\000i\000s\000t\000r\000i\000b\000u\000t\000i\000o\000n\000\040\000o\000f\000\040\000L\000S\000\040\000e\000s\000t\000i\000m\000a\000t\000e\000s}{section.3}% 72
\BOOKMARK [3][-]{subsubsection.3.10.1}{\376\377\000y\000\040\000N\000n\000\050\000X\000\040\000,\000\040\0002\000\040\000I\000\051}{subsection.3.10}% 73
\BOOKMARK [3][-]{subsubsection.3.10.2}{\376\377\000L\000S\000\040\000e\000s\000t\000i\000m\000a\000t\000o\000r\000\040\000i\000s\000\040\000t\000h\000e\000\040\000M\000a\000x\000i\000m\000u\000m\000\040\000L\000i\000k\000e\000l\000i\000h\000o\000o\000d\000\040\000E\000s\000t\000i\000m\000a\000t\000o\000r\000\040\000\050\000M\000L\000E\000\051}{subsection.3.10}% 74
\BOOKMARK [3][-]{subsubsection.3.10.3}{\376\377\000N\000p\000\050\000,\000\040\0002\000\050\000X\000\040\000X\000\051\000-\0001\000\051\000,\000\040\000N\000n\000\050\000X\000\040\000,\000\040\0002\000\040\000H\000\051\000,\000\040\000N\000n\000\050\0000\000,\000\040\0002\000\050\000I\000n\000-\000H\000\051\000\051}{subsection.3.10}% 75
\BOOKMARK [2][-]{subsection.3.11}{\376\377\000r\000\040\000R\000e\000s\000i\000d\000u\000a\000l\000s\040\031\000\040\000P\000r\000o\000p\000e\000r\000t\000i\000e\000s}{section.3}% 76
\BOOKMARK [3][-]{subsubsection.3.11.1}{\376\377\000r\000R\000n\000-\000p}{subsection.3.11}% 77
\BOOKMARK [3][-]{subsubsection.3.11.2}{\376\377\0002\0002\000\040\000n\000-\000p\0002\000n\000-\000p}{subsection.3.11}% 78
\BOOKMARK [3][-]{subsubsection.3.11.3}{\376\377\000\040\000a\000n\000d\000\040\000b\000o\000l\000d\0000\000m\000u\000\040\000m\000u\000m\000u\000\040\000r\000r\000r\000r\000r\000r\000\040\000a\000r\000e\000\040\000i\000n\000d\000e\000p\000e\000n\000d\000e\000n\000t}{subsection.3.11}% 79
\BOOKMARK [2][-]{subsection.3.12}{\376\377\000T\000e\000s\000t\000i\000n\000g\000\040\000P\000r\000e\000d\000i\000c\000t\000o\000r\000s\000\040\000\050\000C\000o\000e\373\003\000c\000i\000e\000n\000t\000s\000\051}{section.3}% 80
\BOOKMARK [3][-]{subsubsection.3.12.1}{\376\377\000T\000e\000s\000t\000i\000n\000g\000\040\000a\000\040\000S\000i\000n\000g\000l\000e\000\040\000P\000r\000e\000d\000i\000c\000t\000o\000r\000\040\000H\0000\000:\000\040\000j\000=\0000\000:\000\040\000t\000-\000t\000e\000s\000t}{subsection.3.12}% 81
\BOOKMARK [3][-]{subsubsection.3.12.2}{\376\377\000R\000e\000v\000i\000e\000w\000\040\000t\000h\000e\000\040\000d\000e\000g\000r\000e\000e\000\040\000o\000f\000\040\000f\000r\000e\000e\000d\000o\000m}{subsection.3.12}% 82
\BOOKMARK [3][-]{subsubsection.3.12.3}{\376\377\000T\000e\000s\000t\000i\000n\000g\000\040\000a\000l\000l\000\040\000p\000r\000e\000d\000i\000c\000t\000o\000r\000s\000:\000\040\000F\000-\000t\000e\000s\000t}{subsection.3.12}% 83
\BOOKMARK [3][-]{subsubsection.3.12.4}{\376\377\000P\000a\000r\000t\000i\000a\000l\000\040\000F\000-\000t\000e\000s\000t}{subsection.3.12}% 84
\BOOKMARK [2][-]{subsection.3.13}{\376\377\000P\000e\000r\000m\000u\000t\000a\000t\000i\000o\000n\000\040\000T\000e\000s\000t\000s\000\040\000\050\000W\000h\000e\000n\000\040\000t\000h\000e\000\040\000n\000o\000r\000m\000a\000l\000\040\000d\000i\000s\000t\000r\000i\000b\000u\000t\000i\000o\000n\000\040\000h\000y\000p\000o\000t\000h\000e\000s\000i\000s\000\040\000d\000o\000e\000s\000n\000'\000t\000\040\000h\000o\000l\000d\000\051}{section.3}% 85
\BOOKMARK [3][-]{subsubsection.3.13.1}{\376\377\000P\000r\000o\000c\000e\000d\000u\000r\000e}{subsection.3.13}% 86
\BOOKMARK [3][-]{subsubsection.3.13.2}{\376\377\000C\000a\000l\000c\000u\000l\000a\000t\000i\000o\000n\000\040\000o\000f\000\040\000t\000h\000e\000\040\000p\000-\000v\000a\000l\000u\000e\000:\000\040\000M\000o\000n\000t\000e\000\040\000C\000a\000r\000l\000o\000\040\000m\000e\000t\000h\000o\000d}{subsection.3.13}% 87
\BOOKMARK [2][-]{subsection.3.14}{\376\377\000C\000o\000n\000f\000i\000d\000e\000n\000c\000e\000\040\000I\000n\000t\000e\000r\000v\000a\000l\000s\000\040\000f\000o\000r\000\040\000j\000,\000\040\000C\000o\000n\000f\000i\000d\000e\000n\000c\000e\000\040\000R\000e\000g\000i\000o\000n\000\040\000f\000o\000r\000\040}{section.3}% 88
\BOOKMARK [3][-]{subsubsection.3.14.1}{\376\377\000C\000o\000n\000f\000i\000d\000e\000n\000c\000e\000\040\000I\000n\000t\000e\000r\000v\000a\000l\000s\000\040\000f\000o\000r\000\040\000j}{subsection.3.14}% 89
\BOOKMARK [3][-]{subsubsection.3.14.2}{\376\377\000C\000o\000n\000f\000i\000d\000e\000n\000c\000e\000\040\000R\000e\000g\000i\000o\000n\000\040\000f\000o\000r\000\040}{subsection.3.14}% 90
\BOOKMARK [2][-]{subsection.3.15}{\376\377\000C\000o\000n\373\001\000d\000e\000n\000c\000e\000/\000P\000r\000e\000d\000i\000c\000t\000i\000o\000n\000\040\000I\000n\000t\000e\000r\000v\000a\000l\000s\000\040\000f\000o\000r\000\040\000N\000e\000w\000\040\000O\000b\000s\000e\000r\000v\000a\000t\000i\000o\000n\000s}{section.3}% 91
\BOOKMARK [3][-]{subsubsection.3.15.1}{\376\377\000C\000o\000n\000f\000i\000d\000e\000n\000c\000e\000\040\000I\000n\000t\000e\000r\000v\000a\000l\000\040\000f\000o\000r\000\040\000*\000=\000\050\000x\000*\000\051\000T}{subsection.3.15}% 92
\BOOKMARK [3][-]{subsubsection.3.15.2}{\376\377\000P\000r\000e\000d\000i\000c\000t\000i\000o\000n\000\040\000I\000n\000t\000e\000r\000v\000a\000l\000\040\000f\000o\000r\000\040\000y\000*\000=\000\050\000x\000*\000\051\000T\000+\000e\000*}{subsection.3.15}% 93
\BOOKMARK [3][-]{subsubsection.3.15.3}{\376\377\000M\000a\000h\000a\000l\000a\000n\000o\000b\000i\000s\000\040\000d\000i\000s\000t\000a\000n\000c\000e}{subsection.3.15}% 94
\BOOKMARK [1][-]{section.4}{\376\377\000M\000L\000R\000:\000\040\000u\000n\000u\000s\000u\000a\000l\000\040\000o\000b\000s\000e\000r\000v\000a\000t\000i\000o\000n\000s}{}% 95
\BOOKMARK [2][-]{subsection.4.1}{\376\377\0001\000.\000\040\000H\000i\000g\000h\000\040\000l\000e\000v\000e\000r\000a\000g\000e\000\040\000p\000o\000i\000n\000t\000s\000:\000\040\000h\000i\0002\000p\000n}{section.4}% 96
\BOOKMARK [3][-]{subsubsection.4.1.1}{\376\377\000L\000e\000v\000e\000r\000a\000g\000e\000\040\000P\000o\000i\000n\000t\000s}{subsection.4.1}% 97
\BOOKMARK [3][-]{subsubsection.4.1.2}{\376\377\000P\000r\000o\000p\000e\000r\000t\000i\000e\000s\000\040\000o\000f\000\040\000t\000h\000e\000\040\000L\000e\000v\000e\000r\000a\000g\000e\000:\000\040\0000\000<\000h\000i\000<\0001\000,\000\040\000\040\000i\000\040\000h\000i\000=\000p}{subsection.4.1}% 98
\BOOKMARK [3][-]{subsubsection.4.1.3}{\376\377\000F\000i\000t\000t\000e\000d\000\040\000V\000a\000l\000u\000e\000s\000\040\000a\000n\000d\000\040\000L\000e\000v\000e\000r\000a\000g\000e\000:\000\040\000V\000a\000r\000\050\000i\000\051\000=\0002\000\040\000h\000i\000,\000\040\000V\000a\000r\000\050\000r\000i\000\051\000=\0002\000\050\0001\000-\000h\000i\000\051}{subsection.4.1}% 99
\BOOKMARK [3][-]{subsubsection.4.1.4}{\376\377\000H\000i\000g\000h\000-\000l\000e\000v\000e\000r\000a\000g\000e\000\040\000P\000o\000i\000n\000t\000s\000:\000\040\000h\000i\0002\000p\000n}{subsection.4.1}% 100
\BOOKMARK [2][-]{subsection.4.2}{\376\377\000R\000e\000s\000i\000d\000u\000a\000l\000s\000:\000\040\000S\000t\000a\000n\000d\000a\000r\000d\000i\000z\000e\000d\000\040\000R\000e\000s\000i\000d\000u\000a\000l\000s\000\040\000v\000s\000.\000\040\000S\000t\000u\000d\000e\000n\000t\000i\000z\000e\000d\000\040\000r\000e\000s\000i\000d\000u\000a\000l\000s}{section.4}% 101
\BOOKMARK [3][-]{subsubsection.4.2.1}{\376\377\000D\000i\373\000\000e\000r\000e\000n\000c\000e\000\040\000b\000e\000t\000w\000e\000e\000n\000\040\000\040\000a\000n\000d\000\040\000r}{subsection.4.2}% 102
\BOOKMARK [3][-]{subsubsection.4.2.2}{\376\377\000S\000t\000a\000n\000d\000a\000r\000d\000i\000z\000e\000d\000\040\000R\000e\000s\000i\000d\000u\000a\000l\000s\000:\000\040\000\040\000r\000i\000*\000=\000r\000i\000\040\0001\000-\000h\000i}{subsection.4.2}% 103
\BOOKMARK [3][-]{subsubsection.4.2.3}{\376\377\000S\000t\000u\000d\000e\000n\000t\000i\000z\000e\000d\000\040\000R\000e\000s\000i\000d\000u\000a\000l\000s\000:\000\040\000\040\000t\000i\000=\000r\000i\000*\000\050\000n\000-\000p\000-\0001\000n\000-\000p\000-\000r\000i\000*\000\040\0002\000\051\0001\000\040\000/\000\040\0002\000\040}{subsection.4.2}% 104
\BOOKMARK [2][-]{subsection.4.3}{\376\377\000\040\0002\000.\000\040\000O\000u\000t\000l\000i\000e\000r\000\040\000\050\000L\000a\000r\000g\000e\000\040\000|\000r\000i\000*\000|\000\051}{section.4}% 105
\BOOKMARK [3][-]{subsubsection.4.3.1}{\376\377\000O\000u\000t\000l\000i\000e\000r\000\040\000t\000e\000s\000t}{subsection.4.3}% 106
\BOOKMARK [3][-]{subsubsection.4.3.2}{\376\377\000B\000o\000n\000f\000e\000r\000r\000o\000n\000i\000\040\000C\000o\000r\000r\000e\000c\000t\000i\000o\000n}{subsection.4.3}% 107
\BOOKMARK [3][-]{subsubsection.4.3.3}{\376\377\000W\000h\000a\000t\000\040\000w\000e\000\040\000s\000h\000o\000u\000l\000d\000\040\000d\000o\000\040\000w\000i\000t\000h\000\040\000o\000u\000t\000l\000i\000e\000r\000s\000?}{subsection.4.3}% 108
\BOOKMARK [2][-]{subsection.4.4}{\376\377\000\040\0003\000.\000\040\000H\000i\000g\000h\000l\000y\000\040\000I\000n\373\002\000u\000e\000n\000t\000i\000a\000l\000\040\000P\000o\000i\000n\000t\000s\000:\000\040\000L\000a\000r\000g\000e\000\040\000D\000i\000=\000r\000i\000*\0002\000p\000\050\000h\000i\0001\000-\000h\000i\000\051\000\040\000\040\000\050\000D\000i\0001\000\051}{section.4}% 109
\BOOKMARK [3][-]{subsubsection.4.4.1}{\376\377\000I\000n\373\002\000u\000e\000n\000t\000i\000a\000l\000\040\000o\000b\000s\000e\000r\000v\000a\000t\000i\000o\000n\000s}{subsection.4.4}% 110
\BOOKMARK [1][-]{section.5}{\376\377\000\040\000M\000L\000R\000\040\000D\000i\000a\000g\000n\000o\000s\000t\000i\000c\000s\000:\000\040\000C\000h\000e\000c\000k\000i\000n\000g\000\040\000A\000s\000s\000u\000m\000p\000t\000i\000o\000n\000s}{}% 111
\BOOKMARK [2][-]{subsection.5.1}{\376\377\000C\000l\000a\000s\000s\000i\000c\000a\000l\000\040\000L\000i\000n\000e\000a\000r\000\040\000M\000o\000d\000e\000l\000\040\000\050\000C\000L\000M\000\051\000\040\000a\000s\000s\000u\000m\000p\000t\000i\000o\000n\000:\000\040\000G\000a\000u\000s\000s\000-\000M\000a\000r\000k\000o\000v\000\040\000A\000s\000s\000i\000m\000p\000t\000i\000o\000n\000\040\000+\000\040\000I\000I\000D\000\040\000N\000\050\0000\000,\0002\000\051}{section.5}% 112
\BOOKMARK [2][-]{subsection.5.2}{\376\377\000C\000h\000e\000c\000k\000\040\0001\000.\000\040\000C\000o\000n\000s\000t\000a\000n\000c\000y\000\040\000o\000f\000\040\000V\000a\000r\000i\000a\000n\000c\000e\000\050\000H\000o\000m\000o\000s\000c\000e\000d\000a\000s\000t\000i\000c\000i\000t\000y\000\051}{section.5}% 113
\BOOKMARK [3][-]{subsubsection.5.2.1}{\376\377\000M\000e\000t\000h\000o\000d\000\040\0001\000:\000\040\000g\000r\000a\000p\000h\000\040\000r\000e\000s\000i\000d\000u\000a\000l\000s\000\040\000a\000g\000a\000i\000n\000s\000t\000\040\000F\000i\000t\000t\000e\000d\000\040\000V\000a\000l\000u\000e\000s\000\040}{subsection.5.2}% 114
\BOOKMARK [3][-]{subsubsection.5.2.2}{\376\377\000M\000e\000t\000h\000o\000d\000\040\0002\000:\000\040\000B\000r\000e\000u\000s\000c\000h\000-\000P\000a\000g\000a\000n\000\040\000T\000e\000s\000t}{subsection.5.2}% 115
\BOOKMARK [3][-]{subsubsection.5.2.3}{\376\377\000W\000h\000a\000t\000\040\000h\000a\000p\000p\000e\000n\000\040\000i\000f\000\040\000H\000e\000t\000e\000r\000o\000s\000c\000e\000d\000a\000s\000t\000i\000c\000i\000t\000y}{subsection.5.2}% 116
\BOOKMARK [3][-]{subsubsection.5.2.4}{\376\377\000W\000h\000a\000t\000\040\000c\000a\000n\000\040\000w\000e\000\040\000d\000o\000\040\000i\000f\000\040\000H\000e\000t\000e\000r\000o\000s\000c\000e\000d\000a\000s\000t\000i\000c\000i\000t\000y}{subsection.5.2}% 117
\BOOKMARK [3][-]{subsubsection.5.2.5}{\376\377\000R\000e\000m\000e\000d\000i\000a\000l\000\040\000m\000e\000a\000s\000u\000r\000e\000:\000\040\000V\000a\000r\000i\000a\000n\000c\000e\000\040\000S\000t\000a\000b\000i\000l\000i\000z\000i\000n\000g\000\040\000T\000r\000a\000n\000s\000f\000o\000r\000m\000a\000t\000i\000o\000n\000s\000\040\000Y\000,\000\040\000Y\000,\000\040\0001\000Y\000\040\000o\000r\000\040\0001\000Y\000+\0001}{subsection.5.2}% 118
\BOOKMARK [2][-]{subsection.5.3}{\376\377\000C\000h\000e\000c\000k\000\040\0002\000.\000\040\000N\000o\000r\000m\000a\000l\000i\000t\000y}{section.5}% 119
\BOOKMARK [3][-]{subsubsection.5.3.1}{\376\377\000M\000e\000t\000h\000o\000d\000\040\0001\000:\000\040\000H\000i\000s\000t\000o\000g\000r\000a\000m\000,\000\040\000g\000r\000a\000p\000h\000\040\000r\000e\000s\000i\000d\000u\000a\000l\000s\000\040\000a\000g\000a\000i\000n\000s\000t\000\040\000i\000t\000s\000\040\000f\000r\000e\000q\000u\000e\000n\000c\000y}{subsection.5.3}% 120
\BOOKMARK [3][-]{subsubsection.5.3.2}{\376\377\000M\000e\000t\000h\000o\000d\000\040\0002\000:\000\040\000Q\000Q\000-\000P\000l\000o\000t\000,\000\040\000g\000r\000a\000p\000h\000\040\000r\000e\000s\000i\000d\000u\000a\000l\000s\000\040\000a\000g\000a\000i\000n\000s\000t\000\040\000i\000t\000s\000\040\000f\000r\000e\000q\000u\000e\000n\000c\000y}{subsection.5.3}% 121
\BOOKMARK [3][-]{subsubsection.5.3.3}{\376\377\000M\000e\000t\000h\000o\000d\000\040\0003\000:\000\040\000S\000h\000a\000p\000i\000r\000o\000-\000W\000i\000l\000k\000\040\000T\000e\000s\000t\000\040\000\050\000g\000o\000o\000d\000\040\000f\000o\000r\000\040\000n\000\040\0005\0000\000\051}{subsection.5.3}% 122
\BOOKMARK [3][-]{subsubsection.5.3.4}{\376\377\000M\000e\000t\000h\000o\000d\000\040\0004\000:\000\040\000K\000o\000l\000m\000o\000g\000o\000r\000o\000v\000-\000S\000m\000i\000r\000n\000o\000v\000\040\000T\000e\000s\000t\000\040\000\050\000g\000o\000o\000d\000\040\000f\000o\000r\000\040\000n\000\040\000>\000\040\0005\0000\000\051}{subsection.5.3}% 123
\BOOKMARK [3][-]{subsubsection.5.3.5}{\376\377\000R\000e\000m\000e\000d\000i\000a\000l\000\040\000m\000e\000a\000s\000u\000r\000e\000:\000\040\000B\000o\000x\000-\000C\000o\000x\000\040\000T\000r\000a\000n\000s\000f\000o\000r\000m\000a\000t\000i\000o\000n\000s\000\040\000o\000f\000\040\000Y}{subsection.5.3}% 124
\BOOKMARK [2][-]{subsection.5.4}{\376\377\000\040\000C\000h\000e\000c\000k\000i\000n\000g\000\040\0003\000.\000\040\000S\000e\000r\000i\000a\000l\000\040\000D\000e\000p\000e\000n\000d\000e\000n\000c\000e}{section.5}% 125
\BOOKMARK [3][-]{subsubsection.5.4.1}{\376\377\000M\000e\000t\000h\000o\000d\000\040\0001\000:\000\040\000g\000r\000a\000p\000h\000\040\000r\000e\000s\000i\000d\000u\000a\000l\000s\000\040\000a\000g\000a\000i\000n\000s\000t\000\040\000i\000n\000d\000e\000x\000\040\000v\000a\000r\000i\000a\000b\000l\000e\000\050\000t\000i\000m\000e\000\040\000o\000r\000\040\000c\000a\000s\000e\000\040\000n\000u\000m\000b\000e\000r\000\051}{subsection.5.4}% 126
\BOOKMARK [3][-]{subsubsection.5.4.2}{\376\377\000M\000e\000t\000h\000o\000d\000\040\0002\000:\000\040\000D\000u\000r\000b\000i\000n\000\040\000W\000a\000t\000s\000o\000n\000\040\000t\000e\000s\000t}{subsection.5.4}% 127
\BOOKMARK [2][-]{subsection.5.5}{\376\377\000\040\000C\000h\000e\000c\000k\000i\000n\000g\000\040\0004\000.\000\040\000N\000o\000n\000-\000L\000i\000n\000e\000a\000r\000i\000t\000y}{section.5}% 128
\BOOKMARK [3][-]{subsubsection.5.5.1}{\376\377\000M\000e\000t\000h\000o\000d\000\040\0001\000:\000\040\000P\000a\000r\000t\000i\000a\000l\000\040\000R\000e\000g\000r\000e\000s\000s\000i\000o\000n\000\040\000P\000l\000o\000t\000s}{subsection.5.5}% 129
\BOOKMARK [3][-]{subsubsection.5.5.2}{\376\377\000R\000e\000m\000e\000d\000i\000a\000l\000\040\000m\000e\000a\000s\000u\000r\000e\000:\000\040\000L\000i\000n\000e\000a\000r\000i\000z\000i\000n\000g\000\040\000T\000r\000a\000n\000s\000f\000o\000r\000m\000a\000t\000i\000o\000n\000s}{subsection.5.5}% 130
\BOOKMARK [3][-]{subsubsection.5.5.3}{\376\377\000R\000e\000m\000e\000d\000i\000a\000l\000\040\000m\000e\000a\000s\000u\000r\000e\000:\000\040\000B\000o\000x\000-\000C\000o\000x\000\040\000T\000r\000a\000n\000s\000f\000o\000r\000m\000a\000t\000i\000o\000n\000s\000\040\000o\000f\000\040\000Y\000\040\000a\000l\000s\000o\000\040\000w\000o\000r\000k\000s}{subsection.5.5}% 131
\BOOKMARK [1][-]{section.6}{\376\377\000\040\000M\000L\000R\000\040\000D\000i\000a\000g\000n\000o\000s\000t\000i\000c\000s\000:\000\040\000C\000o\000l\000l\000i\000n\000e\000a\000r\000i\000t\000y}{}% 132
\BOOKMARK [2][-]{subsection.6.1}{\376\377\000E\000x\000a\000c\000t\000\040\000C\000o\000l\000l\000i\000n\000e\000a\000r\000i\000t\000y\000/\000\040\000l\000i\000n\000e\000a\000r\000l\000y\000\040\000d\000e\000p\000e\000n\000d\000e\000n\000t}{section.6}% 133
\BOOKMARK [2][-]{subsection.6.2}{\376\377\000W\000h\000a\000t\000\040\000h\000a\000p\000p\000e\000n\000s\000\040\000i\000f\000\040\000e\000x\000a\000c\000t\000\040\000c\000o\000l\000l\000i\000n\000e\000a\000r\000i\000t\000y}{section.6}% 134
\BOOKMARK [2][-]{subsection.6.3}{\376\377\000A\000p\000p\000r\000o\000x\000i\000m\000a\000t\000e\000\040\000C\000o\000l\000l\000i\000n\000e\000a\000r\000i\000t\000y}{section.6}% 135
\BOOKMARK [2][-]{subsection.6.4}{\376\377\000W\000h\000a\000t\000\040\000h\000a\000p\000p\000e\000n\000s\000\040\000i\000f\000\040\000a\000p\000p\000r\000o\000x\000i\000m\000a\000t\000e\000\040\000c\000o\000l\000l\000i\000n\000e\000a\000r\000i\000t\000y\000:\000\040\000b\000a\000s\000e\000d\000\040\000o\000n\000\040\000\050\0001\0001\000-\000R\000k\0002\000\051\000\040\000\050\000k\000-\000t\000h\000\040\000v\000a\000r\000i\000a\000n\000c\000e\000\040\000i\000n\373\002\000a\000t\000i\000o\000n\000\040\000f\000a\000c\000t\000o\000r\000\040\000\050\000V\000I\000F\000\051\000,\000\040\000V\000I\000F\000>\0001\0000\000\051}{section.6}% 136
\BOOKMARK [2][-]{subsection.6.5}{\376\377\000P\000o\000s\000s\000i\000b\000l\000e\000\040\000s\000y\000m\000p\000t\000o\000m\000s\000\040\000o\000f\000\040\000c\000o\000l\000l\000i\000n\000e\000a\000r\000i\000t\000y}{section.6}% 137
\BOOKMARK [2][-]{subsection.6.6}{\376\377\000G\000l\000o\000b\000a\000l\000\040\000M\000e\000a\000s\000u\000r\000e\000\040\000o\000f\000\040\000C\000o\000l\000l\000i\000n\000e\000a\000r\000i\000t\000y\000:\000\040\000c\000o\000n\000d\000i\000t\000i\000o\000n\000\040\000n\000u\000m\000b\000e\000r\000\040\000o\000f\000\040\000X\000T\000\040\000X}{section.6}% 138
\BOOKMARK [2][-]{subsection.6.7}{\376\377\000W\000h\000a\000t\000\040\000t\000o\000\040\000d\000o\000\040\000w\000i\000t\000h\000\040\000c\000o\000l\000l\000i\000n\000e\000a\000r\000i\000t\000y}{section.6}% 139
\BOOKMARK [1][-]{section.7}{\376\377\000G\000e\000n\000e\000r\000a\000l\000i\000z\000e\000d\000\040\000L\000e\000a\000s\000t\000\040\000S\000q\000u\000a\000r\000e\000s\000\040\000\050\000G\000L\000S\000\051}{}% 140
\BOOKMARK [2][-]{subsection.7.1}{\376\377\000G\000L\000S\000,\000\040\000\040\000k\000n\000o\000w\000n\000\040\000\050\000=\000\050\000X\000\040\000-\0001\000\040\000X\000\051\000-\0001\000\040\000X\000\040\000-\0001\000\040\000y\000,\000\040\000R\000S\000S\000=\000\050\000y\000-\000X\000\040\000\051\000\040\000-\0001\000\050\000y\000-\000X\000\040\000\051\000\051}{section.7}% 141
\BOOKMARK [3][-]{subsubsection.7.1.1}{\376\377\000M\000e\000t\000h\000o\000d\000\040\0001\000:\000\040\000T\000r\000a\000n\000s\000f\000o\000r\000m\000\040\000b\000a\000c\000k\000\040\000t\000o\000\040\000O\000L\000S}{subsection.7.1}% 142
\BOOKMARK [3][-]{subsubsection.7.1.2}{\376\377\000W\000e\000i\000g\000h\000t\000e\000d\000\040\000L\000e\000a\000s\000t\000\040\000S\000q\000u\000a\000r\000e\000s\000\040\000\050\000W\000L\000S\000\051}{subsection.7.1}% 143
\BOOKMARK [3][-]{subsubsection.7.1.3}{\376\377\000W\000L\000S\000\040\000s\000p\000e\000c\000i\000a\000l\000\040\000e\000x\000a\000m\000p\000l\000e\000\040\000:\000\040\000R\000e\000p\000l\000i\000c\000a\000t\000e\000d\000\040\000O\000b\000s\000e\000r\000v\000a\000t\000i\000o\000n\000s}{subsection.7.1}% 144
\BOOKMARK [3][-]{subsubsection.7.1.4}{\376\377\000M\000e\000t\000h\000o\000d\000\040\0002\000:\000\040\000L\000i\000k\000e\000l\000i\000h\000o\000o\000d\000\040\000E\000s\000t\000i\000m\000a\000t\000i\000o\000n}{subsection.7.1}% 145
\BOOKMARK [2][-]{subsection.7.2}{\376\377\000G\000L\000S\000,\000\040\000\040\000u\000n\000k\000n\000o\000w\000n}{section.7}% 146
\BOOKMARK [3][-]{subsubsection.7.2.1}{\376\377\000M\000e\000t\000h\000o\000d\000\040\0001\000:\000\040\000E\000s\000t\000i\000m\000a\000t\000i\000o\000n\000\040\000o\000f\000\040\000V\000a\000r\000i\000a\000n\000c\000e\000\040\000\050\000r\000i\0002\000\051\000/\000S\000t\000a\000n\000d\000a\000r\000d\000\040\000D\000e\000v\000i\000a\000t\000i\000o\000n\000\040\000F\000u\000n\000c\000t\000i\000o\000n\000\040\000\050\000|\000r\000i\000|\000\051}{subsection.7.2}% 147
\BOOKMARK [3][-]{subsubsection.7.2.2}{\376\377\000M\000e\000t\000h\000o\000d\000\040\0002\000:\000\040\000i\000t\000e\000r\000a\000t\000i\000v\000e\000\040\000a\000p\000p\000r\000o\000a\000c\000h}{subsection.7.2}% 148
\BOOKMARK [1][-]{section.8}{\376\377\000\040\000G\000L\000S\000\040\000D\000i\000a\000g\000n\000o\000s\000t\000i\000c\000s\000:\000\040\000L\000a\000c\000k\000\040\000o\000f\000\040\000F\000i\000t\000\040\000T\000e\000s\000t\000s}{}% 149
\BOOKMARK [2][-]{subsection.8.1}{\376\377\000G\000a\000u\000s\000s\000i\000a\000n\000\040\000A\000s\000s\000u\000m\000p\000t\000i\000o\000n}{section.8}% 150
\BOOKMARK [2][-]{subsection.8.2}{\376\377\000W\000h\000e\000n\000\040\0002\000\040\000i\000s\000\040\000k\000n\000o\000w\000n}{section.8}% 151
\BOOKMARK [2][-]{subsection.8.3}{\376\377\000W\000h\000e\000n\000\040\0002\000\040\000i\000s\000\040\000u\000n\000k\000n\000o\000w\000n}{section.8}% 152
\BOOKMARK [3][-]{subsubsection.8.3.1}{\376\377\000H\000y\000p\000o\000t\000h\000e\000s\000i\000s}{subsection.8.3}% 153
\BOOKMARK [3][-]{subsubsection.8.3.2}{\376\377\000U\000n\000d\000e\000r\000\040\000t\000h\000e\000\040\000n\000u\000l\000l\000\040\000h\000y\000p\000o\000t\000h\000e\000s\000i\000s\000\040\000H\0000}{subsection.8.3}% 154
\BOOKMARK [3][-]{subsubsection.8.3.3}{\376\377\000U\000n\000d\000e\000r\000\040\000t\000h\000e\000\040\000a\000l\000t\000e\000r\000n\000a\000t\000i\000v\000e\000\040\000b\000i\000g\000-\000m\000o\000d\000e\000l\000\040\000h\000y\000p\000o\000t\000h\000e\000s\000i\000s\000\040\000H\000\040\000:}{subsection.8.3}% 155
\BOOKMARK [3][-]{subsubsection.8.3.4}{\376\377\000F\000-\000T\000e\000s\000t}{subsection.8.3}% 156
\BOOKMARK [1][-]{section.9}{\376\377\000P\000o\000l\000y\000n\000o\000m\000i\000a\000l\000s\000\040\000R\000e\000g\000r\000e\000s\000s\000i\000o\000n}{}% 157
\BOOKMARK [2][-]{subsection.9.1}{\376\377\000B\000a\000s\000i\000c\000\040\000F\000u\000n\000c\000t\000i\000o\000n}{section.9}% 158
\BOOKMARK [2][-]{subsection.9.2}{\376\377\000C\000h\000o\000o\000s\000e\000\040\000O\000r\000d\000e\000r\000\040\000d}{section.9}% 159
\BOOKMARK [2][-]{subsection.9.3}{\376\377\000O\000r\000t\000h\000o\000g\000o\000n\000a\000l\000\040\000P\000o\000l\000y\000n\000o\000m\000i\000a\000l\000s}{section.9}% 160
\BOOKMARK [2][-]{subsection.9.4}{\376\377\000P\000i\000e\000c\000e\000-\000w\000i\000s\000e\000\040\000P\000o\000l\000y\000n\000o\000m\000i\000a\000l\000s}{section.9}% 161
\BOOKMARK [2][-]{subsection.9.5}{\376\377\000C\000u\000b\000i\000c\000\040\000S\000p\000l\000i\000n\000e\000s}{section.9}% 162
\BOOKMARK [3][-]{subsubsection.9.5.1}{\376\377\000W\000h\000y\000\040\000S\000p\000l\000i\000n\000e}{subsection.9.5}% 163
\BOOKMARK [3][-]{subsubsection.9.5.2}{\376\377\000S\000e\000t\000t\000i\000n\000g\000s}{subsection.9.5}% 164
\BOOKMARK [3][-]{subsubsection.9.5.3}{\376\377\000N\000u\000m\000b\000e\000r\000\040\000o\000f\000\040\000f\000r\000e\000e\000\040\000p\000a\000r\000a\000m\000e\000t\000e\000r\000s\000:\000\040\000m\000+\0004}{subsection.9.5}% 165
\BOOKMARK [3][-]{subsubsection.9.5.4}{\376\377\000P\000r\000o\000p\000e\000r\000t\000i\000e\000s\000:\000\040\000l\000i\000n\000e\000a\000r\000\040\000c\000o\000m\000b\000i\000n\000a\000t\000i\000o\000n\000\040\000a\000l\000s\000o\000\040\000c\000u\000b\000i\000c\000\040\000s\000p\000l\000i\000n\000e}{subsection.9.5}% 166
\BOOKMARK [3][-]{subsubsection.9.5.5}{\376\377\000C\000u\000b\000i\000c\000\040\000S\000p\000l\000i\000n\000e\000s\000\040\000B\000a\000s\000i\000s}{subsection.9.5}% 167
\BOOKMARK [2][-]{subsection.9.6}{\376\377\000N\000a\000t\000u\000r\000a\000l\000\040\000C\000u\000b\000i\000c\000\040\000S\000p\000l\000i\000n\000e\000s\000\040\000\050\000N\000C\000S\000\051}{section.9}% 168
\BOOKMARK [3][-]{subsubsection.9.6.1}{\376\377\000D\000e\000g\000r\000e\000e\000\040\000o\000f\000\040\000F\000r\000e\000e\000d\000o\000m\000\040\000\050\000N\000u\000m\000b\000e\000r\000\040\000o\000f\000\040\000f\000r\000e\000e\000\040\000p\000a\000r\000a\000m\000e\000t\000e\000r\000s\000\051\000:\000\040\000m}{subsection.9.6}% 169
\BOOKMARK [3][-]{subsubsection.9.6.2}{\376\377\000N\000C\000S\000\040\000B\000a\000s\000i\000s}{subsection.9.6}% 170
\BOOKMARK [3][-]{subsubsection.9.6.3}{\376\377\000N\000o\000t\000e\000:\000\040\000W\000a\000s\000t\000e\000\040\000o\000f\000\040\000D\000a\000t\000a\000\040\000p\000o\000i\000n\000t\000s}{subsection.9.6}% 171
\BOOKMARK [2][-]{subsection.9.7}{\376\377\000R\000e\000g\000r\000e\000s\000s\000i\000o\000n\000\040\000S\000p\000l\000i\000n\000e\000s}{section.9}% 172
\BOOKMARK [2][-]{subsection.9.8}{\376\377\000K\000-\000F\000o\000l\000d\000\040\000C\000r\000o\000s\000s\000-\000V\000a\000l\000i\000d\000a\000t\000i\000o\000n}{section.9}% 173
\BOOKMARK [1][-]{section.10}{\376\377\000A\000N\000a\000l\000y\000s\000i\000s\000\040\000o\000f\000\040\000C\000O\000V\000A\000r\000i\000a\000n\000c\000e\000\040\000\050\000A\000N\000O\000V\000A\000\051\000:\000\040\000B\000a\000s\000i\000c}{}% 174
\BOOKMARK [2][-]{subsection.10.1}{\376\377\000T\000w\000o\000\040\000l\000e\000v\000e\000l\000\040\000e\000x\000a\000m\000p\000l\000e}{section.10}% 175
\BOOKMARK [2][-]{subsection.10.2}{\376\377\000T\000w\000o\000-\000l\000e\000v\000e\000l\000\040\000T\000e\000s\000t\000:\000\040\000t\000-\000t\000e\000s\000t}{section.10}% 176
\BOOKMARK [2][-]{subsection.10.3}{\376\377\000M\000u\000l\000t\000i\000-\000l\000e\000v\000e\000l\000\040\000e\000x\000a\000m\000p\000l\000e}{section.10}% 177
\BOOKMARK [2][-]{subsection.10.4}{\376\377\000M\000u\000l\000t\000i\000-\000l\000e\000v\000e\000l\000\040\000T\000e\000s\000t\000:\000\040\000F\000-\000t\000e\000s\000t}{section.10}% 178
\BOOKMARK [1][-]{section.11}{\376\377\000\040\000M\000o\000d\000e\000l\000\040\000A\000d\000j\000u\000s\000t\000m\000e\000n\000t\000:\000\040\000V\000a\000r\000i\000a\000b\000l\000e\000\040\000S\000e\000l\000e\000c\000t\000i\000o\000n}{}% 179
\BOOKMARK [2][-]{subsection.11.1}{\376\377\000\040\000T\000r\000a\000i\000n\000i\000n\000g\000\040\000a\000n\000d\000\040\000T\000e\000s\000t\000\040\000E\000r\000r\000o\000r\000s}{section.11}% 180
\BOOKMARK [2][-]{subsection.11.2}{\376\377\000M\000o\000d\000e\000l\000\040\000s\000e\000l\000e\000c\000t\000i\000o\000n\000\040\000p\000r\000o\000c\000e\000d\000u\000r\000e\000s}{section.11}% 181
\BOOKMARK [3][-]{subsubsection.11.2.1}{\376\377\000T\000e\000s\000t\000i\000n\000g\000-\000b\000a\000s\000e\000d\000\040\000p\000r\000o\000c\000e\000d\000u\000r\000e\000s}{subsection.11.2}% 182
\BOOKMARK [3][-]{subsubsection.11.2.2}{\376\377\000C\000r\000i\000t\000e\000r\000i\000o\000n\000-\000b\000a\000s\000e\000d\000\040\000p\000r\000o\000c\000e\000d\000u\000r\000e\000s}{subsection.11.2}% 183
\BOOKMARK [1][-]{section.12}{\376\377\000\040\000M\000o\000d\000e\000l\000\040\000A\000d\000j\000u\000s\000t\000m\000e\000n\000t\000:\000\040\000S\000h\000r\000i\000n\000k\000a\000g\000e\000\040\000M\000e\000t\000h\000o\000d\000s}{}% 184
\BOOKMARK [2][-]{subsection.12.1}{\376\377\000\040\000P\000r\000i\000n\000c\000i\000p\000a\000l\000\040\000C\000o\000m\000p\000o\000n\000e\000n\000t\000s\000\040\000R\000e\000g\000r\000e\000s\000s\000i\000o\000n\000\040\000\050\000P\000C\000R\000\051}{section.12}% 185
\BOOKMARK [3][-]{subsubsection.12.1.1}{\376\377\000\040\000P\000r\000i\000n\000c\000i\000p\000a\000l\000\040\000C\000o\000m\000p\000o\000n\000e\000n\000t\000\040\000A\000n\000a\000l\000y\000s\000i\000s\000\040\000\050\000P\000C\000A\000\051}{subsection.12.1}% 186
\BOOKMARK [3][-]{subsubsection.12.1.2}{\376\377\000A\000f\000t\000e\000r\000\040\000P\000C\000A}{subsection.12.1}% 187
\BOOKMARK [3][-]{subsubsection.12.1.3}{\376\377\000U\000s\000e\000\040\000H\000o\000w\000\040\000m\000a\000n\000y\000\040\000P\000r\000i\000n\000c\000i\000p\000a\000l\000\040\000C\000o\000m\000p\000o\000n\000e\000n\000t\000s\000?}{subsection.12.1}% 188
\BOOKMARK [2][-]{subsection.12.2}{\376\377\000R\000i\000d\000g\000e\000\040\000R\000e\000g\000r\000e\000s\000s\000i\000o\000n}{section.12}% 189
\BOOKMARK [2][-]{subsection.12.3}{\376\377\000L\000a\000s\000s\000o\000\040\000R\000e\000g\000r\000e\000s\000s\000i\000o\000n}{section.12}% 190
\BOOKMARK [2][-]{subsection.12.4}{\376\377\000C\000o\000m\000p\000a\000r\000i\000n\000g\000\040\000R\000i\000d\000g\000e\000\040\000R\000e\000g\000r\000e\000s\000s\000i\000o\000n\000\040\000a\000n\000d\000\040\000L\000a\000s\000s\000o}{section.12}% 191
\BOOKMARK [1][-]{section.13}{\376\377\000A\000N\000O\000V\000A\000:\000\040\000C\000o\000m\000p\000a\000r\000a\000t\000i\000v\000e\000\040\000E\000x\000p\000e\000r\000i\000m\000e\000n\000t\000s}{}% 192
\BOOKMARK [2][-]{subsection.13.1}{\376\377\000T\000e\000r\000m\000i\000n\000o\000l\000o\000g\000y}{section.13}% 193
\BOOKMARK [2][-]{subsection.13.2}{\376\377\000D\000a\000t\000a}{section.13}% 194
\BOOKMARK [2][-]{subsection.13.3}{\376\377\000A\000N\000O\000V\000A\000\040\000M\000o\000d\000e\000l}{section.13}% 195
\BOOKMARK [3][-]{subsubsection.13.3.1}{\376\377\000A\000N\000O\000V\000A\000\040\000M\000e\000a\000n\000s\000\040\000M\000o\000d\000e\000l\000\040\000\050\000C\000e\000l\000l\000\040\000M\000e\000a\000n\000s\000\040\000M\000o\000d\000e\000l\000\051}{subsection.13.3}% 196
\BOOKMARK [3][-]{subsubsection.13.3.2}{\376\377\000F\000a\000c\000t\000o\000r\000\040\000E\000f\000f\000e\000c\000t\000s\000\040\000M\000o\000d\000e\000l}{subsection.13.3}% 197
\BOOKMARK [2][-]{subsection.13.4}{\376\377\000M\000o\000d\000e\000l\000\040\000P\000r\000o\000p\000e\000r\000t\000i\000e\000s}{section.13}% 198
\BOOKMARK [2][-]{subsection.13.5}{\376\377\000M\000o\000d\000e\000l\000\040\000E\000s\000t\000i\000m\000a\000t\000i\000o\000n}{section.13}% 199
\BOOKMARK [2][-]{subsection.13.6}{\376\377\000F\000-\000t\000e\000s\000t}{section.13}% 200
\BOOKMARK [2][-]{subsection.13.7}{\376\377\000D\000i\000a\000g\000n\000o\000s\000t\000i\000c\000s\000\040\000f\000o\000r\000\040\000A\000N\000O\000V\000A\000\040\000M\000o\000d\000e\000l\000s}{section.13}% 201
\BOOKMARK [2][-]{subsection.13.8}{\376\377\000I\000n\000f\000e\000r\000e\000n\000c\000e\000\040\000f\000o\000r\000\040\000F\000a\000c\000t\000o\000r\000\040\000L\000e\000v\000e\000l\000\040\000M\000e\000a\000n\000s\000\040\000\050\000f\000u\000n\000c\000t\000i\000o\000n\000\040\000a\000b\000o\000u\000t\000\040\000t\000h\000e\000\040\000i\000s\000\051}{section.13}% 202
\BOOKMARK [3][-]{subsubsection.13.8.1}{\376\377\000A\000\040\000s\000i\000n\000g\000l\000e\000\040\000f\000a\000c\000t\000o\000r\000\040\000l\000e\000v\000e\000l\000\040\000m\000e\000a\000n}{subsection.13.8}% 203
\BOOKMARK [3][-]{subsubsection.13.8.2}{\376\377\000A\000\040\000d\000i\000f\000f\000e\000r\000e\000n\000c\000e\000\040\000b\000e\000t\000w\000e\000e\000n\000\040\000t\000w\000o\000\040\000f\000a\000c\000t\000o\000r\000\040\000l\000e\000v\000e\000l\000\040\000m\000e\000a\000n\000s}{subsection.13.8}% 204
\BOOKMARK [3][-]{subsubsection.13.8.3}{\376\377\000A\000\040\000c\000o\000n\000t\000r\000a\000s\000t\000\040\000a\000m\000o\000n\000g\000\040\000f\000a\000c\000t\000o\000r\000\040\000l\000e\000v\000e\000l\000\040\000m\000e\000a\000n\000s}{subsection.13.8}% 205
\BOOKMARK [3][-]{subsubsection.13.8.4}{\376\377\000A\000\040\000l\000i\000n\000e\000a\000r\000\040\000c\000o\000m\000b\000i\000n\000a\000t\000i\000o\000n\000\040\000o\000f\000\040\000f\000a\000c\000t\000o\000r\000\040\000l\000e\000v\000e\000l\000\040\000m\000e\000a\000n\000s}{subsection.13.8}% 206
\BOOKMARK [2][-]{subsection.13.9}{\376\377\000L\000i\000m\000i\000t\000a\000t\000i\000o\000n\000s\000\040\000o\000f\000\040\000I\000n\000f\000e\000r\000e\000n\000c\000e\000\040\000P\000r\000o\000c\000e\000d\000u\000r\000e\000s}{section.13}% 207
\BOOKMARK [2][-]{subsection.13.10}{\376\377\000B\000o\000n\000f\000e\000r\000r\000o\000n\000i\000\040\000C\000o\000r\000r\000e\000c\000t\000i\000o\000n\000\040\000m}{section.13}% 208
\BOOKMARK [2][-]{subsection.13.11}{\376\377\000T\000u\000k\000e\000y\040\031\000s\000\040\000P\000a\000i\000r\000e\000d\000\040\000C\000o\000m\000p\000a\000r\000i\000s\000o\000n\000\040\000P\000r\000o\000c\000e\000d\000u\000r\000e\000s}{section.13}% 209
\BOOKMARK [2][-]{subsection.13.12}{\376\377\000S\000c\000h\000e\000f\000f\000e\040\031\000s\000\040\000M\000e\000t\000h\000o\000d\000\040\000f\000o\000r\000\040\000C\000o\000n\000t\000r\000a\000s\000t\000s}{section.13}% 210
\BOOKMARK [1][-]{section.14}{\376\377\000T\000w\000o\000\040\000W\000a\000y\000\040\000A\000N\000O\000V\000A}{}% 211
\BOOKMARK [2][-]{subsection.14.1}{\376\377\000F\000a\000c\000t\000o\000r\000\040\000E\373\000\000e\000c\000t\000s\000\040\000M\000o\000d\000e\000l\000\040\000f\000o\000r\000\040\000T\000w\000o\000\040\000F\000a\000c\000t\000o\000r\000s}{section.14}% 212
\BOOKMARK [2][-]{subsection.14.2}{\376\377\000I\000n\000t\000e\000r\000a\000c\000t\000i\000o\000n\000\040\000P\000l\000o\000t\000s}{section.14}% 213
\BOOKMARK [2][-]{subsection.14.3}{\376\377\000P\000a\000r\000t\000i\000t\000i\000o\000n\000i\000n\000g\000\040\000o\000f\000\040\000T\000o\000t\000a\000l\000\040\000S\000u\000m\000\040\000o\000f\000\040\000S\000q\000u\000a\000r\000e\000s}{section.14}% 214
\BOOKMARK [2][-]{subsection.14.4}{\376\377\000P\000a\000r\000t\000i\000t\000i\000o\000n\000i\000n\000g\000\040\000o\000f\000\040\000T\000r\000e\000a\000t\000m\000e\000n\000t\000\040\000S\000u\000m\000\040\000o\000f\000\040\000S\000q\000u\000a\000r\000e\000s}{section.14}% 215
\BOOKMARK [2][-]{subsection.14.5}{\376\377\000A\000N\000O\000V\000A\000\040\000T\000a\000b\000l\000e}{section.14}% 216
\BOOKMARK [2][-]{subsection.14.6}{\376\377\000F\000-\000t\000e\000s\000t}{section.14}% 217
\BOOKMARK [2][-]{subsection.14.7}{\376\377\000E\000s\000t\000i\000m\000a\000t\000i\000o\000n\000\040\000o\000f\000\040\000F\000a\000c\000t\000o\000r\000\040\000L\000e\000v\000e\000l\000\040\000M\000e\000a\000n\000s}{section.14}% 218
\BOOKMARK [2][-]{subsection.14.8}{\376\377\000E\000s\000t\000i\000m\000a\000t\000i\000o\000n\000\040\000o\000f\000\040\000T\000r\000e\000a\000t\000m\000e\000n\000t\000\040\000M\000e\000a\000n\000s}{section.14}% 219
\BOOKMARK [1][-]{section.15}{\376\377\000T\000w\000o\000\040\000W\000a\000y\000\040\000A\000N\000O\000V\000A\000:\000\040\000S\000p\000e\000c\000i\000a\000l\000\040\000C\000a\000s\000e\000s}{}% 220
\BOOKMARK [2][-]{subsection.15.1}{\376\377\000U\000n\000b\000a\000l\000a\000n\000c\000e\000d\000\040\000A\000N\000O\000V\000A\000\040\000\050\000U\000s\000e\000\040\000P\000a\000r\000t\000i\000a\000l\000\040\000F\000-\000T\000e\000s\000t\000\040\000o\000r\000\040\000A\000N\000O\000V\000A\000\040\000t\000y\000p\000e\000\040\000I\000I\000I\000\040\000i\000n\000\040\000R\000\051}{section.15}% 221
\BOOKMARK [3][-]{subsubsection.15.1.1}{\376\377\000\040\000U\000s\000e\000\040\000P\000a\000r\000t\000i\000a\000l\000\040\000F\000-\000T\000e\000s\000t}{subsection.15.1}% 222
\BOOKMARK [3][-]{subsubsection.15.1.2}{\376\377\000A\000N\000O\000V\000A\000\040\000t\000y\000p\000e\000\040\000I\000I\000I\000\040\000i\000n\000\040\000R}{subsection.15.1}% 223
\BOOKMARK [2][-]{subsection.15.2}{\376\377\000\040\000B\000a\000l\000a\000n\000c\000e\000d\000\040\000A\000N\000O\000V\000A\000\040\000w\000i\000t\000h\000\040\000n\000\040\000=\000\040\0001\000\040\000\050\000T\000u\000k\000e\000y\040\031\000s\000\040\000T\000e\000s\000t\000\051}{section.15}% 224
\BOOKMARK [3][-]{subsubsection.15.2.1}{\376\377\000\040\000T\000u\000k\000e\000y\040\031\000s\000\040\000T\000e\000s\000t\000\040\000f\000o\000r\000\040\000A\000d\000d\000i\000t\000i\000v\000i\000t\000y}{subsection.15.2}% 225
\BOOKMARK [1][-]{section.16}{\376\377\000\040\000E\000x\000p\000e\000r\000i\000m\000e\000n\000t\000a\000l\000\040\000D\000e\000s\000i\000g\000n\000s\000:\000\040\000I\000n\000t\000r\000o\000d\000u\000c\000t\000i\000o\000n}{}% 226
\BOOKMARK [2][-]{subsection.16.1}{\376\377\000\040\000E\000x\000p\000e\000r\000i\000m\000e\000n\000t\000a\000l\000\040\000v\000s\000.\000\040\000O\000b\000s\000e\000r\000v\000a\000t\000i\000o\000n\000a\000l\000\040\000S\000t\000u\000d\000y}{section.16}% 227
\BOOKMARK [2][-]{subsection.16.2}{\376\377\000\040\000P\000r\000i\000n\000c\000i\000p\000l\000e\000s\000\040\000o\000f\000\040\000E\000x\000p\000e\000r\000i\000m\000e\000n\000t\000a\000l\000\040\000D\000e\000s\000i\000g\000n}{section.16}% 228
\BOOKMARK [2][-]{subsection.16.3}{\376\377\000\040\000R\000a\000n\000d\000o\000m\000i\000z\000a\000t\000i\000o\000n\000\040\000T\000e\000s\000t}{section.16}% 229
\BOOKMARK [1][-]{section.17}{\376\377\000\040\000E\000x\000p\000e\000r\000i\000m\000e\000n\000t\000a\000l\000\040\000D\000e\000s\000i\000g\000n\000s\000:\000\040\000B\000l\000o\000c\000k\000i\000n\000g}{}% 230
\BOOKMARK [2][-]{subsection.17.1}{\376\377\000\040\000R\000a\000n\000d\000o\000m\000i\000z\000e\000d\000\040\000C\000o\000m\000p\000l\000e\000t\000e\000\040\000B\000l\000o\000c\000k\000\040\000D\000e\000s\000i\000g\000n\000\040\000\050\000R\000C\000B\000D\000\051\000\040\000M\000o\000d\000e\000l}{section.17}% 231
\BOOKMARK [2][-]{subsection.17.2}{\376\377\000\040\000L\000a\000t\000i\000n\000\040\000S\000q\000u\000a\000r\000e\000s}{section.17}% 232
\BOOKMARK [3][-]{subsubsection.17.2.1}{\376\377\000E\000x\000a\000m\000p\000l\000e}{subsection.17.2}% 233
\BOOKMARK [3][-]{subsubsection.17.2.2}{\376\377\000\040\000F\000e\000a\000t\000u\000r\000e\000s\000\040\000o\000f\000\040\000a\000\040\000L\000a\000t\000i\000n\000\040\000S\000q\000u\000a\000r\000e\000\040\000D\000e\000s\000i\000g\000n}{subsection.17.2}% 234
\BOOKMARK [3][-]{subsubsection.17.2.3}{\376\377\000\040\000R\000a\000n\000d\000o\000m\000i\000z\000a\000t\000i\000o\000n\000\040\000i\000n\000\040\000L\000a\000t\000i\000n\000\040\000S\000q\000u\000a\000r\000e\000\040\000D\000e\000s\000i\000g\000n\000s}{subsection.17.2}% 235
\BOOKMARK [3][-]{subsubsection.17.2.4}{\376\377\000\040\000L\000a\000t\000i\000n\000\040\000S\000q\000u\000a\000r\000e\000\040\000M\000o\000d\000e\000l}{subsection.17.2}% 236
\BOOKMARK [2][-]{subsection.17.3}{\376\377\000\040\000B\000a\000l\000a\000n\000c\000e\000d\000\040\000I\000n\000c\000o\000m\000p\000l\000e\000t\000e\000\040\000B\000l\000o\000c\000k\000\040\000D\000e\000s\000i\000g\000n\000\040\000\050\000B\000I\000B\000D\000\051}{section.17}% 237
\BOOKMARK [2][-]{subsection.17.4}{\376\377\000\040\000B\000I\000B\000D\000\040\000R\000e\000m\000a\000r\000k\000s}{section.17}% 238
\BOOKMARK [1][-]{section.18}{\376\377\000\040\000L\000i\000n\000e\000a\000r\000\040\000M\000o\000d\000e\000l\000s\000\040\000w\000i\000t\000h\000\040\000R\000a\000n\000d\000o\000m\000\040\000E\000f\000f\000e\000c\000t\000s}{}% 239
\BOOKMARK [2][-]{subsection.18.1}{\376\377\000\040\000R\000a\000n\000d\000o\000m\000\040\000E\000f\000f\000e\000c\000t\000s}{section.18}% 240
\BOOKMARK [2][-]{subsection.18.2}{\376\377\000\040\000I\000n\000t\000r\000a\000c\000l\000a\000s\000s\000\040\000C\000o\000r\000r\000e\000l\000a\000t\000i\000o\000n}{section.18}% 241
\BOOKMARK [2][-]{subsection.18.3}{\376\377\000\040\000M\000i\000x\000e\000d\000\040\000M\000o\000d\000e\000l\000s}{section.18}% 242
\BOOKMARK [2][-]{subsection.18.4}{\376\377\000R\000E\000M\000L\000:\000\040\000r\000e\000s\000t\000r\000i\000c\000t\000e\000d\000\040\000m\000a\000x\000i\000m\000u\000m\000\040\000l\000i\000k\000e\000l\000i\000h\000o\000o\000d}{section.18}% 243
\BOOKMARK [2][-]{subsection.18.5}{\376\377\000M\000L\000\040\000E\000s\000t\000i\000m\000a\000t\000i\000o\000n}{section.18}% 244
\BOOKMARK [2][-]{subsection.18.6}{\376\377\000\040\000T\000e\000s\000t\000i\000n\000g\000\040\000a\000n\000d\000\040\000C\000o\000n\000f\000i\000d\000e\000n\000c\000e\000\040\000I\000n\000t\000e\000r\000v\000a\000l\000s}{section.18}% 245
\BOOKMARK [2][-]{subsection.18.7}{\376\377\000\040\000T\000e\000s\000t\000i\000n\000g\000\040\000t\000h\000e\000\040\000R\000a\000n\000d\000o\000m\000\040\000E\000f\000f\000e\000c\000t\000\040\000V\000a\000r\000i\000a\000n\000c\000e}{section.18}% 246
\BOOKMARK [2][-]{subsection.18.8}{\376\377\000P\000a\000r\000a\000m\000e\000t\000r\000i\000c\000\040\000B\000o\000o\000t\000s\000t\000r\000a\000p}{section.18}% 247
