\BOOKMARK [0][]{chapter.1}{\376\377\0001\000\040\000B\000a\000s\000i\000c\000\040\000o\000f\000\040\000C\000a\000t\000e\000g\000o\000r\000i\000c\000a\000l\000\040\000D\000a\000t\000a}{}% 1
\BOOKMARK [1][]{section.1.1}{\376\377\0001\000.\0001\000\040\000V\000a\000r\000i\000a\000b\000l\000e\000\040\000M\000e\000a\000s\000u\000r\000e\000m\000e\000n\000t}{chapter.1}% 2
\BOOKMARK [1][]{section.1.2}{\376\377\0001\000.\0002\000\040\000S\000t\000a\000t\000i\000s\000t\000i\000c\000a\000l\000\040\000I\000n\000f\000e\000r\000e\000n\000c\000e\000\040\000f\000o\000r\000\040\000C\000a\000t\000e\000g\000o\000r\000i\000c\000a\000l\000\040\000D\000a\000t\000a}{chapter.1}% 3
\BOOKMARK [2][]{subsection.1.2.1}{\376\377\0001\000.\0002\000.\0001\000\040\000M\000a\000x\000i\000m\000u\000m\000\040\000l\000i\000k\000e\000l\000i\000h\000o\000o\000d\000\040\000E\000s\000t\000i\000m\000a\000t\000i\000o\000n\000\040\000\050\000M\000L\000E\000\051}{section.1.2}% 4
\BOOKMARK [2][]{subsection.1.2.2}{\376\377\0001\000.\0002\000.\0002\000\040\000L\000i\000k\000e\000l\000i\000h\000o\000o\000d\000\040\000I\000n\000f\000e\000r\000e\000n\000c\000e\000\040\000\050\000W\000a\000l\000d\000,\000\040\000L\000i\000k\000e\000l\000i\000h\000o\000o\000d\000-\000R\000a\000t\000i\000o\000,\000\040\000S\000c\000o\000r\000e\000\051}{section.1.2}% 5
\BOOKMARK [0][]{chapter.2}{\376\377\0002\000\040\000A\000s\000s\000o\000c\000i\000a\000t\000i\000o\000n\000\040\000i\000n\000\040\000C\000o\000n\000t\000i\000n\000g\000e\000n\000c\000y\000\040\000T\000a\000b\000l\000e\000s}{}% 6
\BOOKMARK [1][]{section.2.1}{\376\377\0002\000.\0001\000\040\000A\000s\000s\000o\000c\000i\000a\000t\000i\000o\000n\000\040\000i\000n\000\040\000T\000w\000o\000-\000W\000a\000y\000\040\000C\000o\000n\000t\000i\000n\000g\000e\000n\000c\000y\000\040\000T\000a\000b\000l\000e\000s}{chapter.2}% 7
\BOOKMARK [2][]{subsection.2.1.1}{\376\377\0002\000.\0001\000.\0001\000\040\000D\000i\000s\000t\000r\000i\000b\000u\000t\000i\000o\000n}{section.2.1}% 8
\BOOKMARK [2][]{subsection.2.1.2}{\376\377\0002\000.\0001\000.\0002\000\040\000D\000e\000s\000c\000r\000i\000p\000t\000i\000v\000e\000\040\000S\000t\000a\000t\000i\000s\000t\000i\000c\000s}{section.2.1}% 9
\BOOKMARK [2][]{subsection.2.1.3}{\376\377\0002\000.\0001\000.\0003\000\040\000S\000a\000m\000p\000l\000i\000n\000g\000\040\000M\000o\000d\000e\000l\000s\000\040\000\050\000E\000x\000a\000m\000p\000l\000e\000s\000\051}{section.2.1}% 10
\BOOKMARK [2][]{subsection.2.1.4}{\376\377\0002\000.\0001\000.\0004\000\040\000I\000n\000d\000e\000p\000e\000n\000d\000e\000n\000t\000\040\000/\000\040\000H\000o\000m\000o\000g\000e\000n\000e\000i\000t\000y}{section.2.1}% 11
\BOOKMARK [2][]{subsection.2.1.5}{\376\377\0002\000.\0001\000.\0005\000\040\000M\000e\000a\000s\000u\000r\000i\000n\000g\000\040\000I\000n\000h\000o\000m\000o\000g\000e\000n\000e\000i\000t\000y}{section.2.1}% 12
\BOOKMARK [2][]{subsection.2.1.6}{\376\377\0002\000.\0001\000.\0006\000\040\000D\000e\000l\000t\000a\000\040\000M\000e\000t\000h\000o\000d}{section.2.1}% 13
\BOOKMARK [2][]{subsection.2.1.7}{\376\377\0002\000.\0001\000.\0007\000\040\000T\000e\000s\000t\000i\000n\000g\000\040\000I\000n\000d\000e\000p\000e\000n\000d\000e\000n\000c\000e\000\040\000b\000y\000\040\000R\000e\000s\000i\000d\000u\000a\000l\000s\000:\000\040\000X\0002\000\040\000T\000e\000s\000t\000\040\000\050\000P\000e\000a\000r\000s\000o\000n\000\051}{section.2.1}% 14
\BOOKMARK [2][]{subsection.2.1.8}{\376\377\0002\000.\0001\000.\0008\000\040\000T\000e\000s\000t\000i\000n\000g\000\040\000I\000n\000d\000e\000p\000e\000n\000d\000e\000n\000c\000e\000:\000\040\000G\0002\000\040\000T\000e\000s\000t\000\040\000\050\000L\000i\000k\000e\000l\000i\000h\000o\000o\000d\000\040\000R\000a\000t\000i\000o\000\051}{section.2.1}% 15
\BOOKMARK [2][]{subsection.2.1.9}{\376\377\0002\000.\0001\000.\0009\000\040\000T\000e\000s\000t\000i\000n\000g\000\040\000I\000n\000d\000e\000p\000e\000n\000d\000e\000n\000c\000e\000:\000\040\000F\000i\000s\000h\000e\000r\000'\000s\000\040\000E\000x\000a\000c\000t\000\040\000T\000e\000s\000t}{section.2.1}% 16
\BOOKMARK [1][]{section.2.2}{\376\377\0002\000.\0002\000\040\000C\000o\000n\000d\000i\000t\000i\000o\000n\000a\000l\000\040\000A\000s\000s\000o\000c\000i\000a\000t\000i\000o\000n\000\040\000i\000n\000\040\000T\000h\000r\000e\000e\000-\000W\000a\000y\000\040\000T\000a\000b\000l\000e\000s}{chapter.2}% 17
\BOOKMARK [2][]{subsection.2.2.1}{\376\377\0002\000.\0002\000.\0001\000\040\000C\000o\000n\000d\000i\000t\000i\000o\000n\000a\000l\000\040\000A\000s\000s\000o\000c\000i\000a\000t\000i\000o\000n}{section.2.2}% 18
\BOOKMARK [2][]{subsection.2.2.2}{\376\377\0002\000.\0002\000.\0002\000\040\000S\000i\000m\000p\000s\000o\000n\000'\000s\000\040\000P\000a\000r\000a\000d\000o\000x}{section.2.2}% 19
\BOOKMARK [2][]{subsection.2.2.3}{\376\377\0002\000.\0002\000.\0003\000\040\000C\000o\000n\000d\000i\000t\000i\000o\000n\000a\000l\000\040\000I\000n\000d\000e\000p\000e\000n\000d\000e\000n\000c\000e\000,\000\040\000M\000a\000r\000g\000i\000n\000a\000l\000\040\000I\000n\000d\000e\000p\000e\000n\000d\000e\000n\000c\000e}{section.2.2}% 20
\BOOKMARK [2][]{subsection.2.2.4}{\376\377\0002\000.\0002\000.\0004\000\040\000H\000o\000m\000o\000g\000e\000n\000e\000o\000u\000s\000\040\000A\000s\000s\000o\000c\000i\000a\000t\000i\000o\000n}{section.2.2}% 21
\BOOKMARK [0][]{chapter.3}{\376\377\0003\000\040\000G\000e\000n\000e\000r\000a\000l\000i\000z\000e\000d\000\040\000L\000i\000n\000e\000a\000r\000\040\000M\000o\000d\000e\000l\000s}{}% 22
\BOOKMARK [1][]{section.3.1}{\376\377\0003\000.\0001\000\040\000I\000n\000t\000r\000o\000d\000u\000c\000t\000i\000o\000n}{chapter.3}% 23
\BOOKMARK [2][]{subsection.3.1.1}{\376\377\0003\000.\0001\000.\0001\000\040\000D\000e\000f\000i\000n\000i\000t\000i\000o\000n}{section.3.1}% 24
\BOOKMARK [2][]{subsection.3.1.2}{\376\377\0003\000.\0001\000.\0002\000\040\000F\000i\000t\000t\000i\000n\000g\000\040\000G\000L\000M\000s}{section.3.1}% 25
\BOOKMARK [1][]{section.3.2}{\376\377\0003\000.\0002\000\040\000B\000i\000n\000a\000r\000y\000\040\000a\000n\000d\000\040\000B\000i\000n\000o\000m\000i\000a\000l\000\040\000R\000e\000s\000p\000o\000n\000s\000e\000s}{chapter.3}% 26
\BOOKMARK [2][]{subsection.3.2.1}{\376\377\0003\000.\0002\000.\0001\000\040\000B\000i\000n\000a\000r\000y\000\040\000R\000e\000g\000r\000e\000s\000s\000i\000o\000n}{section.3.2}% 27
\BOOKMARK [2][]{subsection.3.2.2}{\376\377\0003\000.\0002\000.\0002\000\040\000G\000r\000o\000u\000p\000e\000d\000\040\000D\000a\000t\000a\000:\000\040\000B\000i\000n\000o\000m\000i\000a\000l\000\040\000R\000e\000s\000p\000o\000n\000s\000e}{section.3.2}% 28
\BOOKMARK [1][]{section.3.3}{\376\377\0003\000.\0003\000\040\000C\000o\000u\000n\000t\000\040\000R\000e\000s\000p\000o\000n\000s\000e\000s}{chapter.3}% 29
\BOOKMARK [2][]{subsection.3.3.1}{\376\377\0003\000.\0003\000.\0001\000\040\000P\000o\000i\000s\000s\000o\000n\000\040\000R\000e\000g\000r\000e\000s\000s\000i\000o\000n}{section.3.3}% 30
\BOOKMARK [2][]{subsection.3.3.2}{\376\377\0003\000.\0003\000.\0002\000\040\000R\000a\000t\000e\000\040\000M\000o\000d\000e\000l\000s}{section.3.3}% 31
\BOOKMARK [1][]{section.3.4}{\376\377\0003\000.\0004\000\040\000C\000o\000e\000f\000f\000i\000c\000i\000e\000n\000t\000\040\000a\000n\000d\000\040\000M\000o\000d\000e\000l\000\040\000I\000n\000f\000e\000r\000e\000n\000c\000e\000s}{chapter.3}% 32
\BOOKMARK [2][]{subsection.3.4.1}{\376\377\0003\000.\0004\000.\0001\000\040\000W\000a\000l\000d\000\040\000I\000n\000f\000e\000r\000e\000n\000c\000e}{section.3.4}% 33
\BOOKMARK [2][]{subsection.3.4.2}{\376\377\0003\000.\0004\000.\0002\000\040\000D\000e\000v\000i\000a\000n\000c\000e\000\040\000a\000n\000d\000\040\000L\000i\000k\000e\000l\000i\000h\000o\000o\000d\000-\000R\000a\000t\000i\000o\000\040\000T\000e\000s\000t}{section.3.4}% 34
\BOOKMARK [2][]{subsection.3.4.3}{\376\377\0003\000.\0004\000.\0003\000\040\000N\000e\000s\000t\000e\000d\000\040\000M\000o\000d\000e\000l\000\040\000C\000o\000m\000p\000a\000r\000i\000s\000o\000n}{section.3.4}% 35
\BOOKMARK [2][]{subsection.3.4.4}{\376\377\0003\000.\0004\000.\0004\000\040\000R\000e\000s\000i\000d\000u\000a\000l\000s}{section.3.4}% 36
\BOOKMARK [2][]{subsection.3.4.5}{\376\377\0003\000.\0004\000.\0005\000\040\000O\000v\000e\000r\000d\000i\000s\000p\000e\000r\000s\000i\000o\000n}{section.3.4}% 37
\BOOKMARK [0][]{chapter.4}{\376\377\0004\000\040\000L\000o\000g\000i\000s\000t\000i\000c\000\040\000R\000e\000g\000r\000e\000s\000s\000i\000o\000n}{}% 38
\BOOKMARK [1][]{section.4.1}{\376\377\0004\000.\0001\000\040\000P\000a\000r\000a\000m\000e\000t\000e\000r\000\040\000I\000n\000t\000e\000r\000p\000r\000e\000t\000a\000t\000i\000o\000n}{chapter.4}% 39
\BOOKMARK [2][]{subsection.4.1.1}{\376\377\0004\000.\0001\000.\0001\000\040\000I\000n\000t\000e\000r\000p\000r\000e\000t\000a\000t\000i\000o\000n\000\040}{section.4.1}% 40
\BOOKMARK [2][]{subsection.4.1.2}{\376\377\0004\000.\0001\000.\0002\000\040\000I\000n\000t\000e\000r\000p\000r\000e\000t\000a\000t\000i\000o\000n\000\040}{section.4.1}% 41
\BOOKMARK [1][]{section.4.2}{\376\377\0004\000.\0002\000\040\000I\000n\000f\000e\000r\000e\000n\000c\000e}{chapter.4}% 42
\BOOKMARK [2][]{subsection.4.2.1}{\376\377\0004\000.\0002\000.\0001\000\040\000T\000e\000s\000t\000i\000n\000g}{section.4.2}% 43
\BOOKMARK [2][]{subsection.4.2.2}{\376\377\0004\000.\0002\000.\0002\000\040\000E\000s\000t\000i\000m\000a\000t\000i\000o\000n}{section.4.2}% 44
\BOOKMARK [2][]{subsection.4.2.3}{\376\377\0004\000.\0002\000.\0003\000\040\000T\000e\000s\000t\000i\000n\000g\000\040\000G\000o\000o\000d\000n\000e\000s\000s\000\040\000o\000f\000\040\000F\000i\000t\000;\000\040\000R\000e\000m\000a\000r\000k\000s\000\040\000o\000n\000\040\000G\000r\000o\000u\000p\000i\000n\000g}{section.4.2}% 45
\BOOKMARK [1][]{section.4.3}{\376\377\0004\000.\0003\000\040\000C\000a\000t\000e\000g\000o\000r\000i\000c\000a\000l\000\040\000P\000r\000e\000d\000i\000c\000t\000o\000r\000s}{chapter.4}% 46
\BOOKMARK [2][]{subsection.4.3.1}{\376\377\0004\000.\0003\000.\0001\000\040\000I\000n\000t\000e\000r\000p\000r\000e\000t\000a\000t\000i\000o\000n\000\040\000o\000f\000\040}{section.4.3}% 47
\BOOKMARK [2][]{subsection.4.3.2}{\376\377\0004\000.\0003\000.\0002\000\040\000M\000L\000E\000\040\000E\000s\000t\000i\000m\000a\000t\000i\000o\000n\000s}{section.4.3}% 48
\BOOKMARK [2][]{subsection.4.3.3}{\376\377\0004\000.\0003\000.\0003\000\040\000T\000e\000s\000t\000i\000n\000g}{section.4.3}% 49
\BOOKMARK [1][]{section.4.4}{\376\377\0004\000.\0004\000\040\000M\000u\000l\000t\000i\000p\000l\000e\000\040\000L\000o\000g\000i\000s\000t\000i\000c\000\040\000R\000e\000g\000r\000e\000s\000s\000i\000o\000n}{chapter.4}% 50
