\BOOKMARK [0][]{chapter.1}{\376\377\0001\000\040\000H\000o\000m\000o\000g\000e\000n\000o\000u\000s\000\040\000P\000r\000o\000d\000u\000c\000t\000s}{}% 1
\BOOKMARK [1][]{section.1.1}{\376\377\0001\000.\0001\000\040\000w\000o\000r\000k\000i\000n\000g\0001\0009\0002\0007\000s\000t\000a\000t\000i\000s\000t\000i\000c\000a\000l\000:\000\040\000O\000L\000S\000\040\000i\000s\000\040\000n\000o\000t\000\040\000i\000n\000f\000o\000r\000m\000a\000t\000i\000v\000e\000\040\000w\000i\000t\000h\000\040\000e\000n\000d\000o\000g\000e\000n\000e\000i\000t\000y}{chapter.1}% 2
\BOOKMARK [1][]{section.1.2}{\376\377\0001\000.\0002\000\040\000a\000n\000g\000r\000i\000s\000t\0002\0000\0000\0000\000i\000n\000t\000e\000r\000p\000r\000e\000t\000a\000t\000i\000o\000n\000:\000\040\000I\000V\000\040\000i\000s\000\040\000l\000i\000m\000i\000t\000e\000d}{chapter.1}% 3
\BOOKMARK [2][]{subsection.1.2.1}{\376\377\0001\000.\0002\000.\0001\000\040\000M\000o\000t\000i\000v\000a\000t\000i\000o\000n}{section.1.2}% 4
\BOOKMARK [2][]{subsection.1.2.2}{\376\377\0001\000.\0002\000.\0002\000\040\000M\000o\000d\000e\000l}{section.1.2}% 5
\BOOKMARK [0][]{chapter.2}{\376\377\0002\000\040\000R\000a\000n\000d\000o\000m\000\040\000U\000t\000i\000l\000i\000t\000y\000\040\000M\000o\000d\000e\000l\000s}{}% 6
\BOOKMARK [1][]{section.2.1}{\376\377\0002\000.\0001\000\040\000G\000u\000m\000b\000e\000l\000\040\000D\000i\000s\000t\000r\000i\000b\000u\000t\000i\000o\000n}{chapter.2}% 7
\BOOKMARK [1][]{section.2.2}{\376\377\0002\000.\0002\000\040\000R\000a\000n\000d\000o\000m\000\040\000U\000t\000i\000l\000i\000t\000y\000\040\000M\000o\000d\000e\000l\000s}{chapter.2}% 8
\BOOKMARK [1][]{section.2.3}{\376\377\0002\000.\0003\000\040\000T\000h\000e\000\040\000C\000a\000n\000o\000n\000i\000c\000a\000l\000\040\000M\000o\000d\000e\000l}{chapter.2}% 9
\BOOKMARK [1][]{section.2.4}{\376\377\0002\000.\0004\000\040\000M\000a\000r\000k\000e\000t\000-\000L\000e\000v\000e\000l\000\040\000D\000a\000t\000a}{chapter.2}% 10
\BOOKMARK [1][]{section.2.5}{\376\377\0002\000.\0005\000\040\000m\000c\000f\000a\000d\000d\000e\000n\0001\0009\0007\0002\000c\000o\000n\000d\000i\000t\000i\000o\000n\000a\000l\000,\000m\000c\000f\000a\000d\000d\000e\000n\0001\0009\0008\0001\000e\000c\000o\000n\000o\000m\000e\000t\000r\000i\000c}{chapter.2}% 11
\BOOKMARK [2][]{subsection.2.5.1}{\376\377\0002\000.\0005\000.\0001\000\040\000E\000l\000a\000s\000t\000i\000c\000i\000t\000y\000\040\000o\000f\000\040\000M\000u\000l\000t\000i\000n\000o\000m\000i\000a\000l\000\040\000L\000o\000g\000i\000t\000\040\000M\000o\000d\000e\000l}{section.2.5}% 12
\BOOKMARK [2][]{subsection.2.5.2}{\376\377\0002\000.\0005\000.\0002\000\040\000N\000e\000s\000t\000e\000d\000\040\000L\000o\000g\000i\000t\000\040\000M\000o\000d\000e\000l}{section.2.5}% 13
\BOOKMARK [1][]{section.2.6}{\376\377\0002\000.\0006\000\040\000b\000e\000r\000r\000y\0001\0009\0009\0004\000e\000s\000t\000i\000m\000a\000t\000i\000n\000g\000:\000\040\000I\000V\000-\000b\000a\000s\000e\000d\000\040\000e\000s\000t\000i\000m\000a\000t\000i\000o\000n\000\040\000w\000i\000t\000h\000\040\000u\000n\000o\000b\000s\000e\000r\000v\000e\000d\000\040\000d\000e\000m\000a\000n\000d\000\040\000s\000h\000o\000c\000k}{chapter.2}% 14
\BOOKMARK [2][]{subsection.2.6.1}{\376\377\0002\000.\0006\000.\0001\000\040\000W\000e\000l\000f\000a\000r\000e}{section.2.6}% 15
\BOOKMARK [2][]{subsection.2.6.2}{\376\377\0002\000.\0006\000.\0002\000\040\000I\000n\000v\000e\000r\000s\000i\000o\000n}{section.2.6}% 16
\BOOKMARK [2][]{subsection.2.6.3}{\376\377\0002\000.\0006\000.\0003\000\040\000E\000l\000a\000s\000t\000i\000c\000i\000t\000y}{section.2.6}% 17
\BOOKMARK [2][]{subsection.2.6.4}{\376\377\0002\000.\0006\000.\0004\000\040\000S\000u\000p\000p\000l\000y\000\040\000S\000i\000d\000e\000\040\000R\000e\000c\000o\000v\000e\000r}{section.2.6}% 18
\BOOKMARK [2][]{subsection.2.6.5}{\376\377\0002\000.\0006\000.\0005\000\040\000I\000n\000s\000t\000r\000u\000m\000e\000n\000t\000s}{section.2.6}% 19
\BOOKMARK [2][]{subsection.2.6.6}{\376\377\0002\000.\0006\000.\0006\000\040\000N\000e\000s\000t\000e\000d\000\040\000L\000o\000g\000i\000t\000\040\000M\000o\000d\000e\000l}{section.2.6}% 20
\BOOKMARK [1][]{section.2.7}{\376\377\0002\000.\0007\000\040\000b\000e\000r\000r\000y\0001\0009\0009\0005\000a\000u\000t\000o\000m\000o\000b\000i\000l\000e\000:\000\040\000E\000s\000t\000i\000m\000a\000t\000i\000o\000n\000\040\000u\000s\000i\000n\000g\000\040\000r\000a\000n\000d\000o\000m\000-\000c\000o\000e\000f\000f\000i\000c\000i\000e\000n\000t\000s\000\040\000l\000o\000g\000i\000t\000\040\000m\000o\000d\000e\000l}{chapter.2}% 21
\BOOKMARK [2][]{subsection.2.7.1}{\376\377\0002\000.\0007\000.\0001\000\040\000S\000i\000m\000p\000l\000i\000f\000i\000e\000d\000\040\000E\000x\000a\000m\000p\000l\000e}{section.2.7}% 22
\BOOKMARK [2][]{subsection.2.7.2}{\376\377\0002\000.\0007\000.\0002\000\040\000M\000o\000r\000e\000\040\000F\000l\000e\000x\000i\000b\000i\000l\000i\000t\000y}{section.2.7}% 23
\BOOKMARK [1][]{section.2.8}{\376\377\0002\000.\0008\000\040\000n\000e\000v\000o\0002\0000\0000\0001\000m\000e\000a\000s\000u\000r\000i\000n\000g\000:\000\040\000M\000e\000a\000s\000u\000r\000i\000n\000g\000\040\000M\000a\000r\000k\000e\000t\000\040\000P\000o\000w\000e\000r}{chapter.2}% 24
\BOOKMARK [2][]{subsection.2.8.1}{\376\377\0002\000.\0008\000.\0001\000\040\000S\000u\000p\000p\000l\000y}{section.2.8}% 25
\BOOKMARK [2][]{subsection.2.8.2}{\376\377\0002\000.\0008\000.\0002\000\040\000D\000e\000m\000a\000n\000d}{section.2.8}% 26
\BOOKMARK [2][]{subsection.2.8.3}{\376\377\0002\000.\0008\000.\0003\000\040\000E\000s\000t\000i\000m\000a\000t\000i\000o\000n}{section.2.8}% 27
\BOOKMARK [1][]{section.2.9}{\376\377\0002\000.\0009\000\040\000m\000i\000l\000l\000e\000r\0002\0000\0001\0007\000u\000n\000d\000e\000r\000s\000t\000a\000n\000d\000i\000n\000g\000:\000\040\000R\000a\000n\000d\000o\000m\000\040\000C\000o\000e\000f\000f\000i\000c\000i\000e\000n\000t\000s\000\040\000N\000e\000s\000t\000e\000d\000\040\000L\000o\000g\000i\000t\000\040\000\050\000R\000C\000N\000L\000\051}{chapter.2}% 28
\BOOKMARK [2][]{subsection.2.9.1}{\376\377\0002\000.\0009\000.\0001\000\040\000R\000a\000n\000d\000o\000m\000\040\000C\000o\000e\000f\000f\000i\000c\000i\000e\000n\000t\000s\000\040\000N\000e\000s\000t\000e\000d\000\040\000L\000o\000g\000i\000t\000\040\000\050\000R\000C\000N\000L\000\051}{section.2.9}% 29
\BOOKMARK [0][]{chapter.3}{\376\377\0003\000\040\000E\000s\000t\000i\000m\000a\000t\000i\000o\000n\000\040\000w\000i\000t\000h\000\040\000M\000o\000r\000e\000\040\000D\000a\000t\000a}{}% 30
\BOOKMARK [1][]{section.3.1}{\376\377\0003\000.\0001\000\040\000p\000e\000t\000r\000i\000n\0002\0000\0000\0002\000q\000u\000a\000n\000t\000i\000f\000y\000i\000n\000g\000:\000\040\000U\000s\000i\000n\000g\000\040\000d\000e\000m\000o\000g\000r\000a\000p\000h\000i\000c\000\040\000d\000a\000t\000a\000\040\000o\000f\000\040\000c\000o\000n\000s\000u\000m\000e\000r\000s}{chapter.3}% 31
\BOOKMARK [2][]{subsection.3.1.1}{\376\377\0003\000.\0001\000.\0001\000\040\000D\000e\000m\000a\000n\000d}{section.3.1}% 32
\BOOKMARK [1][]{section.3.2}{\376\377\0003\000.\0002\000\040\000b\000e\000r\000r\000y\0002\0000\0000\0004\000d\000i\000f\000f\000e\000r\000e\000n\000t\000i\000a\000t\000e\000d\000:\000\040\000M\000i\000c\000r\000o\000-\000B\000L\000P}{chapter.3}% 33
\BOOKMARK [2][]{subsection.3.2.1}{\376\377\0003\000.\0002\000.\0001\000\040\000D\000a\000t\000a}{section.3.2}% 34
\BOOKMARK [2][]{subsection.3.2.2}{\376\377\0003\000.\0002\000.\0002\000\040\000M\000o\000d\000e\000l}{section.3.2}% 35
\BOOKMARK [2][]{subsection.3.2.3}{\376\377\0003\000.\0002\000.\0003\000\040\000E\000s\000t\000i\000m\000a\000t\000i\000o\000n}{section.3.2}% 36
